<?xml version="1.0" encoding="UTF-8"?>
<testsuite xmlns:xsi="http://www.w3.org/2001/XMLSchema-instance" xsi:noNamespaceSchemaLocation="https://maven.apache.org/surefire/maven-surefire-plugin/xsd/surefire-test-report-3.0.xsd" version="3.0" name="TestSuite" time="110.495" tests="5" errors="0" skipped="0" failures="0">
  <properties>
    <property name="sun.desktop" value="windows"/>
    <property name="awt.toolkit" value="sun.awt.windows.WToolkit"/>
    <property name="java.specification.version" value="11"/>
    <property name="sun.cpu.isalist" value="amd64"/>
    <property name="sun.jnu.encoding" value="Cp1252"/>
    <property name="java.class.path" value="C:\Users\asifansari\eclipse-workspace\MyAppiumMavenAssignment\target\test-classes;C:\Users\asifansari\eclipse-workspace\MyAppiumMavenAssignment\target\classes;C:\Users\asifansari\.m2\repository\com\vimalselvam\cucumber-extentsreport\3.0.2\cucumber-extentsreport-3.0.2.jar;C:\Users\asifansari\.m2\repository\com\aventstack\extentreports\3.1.2\extentreports-3.1.2.jar;C:\Users\asifansari\.m2\repository\org\freemarker\freemarker\2.3.23\freemarker-2.3.23.jar;C:\Users\asifansari\.m2\repository\org\mongodb\mongodb-driver\3.3.0\mongodb-driver-3.3.0.jar;C:\Users\asifansari\.m2\repository\org\mongodb\bson\3.3.0\bson-3.3.0.jar;C:\Users\asifansari\.m2\repository\org\mongodb\mongodb-driver-core\3.3.0\mongodb-driver-core-3.3.0.jar;C:\Users\asifansari\.m2\repository\org\apache\httpcomponents\httpclient\4.5.2\httpclient-4.5.2.jar;C:\Users\asifansari\.m2\repository\org\apache\httpcomponents\httpcore\4.4.4\httpcore-4.4.4.jar;C:\Users\asifansari\.m2\repository\commons-logging\commons-logging\1.2\commons-logging-1.2.jar;C:\Users\asifansari\.m2\repository\commons-codec\commons-codec\1.9\commons-codec-1.9.jar;C:\Users\asifansari\.m2\repository\org\apache\httpcomponents\httpmime\4.5.2\httpmime-4.5.2.jar;C:\Users\asifansari\.m2\repository\org\jsoup\jsoup\1.9.2\jsoup-1.9.2.jar;C:\Users\asifansari\.m2\repository\com\google\code\gson\gson\2.8.0\gson-2.8.0.jar;C:\Users\asifansari\.m2\repository\info\cukes\cucumber-picocontainer\1.2.5\cucumber-picocontainer-1.2.5.jar;C:\Users\asifansari\.m2\repository\org\picocontainer\picocontainer\2.15\picocontainer-2.15.jar;C:\Users\asifansari\.m2\repository\info\cukes\cucumber-java\1.2.5\cucumber-java-1.2.5.jar;C:\Users\asifansari\.m2\repository\info\cukes\cucumber-core\1.2.5\cucumber-core-1.2.5.jar;C:\Users\asifansari\.m2\repository\info\cukes\cucumber-html\0.2.3\cucumber-html-0.2.3.jar;C:\Users\asifansari\.m2\repository\info\cukes\cucumber-testng\1.2.5\cucumber-testng-1.2.5.jar;C:\Users\asifansari\.m2\repository\org\testng\testng\6.14.3\testng-6.14.3.jar;C:\Users\asifansari\.m2\repository\com\beust\jcommander\1.72\jcommander-1.72.jar;C:\Users\asifansari\.m2\repository\org\apache-extras\beanshell\bsh\2.0b6\bsh-2.0b6.jar;C:\Users\asifansari\.m2\repository\info\cukes\cucumber-jvm-deps\1.0.5\cucumber-jvm-deps-1.0.5.jar;C:\Users\asifansari\.m2\repository\info\cukes\gherkin\2.12.2\gherkin-2.12.2.jar;C:\Users\asifansari\.m2\repository\org\seleniumhq\selenium\selenium-java\3.141.5\selenium-java-3.141.5.jar;C:\Users\asifansari\.m2\repository\org\seleniumhq\selenium\selenium-chrome-driver\3.141.5\selenium-chrome-driver-3.141.5.jar;C:\Users\asifansari\.m2\repository\org\seleniumhq\selenium\selenium-edge-driver\3.141.5\selenium-edge-driver-3.141.5.jar;C:\Users\asifansari\.m2\repository\org\seleniumhq\selenium\selenium-firefox-driver\3.141.5\selenium-firefox-driver-3.141.5.jar;C:\Users\asifansari\.m2\repository\org\seleniumhq\selenium\selenium-ie-driver\3.141.5\selenium-ie-driver-3.141.5.jar;C:\Users\asifansari\.m2\repository\org\seleniumhq\selenium\selenium-opera-driver\3.141.5\selenium-opera-driver-3.141.5.jar;C:\Users\asifansari\.m2\repository\org\seleniumhq\selenium\selenium-remote-driver\3.141.5\selenium-remote-driver-3.141.5.jar;C:\Users\asifansari\.m2\repository\org\seleniumhq\selenium\selenium-safari-driver\3.141.5\selenium-safari-driver-3.141.5.jar;C:\Users\asifansari\.m2\repository\org\seleniumhq\selenium\selenium-support\3.141.5\selenium-support-3.141.5.jar;C:\Users\asifansari\.m2\repository\net\bytebuddy\byte-buddy\1.8.15\byte-buddy-1.8.15.jar;C:\Users\asifansari\.m2\repository\org\apache\commons\commons-exec\1.3\commons-exec-1.3.jar;C:\Users\asifansari\.m2\repository\com\google\guava\guava\25.0-jre\guava-25.0-jre.jar;C:\Users\asifansari\.m2\repository\com\google\code\findbugs\jsr305\1.3.9\jsr305-1.3.9.jar;C:\Users\asifansari\.m2\repository\org\checkerframework\checker-compat-qual\2.0.0\checker-compat-qual-2.0.0.jar;C:\Users\asifansari\.m2\repository\com\google\errorprone\error_prone_annotations\2.1.3\error_prone_annotations-2.1.3.jar;C:\Users\asifansari\.m2\repository\com\google\j2objc\j2objc-annotations\1.1\j2objc-annotations-1.1.jar;C:\Users\asifansari\.m2\repository\org\codehaus\mojo\animal-sniffer-annotations\1.14\animal-sniffer-annotations-1.14.jar;C:\Users\asifansari\.m2\repository\com\squareup\okhttp3\okhttp\3.11.0\okhttp-3.11.0.jar;C:\Users\asifansari\.m2\repository\com\squareup\okio\okio\1.14.0\okio-1.14.0.jar;C:\Users\asifansari\.m2\repository\org\apache\logging\log4j\log4j-api\2.14.1\log4j-api-2.14.1.jar;C:\Users\asifansari\.m2\repository\org\apache\logging\log4j\log4j-core\2.14.1\log4j-core-2.14.1.jar;C:\Users\asifansari\.m2\repository\io\appium\java-client\6.1.0\java-client-6.1.0.jar;C:\Users\asifansari\.m2\repository\cglib\cglib\3.2.6\cglib-3.2.6.jar;C:\Users\asifansari\.m2\repository\org\ow2\asm\asm\6.0\asm-6.0.jar;C:\Users\asifansari\.m2\repository\org\apache\ant\ant\1.9.6\ant-1.9.6.jar;C:\Users\asifansari\.m2\repository\org\apache\ant\ant-launcher\1.9.6\ant-launcher-1.9.6.jar;C:\Users\asifansari\.m2\repository\commons-validator\commons-validator\1.6\commons-validator-1.6.jar;C:\Users\asifansari\.m2\repository\commons-beanutils\commons-beanutils\1.9.2\commons-beanutils-1.9.2.jar;C:\Users\asifansari\.m2\repository\commons-digester\commons-digester\1.8.1\commons-digester-1.8.1.jar;C:\Users\asifansari\.m2\repository\commons-collections\commons-collections\3.2.2\commons-collections-3.2.2.jar;C:\Users\asifansari\.m2\repository\org\apache\commons\commons-lang3\3.7\commons-lang3-3.7.jar;C:\Users\asifansari\.m2\repository\commons-io\commons-io\2.6\commons-io-2.6.jar;C:\Users\asifansari\.m2\repository\org\springframework\spring-context\5.0.5.RELEASE\spring-context-5.0.5.RELEASE.jar;C:\Users\asifansari\.m2\repository\org\springframework\spring-aop\5.0.5.RELEASE\spring-aop-5.0.5.RELEASE.jar;C:\Users\asifansari\.m2\repository\org\springframework\spring-beans\5.0.5.RELEASE\spring-beans-5.0.5.RELEASE.jar;C:\Users\asifansari\.m2\repository\org\springframework\spring-core\5.0.5.RELEASE\spring-core-5.0.5.RELEASE.jar;C:\Users\asifansari\.m2\repository\org\springframework\spring-jcl\5.0.5.RELEASE\spring-jcl-5.0.5.RELEASE.jar;C:\Users\asifansari\.m2\repository\org\springframework\spring-expression\5.0.5.RELEASE\spring-expression-5.0.5.RELEASE.jar;C:\Users\asifansari\.m2\repository\org\aspectj\aspectjweaver\1.9.1\aspectjweaver-1.9.1.jar;C:\Users\asifansari\.m2\repository\org\openpnp\opencv\3.2.0-1\opencv-3.2.0-1.jar;C:\Users\asifansari\.m2\repository\junit\junit\3.8.1\junit-3.8.1.jar;C:\Users\asifansari\.m2\repository\org\seleniumhq\selenium\selenium-api\3.141.5\selenium-api-3.141.5.jar;"/>
    <property name="java.vm.vendor" value="Oracle Corporation"/>
    <property name="sun.arch.data.model" value="64"/>
    <property name="user.variant" value=""/>
    <property name="java.vendor.url" value="http://java.oracle.com/"/>
    <property name="user.timezone" value="Asia/Calcutta"/>
    <property name="java.vm.specification.version" value="11"/>
    <property name="os.name" value="Windows 10"/>
    <property name="sun.java.launcher" value="SUN_STANDARD"/>
    <property name="user.country" value="IN"/>
    <property name="sun.boot.library.path" value="C:\Program Files\Java\jdk-11.0.2\bin"/>
    <property name="sun.java.command" value="C:\Users\asifansari\AppData\Local\Temp\surefire3767809503254079024\surefirebooter13899499496476522055.jar C:\Users\asifansari\AppData\Local\Temp\surefire3767809503254079024 2021-12-21T22-37-07_164-jvmRun1 surefire12405555668404678412tmp surefire_013742986409077104183tmp"/>
    <property name="jdk.debug" value="release"/>
    <property name="surefire.test.class.path" value="C:\Users\asifansari\eclipse-workspace\MyAppiumMavenAssignment\target\test-classes;C:\Users\asifansari\eclipse-workspace\MyAppiumMavenAssignment\target\classes;C:\Users\asifansari\.m2\repository\com\vimalselvam\cucumber-extentsreport\3.0.2\cucumber-extentsreport-3.0.2.jar;C:\Users\asifansari\.m2\repository\com\aventstack\extentreports\3.1.2\extentreports-3.1.2.jar;C:\Users\asifansari\.m2\repository\org\freemarker\freemarker\2.3.23\freemarker-2.3.23.jar;C:\Users\asifansari\.m2\repository\org\mongodb\mongodb-driver\3.3.0\mongodb-driver-3.3.0.jar;C:\Users\asifansari\.m2\repository\org\mongodb\bson\3.3.0\bson-3.3.0.jar;C:\Users\asifansari\.m2\repository\org\mongodb\mongodb-driver-core\3.3.0\mongodb-driver-core-3.3.0.jar;C:\Users\asifansari\.m2\repository\org\apache\httpcomponents\httpclient\4.5.2\httpclient-4.5.2.jar;C:\Users\asifansari\.m2\repository\org\apache\httpcomponents\httpcore\4.4.4\httpcore-4.4.4.jar;C:\Users\asifansari\.m2\repository\commons-logging\commons-logging\1.2\commons-logging-1.2.jar;C:\Users\asifansari\.m2\repository\commons-codec\commons-codec\1.9\commons-codec-1.9.jar;C:\Users\asifansari\.m2\repository\org\apache\httpcomponents\httpmime\4.5.2\httpmime-4.5.2.jar;C:\Users\asifansari\.m2\repository\org\jsoup\jsoup\1.9.2\jsoup-1.9.2.jar;C:\Users\asifansari\.m2\repository\com\google\code\gson\gson\2.8.0\gson-2.8.0.jar;C:\Users\asifansari\.m2\repository\info\cukes\cucumber-picocontainer\1.2.5\cucumber-picocontainer-1.2.5.jar;C:\Users\asifansari\.m2\repository\org\picocontainer\picocontainer\2.15\picocontainer-2.15.jar;C:\Users\asifansari\.m2\repository\info\cukes\cucumber-java\1.2.5\cucumber-java-1.2.5.jar;C:\Users\asifansari\.m2\repository\info\cukes\cucumber-core\1.2.5\cucumber-core-1.2.5.jar;C:\Users\asifansari\.m2\repository\info\cukes\cucumber-html\0.2.3\cucumber-html-0.2.3.jar;C:\Users\asifansari\.m2\repository\info\cukes\cucumber-testng\1.2.5\cucumber-testng-1.2.5.jar;C:\Users\asifansari\.m2\repository\org\testng\testng\6.14.3\testng-6.14.3.jar;C:\Users\asifansari\.m2\repository\com\beust\jcommander\1.72\jcommander-1.72.jar;C:\Users\asifansari\.m2\repository\org\apache-extras\beanshell\bsh\2.0b6\bsh-2.0b6.jar;C:\Users\asifansari\.m2\repository\info\cukes\cucumber-jvm-deps\1.0.5\cucumber-jvm-deps-1.0.5.jar;C:\Users\asifansari\.m2\repository\info\cukes\gherkin\2.12.2\gherkin-2.12.2.jar;C:\Users\asifansari\.m2\repository\org\seleniumhq\selenium\selenium-java\3.141.5\selenium-java-3.141.5.jar;C:\Users\asifansari\.m2\repository\org\seleniumhq\selenium\selenium-chrome-driver\3.141.5\selenium-chrome-driver-3.141.5.jar;C:\Users\asifansari\.m2\repository\org\seleniumhq\selenium\selenium-edge-driver\3.141.5\selenium-edge-driver-3.141.5.jar;C:\Users\asifansari\.m2\repository\org\seleniumhq\selenium\selenium-firefox-driver\3.141.5\selenium-firefox-driver-3.141.5.jar;C:\Users\asifansari\.m2\repository\org\seleniumhq\selenium\selenium-ie-driver\3.141.5\selenium-ie-driver-3.141.5.jar;C:\Users\asifansari\.m2\repository\org\seleniumhq\selenium\selenium-opera-driver\3.141.5\selenium-opera-driver-3.141.5.jar;C:\Users\asifansari\.m2\repository\org\seleniumhq\selenium\selenium-remote-driver\3.141.5\selenium-remote-driver-3.141.5.jar;C:\Users\asifansari\.m2\repository\org\seleniumhq\selenium\selenium-safari-driver\3.141.5\selenium-safari-driver-3.141.5.jar;C:\Users\asifansari\.m2\repository\org\seleniumhq\selenium\selenium-support\3.141.5\selenium-support-3.141.5.jar;C:\Users\asifansari\.m2\repository\net\bytebuddy\byte-buddy\1.8.15\byte-buddy-1.8.15.jar;C:\Users\asifansari\.m2\repository\org\apache\commons\commons-exec\1.3\commons-exec-1.3.jar;C:\Users\asifansari\.m2\repository\com\google\guava\guava\25.0-jre\guava-25.0-jre.jar;C:\Users\asifansari\.m2\repository\com\google\code\findbugs\jsr305\1.3.9\jsr305-1.3.9.jar;C:\Users\asifansari\.m2\repository\org\checkerframework\checker-compat-qual\2.0.0\checker-compat-qual-2.0.0.jar;C:\Users\asifansari\.m2\repository\com\google\errorprone\error_prone_annotations\2.1.3\error_prone_annotations-2.1.3.jar;C:\Users\asifansari\.m2\repository\com\google\j2objc\j2objc-annotations\1.1\j2objc-annotations-1.1.jar;C:\Users\asifansari\.m2\repository\org\codehaus\mojo\animal-sniffer-annotations\1.14\animal-sniffer-annotations-1.14.jar;C:\Users\asifansari\.m2\repository\com\squareup\okhttp3\okhttp\3.11.0\okhttp-3.11.0.jar;C:\Users\asifansari\.m2\repository\com\squareup\okio\okio\1.14.0\okio-1.14.0.jar;C:\Users\asifansari\.m2\repository\org\apache\logging\log4j\log4j-api\2.14.1\log4j-api-2.14.1.jar;C:\Users\asifansari\.m2\repository\org\apache\logging\log4j\log4j-core\2.14.1\log4j-core-2.14.1.jar;C:\Users\asifansari\.m2\repository\io\appium\java-client\6.1.0\java-client-6.1.0.jar;C:\Users\asifansari\.m2\repository\cglib\cglib\3.2.6\cglib-3.2.6.jar;C:\Users\asifansari\.m2\repository\org\ow2\asm\asm\6.0\asm-6.0.jar;C:\Users\asifansari\.m2\repository\org\apache\ant\ant\1.9.6\ant-1.9.6.jar;C:\Users\asifansari\.m2\repository\org\apache\ant\ant-launcher\1.9.6\ant-launcher-1.9.6.jar;C:\Users\asifansari\.m2\repository\commons-validator\commons-validator\1.6\commons-validator-1.6.jar;C:\Users\asifansari\.m2\repository\commons-beanutils\commons-beanutils\1.9.2\commons-beanutils-1.9.2.jar;C:\Users\asifansari\.m2\repository\commons-digester\commons-digester\1.8.1\commons-digester-1.8.1.jar;C:\Users\asifansari\.m2\repository\commons-collections\commons-collections\3.2.2\commons-collections-3.2.2.jar;C:\Users\asifansari\.m2\repository\org\apache\commons\commons-lang3\3.7\commons-lang3-3.7.jar;C:\Users\asifansari\.m2\repository\commons-io\commons-io\2.6\commons-io-2.6.jar;C:\Users\asifansari\.m2\repository\org\springframework\spring-context\5.0.5.RELEASE\spring-context-5.0.5.RELEASE.jar;C:\Users\asifansari\.m2\repository\org\springframework\spring-aop\5.0.5.RELEASE\spring-aop-5.0.5.RELEASE.jar;C:\Users\asifansari\.m2\repository\org\springframework\spring-beans\5.0.5.RELEASE\spring-beans-5.0.5.RELEASE.jar;C:\Users\asifansari\.m2\repository\org\springframework\spring-core\5.0.5.RELEASE\spring-core-5.0.5.RELEASE.jar;C:\Users\asifansari\.m2\repository\org\springframework\spring-jcl\5.0.5.RELEASE\spring-jcl-5.0.5.RELEASE.jar;C:\Users\asifansari\.m2\repository\org\springframework\spring-expression\5.0.5.RELEASE\spring-expression-5.0.5.RELEASE.jar;C:\Users\asifansari\.m2\repository\org\aspectj\aspectjweaver\1.9.1\aspectjweaver-1.9.1.jar;C:\Users\asifansari\.m2\repository\org\openpnp\opencv\3.2.0-1\opencv-3.2.0-1.jar;C:\Users\asifansari\.m2\repository\junit\junit\3.8.1\junit-3.8.1.jar;C:\Users\asifansari\.m2\repository\org\seleniumhq\selenium\selenium-api\3.141.5\selenium-api-3.141.5.jar;"/>
    <property name="sun.cpu.endian" value="little"/>
    <property name="user.home" value="C:\Users\asifansari"/>
    <property name="user.language" value="en"/>
    <property name="java.specification.vendor" value="Oracle Corporation"/>
    <property name="java.version.date" value="2019-01-15"/>
    <property name="java.home" value="C:\Program Files\Java\jdk-11.0.2"/>
    <property name="file.separator" value="\"/>
    <property name="basedir" value="C:\Users\asifansari\eclipse-workspace\MyAppiumMavenAssignment"/>
    <property name="java.vm.compressedOopsMode" value="Zero based"/>
    <property name="line.separator" value="&#10;"/>
    <property name="java.specification.name" value="Java Platform API Specification"/>
    <property name="java.vm.specification.vendor" value="Oracle Corporation"/>
    <property name="java.awt.graphicsenv" value="sun.awt.Win32GraphicsEnvironment"/>
    <property name="surefire.real.class.path" value="C:\Users\asifansari\AppData\Local\Temp\surefire3767809503254079024\surefirebooter13899499496476522055.jar"/>
    <property name="user.script" value=""/>
    <property name="sun.management.compiler" value="HotSpot 64-Bit Tiered Compilers"/>
    <property name="java.runtime.version" value="11.0.2+9"/>
    <property name="user.name" value="asifansari"/>
    <property name="path.separator" value=";"/>
    <property name="os.version" value="10.0"/>
    <property name="java.runtime.name" value="OpenJDK Runtime Environment"/>
    <property name="file.encoding" value="Cp1252"/>
    <property name="java.vm.name" value="OpenJDK 64-Bit Server VM"/>
    <property name="java.vendor.version" value="18.9"/>
    <property name="localRepository" value="C:\Users\asifansari\.m2\repository"/>
    <property name="java.vendor.url.bug" value="http://bugreport.java.com/bugreport/"/>
    <property name="java.io.tmpdir" value="C:\Users\ASIFAN~1\AppData\Local\Temp\"/>
    <property name="java.version" value="11.0.2"/>
    <property name="user.dir" value="C:\Users\asifansari\eclipse-workspace\MyAppiumMavenAssignment"/>
    <property name="os.arch" value="amd64"/>
    <property name="java.vm.specification.name" value="Java Virtual Machine Specification"/>
    <property name="java.awt.printerjob" value="sun.awt.windows.WPrinterJob"/>
    <property name="sun.os.patch.level" value=""/>
    <property name="java.library.path" value="C:\Program Files\Java\jdk-11.0.2\bin;C:\Windows\Sun\Java\bin;C:\Windows\system32;C:\Windows;C:\Program Files\Microsoft MPI\Bin\;C:\Windows\system32;C:\Windows;C:\Windows\System32\Wbem;C:\Windows\System32\WindowsPowerShell\v1.0\;C:\Windows\System32\OpenSSH\;C:\Program Files\TortoiseSVN\bin;C:\Program Files\dotnet\;%JAVA_HOME%\bin;C:\Program Files\Microsoft SQL Server\130\Tools\Binn\;C:\Program Files\Microsoft SQL Server\Client SDK\ODBC\170\Tools\Binn\;C:\Program Files\Git\cmd;C:\Program Files\nodejs\;C:\Program Files (x86)\Microsoft SQL Server\150\DTS\Binn\;C:\Program Files\Azure Data Studio\bin;C:\Program Files (x86)\Microsoft SQL Server\140\Tools\Binn\;C:\Program Files\Microsoft SQL Server\140\Tools\Binn\;C:\Program Files (x86)\Microsoft SQL Server\140\DTS\Binn\;C:\Program Files\Microsoft SQL Server\140\DTS\Binn\;C:\Program Files\Microsoft SQL Server\Client SDK\ODBC\130\Tools\Binn\;C:\Program Files\Java\jdk-11.0.2\bin;C:\Program Files\apache-maven-3.8.2\bin;C:\Program Files (x86)\Intel\Intel(R) Management Engine Components\DAL;C:\Program Files\Intel\Intel(R) Management Engine Components\DAL;C:\Program Files (x86)\dotnet\;C:\Users\asifansari\AppData\Local\Android\Sdk\platform-tools;C:\Users\asifansari\AppData\Local\Android\Sdk\tools;C:\Users\asifansari\AppData\Local\Programs\Python\Python39\Scripts\;C:\Users\asifansari\AppData\Local\Programs\Python\Python39\;C:\Users\asifansari\AppData\Local\Microsoft\WindowsApps;C:\Users\asifansari\.dotnet\tools;C:\Users\asifansari\AppData\Roaming\npm;C:\Users\asifansari\AppData\Local\Programs\Microsoft VS Code\bin;C:\Program Files\JetBrains\PyCharm Community Edition 2021.2.1\bin;."/>
    <property name="java.vendor" value="Oracle Corporation"/>
    <property name="java.vm.info" value="mixed mode"/>
    <property name="java.vm.version" value="11.0.2+9"/>
    <property name="sun.io.unicode.encoding" value="UnicodeLittle"/>
    <property name="java.class.version" value="55.0"/>
  </properties>
  <testcase name="feature[To verify the click functionality of Display_Show_Title option in App section of  DemoApi app.](1)" classname="com.RunnerFile.TestRunner" time="20.117">
    <system-out><![CDATA[[TestNGContentHandler] [WARN] It is strongly recommended to add "<!DOCTYPE suite SYSTEM "http://testng.org/testng-1.0.dtd" >" at the top of your file, otherwise TestNG may fail or not work as expected.
...
... TestNG 6.14.3 by Cédric Beust (cedric@beust.com)
...

**On start**On test startFeature: To verify the click functionality of Display_Show_Title option in App section of  DemoApi app.
&amp#27;[35m[Appium]&amp#27;[39m Welcome to Appium v1.22.0
&amp#27;[35m[Appium]&amp#27;[39m Appium REST http interface listener started on 0.0.0.0:4723
&amp#27;[35m[HTTP]&amp#27;[39m &amp#27;[37m-->&amp#27;[39m &amp#27;[37mGET&amp#27;[39m &amp#27;[37m/wd/hub/status&amp#27;[39m
&amp#27;[35m[HTTP]&amp#27;[39m &amp#27;[90m{}&amp#27;[39m
[debug] &amp#27;[35m[GENERIC]&amp#27;[39m Calling AppiumDriver.getStatus() with args: []
[debug] &amp#27;[35m[GENERIC]&amp#27;[39m Responding to client with driver.getStatus() result: {"build":{"version":"1.22.0"}}
&amp#27;[35m[HTTP]&amp#27;[39m &amp#27;[37m<-- GET /wd/hub/status &amp#27;[39m&amp#27;[32m200&amp#27;[39m &amp#27;[90m16 ms - 68&amp#27;[39m
&amp#27;[35m[HTTP]&amp#27;[39m &amp#27;[90m&amp#27;[39m
&amp#27;[35m[HTTP]&amp#27;[39m &amp#27;[37m-->&amp#27;[39m &amp#27;[37mPOST&amp#27;[39m &amp#27;[37m/wd/hub/session&amp#27;[39m
&amp#27;[35m[HTTP]&amp#27;[39m &amp#27;[90m{"desiredCapabilities":{"app":"./src/test/resources/MyAPP/ApiDemos-debug.apk","appActivity":".ApiDemos","appPackage":"io.appium.android.apis","platformVersion":"8.1","platformName":"Android","deviceName":"Android"},"capabilities":{"alwaysMatch":{"appium:app":"./src/test/resources/MyAPP/ApiDemos-debug.apk","appium:appActivity":".ApiDemos","appium:appPackage":"io.appium.android.apis","appium:deviceName":"Android","platformName":"android","appium:platformVersion":"8.1"},"firstMatch":[{}]}}&amp#27;[39m
[debug] &amp#27;[35m[W3C]&amp#27;[39m Calling AppiumDriver.createSession() with args: [{"app":"./src/test/resources/MyAPP/ApiDemos-debug.apk","appActivity":".ApiDemos","appPackage":"io.appium.android.apis","platformVersion":"8.1","platformName":"Android","deviceName":"Android"},null,{"alwaysMatch":{"appium:app":"./src/test/resources/MyAPP/ApiDemos-debug.apk","appium:appActivity":".ApiDemos","appium:appPackage":"io.appium.android.apis","appium:deviceName":"Android","platformName":"android","appium:platformVersion":"8.1"},"firstMatch":[{}]}]
[debug] &amp#27;[35m[BaseDriver]&amp#27;[39m Event 'newSessionRequested' logged at 1640106435126 (22:37:15 GMT+0530 (India Standard Time))
&amp#27;[35m[Appium]&amp#27;[39m 
&amp#27;[35m[Appium]&amp#27;[39m ======================================================================
&amp#27;[35m[Appium]&amp#27;[39m   DEPRECATION WARNING:
&amp#27;[35m[Appium]&amp#27;[39m 
&amp#27;[35m[Appium]&amp#27;[39m   The 'automationName' capability was not provided in the desired 
&amp#27;[35m[Appium]&amp#27;[39m   capabilities for this Android session
&amp#27;[35m[Appium]&amp#27;[39m 
&amp#27;[35m[Appium]&amp#27;[39m   Setting 'automationName=UiAutomator2' by default and using the 
&amp#27;[35m[Appium]&amp#27;[39m   UiAutomator2 Driver
&amp#27;[35m[Appium]&amp#27;[39m 
&amp#27;[35m[Appium]&amp#27;[39m   The next major version of Appium (2.x) will **require** the 
&amp#27;[35m[Appium]&amp#27;[39m   'automationName' capability to be set for all sessions on all 
&amp#27;[35m[Appium]&amp#27;[39m   platforms
&amp#27;[35m[Appium]&amp#27;[39m 
&amp#27;[35m[Appium]&amp#27;[39m   In previous versions (Appium <= 1.13.x), the default was 
&amp#27;[35m[Appium]&amp#27;[39m   'automationName=UiAutomator1'
&amp#27;[35m[Appium]&amp#27;[39m 
&amp#27;[35m[Appium]&amp#27;[39m   If you wish to use that automation instead of UiAutomator2, please 
&amp#27;[35m[Appium]&amp#27;[39m   add 'automationName=UiAutomator1' to your desired capabilities
&amp#27;[35m[Appium]&amp#27;[39m 
&amp#27;[35m[Appium]&amp#27;[39m   For more information about drivers, please visit 
&amp#27;[35m[Appium]&amp#27;[39m   http://appium.io/docs/en/about-appium/intro/ and explore the 
&amp#27;[35m[Appium]&amp#27;[39m   'Drivers' menu
&amp#27;[35m[Appium]&amp#27;[39m 
&amp#27;[35m[Appium]&amp#27;[39m ======================================================================
&amp#27;[35m[Appium]&amp#27;[39m 
&amp#27;[35m[Appium]&amp#27;[39m Appium v1.22.0 creating new AndroidUiautomator2Driver (v1.69.0) session
[debug] &amp#27;[35m[BaseDriver]&amp#27;[39m W3C capabilities and MJSONWP desired capabilities were provided
[debug] &amp#27;[35m[BaseDriver]&amp#27;[39m Creating session with W3C capabilities: {
[debug] &amp#27;[35m[BaseDriver]&amp#27;[39m   "alwaysMatch": {
[debug] &amp#27;[35m[BaseDriver]&amp#27;[39m     "platformName": "android",
[debug] &amp#27;[35m[BaseDriver]&amp#27;[39m     "appium:app": "./src/test/resources/MyAPP/ApiDemos-debug.apk",
[debug] &amp#27;[35m[BaseDriver]&amp#27;[39m     "appium:appActivity": ".ApiDemos",
[debug] &amp#27;[35m[BaseDriver]&amp#27;[39m     "appium:appPackage": "io.appium.android.apis",
[debug] &amp#27;[35m[BaseDriver]&amp#27;[39m     "appium:deviceName": "Android",
[debug] &amp#27;[35m[BaseDriver]&amp#27;[39m     "appium:platformVersion": "8.1"
[debug] &amp#27;[35m[BaseDriver]&amp#27;[39m   },
[debug] &amp#27;[35m[BaseDriver]&amp#27;[39m   "firstMatch": [
[debug] &amp#27;[35m[BaseDriver]&amp#27;[39m     {}
[debug] &amp#27;[35m[BaseDriver]&amp#27;[39m   ]
[debug] &amp#27;[35m[BaseDriver]&amp#27;[39m }
&amp#27;[35m[BaseDriver]&amp#27;[39m Session created with session id: e6dc9ab1-168e-4e90-b7de-0b2c0502a97b
&amp#27;[35m[BaseDriver]&amp#27;[39m Using local app './src/test/resources/MyAPP/ApiDemos-debug.apk'
&amp#27;[35m[BaseDriver]&amp#27;[39m The current application path './src/test/resources/MyAPP/ApiDemos-debug.apk' is not absolute and has been rewritten to 'C:\Users\asifansari\eclipse-workspace\MyAppiumMavenAssignment\src\test\resources\MyAPP\ApiDemos-debug.apk'. Consider using absolute paths rather than relative
[debug] &amp#27;[35m[UiAutomator2]&amp#27;[39m Checking whether app is actually present
&amp#27;[35m[ADB]&amp#27;[39m Found 2 'build-tools' folders under 'C:\Users\asifansari\AppData\Local\Android\Sdk' (newest first):
&amp#27;[35m[ADB]&amp#27;[39m     C:/Users/asifansari/AppData/Local/Android/Sdk/build-tools/31.0.0
&amp#27;[35m[ADB]&amp#27;[39m     C:/Users/asifansari/AppData/Local/Android/Sdk/build-tools/30.0.2
&amp#27;[35m[ADB]&amp#27;[39m Using 'adb.exe' from 'C:\Users\asifansari\AppData\Local\Android\Sdk\platform-tools\adb.exe'
[debug] &amp#27;[35m[ADB]&amp#27;[39m Running 'C:\Users\asifansari\AppData\Local\Android\Sdk\platform-tools\adb.exe -P 5037 start-server'
&amp#27;[35m[AndroidDriver]&amp#27;[39m Retrieving device list
[debug] &amp#27;[35m[ADB]&amp#27;[39m Trying to find a connected android device
[debug] &amp#27;[35m[ADB]&amp#27;[39m Getting connected devices
[debug] &amp#27;[35m[ADB]&amp#27;[39m Connected devices: [{"udid":"emulator-5554","state":"device"}]
&amp#27;[35m[AndroidDriver]&amp#27;[39m Looking for a device with Android '8.1.0'
[debug] &amp#27;[35m[ADB]&amp#27;[39m Setting device id to emulator-5554
&amp#27;[35m[ADB]&amp#27;[39m Getting device platform version
[debug] &amp#27;[35m[ADB]&amp#27;[39m Running 'C:\Users\asifansari\AppData\Local\Android\Sdk\platform-tools\adb.exe -P 5037 -s emulator-5554 shell getprop ro.build.version.release'
[debug] &amp#27;[35m[ADB]&amp#27;[39m Current device property 'ro.build.version.release': 8.1.0
&amp#27;[35m[AndroidDriver]&amp#27;[39m Using device: emulator-5554
&amp#27;[35m[ADB]&amp#27;[39m Using 'adb.exe' from 'C:\Users\asifansari\AppData\Local\Android\Sdk\platform-tools\adb.exe'
[debug] &amp#27;[35m[ADB]&amp#27;[39m Running 'C:\Users\asifansari\AppData\Local\Android\Sdk\platform-tools\adb.exe -P 5037 start-server'
[debug] &amp#27;[35m[ADB]&amp#27;[39m Setting device id to emulator-5554
[debug] &amp#27;[35m[ADB]&amp#27;[39m Running 'C:\Users\asifansari\AppData\Local\Android\Sdk\platform-tools\adb.exe -P 5037 -s emulator-5554 shell getprop ro.build.version.sdk'
[debug] &amp#27;[35m[ADB]&amp#27;[39m Current device property 'ro.build.version.sdk': 27
[debug] &amp#27;[35m[ADB]&amp#27;[39m Device API level: 27
[debug] &amp#27;[35m[ADB]&amp#27;[39m Running 'C:\Users\asifansari\AppData\Local\Android\Sdk\platform-tools\adb.exe -P 5037 -s emulator-5554 wait-for-device'
[debug] &amp#27;[35m[ADB]&amp#27;[39m Running 'C:\Users\asifansari\AppData\Local\Android\Sdk\platform-tools\adb.exe -P 5037 -s emulator-5554 shell echo ping'
[debug] &amp#27;[35m[AndroidDriver]&amp#27;[39m Pushing settings apk to device...
[debug] &amp#27;[35m[ADB]&amp#27;[39m Getting install status for io.appium.settings
[debug] &amp#27;[35m[ADB]&amp#27;[39m Running 'C:\Users\asifansari\AppData\Local\Android\Sdk\platform-tools\adb.exe -P 5037 -s emulator-5554 shell dumpsys package io.appium.settings'
[debug] &amp#27;[35m[ADB]&amp#27;[39m 'io.appium.settings' is installed
[debug] &amp#27;[35m[ADB]&amp#27;[39m Getting package info for 'io.appium.settings'
[debug] &amp#27;[35m[ADB]&amp#27;[39m Running 'C:\Users\asifansari\AppData\Local\Android\Sdk\platform-tools\adb.exe -P 5037 -s emulator-5554 shell dumpsys package io.appium.settings'
[debug] &amp#27;[35m[ADB]&amp#27;[39m The version name of the installed 'io.appium.settings' is greater or equal to the application version name ('3.4.0' >= '3.4.0')
[debug] &amp#27;[35m[ADB]&amp#27;[39m There is no need to install/upgrade 'C:\Users\asifansari\AppData\Roaming\npm\node_modules\appium\node_modules\io.appium.settings\apks\settings_apk-debug.apk'
[debug] &amp#27;[35m[ADB]&amp#27;[39m Getting IDs of all 'io.appium.settings' processes
[debug] &amp#27;[35m[ADB]&amp#27;[39m Running 'C:\Users\asifansari\AppData\Local\Android\Sdk\platform-tools\adb.exe -P 5037 -s emulator-5554 shell 'pgrep --help; echo $?''
[debug] &amp#27;[35m[ADB]&amp#27;[39m Running 'C:\Users\asifansari\AppData\Local\Android\Sdk\platform-tools\adb.exe -P 5037 -s emulator-5554 shell pgrep -f \(\[\[:blank:\]\]\|\^\)io\.appium\.settings\(\[\[:blank:\]\]\|\$\)'
[debug] &amp#27;[35m[AndroidDriver]&amp#27;[39m io.appium.settings is already running. There is no need to reset its permissions.
[debug] &amp#27;[35m[Logcat]&amp#27;[39m Starting logs capture with command: C:\\Users\\asifansari\\AppData\\Local\\Android\\Sdk\\platform-tools\\adb.exe -P 5037 -s emulator-5554 logcat -v threadtime
[debug] &amp#27;[35m[UiAutomator2]&amp#27;[39m Forwarding UiAutomator2 Server port 6790 to local port 8200
[debug] &amp#27;[35m[ADB]&amp#27;[39m Forwarding system: 8200 to device: 6790
[debug] &amp#27;[35m[ADB]&amp#27;[39m Running 'C:\Users\asifansari\AppData\Local\Android\Sdk\platform-tools\adb.exe -P 5037 -s emulator-5554 forward tcp:8200 tcp:6790'
[debug] &amp#27;[35m[ADB]&amp#27;[39m Getting install status for io.appium.uiautomator2.server
[debug] &amp#27;[35m[ADB]&amp#27;[39m Running 'C:\Users\asifansari\AppData\Local\Android\Sdk\platform-tools\adb.exe -P 5037 -s emulator-5554 shell dumpsys package io.appium.uiautomator2.server'
[debug] &amp#27;[35m[ADB]&amp#27;[39m 'io.appium.uiautomator2.server' is installed
[debug] &amp#27;[35m[ADB]&amp#27;[39m Getting package info for 'io.appium.uiautomator2.server'
[debug] &amp#27;[35m[ADB]&amp#27;[39m Running 'C:\Users\asifansari\AppData\Local\Android\Sdk\platform-tools\adb.exe -P 5037 -s emulator-5554 shell dumpsys package io.appium.uiautomator2.server'
[debug] &amp#27;[35m[ADB]&amp#27;[39m The version name of the installed 'io.appium.uiautomator2.server' is greater or equal to the application version name ('4.24.0' >= '4.24.0')
[debug] &amp#27;[35m[UiAutomator2]&amp#27;[39m io.appium.uiautomator2.server installation state: sameVersionInstalled
[debug] &amp#27;[35m[ADB]&amp#27;[39m Checking app cert for C:\Users\asifansari\AppData\Roaming\npm\node_modules\appium\node_modules\appium-uiautomator2-server\apks\appium-uiautomator2-server-v4.24.0.apk
&amp#27;[35m[ADB]&amp#27;[39m Using 'apksigner.jar' from 'C:\Users\asifansari\AppData\Local\Android\Sdk\build-tools\31.0.0\lib\apksigner.jar'
[debug] &amp#27;[35m[ADB]&amp#27;[39m Starting apksigner: 'C:\\Program Files\\Java\\jdk-11.0.2\\bin\\java.exe' -Xmx1024M -Xss1m -jar C:\\Users\\asifansari\\AppData\\Local\\Android\\Sdk\\build-tools\\31.0.0\\lib\\apksigner.jar verify --print-certs C:\\Users\\asifansari\\AppData\\Roaming\\npm\\node_modules\\appium\\node_modules\\appium-uiautomator2-server\\apks\\appium-uiautomator2-server-v4.24.0.apk
[debug] &amp#27;[35m[ADB]&amp#27;[39m apksigner stdout: Signer #1 certificate DN: EMAILADDRESS=android@android.com, CN=Android, OU=Android, O=Android, L=Mountain View, ST=California, C=US
[debug] &amp#27;[35m[ADB]&amp#27;[39m Signer #1 certificate SHA-256 digest: a40da80a59d170caa950cf15c18c454d47a39b26989d8b640ecd745ba71bf5dc
[debug] &amp#27;[35m[ADB]&amp#27;[39m Signer #1 certificate SHA-1 digest: 61ed377e85d386a8dfee6b864bd85b0bfaa5af81
[debug] &amp#27;[35m[ADB]&amp#27;[39m Signer #1 certificate MD5 digest: e89b158e4bcf988ebd09eb83f5378e87
[debug] &amp#27;[35m[ADB]&amp#27;[39m 
[debug] &amp#27;[35m[ADB]&amp#27;[39m sha256 hash did match for 'appium-uiautomator2-server-v4.24.0.apk'
&amp#27;[35m[ADB]&amp#27;[39m 'C:\Users\asifansari\AppData\Roaming\npm\node_modules\appium\node_modules\appium-uiautomator2-server\apks\appium-uiautomator2-server-v4.24.0.apk' is signed with the default certificate
[debug] &amp#27;[35m[ADB]&amp#27;[39m Getting install status for io.appium.uiautomator2.server.test
[debug] &amp#27;[35m[ADB]&amp#27;[39m Running 'C:\Users\asifansari\AppData\Local\Android\Sdk\platform-tools\adb.exe -P 5037 -s emulator-5554 shell dumpsys package io.appium.uiautomator2.server.test'
[debug] &amp#27;[35m[ADB]&amp#27;[39m 'io.appium.uiautomator2.server.test' is installed
[debug] &amp#27;[35m[ADB]&amp#27;[39m Checking app cert for C:\Users\asifansari\AppData\Roaming\npm\node_modules\appium\node_modules\appium-uiautomator2-server\apks\appium-uiautomator2-server-debug-androidTest.apk
[debug] &amp#27;[35m[ADB]&amp#27;[39m Starting apksigner: 'C:\\Program Files\\Java\\jdk-11.0.2\\bin\\java.exe' -Xmx1024M -Xss1m -jar C:\\Users\\asifansari\\AppData\\Local\\Android\\Sdk\\build-tools\\31.0.0\\lib\\apksigner.jar verify --print-certs C:\\Users\\asifansari\\AppData\\Roaming\\npm\\node_modules\\appium\\node_modules\\appium-uiautomator2-server\\apks\\appium-uiautomator2-server-debug-androidTest.apk
[debug] &amp#27;[35m[ADB]&amp#27;[39m apksigner stdout: Signer #1 certificate DN: EMAILADDRESS=android@android.com, CN=Android, OU=Android, O=Android, L=Mountain View, ST=California, C=US
[debug] &amp#27;[35m[ADB]&amp#27;[39m Signer #1 certificate SHA-256 digest: a40da80a59d170caa950cf15c18c454d47a39b26989d8b640ecd745ba71bf5dc
[debug] &amp#27;[35m[ADB]&amp#27;[39m Signer #1 certificate SHA-1 digest: 61ed377e85d386a8dfee6b864bd85b0bfaa5af81
[debug] &amp#27;[35m[ADB]&amp#27;[39m Signer #1 certificate MD5 digest: e89b158e4bcf988ebd09eb83f5378e87
[debug] &amp#27;[35m[ADB]&amp#27;[39m 
[debug] &amp#27;[35m[ADB]&amp#27;[39m sha256 hash did match for 'appium-uiautomator2-server-debug-androidTest.apk'
&amp#27;[35m[ADB]&amp#27;[39m 'C:\Users\asifansari\AppData\Roaming\npm\node_modules\appium\node_modules\appium-uiautomator2-server\apks\appium-uiautomator2-server-debug-androidTest.apk' is signed with the default certificate
&amp#27;[35m[UiAutomator2]&amp#27;[39m Server packages are not going to be (re)installed
[debug] &amp#27;[35m[UiAutomator2]&amp#27;[39m Waiting up to 30000ms for services to be available
[debug] &amp#27;[35m[ADB]&amp#27;[39m Running 'C:\Users\asifansari\AppData\Local\Android\Sdk\platform-tools\adb.exe -P 5037 -s emulator-5554 shell pm list instrumentation'
[debug] &amp#27;[35m[UiAutomator2]&amp#27;[39m Instrumentation target 'io.appium.uiautomator2.server.test/androidx.test.runner.AndroidJUnitRunner' is available
&amp#27;[35m[ADB]&amp#27;[39m Adding packages ["io.appium.settings","io.appium.uiautomator2.server","io.appium.uiautomator2.server.test"] to Doze whitelist
[debug] &amp#27;[35m[ADB]&amp#27;[39m Got the following command chunks to execute: [["dumpsys","deviceidle","whitelist","+io.appium.settings",";","dumpsys","deviceidle","whitelist","+io.appium.uiautomator2.server",";","dumpsys","deviceidle","whitelist","+io.appium.uiautomator2.server.test",";"]]
[debug] &amp#27;[35m[ADB]&amp#27;[39m Running 'C:\Users\asifansari\AppData\Local\Android\Sdk\platform-tools\adb.exe -P 5037 -s emulator-5554 shell dumpsys deviceidle whitelist +io.appium.settings ; dumpsys deviceidle whitelist +io.appium.uiautomator2.server ; dumpsys deviceidle whitelist +io.appium.uiautomator2.server.test ;'
[debug] &amp#27;[35m[ADB]&amp#27;[39m Checking app cert for C:\Users\asifansari\eclipse-workspace\MyAppiumMavenAssignment\src\test\resources\MyAPP\ApiDemos-debug.apk
[debug] &amp#27;[35m[ADB]&amp#27;[39m Starting apksigner: 'C:\\Program Files\\Java\\jdk-11.0.2\\bin\\java.exe' -Xmx1024M -Xss1m -jar C:\\Users\\asifansari\\AppData\\Local\\Android\\Sdk\\build-tools\\31.0.0\\lib\\apksigner.jar verify --print-certs C:\\Users\\asifansari\\eclipse-workspace\\MyAppiumMavenAssignment\\src\\test\\resources\\MyAPP\\ApiDemos-debug.apk
[debug] &amp#27;[35m[ADB]&amp#27;[39m apksigner stdout: Signer #1 certificate DN: EMAILADDRESS=android@android.com, CN=Android, OU=Android, O=Android, L=Mountain View, ST=California, C=US
[debug] &amp#27;[35m[ADB]&amp#27;[39m Signer #1 certificate SHA-256 digest: a40da80a59d170caa950cf15c18c454d47a39b26989d8b640ecd745ba71bf5dc
[debug] &amp#27;[35m[ADB]&amp#27;[39m Signer #1 certificate SHA-1 digest: 61ed377e85d386a8dfee6b864bd85b0bfaa5af81
[debug] &amp#27;[35m[ADB]&amp#27;[39m Signer #1 certificate MD5 digest: e89b158e4bcf988ebd09eb83f5378e87
[debug] &amp#27;[35m[ADB]&amp#27;[39m 
[debug] &amp#27;[35m[ADB]&amp#27;[39m sha256 hash did match for 'ApiDemos-debug.apk'
&amp#27;[35m[ADB]&amp#27;[39m 'C:\Users\asifansari\eclipse-workspace\MyAppiumMavenAssignment\src\test\resources\MyAPP\ApiDemos-debug.apk' is signed with the default certificate
[debug] &amp#27;[35m[ADB]&amp#27;[39m Getting install status for io.appium.android.apis
[debug] &amp#27;[35m[ADB]&amp#27;[39m Running 'C:\Users\asifansari\AppData\Local\Android\Sdk\platform-tools\adb.exe -P 5037 -s emulator-5554 shell dumpsys package io.appium.android.apis'
[debug] &amp#27;[35m[ADB]&amp#27;[39m 'io.appium.android.apis' is installed
[debug] &amp#27;[35m[ADB]&amp#27;[39m Getting package info for 'io.appium.android.apis'
[debug] &amp#27;[35m[ADB]&amp#27;[39m Running 'C:\Users\asifansari\AppData\Local\Android\Sdk\platform-tools\adb.exe -P 5037 -s emulator-5554 shell dumpsys package io.appium.android.apis'
&amp#27;[35m[ADB]&amp#27;[39m Cannot read version codes of 'C:\Users\asifansari\eclipse-workspace\MyAppiumMavenAssignment\src\test\resources\MyAPP\ApiDemos-debug.apk' and/or 'io.appium.android.apis'
&amp#27;[35m[ADB]&amp#27;[39m Cannot read version names of 'C:\Users\asifansari\eclipse-workspace\MyAppiumMavenAssignment\src\test\resources\MyAPP\ApiDemos-debug.apk' and/or 'io.appium.android.apis'
[debug] &amp#27;[35m[ADB]&amp#27;[39m The current install state of 'C:\Users\asifansari\eclipse-workspace\MyAppiumMavenAssignment\src\test\resources\MyAPP\ApiDemos-debug.apk' is unknown. Installing anyway
[debug] &amp#27;[35m[ADB]&amp#27;[39m Running 'C:\Users\asifansari\AppData\Local\Android\Sdk\platform-tools\adb.exe -P 5037 -s emulator-5554 help'
[debug] &amp#27;[35m[ADB]&amp#27;[39m Running 'C:\Users\asifansari\AppData\Local\Android\Sdk\platform-tools\adb.exe -P 5037 -s emulator-5554 features'
&amp#27;[35m[ADB]&amp#27;[39m The application at 'C:\Users\asifansari\eclipse-workspace\MyAppiumMavenAssignment\src\test\resources\MyAPP\ApiDemos-debug.apk' will not be cached, because the device under test has confirmed the support of streamed installs
[debug] &amp#27;[35m[ADB]&amp#27;[39m Running 'C:\Users\asifansari\AppData\Local\Android\Sdk\platform-tools\adb.exe -P 5037 -s emulator-5554 install -r C:\Users\asifansari\eclipse-workspace\MyAppiumMavenAssignment\src\test\resources\MyAPP\ApiDemos-debug.apk'
&amp#27;[35m[ADB]&amp#27;[39m The installation of 'ApiDemos-debug.apk' took 796ms
[debug] &amp#27;[35m[ADB]&amp#27;[39m Install command stdout: Performing Streamed Install
[debug] &amp#27;[35m[ADB]&amp#27;[39m Success
&amp#27;[35m[AndroidDriver]&amp#27;[39m Performing fast reset on 'io.appium.android.apis'
[debug] &amp#27;[35m[ADB]&amp#27;[39m Getting install status for io.appium.android.apis
[debug] &amp#27;[35m[ADB]&amp#27;[39m Running 'C:\Users\asifansari\AppData\Local\Android\Sdk\platform-tools\adb.exe -P 5037 -s emulator-5554 shell dumpsys package io.appium.android.apis'
[debug] &amp#27;[35m[ADB]&amp#27;[39m 'io.appium.android.apis' is installed
[debug] &amp#27;[35m[ADB]&amp#27;[39m Running 'C:\Users\asifansari\AppData\Local\Android\Sdk\platform-tools\adb.exe -P 5037 -s emulator-5554 shell am force-stop io.appium.android.apis'
[debug] &amp#27;[35m[ADB]&amp#27;[39m Running 'C:\Users\asifansari\AppData\Local\Android\Sdk\platform-tools\adb.exe -P 5037 -s emulator-5554 shell pm clear io.appium.android.apis'
[debug] &amp#27;[35m[AndroidDriver]&amp#27;[39m Performed fast reset on the installed 'io.appium.android.apis' application (stop and clear)
[debug] &amp#27;[35m[UiAutomator2]&amp#27;[39m Performing shallow cleanup of automation leftovers
[debug] &amp#27;[35m[UiAutomator2]&amp#27;[39m No obsolete sessions have been detected (socket hang up)
[debug] &amp#27;[35m[ADB]&amp#27;[39m Running 'C:\Users\asifansari\AppData\Local\Android\Sdk\platform-tools\adb.exe -P 5037 -s emulator-5554 shell am force-stop io.appium.uiautomator2.server.test'
&amp#27;[35m[UiAutomator2]&amp#27;[39m Starting UIAutomator2 server 4.24.0
&amp#27;[35m[UiAutomator2]&amp#27;[39m Using UIAutomator2 server from 'C:\Users\asifansari\AppData\Roaming\npm\node_modules\appium\node_modules\appium-uiautomator2-server\apks\appium-uiautomator2-server-v4.24.0.apk' and test from 'C:\Users\asifansari\AppData\Roaming\npm\node_modules\appium\node_modules\appium-uiautomator2-server\apks\appium-uiautomator2-server-debug-androidTest.apk'
&amp#27;[35m[UiAutomator2]&amp#27;[39m Waiting up to 30000ms for UiAutomator2 to be online...
[debug] &amp#27;[35m[ADB]&amp#27;[39m Creating ADB subprocess with args: ["-P",5037,"-s","emulator-5554","shell","am","instrument","-w","-e","disableAnalytics",true,"io.appium.uiautomator2.server.test/androidx.test.runner.AndroidJUnitRunner"]
[debug] &amp#27;[35m[WD Proxy]&amp#27;[39m Matched '/status' to command name 'getStatus'
[debug] &amp#27;[35m[WD Proxy]&amp#27;[39m Proxying [GET /status] to [GET http://127.0.0.1:8200/wd/hub/status] with no body
&amp#27;[35m[WD Proxy]&amp#27;[39m socket hang up
[debug] &amp#27;[35m[Instrumentation]&amp#27;[39m io.appium.uiautomator2.server.test.AppiumUiAutomator2Server:
[debug] &amp#27;[35m[WD Proxy]&amp#27;[39m Matched '/status' to command name 'getStatus'
[debug] &amp#27;[35m[WD Proxy]&amp#27;[39m Proxying [GET /status] to [GET http://127.0.0.1:8200/wd/hub/status] with no body
&amp#27;[35m[WD Proxy]&amp#27;[39m socket hang up
[debug] &amp#27;[35m[WD Proxy]&amp#27;[39m Matched '/status' to command name 'getStatus'
[debug] &amp#27;[35m[WD Proxy]&amp#27;[39m Proxying [GET /status] to [GET http://127.0.0.1:8200/wd/hub/status] with no body
[debug] &amp#27;[35m[WD Proxy]&amp#27;[39m Got response with status 200: {"sessionId":"None","value":{"message":"UiAutomator2 Server is ready to accept commands","ready":true}}
[debug] &amp#27;[35m[UiAutomator2]&amp#27;[39m The initialization of the instrumentation process took 2152ms
[debug] &amp#27;[35m[WD Proxy]&amp#27;[39m Matched '/session' to command name 'createSession'
[debug] &amp#27;[35m[WD Proxy]&amp#27;[39m Proxying [POST /session] to [POST http://127.0.0.1:8200/wd/hub/session] with body: {"capabilities":{"firstMatch":[{"platform":"LINUX","webStorageEnabled":false,"takesScreenshot":true,"javascriptEnabled":true,"databaseEnabled":false,"networkConnectionEnabled":true,"locationContextEnabled":false,"warnings":{},"desired":{"platformName":"android","app":"./src/test/resources/MyAPP/ApiDemos-debug.apk","appActivity":".ApiDemos","appPackage":"io.appium.android.apis","deviceName":"Android","platformVersion":"8.1"},"platformName":"android","app":"./src/test/resources/MyAPP/ApiDemos-debug.apk","appActivity":".ApiDemos","appPackage":"io.appium.android.apis","deviceName":"emulator-5554","platformVersion":"8.1","deviceUDID":"emulator-5554"}],"alwaysMatch":{}}}
[debug] &amp#27;[35m[WD Proxy]&amp#27;[39m Got response with status 200: {"sessionId":"26355654-686e-4dc8-abb0-9f03f1d3b4ef","value":{"capabilities":{"firstMatch":[{"platform":"LINUX","webStorageEnabled":false,"takesScreenshot":true,"javascriptEnabled":true,"databaseEnabled":false,"networkConnectionEnabled":true,"locationContextEnabled":false,"warnings":{},"desired":{"platformName":"android","app":"./src/test/resources/MyAPP/ApiDemos-debug.apk","appActivity":".ApiDemos","appPackage":"io.appium.android.apis","deviceName":"Android","platformVersion":"8.1"},"platformName":"android","app":"./src/test/resources/MyAPP/ApiDemos-debug.apk","appActivity":".ApiDemos","appPackage":"io.appium.android.apis","deviceName":"emulator-5554","platformVersion":"8.1","deviceUDID":"emulator-5554"}],"alwaysMatch":{}},"sessionId":"26355654-686e-4dc8-abb0-9f03f1d3b4ef"}}
&amp#27;[35m[WD Proxy]&amp#27;[39m Determined the downstream protocol as 'W3C'
[debug] &amp#27;[35m[WD Proxy]&amp#27;[39m Proxying [GET /appium/device/info] to [GET http://127.0.0.1:8200/wd/hub/session/26355654-686e-4dc8-abb0-9f03f1d3b4ef/appium/device/info] with no body
[debug] &amp#27;[35m[WD Proxy]&amp#27;[39m Got response with status 200: {"sessionId":"26355654-686e-4dc8-abb0-9f03f1d3b4ef","value":{"androidId":"de14fad231487cce","apiVersion":"27","bluetooth":null,"brand":"google","carrierName":"Android","displayDensity":420,"locale":"en_US","manufacturer":"Google","model":"Android SDK built for x86","networks":[{"capabilities":{"SSID":null,"linkDownBandwidthKbps":102400,"linkUpstreamBandwidthKbps":51200,"networkCapabilities":"NET_CAPABILITY_MMS,NET_CAPABILITY_SUPL,NET_CAPABILITY_DUN,NET_CAPABILITY_FOTA,NET_CAPABILITY_IMS,NET_CAPABILITY_CBS,NET_CAPABILITY_IA,NET_CAPABILITY_INTERNET,NET_CAPABILITY_NOT_RESTRICTED,NET_CAPABILITY_TRUSTED,NET_CAPABILITY_NOT_VPN,NET_CAPABILITY_VALIDATED","signalStrength":-2147483648,"transportTypes":"TRANSPORT_CELLULAR"},"detailedState":"CONNECTED","extraInfo":"epc.tmobile.com","isAvailable":true,"isConnected":true,"isFailover":false,"isRoaming":false,"state":"CONNECTED","subtype":13,"subtypeName":"LTE","type":0,"typeName":"MOBILE"},{"capabilities":{"SSID":null,"linkDownBandwidthKbps":1048576,"linkUpstreamBandwidt...
[debug] &amp#27;[35m[ADB]&amp#27;[39m Running 'C:\Users\asifansari\AppData\Local\Android\Sdk\platform-tools\adb.exe -P 5037 -s emulator-5554 shell dumpsys window'
&amp#27;[35m[AndroidDriver]&amp#27;[39m Screen already unlocked, doing nothing
&amp#27;[35m[UiAutomator2]&amp#27;[39m Starting 'io.appium.android.apis/.ApiDemos and waiting for 'io.appium.android.apis/.ApiDemos'
[debug] &amp#27;[35m[ADB]&amp#27;[39m Running 'C:\Users\asifansari\AppData\Local\Android\Sdk\platform-tools\adb.exe -P 5037 -s emulator-5554 shell am start -W -n io.appium.android.apis/.ApiDemos -S -a android.intent.action.MAIN -c android.intent.category.LAUNCHER -f 0x10200000'
[debug] &amp#27;[35m[WD Proxy]&amp#27;[39m Proxying [GET /appium/device/pixel_ratio] to [GET http://127.0.0.1:8200/wd/hub/session/26355654-686e-4dc8-abb0-9f03f1d3b4ef/appium/device/pixel_ratio] with no body
[debug] &amp#27;[35m[WD Proxy]&amp#27;[39m Got response with status 200: {"sessionId":"26355654-686e-4dc8-abb0-9f03f1d3b4ef","value":2.625}
[debug] &amp#27;[35m[WD Proxy]&amp#27;[39m Matched '/appium/device/system_bars' to command name 'getSystemBars'
[debug] &amp#27;[35m[WD Proxy]&amp#27;[39m Proxying [GET /appium/device/system_bars] to [GET http://127.0.0.1:8200/wd/hub/session/26355654-686e-4dc8-abb0-9f03f1d3b4ef/appium/device/system_bars] with no body
[debug] &amp#27;[35m[WD Proxy]&amp#27;[39m Got response with status 200: {"sessionId":"26355654-686e-4dc8-abb0-9f03f1d3b4ef","value":{"statusBar":63}}
[debug] &amp#27;[35m[WD Proxy]&amp#27;[39m Matched '/window/current/size' to command name 'getWindowSize'
[debug] &amp#27;[35m[WD Proxy]&amp#27;[39m Proxying [GET /window/current/size] to [GET http://127.0.0.1:8200/wd/hub/session/26355654-686e-4dc8-abb0-9f03f1d3b4ef/window/current/size] with no body
[debug] &amp#27;[35m[WD Proxy]&amp#27;[39m Got response with status 200: {"sessionId":"26355654-686e-4dc8-abb0-9f03f1d3b4ef","value":{"height":1794,"width":1080}}
&amp#27;[35m[Appium]&amp#27;[39m New AndroidUiautomator2Driver session created successfully, session e6dc9ab1-168e-4e90-b7de-0b2c0502a97b added to master session list
[debug] &amp#27;[35m[BaseDriver]&amp#27;[39m Event 'newSessionStarted' logged at 1640106443907 (22:37:23 GMT+0530 (India Standard Time))
[debug] &amp#27;[35m[W3C (e6dc9ab1)]&amp#27;[39m Cached the protocol value 'W3C' for the new session e6dc9ab1-168e-4e90-b7de-0b2c0502a97b
[debug] &amp#27;[35m[W3C (e6dc9ab1)]&amp#27;[39m Responding to client with driver.createSession() result: {"capabilities":{"platform":"LINUX","webStorageEnabled":false,"takesScreenshot":true,"javascriptEnabled":true,"databaseEnabled":false,"networkConnectionEnabled":true,"locationContextEnabled":false,"warnings":{},"desired":{"platformName":"android","app":"./src/test/resources/MyAPP/ApiDemos-debug.apk","appActivity":".ApiDemos","appPackage":"io.appium.android.apis","deviceName":"Android","platformVersion":"8.1"},"platformName":"android","app":"./src/test/resources/MyAPP/ApiDemos-debug.apk","appActivity":".ApiDemos","appPackage":"io.appium.android.apis","deviceName":"emulator-5554","platformVersion":"8.1.0","deviceUDID":"emulator-5554","deviceApiLevel":27,"deviceScreenSize":"1080x1920","deviceScreenDensity":420,"deviceModel":"Android SDK built for x86","deviceManufacturer":"Google","pixelRatio":2.625,"statBarHeight":63,"viewportRect":{"left":0,"top":63,"width":1080,"height":1731}}}
&amp#27;[35m[HTTP]&amp#27;[39m &amp#27;[37m<-- POST /wd/hub/session &amp#27;[39m&amp#27;[32m200&amp#27;[39m &amp#27;[90m8784 ms - 951&amp#27;[39m
&amp#27;[35m[HTTP]&amp#27;[39m &amp#27;[90m&amp#27;[39m
&amp#27;[35m[HTTP]&amp#27;[39m &amp#27;[37m-->&amp#27;[39m &amp#27;[37mGET&amp#27;[39m &amp#27;[37m/wd/hub/session/e6dc9ab1-168e-4e90-b7de-0b2c0502a97b&amp#27;[39m
&amp#27;[35m[HTTP]&amp#27;[39m &amp#27;[90m{}&amp#27;[39m
[debug] &amp#27;[35m[W3C (e6dc9ab1)]&amp#27;[39m Calling AppiumDriver.getSession() with args: ["e6dc9ab1-168e-4e90-b7de-0b2c0502a97b"]
[debug] &amp#27;[35m[UiAutomator2]&amp#27;[39m Getting session details from server to mix in
[debug] &amp#27;[35m[WD Proxy]&amp#27;[39m Matched '/' to command name 'getSession'
[debug] &amp#27;[35m[WD Proxy]&amp#27;[39m Proxying [GET /] to [GET http://127.0.0.1:8200/wd/hub/session/26355654-686e-4dc8-abb0-9f03f1d3b4ef] with no body
[debug] &amp#27;[35m[WD Proxy]&amp#27;[39m Got response with status 200: {"sessionId":"26355654-686e-4dc8-abb0-9f03f1d3b4ef","value":{"lastScrollData":null}}
[debug] &amp#27;[35m[W3C (e6dc9ab1)]&amp#27;[39m Responding to client with driver.getSession() result: {"platform":"LINUX","webStorageEnabled":false,"takesScreenshot":true,"javascriptEnabled":true,"databaseEnabled":false,"networkConnectionEnabled":true,"locationContextEnabled":false,"warnings":{},"desired":{"platformName":"android","app":"./src/test/resources/MyAPP/ApiDemos-debug.apk","appActivity":".ApiDemos","appPackage":"io.appium.android.apis","deviceName":"Android","platformVersion":"8.1"},"platformName":"android","app":"./src/test/resources/MyAPP/ApiDemos-debug.apk","appActivity":".ApiDemos","appPackage":"io.appium.android.apis","deviceName":"emulator-5554","platformVersion":"8.1.0","deviceUDID":"emulator-5554","deviceApiLevel":27,"deviceScreenSize":"1080x1920","deviceScreenDensity":420,"deviceModel":"Android SDK built for x86","deviceManufacturer":"Google","pixelRatio":2.625,"statBarHeight":63,"viewportRect":{"left":0,"top":63,"width":1080,"height":1731},"lastScrollData":null}
&amp#27;[35m[HTTP]&amp#27;[39m &amp#27;[37m<-- GET /wd/hub/session/e6dc9ab1-168e-4e90-b7de-0b2c0502a97b &amp#27;[39m&amp#27;[32m200&amp#27;[39m &amp#27;[90m24 ms - 905&amp#27;[39m
&amp#27;[35m[HTTP]&amp#27;[39m &amp#27;[90m&amp#27;[39m
&amp#27;[35m[HTTP]&amp#27;[39m &amp#27;[37m-->&amp#27;[39m &amp#27;[37mGET&amp#27;[39m &amp#27;[37m/wd/hub/session/e6dc9ab1-168e-4e90-b7de-0b2c0502a97b&amp#27;[39m
&amp#27;[35m[HTTP]&amp#27;[39m &amp#27;[90m{}&amp#27;[39m
[debug] &amp#27;[35m[W3C (e6dc9ab1)]&amp#27;[39m Calling AppiumDriver.getSession() with args: ["e6dc9ab1-168e-4e90-b7de-0b2c0502a97b"]
[debug] &amp#27;[35m[UiAutomator2]&amp#27;[39m Getting session details from server to mix in
[debug] &amp#27;[35m[WD Proxy]&amp#27;[39m Matched '/' to command name 'getSession'
[debug] &amp#27;[35m[WD Proxy]&amp#27;[39m Proxying [GET /] to [GET http://127.0.0.1:8200/wd/hub/session/26355654-686e-4dc8-abb0-9f03f1d3b4ef] with no body
[debug] &amp#27;[35m[WD Proxy]&amp#27;[39m Got response with status 200: {"sessionId":"26355654-686e-4dc8-abb0-9f03f1d3b4ef","value":{"lastScrollData":null}}
[debug] &amp#27;[35m[W3C (e6dc9ab1)]&amp#27;[39m Responding to client with driver.getSession() result: {"platform":"LINUX","webStorageEnabled":false,"takesScreenshot":true,"javascriptEnabled":true,"databaseEnabled":false,"networkConnectionEnabled":true,"locationContextEnabled":false,"warnings":{},"desired":{"platformName":"android","app":"./src/test/resources/MyAPP/ApiDemos-debug.apk","appActivity":".ApiDemos","appPackage":"io.appium.android.apis","deviceName":"Android","platformVersion":"8.1"},"platformName":"android","app":"./src/test/resources/MyAPP/ApiDemos-debug.apk","appActivity":".ApiDemos","appPackage":"io.appium.android.apis","deviceName":"emulator-5554","platformVersion":"8.1.0","deviceUDID":"emulator-5554","deviceApiLevel":27,"deviceScreenSize":"1080x1920","deviceScreenDensity":420,"deviceModel":"Android SDK built for x86","deviceManufacturer":"Google","pixelRatio":2.625,"statBarHeight":63,"viewportRect":{"left":0,"top":63,"width":1080,"height":1731},"lastScrollData":null}
&amp#27;[35m[HTTP]&amp#27;[39m &amp#27;[37m<-- GET /wd/hub/session/e6dc9ab1-168e-4e90-b7de-0b2c0502a97b &amp#27;[39m&amp#27;[32m200&amp#27;[39m &amp#27;[90m26 ms - 905&amp#27;[39m
&amp#27;[35m[HTTP]&amp#27;[39m &amp#27;[90m&amp#27;[39m
&amp#27;[35m[HTTP]&amp#27;[39m &amp#27;[37m-->&amp#27;[39m &amp#27;[37mPOST&amp#27;[39m &amp#27;[37m/wd/hub/session/e6dc9ab1-168e-4e90-b7de-0b2c0502a97b/timeouts&amp#27;[39m
&amp#27;[35m[HTTP]&amp#27;[39m &amp#27;[90m{"implicit":120000}&amp#27;[39m
[debug] &amp#27;[35m[W3C (e6dc9ab1)]&amp#27;[39m Calling AppiumDriver.timeouts() with args: [null,null,null,null,120000,"e6dc9ab1-168e-4e90-b7de-0b2c0502a97b"]
[debug] &amp#27;[35m[BaseDriver]&amp#27;[39m W3C timeout argument: {"implicit":120000}}
[debug] &amp#27;[35m[BaseDriver]&amp#27;[39m Set implicit wait to 120000ms
[debug] &amp#27;[35m[W3C (e6dc9ab1)]&amp#27;[39m Responding to client with driver.timeouts() result: null
&amp#27;[35m[HTTP]&amp#27;[39m &amp#27;[37m<-- POST /wd/hub/session/e6dc9ab1-168e-4e90-b7de-0b2c0502a97b/timeouts &amp#27;[39m&amp#27;[32m200&amp#27;[39m &amp#27;[90m5 ms - 14&amp#27;[39m
&amp#27;[35m[HTTP]&amp#27;[39m &amp#27;[90m&amp#27;[39m
****Now user is inside the application *****
[INFO ] 2021-12-21 22:37:24.918 [main] AnimationFuncSteps - #~#~#~ Application has open to run a new test ~#~#~#
&amp#27;[35m[HTTP]&amp#27;[39m &amp#27;[37m-->&amp#27;[39m &amp#27;[37mGET&amp#27;[39m &amp#27;[37m/wd/hub/session/e6dc9ab1-168e-4e90-b7de-0b2c0502a97b&amp#27;[39m
&amp#27;[35m[HTTP]&amp#27;[39m &amp#27;[90m{}&amp#27;[39m
[debug] &amp#27;[35m[W3C (e6dc9ab1)]&amp#27;[39m Calling AppiumDriver.getSession() with args: ["e6dc9ab1-168e-4e90-b7de-0b2c0502a97b"]
[debug] &amp#27;[35m[UiAutomator2]&amp#27;[39m Getting session details from server to mix in
[debug] &amp#27;[35m[WD Proxy]&amp#27;[39m Matched '/' to command name 'getSession'
[debug] &amp#27;[35m[WD Proxy]&amp#27;[39m Proxying [GET /] to [GET http://127.0.0.1:8200/wd/hub/session/26355654-686e-4dc8-abb0-9f03f1d3b4ef] with no body
[debug] &amp#27;[35m[WD Proxy]&amp#27;[39m Got response with status 200: {"sessionId":"26355654-686e-4dc8-abb0-9f03f1d3b4ef","value":{"lastScrollData":null}}
[debug] &amp#27;[35m[W3C (e6dc9ab1)]&amp#27;[39m Responding to client with driver.getSession() result: {"platform":"LINUX","webStorageEnabled":false,"takesScreenshot":true,"javascriptEnabled":true,"databaseEnabled":false,"networkConnectionEnabled":true,"locationContextEnabled":false,"warnings":{},"desired":{"platformName":"android","app":"./src/test/resources/MyAPP/ApiDemos-debug.apk","appActivity":".ApiDemos","appPackage":"io.appium.android.apis","deviceName":"Android","platformVersion":"8.1"},"platformName":"android","app":"./src/test/resources/MyAPP/ApiDemos-debug.apk","appActivity":".ApiDemos","appPackage":"io.appium.android.apis","deviceName":"emulator-5554","platformVersion":"8.1.0","deviceUDID":"emulator-5554","deviceApiLevel":27,"deviceScreenSize":"1080x1920","deviceScreenDensity":420,"deviceModel":"Android SDK built for x86","deviceManufacturer":"Google","pixelRatio":2.625,"statBarHeight":63,"viewportRect":{"left":0,"top":63,"width":1080,"height":1731},"lastScrollData":null}
&amp#27;[35m[HTTP]&amp#27;[39m &amp#27;[37m<-- GET /wd/hub/session/e6dc9ab1-168e-4e90-b7de-0b2c0502a97b &amp#27;[39m&amp#27;[32m200&amp#27;[39m &amp#27;[90m16 ms - 905&amp#27;[39m
&amp#27;[35m[HTTP]&amp#27;[39m &amp#27;[90m&amp#27;[39m
&amp#27;[35m[HTTP]&amp#27;[39m &amp#27;[37m-->&amp#27;[39m &amp#27;[37mGET&amp#27;[39m &amp#27;[37m/wd/hub/session/e6dc9ab1-168e-4e90-b7de-0b2c0502a97b&amp#27;[39m
&amp#27;[35m[HTTP]&amp#27;[39m &amp#27;[90m{}&amp#27;[39m
[debug] &amp#27;[35m[W3C (e6dc9ab1)]&amp#27;[39m Calling AppiumDriver.getSession() with args: ["e6dc9ab1-168e-4e90-b7de-0b2c0502a97b"]
[debug] &amp#27;[35m[UiAutomator2]&amp#27;[39m Getting session details from server to mix in
[debug] &amp#27;[35m[WD Proxy]&amp#27;[39m Matched '/' to command name 'getSession'
[debug] &amp#27;[35m[WD Proxy]&amp#27;[39m Proxying [GET /] to [GET http://127.0.0.1:8200/wd/hub/session/26355654-686e-4dc8-abb0-9f03f1d3b4ef] with no body
[debug] &amp#27;[35m[WD Proxy]&amp#27;[39m Got response with status 200: {"sessionId":"26355654-686e-4dc8-abb0-9f03f1d3b4ef","value":{"lastScrollData":null}}
[debug] &amp#27;[35m[W3C (e6dc9ab1)]&amp#27;[39m Responding to client with driver.getSession() result: {"platform":"LINUX","webStorageEnabled":false,"takesScreenshot":true,"javascriptEnabled":true,"databaseEnabled":false,"networkConnectionEnabled":true,"locationContextEnabled":false,"warnings":{},"desired":{"platformName":"android","app":"./src/test/resources/MyAPP/ApiDemos-debug.apk","appActivity":".ApiDemos","appPackage":"io.appium.android.apis","deviceName":"Android","platformVersion":"8.1"},"platformName":"android","app":"./src/test/resources/MyAPP/ApiDemos-debug.apk","appActivity":".ApiDemos","appPackage":"io.appium.android.apis","deviceName":"emulator-5554","platformVersion":"8.1.0","deviceUDID":"emulator-5554","deviceApiLevel":27,"deviceScreenSize":"1080x1920","deviceScreenDensity":420,"deviceModel":"Android SDK built for x86","deviceManufacturer":"Google","pixelRatio":2.625,"statBarHeight":63,"viewportRect":{"left":0,"top":63,"width":1080,"height":1731},"lastScrollData":null}
&amp#27;[35m[HTTP]&amp#27;[39m &amp#27;[37m<-- GET /wd/hub/session/e6dc9ab1-168e-4e90-b7de-0b2c0502a97b &amp#27;[39m&amp#27;[32m200&amp#27;[39m &amp#27;[90m14 ms - 905&amp#27;[39m
&amp#27;[35m[HTTP]&amp#27;[39m &amp#27;[90m&amp#27;[39m
&amp#27;[35m[HTTP]&amp#27;[39m &amp#27;[37m-->&amp#27;[39m &amp#27;[37mGET&amp#27;[39m &amp#27;[37m/wd/hub/session/e6dc9ab1-168e-4e90-b7de-0b2c0502a97b&amp#27;[39m
&amp#27;[35m[HTTP]&amp#27;[39m &amp#27;[90m{}&amp#27;[39m
[debug] &amp#27;[35m[W3C (e6dc9ab1)]&amp#27;[39m Calling AppiumDriver.getSession() with args: ["e6dc9ab1-168e-4e90-b7de-0b2c0502a97b"]
[debug] &amp#27;[35m[UiAutomator2]&amp#27;[39m Getting session details from server to mix in
[debug] &amp#27;[35m[WD Proxy]&amp#27;[39m Matched '/' to command name 'getSession'
[debug] &amp#27;[35m[WD Proxy]&amp#27;[39m Proxying [GET /] to [GET http://127.0.0.1:8200/wd/hub/session/26355654-686e-4dc8-abb0-9f03f1d3b4ef] with no body
[debug] &amp#27;[35m[WD Proxy]&amp#27;[39m Got response with status 200: {"sessionId":"26355654-686e-4dc8-abb0-9f03f1d3b4ef","value":{"lastScrollData":null}}
[debug] &amp#27;[35m[W3C (e6dc9ab1)]&amp#27;[39m Responding to client with driver.getSession() result: {"platform":"LINUX","webStorageEnabled":false,"takesScreenshot":true,"javascriptEnabled":true,"databaseEnabled":false,"networkConnectionEnabled":true,"locationContextEnabled":false,"warnings":{},"desired":{"platformName":"android","app":"./src/test/resources/MyAPP/ApiDemos-debug.apk","appActivity":".ApiDemos","appPackage":"io.appium.android.apis","deviceName":"Android","platformVersion":"8.1"},"platformName":"android","app":"./src/test/resources/MyAPP/ApiDemos-debug.apk","appActivity":".ApiDemos","appPackage":"io.appium.android.apis","deviceName":"emulator-5554","platformVersion":"8.1.0","deviceUDID":"emulator-5554","deviceApiLevel":27,"deviceScreenSize":"1080x1920","deviceScreenDensity":420,"deviceModel":"Android SDK built for x86","deviceManufacturer":"Google","pixelRatio":2.625,"statBarHeight":63,"viewportRect":{"left":0,"top":63,"width":1080,"height":1731},"lastScrollData":null}
&amp#27;[35m[HTTP]&amp#27;[39m &amp#27;[37m<-- GET /wd/hub/session/e6dc9ab1-168e-4e90-b7de-0b2c0502a97b &amp#27;[39m&amp#27;[32m200&amp#27;[39m &amp#27;[90m18 ms - 905&amp#27;[39m
&amp#27;[35m[HTTP]&amp#27;[39m &amp#27;[90m&amp#27;[39m
&amp#27;[35m[HTTP]&amp#27;[39m &amp#27;[37m-->&amp#27;[39m &amp#27;[37mPOST&amp#27;[39m &amp#27;[37m/wd/hub/session/e6dc9ab1-168e-4e90-b7de-0b2c0502a97b/element&amp#27;[39m
&amp#27;[35m[HTTP]&amp#27;[39m &amp#27;[90m{"using":"accessibility id","value":"App"}&amp#27;[39m
[debug] &amp#27;[35m[W3C (e6dc9ab1)]&amp#27;[39m Calling AppiumDriver.findElement() with args: ["accessibility id","App","e6dc9ab1-168e-4e90-b7de-0b2c0502a97b"]
[debug] &amp#27;[35m[BaseDriver]&amp#27;[39m Valid locator strategies for this request: xpath, id, class name, accessibility id, css selector, -android uiautomator
[debug] &amp#27;[35m[BaseDriver]&amp#27;[39m Waiting up to 120000 ms for condition
[debug] &amp#27;[35m[WD Proxy]&amp#27;[39m Matched '/element' to command name 'findElement'
[debug] &amp#27;[35m[WD Proxy]&amp#27;[39m Proxying [POST /element] to [POST http://127.0.0.1:8200/wd/hub/session/26355654-686e-4dc8-abb0-9f03f1d3b4ef/element] with body: {"strategy":"accessibility id","selector":"App","context":"","multiple":false}
[debug] &amp#27;[35m[WD Proxy]&amp#27;[39m Got response with status 200: {"sessionId":"26355654-686e-4dc8-abb0-9f03f1d3b4ef","value":{"ELEMENT":"00000000-0000-028f-ffff-ffff00000009","element-6066-11e4-a52e-4f735466cecf":"00000000-0000-028f-ffff-ffff00000009"}}
[debug] &amp#27;[35m[W3C (e6dc9ab1)]&amp#27;[39m Responding to client with driver.findElement() result: {"element-6066-11e4-a52e-4f735466cecf":"00000000-0000-028f-ffff-ffff00000009","ELEMENT":"00000000-0000-028f-ffff-ffff00000009"}
&amp#27;[35m[HTTP]&amp#27;[39m &amp#27;[37m<-- POST /wd/hub/session/e6dc9ab1-168e-4e90-b7de-0b2c0502a97b/element &amp#27;[39m&amp#27;[32m200&amp#27;[39m &amp#27;[90m103 ms - 137&amp#27;[39m
&amp#27;[35m[HTTP]&amp#27;[39m &amp#27;[90m&amp#27;[39m
&amp#27;[35m[HTTP]&amp#27;[39m &amp#27;[37m-->&amp#27;[39m &amp#27;[37mPOST&amp#27;[39m &amp#27;[37m/wd/hub/session/e6dc9ab1-168e-4e90-b7de-0b2c0502a97b/element/00000000-0000-028f-ffff-ffff00000009/click&amp#27;[39m
&amp#27;[35m[HTTP]&amp#27;[39m &amp#27;[90m{"id":"00000000-0000-028f-ffff-ffff00000009"}&amp#27;[39m
[debug] &amp#27;[35m[W3C (e6dc9ab1)]&amp#27;[39m Calling AppiumDriver.click() with args: ["00000000-0000-028f-ffff-ffff00000009","e6dc9ab1-168e-4e90-b7de-0b2c0502a97b"]
[debug] &amp#27;[35m[WD Proxy]&amp#27;[39m Matched '/element/00000000-0000-028f-ffff-ffff00000009/click' to command name 'click'
[debug] &amp#27;[35m[WD Proxy]&amp#27;[39m Proxying [POST /element/00000000-0000-028f-ffff-ffff00000009/click] to [POST http://127.0.0.1:8200/wd/hub/session/26355654-686e-4dc8-abb0-9f03f1d3b4ef/element/00000000-0000-028f-ffff-ffff00000009/click] with body: {"element":"00000000-0000-028f-ffff-ffff00000009"}
[debug] &amp#27;[35m[WD Proxy]&amp#27;[39m Got response with status 200: {"sessionId":"26355654-686e-4dc8-abb0-9f03f1d3b4ef","value":null}
[debug] &amp#27;[35m[W3C (e6dc9ab1)]&amp#27;[39m Responding to client with driver.click() result: null
&amp#27;[35m[HTTP]&amp#27;[39m &amp#27;[37m<-- POST /wd/hub/session/e6dc9ab1-168e-4e90-b7de-0b2c0502a97b/element/00000000-0000-028f-ffff-ffff00000009/click &amp#27;[39m&amp#27;[32m200&amp#27;[39m &amp#27;[90m1384 ms - 14&amp#27;[39m
&amp#27;[35m[HTTP]&amp#27;[39m &amp#27;[90m&amp#27;[39m
[INFO ] 2021-12-21 22:37:26.729 [main] DisplayTitleSteps - User has entered into the App section
&amp#27;[35m[HTTP]&amp#27;[39m &amp#27;[37m-->&amp#27;[39m &amp#27;[37mGET&amp#27;[39m &amp#27;[37m/wd/hub/session/e6dc9ab1-168e-4e90-b7de-0b2c0502a97b&amp#27;[39m
&amp#27;[35m[HTTP]&amp#27;[39m &amp#27;[90m{}&amp#27;[39m
[debug] &amp#27;[35m[W3C (e6dc9ab1)]&amp#27;[39m Calling AppiumDriver.getSession() with args: ["e6dc9ab1-168e-4e90-b7de-0b2c0502a97b"]
[debug] &amp#27;[35m[UiAutomator2]&amp#27;[39m Getting session details from server to mix in
[debug] &amp#27;[35m[WD Proxy]&amp#27;[39m Matched '/' to command name 'getSession'
[debug] &amp#27;[35m[WD Proxy]&amp#27;[39m Proxying [GET /] to [GET http://127.0.0.1:8200/wd/hub/session/26355654-686e-4dc8-abb0-9f03f1d3b4ef] with no body
[debug] &amp#27;[35m[WD Proxy]&amp#27;[39m Got response with status 200: {"sessionId":"26355654-686e-4dc8-abb0-9f03f1d3b4ef","value":{"lastScrollData":null}}
[debug] &amp#27;[35m[W3C (e6dc9ab1)]&amp#27;[39m Responding to client with driver.getSession() result: {"platform":"LINUX","webStorageEnabled":false,"takesScreenshot":true,"javascriptEnabled":true,"databaseEnabled":false,"networkConnectionEnabled":true,"locationContextEnabled":false,"warnings":{},"desired":{"platformName":"android","app":"./src/test/resources/MyAPP/ApiDemos-debug.apk","appActivity":".ApiDemos","appPackage":"io.appium.android.apis","deviceName":"Android","platformVersion":"8.1"},"platformName":"android","app":"./src/test/resources/MyAPP/ApiDemos-debug.apk","appActivity":".ApiDemos","appPackage":"io.appium.android.apis","deviceName":"emulator-5554","platformVersion":"8.1.0","deviceUDID":"emulator-5554","deviceApiLevel":27,"deviceScreenSize":"1080x1920","deviceScreenDensity":420,"deviceModel":"Android SDK built for x86","deviceManufacturer":"Google","pixelRatio":2.625,"statBarHeight":63,"viewportRect":{"left":0,"top":63,"width":1080,"height":1731},"lastScrollData":null}
&amp#27;[35m[HTTP]&amp#27;[39m &amp#27;[37m<-- GET /wd/hub/session/e6dc9ab1-168e-4e90-b7de-0b2c0502a97b &amp#27;[39m&amp#27;[32m200&amp#27;[39m &amp#27;[90m49 ms - 905&amp#27;[39m
&amp#27;[35m[HTTP]&amp#27;[39m &amp#27;[90m&amp#27;[39m
&amp#27;[35m[HTTP]&amp#27;[39m &amp#27;[37m-->&amp#27;[39m &amp#27;[37mGET&amp#27;[39m &amp#27;[37m/wd/hub/session/e6dc9ab1-168e-4e90-b7de-0b2c0502a97b&amp#27;[39m
&amp#27;[35m[HTTP]&amp#27;[39m &amp#27;[90m{}&amp#27;[39m
[debug] &amp#27;[35m[W3C (e6dc9ab1)]&amp#27;[39m Calling AppiumDriver.getSession() with args: ["e6dc9ab1-168e-4e90-b7de-0b2c0502a97b"]
[debug] &amp#27;[35m[UiAutomator2]&amp#27;[39m Getting session details from server to mix in
[debug] &amp#27;[35m[WD Proxy]&amp#27;[39m Matched '/' to command name 'getSession'
[debug] &amp#27;[35m[WD Proxy]&amp#27;[39m Proxying [GET /] to [GET http://127.0.0.1:8200/wd/hub/session/26355654-686e-4dc8-abb0-9f03f1d3b4ef] with no body
[debug] &amp#27;[35m[WD Proxy]&amp#27;[39m Got response with status 200: {"sessionId":"26355654-686e-4dc8-abb0-9f03f1d3b4ef","value":{"lastScrollData":null}}
[debug] &amp#27;[35m[W3C (e6dc9ab1)]&amp#27;[39m Responding to client with driver.getSession() result: {"platform":"LINUX","webStorageEnabled":false,"takesScreenshot":true,"javascriptEnabled":true,"databaseEnabled":false,"networkConnectionEnabled":true,"locationContextEnabled":false,"warnings":{},"desired":{"platformName":"android","app":"./src/test/resources/MyAPP/ApiDemos-debug.apk","appActivity":".ApiDemos","appPackage":"io.appium.android.apis","deviceName":"Android","platformVersion":"8.1"},"platformName":"android","app":"./src/test/resources/MyAPP/ApiDemos-debug.apk","appActivity":".ApiDemos","appPackage":"io.appium.android.apis","deviceName":"emulator-5554","platformVersion":"8.1.0","deviceUDID":"emulator-5554","deviceApiLevel":27,"deviceScreenSize":"1080x1920","deviceScreenDensity":420,"deviceModel":"Android SDK built for x86","deviceManufacturer":"Google","pixelRatio":2.625,"statBarHeight":63,"viewportRect":{"left":0,"top":63,"width":1080,"height":1731},"lastScrollData":null}
&amp#27;[35m[HTTP]&amp#27;[39m &amp#27;[37m<-- GET /wd/hub/session/e6dc9ab1-168e-4e90-b7de-0b2c0502a97b &amp#27;[39m&amp#27;[32m200&amp#27;[39m &amp#27;[90m17 ms - 905&amp#27;[39m
&amp#27;[35m[HTTP]&amp#27;[39m &amp#27;[90m&amp#27;[39m
&amp#27;[35m[HTTP]&amp#27;[39m &amp#27;[37m-->&amp#27;[39m &amp#27;[37mGET&amp#27;[39m &amp#27;[37m/wd/hub/session/e6dc9ab1-168e-4e90-b7de-0b2c0502a97b&amp#27;[39m
&amp#27;[35m[HTTP]&amp#27;[39m &amp#27;[90m{}&amp#27;[39m
[debug] &amp#27;[35m[W3C (e6dc9ab1)]&amp#27;[39m Calling AppiumDriver.getSession() with args: ["e6dc9ab1-168e-4e90-b7de-0b2c0502a97b"]
[debug] &amp#27;[35m[UiAutomator2]&amp#27;[39m Getting session details from server to mix in
[debug] &amp#27;[35m[WD Proxy]&amp#27;[39m Matched '/' to command name 'getSession'
[debug] &amp#27;[35m[WD Proxy]&amp#27;[39m Proxying [GET /] to [GET http://127.0.0.1:8200/wd/hub/session/26355654-686e-4dc8-abb0-9f03f1d3b4ef] with no body
[debug] &amp#27;[35m[WD Proxy]&amp#27;[39m Got response with status 200: {"sessionId":"26355654-686e-4dc8-abb0-9f03f1d3b4ef","value":{"lastScrollData":null}}
[debug] &amp#27;[35m[W3C (e6dc9ab1)]&amp#27;[39m Responding to client with driver.getSession() result: {"platform":"LINUX","webStorageEnabled":false,"takesScreenshot":true,"javascriptEnabled":true,"databaseEnabled":false,"networkConnectionEnabled":true,"locationContextEnabled":false,"warnings":{},"desired":{"platformName":"android","app":"./src/test/resources/MyAPP/ApiDemos-debug.apk","appActivity":".ApiDemos","appPackage":"io.appium.android.apis","deviceName":"Android","platformVersion":"8.1"},"platformName":"android","app":"./src/test/resources/MyAPP/ApiDemos-debug.apk","appActivity":".ApiDemos","appPackage":"io.appium.android.apis","deviceName":"emulator-5554","platformVersion":"8.1.0","deviceUDID":"emulator-5554","deviceApiLevel":27,"deviceScreenSize":"1080x1920","deviceScreenDensity":420,"deviceModel":"Android SDK built for x86","deviceManufacturer":"Google","pixelRatio":2.625,"statBarHeight":63,"viewportRect":{"left":0,"top":63,"width":1080,"height":1731},"lastScrollData":null}
&amp#27;[35m[HTTP]&amp#27;[39m &amp#27;[37m<-- GET /wd/hub/session/e6dc9ab1-168e-4e90-b7de-0b2c0502a97b &amp#27;[39m&amp#27;[32m200&amp#27;[39m &amp#27;[90m11 ms - 905&amp#27;[39m
&amp#27;[35m[HTTP]&amp#27;[39m &amp#27;[90m&amp#27;[39m
&amp#27;[35m[HTTP]&amp#27;[39m &amp#27;[37m-->&amp#27;[39m &amp#27;[37mPOST&amp#27;[39m &amp#27;[37m/wd/hub/session/e6dc9ab1-168e-4e90-b7de-0b2c0502a97b/element&amp#27;[39m
&amp#27;[35m[HTTP]&amp#27;[39m &amp#27;[90m{"using":"accessibility id","value":"Action Bar"}&amp#27;[39m
[debug] &amp#27;[35m[W3C (e6dc9ab1)]&amp#27;[39m Calling AppiumDriver.findElement() with args: ["accessibility id","Action Bar","e6dc9ab1-168e-4e90-b7de-0b2c0502a97b"]
[debug] &amp#27;[35m[BaseDriver]&amp#27;[39m Valid locator strategies for this request: xpath, id, class name, accessibility id, css selector, -android uiautomator
[debug] &amp#27;[35m[BaseDriver]&amp#27;[39m Waiting up to 120000 ms for condition
[debug] &amp#27;[35m[WD Proxy]&amp#27;[39m Matched '/element' to command name 'findElement'
[debug] &amp#27;[35m[WD Proxy]&amp#27;[39m Proxying [POST /element] to [POST http://127.0.0.1:8200/wd/hub/session/26355654-686e-4dc8-abb0-9f03f1d3b4ef/element] with body: {"strategy":"accessibility id","selector":"Action Bar","context":"","multiple":false}
[debug] &amp#27;[35m[WD Proxy]&amp#27;[39m Got response with status 200: {"sessionId":"26355654-686e-4dc8-abb0-9f03f1d3b4ef","value":{"ELEMENT":"00000000-0000-0290-ffff-ffff00000017","element-6066-11e4-a52e-4f735466cecf":"00000000-0000-0290-ffff-ffff00000017"}}
[debug] &amp#27;[35m[W3C (e6dc9ab1)]&amp#27;[39m Responding to client with driver.findElement() result: {"element-6066-11e4-a52e-4f735466cecf":"00000000-0000-0290-ffff-ffff00000017","ELEMENT":"00000000-0000-0290-ffff-ffff00000017"}
&amp#27;[35m[HTTP]&amp#27;[39m &amp#27;[37m<-- POST /wd/hub/session/e6dc9ab1-168e-4e90-b7de-0b2c0502a97b/element &amp#27;[39m&amp#27;[32m200&amp#27;[39m &amp#27;[90m35 ms - 137&amp#27;[39m
&amp#27;[35m[HTTP]&amp#27;[39m &amp#27;[90m&amp#27;[39m
&amp#27;[35m[HTTP]&amp#27;[39m &amp#27;[37m-->&amp#27;[39m &amp#27;[37mPOST&amp#27;[39m &amp#27;[37m/wd/hub/session/e6dc9ab1-168e-4e90-b7de-0b2c0502a97b/element/00000000-0000-0290-ffff-ffff00000017/click&amp#27;[39m
&amp#27;[35m[HTTP]&amp#27;[39m &amp#27;[90m{"id":"00000000-0000-0290-ffff-ffff00000017"}&amp#27;[39m
[debug] &amp#27;[35m[W3C (e6dc9ab1)]&amp#27;[39m Calling AppiumDriver.click() with args: ["00000000-0000-0290-ffff-ffff00000017","e6dc9ab1-168e-4e90-b7de-0b2c0502a97b"]
[debug] &amp#27;[35m[WD Proxy]&amp#27;[39m Matched '/element/00000000-0000-0290-ffff-ffff00000017/click' to command name 'click'
[debug] &amp#27;[35m[WD Proxy]&amp#27;[39m Proxying [POST /element/00000000-0000-0290-ffff-ffff00000017/click] to [POST http://127.0.0.1:8200/wd/hub/session/26355654-686e-4dc8-abb0-9f03f1d3b4ef/element/00000000-0000-0290-ffff-ffff00000017/click] with body: {"element":"00000000-0000-0290-ffff-ffff00000017"}
[debug] &amp#27;[35m[WD Proxy]&amp#27;[39m Got response with status 200: {"sessionId":"26355654-686e-4dc8-abb0-9f03f1d3b4ef","value":null}
[debug] &amp#27;[35m[W3C (e6dc9ab1)]&amp#27;[39m Responding to client with driver.click() result: null
&amp#27;[35m[HTTP]&amp#27;[39m &amp#27;[37m<-- POST /wd/hub/session/e6dc9ab1-168e-4e90-b7de-0b2c0502a97b/element/00000000-0000-0290-ffff-ffff00000017/click &amp#27;[39m&amp#27;[32m200&amp#27;[39m &amp#27;[90m26 ms - 14&amp#27;[39m
&amp#27;[35m[HTTP]&amp#27;[39m &amp#27;[90m&amp#27;[39m
[INFO ] 2021-12-21 22:37:26.929 [main] DisplayTitleSteps - Tap on the Action Bar option has done
&amp#27;[35m[HTTP]&amp#27;[39m &amp#27;[37m-->&amp#27;[39m &amp#27;[37mGET&amp#27;[39m &amp#27;[37m/wd/hub/session/e6dc9ab1-168e-4e90-b7de-0b2c0502a97b&amp#27;[39m
&amp#27;[35m[HTTP]&amp#27;[39m &amp#27;[90m{}&amp#27;[39m
[debug] &amp#27;[35m[W3C (e6dc9ab1)]&amp#27;[39m Calling AppiumDriver.getSession() with args: ["e6dc9ab1-168e-4e90-b7de-0b2c0502a97b"]
[debug] &amp#27;[35m[UiAutomator2]&amp#27;[39m Getting session details from server to mix in
[debug] &amp#27;[35m[WD Proxy]&amp#27;[39m Matched '/' to command name 'getSession'
[debug] &amp#27;[35m[WD Proxy]&amp#27;[39m Proxying [GET /] to [GET http://127.0.0.1:8200/wd/hub/session/26355654-686e-4dc8-abb0-9f03f1d3b4ef] with no body
[debug] &amp#27;[35m[WD Proxy]&amp#27;[39m Got response with status 200: {"sessionId":"26355654-686e-4dc8-abb0-9f03f1d3b4ef","value":{"lastScrollData":null}}
[debug] &amp#27;[35m[W3C (e6dc9ab1)]&amp#27;[39m Responding to client with driver.getSession() result: {"platform":"LINUX","webStorageEnabled":false,"takesScreenshot":true,"javascriptEnabled":true,"databaseEnabled":false,"networkConnectionEnabled":true,"locationContextEnabled":false,"warnings":{},"desired":{"platformName":"android","app":"./src/test/resources/MyAPP/ApiDemos-debug.apk","appActivity":".ApiDemos","appPackage":"io.appium.android.apis","deviceName":"Android","platformVersion":"8.1"},"platformName":"android","app":"./src/test/resources/MyAPP/ApiDemos-debug.apk","appActivity":".ApiDemos","appPackage":"io.appium.android.apis","deviceName":"emulator-5554","platformVersion":"8.1.0","deviceUDID":"emulator-5554","deviceApiLevel":27,"deviceScreenSize":"1080x1920","deviceScreenDensity":420,"deviceModel":"Android SDK built for x86","deviceManufacturer":"Google","pixelRatio":2.625,"statBarHeight":63,"viewportRect":{"left":0,"top":63,"width":1080,"height":1731},"lastScrollData":null}
&amp#27;[35m[HTTP]&amp#27;[39m &amp#27;[37m<-- GET /wd/hub/session/e6dc9ab1-168e-4e90-b7de-0b2c0502a97b &amp#27;[39m&amp#27;[32m200&amp#27;[39m &amp#27;[90m11 ms - 905&amp#27;[39m
&amp#27;[35m[HTTP]&amp#27;[39m &amp#27;[90m&amp#27;[39m
&amp#27;[35m[HTTP]&amp#27;[39m &amp#27;[37m-->&amp#27;[39m &amp#27;[37mGET&amp#27;[39m &amp#27;[37m/wd/hub/session/e6dc9ab1-168e-4e90-b7de-0b2c0502a97b&amp#27;[39m
&amp#27;[35m[HTTP]&amp#27;[39m &amp#27;[90m{}&amp#27;[39m
[debug] &amp#27;[35m[W3C (e6dc9ab1)]&amp#27;[39m Calling AppiumDriver.getSession() with args: ["e6dc9ab1-168e-4e90-b7de-0b2c0502a97b"]
[debug] &amp#27;[35m[UiAutomator2]&amp#27;[39m Getting session details from server to mix in
[debug] &amp#27;[35m[WD Proxy]&amp#27;[39m Matched '/' to command name 'getSession'
[debug] &amp#27;[35m[WD Proxy]&amp#27;[39m Proxying [GET /] to [GET http://127.0.0.1:8200/wd/hub/session/26355654-686e-4dc8-abb0-9f03f1d3b4ef] with no body
[debug] &amp#27;[35m[WD Proxy]&amp#27;[39m Got response with status 200: {"sessionId":"26355654-686e-4dc8-abb0-9f03f1d3b4ef","value":{"lastScrollData":null}}
[debug] &amp#27;[35m[W3C (e6dc9ab1)]&amp#27;[39m Responding to client with driver.getSession() result: {"platform":"LINUX","webStorageEnabled":false,"takesScreenshot":true,"javascriptEnabled":true,"databaseEnabled":false,"networkConnectionEnabled":true,"locationContextEnabled":false,"warnings":{},"desired":{"platformName":"android","app":"./src/test/resources/MyAPP/ApiDemos-debug.apk","appActivity":".ApiDemos","appPackage":"io.appium.android.apis","deviceName":"Android","platformVersion":"8.1"},"platformName":"android","app":"./src/test/resources/MyAPP/ApiDemos-debug.apk","appActivity":".ApiDemos","appPackage":"io.appium.android.apis","deviceName":"emulator-5554","platformVersion":"8.1.0","deviceUDID":"emulator-5554","deviceApiLevel":27,"deviceScreenSize":"1080x1920","deviceScreenDensity":420,"deviceModel":"Android SDK built for x86","deviceManufacturer":"Google","pixelRatio":2.625,"statBarHeight":63,"viewportRect":{"left":0,"top":63,"width":1080,"height":1731},"lastScrollData":null}
&amp#27;[35m[HTTP]&amp#27;[39m &amp#27;[37m<-- GET /wd/hub/session/e6dc9ab1-168e-4e90-b7de-0b2c0502a97b &amp#27;[39m&amp#27;[32m200&amp#27;[39m &amp#27;[90m15 ms - 905&amp#27;[39m
&amp#27;[35m[HTTP]&amp#27;[39m &amp#27;[90m&amp#27;[39m
&amp#27;[35m[HTTP]&amp#27;[39m &amp#27;[37m-->&amp#27;[39m &amp#27;[37mGET&amp#27;[39m &amp#27;[37m/wd/hub/session/e6dc9ab1-168e-4e90-b7de-0b2c0502a97b&amp#27;[39m
&amp#27;[35m[HTTP]&amp#27;[39m &amp#27;[90m{}&amp#27;[39m
[debug] &amp#27;[35m[W3C (e6dc9ab1)]&amp#27;[39m Calling AppiumDriver.getSession() with args: ["e6dc9ab1-168e-4e90-b7de-0b2c0502a97b"]
[debug] &amp#27;[35m[UiAutomator2]&amp#27;[39m Getting session details from server to mix in
[debug] &amp#27;[35m[WD Proxy]&amp#27;[39m Matched '/' to command name 'getSession'
[debug] &amp#27;[35m[WD Proxy]&amp#27;[39m Proxying [GET /] to [GET http://127.0.0.1:8200/wd/hub/session/26355654-686e-4dc8-abb0-9f03f1d3b4ef] with no body
[debug] &amp#27;[35m[WD Proxy]&amp#27;[39m Got response with status 200: {"sessionId":"26355654-686e-4dc8-abb0-9f03f1d3b4ef","value":{"lastScrollData":null}}
[debug] &amp#27;[35m[W3C (e6dc9ab1)]&amp#27;[39m Responding to client with driver.getSession() result: {"platform":"LINUX","webStorageEnabled":false,"takesScreenshot":true,"javascriptEnabled":true,"databaseEnabled":false,"networkConnectionEnabled":true,"locationContextEnabled":false,"warnings":{},"desired":{"platformName":"android","app":"./src/test/resources/MyAPP/ApiDemos-debug.apk","appActivity":".ApiDemos","appPackage":"io.appium.android.apis","deviceName":"Android","platformVersion":"8.1"},"platformName":"android","app":"./src/test/resources/MyAPP/ApiDemos-debug.apk","appActivity":".ApiDemos","appPackage":"io.appium.android.apis","deviceName":"emulator-5554","platformVersion":"8.1.0","deviceUDID":"emulator-5554","deviceApiLevel":27,"deviceScreenSize":"1080x1920","deviceScreenDensity":420,"deviceModel":"Android SDK built for x86","deviceManufacturer":"Google","pixelRatio":2.625,"statBarHeight":63,"viewportRect":{"left":0,"top":63,"width":1080,"height":1731},"lastScrollData":null}
&amp#27;[35m[HTTP]&amp#27;[39m &amp#27;[37m<-- GET /wd/hub/session/e6dc9ab1-168e-4e90-b7de-0b2c0502a97b &amp#27;[39m&amp#27;[32m200&amp#27;[39m &amp#27;[90m19 ms - 905&amp#27;[39m
&amp#27;[35m[HTTP]&amp#27;[39m &amp#27;[90m&amp#27;[39m
&amp#27;[35m[HTTP]&amp#27;[39m &amp#27;[37m-->&amp#27;[39m &amp#27;[37mPOST&amp#27;[39m &amp#27;[37m/wd/hub/session/e6dc9ab1-168e-4e90-b7de-0b2c0502a97b/element&amp#27;[39m
&amp#27;[35m[HTTP]&amp#27;[39m &amp#27;[90m{"using":"xpath","value":"//android.widget.TextView[@content-desc=\"Display Options\"]"}&amp#27;[39m
[debug] &amp#27;[35m[W3C (e6dc9ab1)]&amp#27;[39m Calling AppiumDriver.findElement() with args: ["xpath","//android.widget.TextView[@content-desc=\"Display Options\"]","e6dc9ab1-168e-4e90-b7de-0b2c0502a97b"]
[debug] &amp#27;[35m[BaseDriver]&amp#27;[39m Valid locator strategies for this request: xpath, id, class name, accessibility id, css selector, -android uiautomator
[debug] &amp#27;[35m[BaseDriver]&amp#27;[39m Waiting up to 120000 ms for condition
[debug] &amp#27;[35m[WD Proxy]&amp#27;[39m Matched '/element' to command name 'findElement'
[debug] &amp#27;[35m[WD Proxy]&amp#27;[39m Proxying [POST /element] to [POST http://127.0.0.1:8200/wd/hub/session/26355654-686e-4dc8-abb0-9f03f1d3b4ef/element] with body: {"strategy":"xpath","selector":"//android.widget.TextView[@content-desc=\"Display Options\"]","context":"","multiple":false}
[debug] &amp#27;[35m[WD Proxy]&amp#27;[39m Got response with status 200: {"sessionId":"26355654-686e-4dc8-abb0-9f03f1d3b4ef","value":{"ELEMENT":"00000000-0000-0291-ffff-ffff0000002f","element-6066-11e4-a52e-4f735466cecf":"00000000-0000-0291-ffff-ffff0000002f"}}
[debug] &amp#27;[35m[W3C (e6dc9ab1)]&amp#27;[39m Responding to client with driver.findElement() result: {"element-6066-11e4-a52e-4f735466cecf":"00000000-0000-0291-ffff-ffff0000002f","ELEMENT":"00000000-0000-0291-ffff-ffff0000002f"}
&amp#27;[35m[HTTP]&amp#27;[39m &amp#27;[37m<-- POST /wd/hub/session/e6dc9ab1-168e-4e90-b7de-0b2c0502a97b/element &amp#27;[39m&amp#27;[32m200&amp#27;[39m &amp#27;[90m1521 ms - 137&amp#27;[39m
&amp#27;[35m[HTTP]&amp#27;[39m &amp#27;[90m&amp#27;[39m
&amp#27;[35m[HTTP]&amp#27;[39m &amp#27;[37m-->&amp#27;[39m &amp#27;[37mPOST&amp#27;[39m &amp#27;[37m/wd/hub/session/e6dc9ab1-168e-4e90-b7de-0b2c0502a97b/element/00000000-0000-0291-ffff-ffff0000002f/click&amp#27;[39m
&amp#27;[35m[HTTP]&amp#27;[39m &amp#27;[90m{"id":"00000000-0000-0291-ffff-ffff0000002f"}&amp#27;[39m
[debug] &amp#27;[35m[W3C (e6dc9ab1)]&amp#27;[39m Calling AppiumDriver.click() with args: ["00000000-0000-0291-ffff-ffff0000002f","e6dc9ab1-168e-4e90-b7de-0b2c0502a97b"]
[debug] &amp#27;[35m[WD Proxy]&amp#27;[39m Matched '/element/00000000-0000-0291-ffff-ffff0000002f/click' to command name 'click'
[debug] &amp#27;[35m[WD Proxy]&amp#27;[39m Proxying [POST /element/00000000-0000-0291-ffff-ffff0000002f/click] to [POST http://127.0.0.1:8200/wd/hub/session/26355654-686e-4dc8-abb0-9f03f1d3b4ef/element/00000000-0000-0291-ffff-ffff0000002f/click] with body: {"element":"00000000-0000-0291-ffff-ffff0000002f"}
[debug] &amp#27;[35m[WD Proxy]&amp#27;[39m Got response with status 200: {"sessionId":"26355654-686e-4dc8-abb0-9f03f1d3b4ef","value":null}
[debug] &amp#27;[35m[W3C (e6dc9ab1)]&amp#27;[39m Responding to client with driver.click() result: null
&amp#27;[35m[HTTP]&amp#27;[39m &amp#27;[37m<-- POST /wd/hub/session/e6dc9ab1-168e-4e90-b7de-0b2c0502a97b/element/00000000-0000-0291-ffff-ffff0000002f/click &amp#27;[39m&amp#27;[32m200&amp#27;[39m &amp#27;[90m1287 ms - 14&amp#27;[39m
&amp#27;[35m[HTTP]&amp#27;[39m &amp#27;[90m&amp#27;[39m
[INFO ] 2021-12-21 22:37:29.826 [main] DisplayTitleSteps - Tap on the Display Option has been done!
&amp#27;[35m[HTTP]&amp#27;[39m &amp#27;[37m-->&amp#27;[39m &amp#27;[37mGET&amp#27;[39m &amp#27;[37m/wd/hub/session/e6dc9ab1-168e-4e90-b7de-0b2c0502a97b&amp#27;[39m
&amp#27;[35m[HTTP]&amp#27;[39m &amp#27;[90m{}&amp#27;[39m
[debug] &amp#27;[35m[W3C (e6dc9ab1)]&amp#27;[39m Calling AppiumDriver.getSession() with args: ["e6dc9ab1-168e-4e90-b7de-0b2c0502a97b"]
[debug] &amp#27;[35m[UiAutomator2]&amp#27;[39m Getting session details from server to mix in
[debug] &amp#27;[35m[WD Proxy]&amp#27;[39m Matched '/' to command name 'getSession'
[debug] &amp#27;[35m[WD Proxy]&amp#27;[39m Proxying [GET /] to [GET http://127.0.0.1:8200/wd/hub/session/26355654-686e-4dc8-abb0-9f03f1d3b4ef] with no body
[debug] &amp#27;[35m[WD Proxy]&amp#27;[39m Got response with status 200: {"sessionId":"26355654-686e-4dc8-abb0-9f03f1d3b4ef","value":{"lastScrollData":null}}
[debug] &amp#27;[35m[W3C (e6dc9ab1)]&amp#27;[39m Responding to client with driver.getSession() result: {"platform":"LINUX","webStorageEnabled":false,"takesScreenshot":true,"javascriptEnabled":true,"databaseEnabled":false,"networkConnectionEnabled":true,"locationContextEnabled":false,"warnings":{},"desired":{"platformName":"android","app":"./src/test/resources/MyAPP/ApiDemos-debug.apk","appActivity":".ApiDemos","appPackage":"io.appium.android.apis","deviceName":"Android","platformVersion":"8.1"},"platformName":"android","app":"./src/test/resources/MyAPP/ApiDemos-debug.apk","appActivity":".ApiDemos","appPackage":"io.appium.android.apis","deviceName":"emulator-5554","platformVersion":"8.1.0","deviceUDID":"emulator-5554","deviceApiLevel":27,"deviceScreenSize":"1080x1920","deviceScreenDensity":420,"deviceModel":"Android SDK built for x86","deviceManufacturer":"Google","pixelRatio":2.625,"statBarHeight":63,"viewportRect":{"left":0,"top":63,"width":1080,"height":1731},"lastScrollData":null}
&amp#27;[35m[HTTP]&amp#27;[39m &amp#27;[37m<-- GET /wd/hub/session/e6dc9ab1-168e-4e90-b7de-0b2c0502a97b &amp#27;[39m&amp#27;[32m200&amp#27;[39m &amp#27;[90m16 ms - 905&amp#27;[39m
&amp#27;[35m[HTTP]&amp#27;[39m &amp#27;[90m&amp#27;[39m
&amp#27;[35m[HTTP]&amp#27;[39m &amp#27;[37m-->&amp#27;[39m &amp#27;[37mGET&amp#27;[39m &amp#27;[37m/wd/hub/session/e6dc9ab1-168e-4e90-b7de-0b2c0502a97b&amp#27;[39m
&amp#27;[35m[HTTP]&amp#27;[39m &amp#27;[90m{}&amp#27;[39m
[debug] &amp#27;[35m[W3C (e6dc9ab1)]&amp#27;[39m Calling AppiumDriver.getSession() with args: ["e6dc9ab1-168e-4e90-b7de-0b2c0502a97b"]
[debug] &amp#27;[35m[UiAutomator2]&amp#27;[39m Getting session details from server to mix in
[debug] &amp#27;[35m[WD Proxy]&amp#27;[39m Matched '/' to command name 'getSession'
[debug] &amp#27;[35m[WD Proxy]&amp#27;[39m Proxying [GET /] to [GET http://127.0.0.1:8200/wd/hub/session/26355654-686e-4dc8-abb0-9f03f1d3b4ef] with no body
[debug] &amp#27;[35m[WD Proxy]&amp#27;[39m Got response with status 200: {"sessionId":"26355654-686e-4dc8-abb0-9f03f1d3b4ef","value":{"lastScrollData":null}}
[debug] &amp#27;[35m[W3C (e6dc9ab1)]&amp#27;[39m Responding to client with driver.getSession() result: {"platform":"LINUX","webStorageEnabled":false,"takesScreenshot":true,"javascriptEnabled":true,"databaseEnabled":false,"networkConnectionEnabled":true,"locationContextEnabled":false,"warnings":{},"desired":{"platformName":"android","app":"./src/test/resources/MyAPP/ApiDemos-debug.apk","appActivity":".ApiDemos","appPackage":"io.appium.android.apis","deviceName":"Android","platformVersion":"8.1"},"platformName":"android","app":"./src/test/resources/MyAPP/ApiDemos-debug.apk","appActivity":".ApiDemos","appPackage":"io.appium.android.apis","deviceName":"emulator-5554","platformVersion":"8.1.0","deviceUDID":"emulator-5554","deviceApiLevel":27,"deviceScreenSize":"1080x1920","deviceScreenDensity":420,"deviceModel":"Android SDK built for x86","deviceManufacturer":"Google","pixelRatio":2.625,"statBarHeight":63,"viewportRect":{"left":0,"top":63,"width":1080,"height":1731},"lastScrollData":null}
&amp#27;[35m[HTTP]&amp#27;[39m &amp#27;[37m<-- GET /wd/hub/session/e6dc9ab1-168e-4e90-b7de-0b2c0502a97b &amp#27;[39m&amp#27;[32m200&amp#27;[39m &amp#27;[90m13 ms - 905&amp#27;[39m
&amp#27;[35m[HTTP]&amp#27;[39m &amp#27;[90m&amp#27;[39m
&amp#27;[35m[HTTP]&amp#27;[39m &amp#27;[37m-->&amp#27;[39m &amp#27;[37mGET&amp#27;[39m &amp#27;[37m/wd/hub/session/e6dc9ab1-168e-4e90-b7de-0b2c0502a97b&amp#27;[39m
&amp#27;[35m[HTTP]&amp#27;[39m &amp#27;[90m{}&amp#27;[39m
[debug] &amp#27;[35m[W3C (e6dc9ab1)]&amp#27;[39m Calling AppiumDriver.getSession() with args: ["e6dc9ab1-168e-4e90-b7de-0b2c0502a97b"]
[debug] &amp#27;[35m[UiAutomator2]&amp#27;[39m Getting session details from server to mix in
[debug] &amp#27;[35m[WD Proxy]&amp#27;[39m Matched '/' to command name 'getSession'
[debug] &amp#27;[35m[WD Proxy]&amp#27;[39m Proxying [GET /] to [GET http://127.0.0.1:8200/wd/hub/session/26355654-686e-4dc8-abb0-9f03f1d3b4ef] with no body
[debug] &amp#27;[35m[WD Proxy]&amp#27;[39m Got response with status 200: {"sessionId":"26355654-686e-4dc8-abb0-9f03f1d3b4ef","value":{"lastScrollData":null}}
[debug] &amp#27;[35m[W3C (e6dc9ab1)]&amp#27;[39m Responding to client with driver.getSession() result: {"platform":"LINUX","webStorageEnabled":false,"takesScreenshot":true,"javascriptEnabled":true,"databaseEnabled":false,"networkConnectionEnabled":true,"locationContextEnabled":false,"warnings":{},"desired":{"platformName":"android","app":"./src/test/resources/MyAPP/ApiDemos-debug.apk","appActivity":".ApiDemos","appPackage":"io.appium.android.apis","deviceName":"Android","platformVersion":"8.1"},"platformName":"android","app":"./src/test/resources/MyAPP/ApiDemos-debug.apk","appActivity":".ApiDemos","appPackage":"io.appium.android.apis","deviceName":"emulator-5554","platformVersion":"8.1.0","deviceUDID":"emulator-5554","deviceApiLevel":27,"deviceScreenSize":"1080x1920","deviceScreenDensity":420,"deviceModel":"Android SDK built for x86","deviceManufacturer":"Google","pixelRatio":2.625,"statBarHeight":63,"viewportRect":{"left":0,"top":63,"width":1080,"height":1731},"lastScrollData":null}
&amp#27;[35m[HTTP]&amp#27;[39m &amp#27;[37m<-- GET /wd/hub/session/e6dc9ab1-168e-4e90-b7de-0b2c0502a97b &amp#27;[39m&amp#27;[32m200&amp#27;[39m &amp#27;[90m12 ms - 905&amp#27;[39m
&amp#27;[35m[HTTP]&amp#27;[39m &amp#27;[90m&amp#27;[39m
&amp#27;[35m[HTTP]&amp#27;[39m &amp#27;[37m-->&amp#27;[39m &amp#27;[37mPOST&amp#27;[39m &amp#27;[37m/wd/hub/session/e6dc9ab1-168e-4e90-b7de-0b2c0502a97b/element&amp#27;[39m
&amp#27;[35m[HTTP]&amp#27;[39m &amp#27;[90m{"using":"id","value":"io.appium.android.apis:id/toggle_show_title"}&amp#27;[39m
[debug] &amp#27;[35m[W3C (e6dc9ab1)]&amp#27;[39m Calling AppiumDriver.findElement() with args: ["id","io.appium.android.apis:id/toggle_show_title","e6dc9ab1-168e-4e90-b7de-0b2c0502a97b"]
[debug] &amp#27;[35m[BaseDriver]&amp#27;[39m Valid locator strategies for this request: xpath, id, class name, accessibility id, css selector, -android uiautomator
[debug] &amp#27;[35m[BaseDriver]&amp#27;[39m Waiting up to 120000 ms for condition
[debug] &amp#27;[35m[WD Proxy]&amp#27;[39m Matched '/element' to command name 'findElement'
[debug] &amp#27;[35m[WD Proxy]&amp#27;[39m Proxying [POST /element] to [POST http://127.0.0.1:8200/wd/hub/session/26355654-686e-4dc8-abb0-9f03f1d3b4ef/element] with body: {"strategy":"id","selector":"io.appium.android.apis:id/toggle_show_title","context":"","multiple":false}
[debug] &amp#27;[35m[WD Proxy]&amp#27;[39m Got response with status 200: {"sessionId":"26355654-686e-4dc8-abb0-9f03f1d3b4ef","value":{"ELEMENT":"00000000-0000-0292-ffff-ffff0000003d","element-6066-11e4-a52e-4f735466cecf":"00000000-0000-0292-ffff-ffff0000003d"}}
[debug] &amp#27;[35m[W3C (e6dc9ab1)]&amp#27;[39m Responding to client with driver.findElement() result: {"element-6066-11e4-a52e-4f735466cecf":"00000000-0000-0292-ffff-ffff0000003d","ELEMENT":"00000000-0000-0292-ffff-ffff0000003d"}
&amp#27;[35m[HTTP]&amp#27;[39m &amp#27;[37m<-- POST /wd/hub/session/e6dc9ab1-168e-4e90-b7de-0b2c0502a97b/element &amp#27;[39m&amp#27;[32m200&amp#27;[39m &amp#27;[90m23 ms - 137&amp#27;[39m
&amp#27;[35m[HTTP]&amp#27;[39m &amp#27;[90m&amp#27;[39m
&amp#27;[35m[HTTP]&amp#27;[39m &amp#27;[37m-->&amp#27;[39m &amp#27;[37mPOST&amp#27;[39m &amp#27;[37m/wd/hub/session/e6dc9ab1-168e-4e90-b7de-0b2c0502a97b/element/00000000-0000-0292-ffff-ffff0000003d/click&amp#27;[39m
&amp#27;[35m[HTTP]&amp#27;[39m &amp#27;[90m{"id":"00000000-0000-0292-ffff-ffff0000003d"}&amp#27;[39m
[debug] &amp#27;[35m[W3C (e6dc9ab1)]&amp#27;[39m Calling AppiumDriver.click() with args: ["00000000-0000-0292-ffff-ffff0000003d","e6dc9ab1-168e-4e90-b7de-0b2c0502a97b"]
[debug] &amp#27;[35m[WD Proxy]&amp#27;[39m Matched '/element/00000000-0000-0292-ffff-ffff0000003d/click' to command name 'click'
[debug] &amp#27;[35m[WD Proxy]&amp#27;[39m Proxying [POST /element/00000000-0000-0292-ffff-ffff0000003d/click] to [POST http://127.0.0.1:8200/wd/hub/session/26355654-686e-4dc8-abb0-9f03f1d3b4ef/element/00000000-0000-0292-ffff-ffff0000003d/click] with body: {"element":"00000000-0000-0292-ffff-ffff0000003d"}
[debug] &amp#27;[35m[WD Proxy]&amp#27;[39m Got response with status 200: {"sessionId":"26355654-686e-4dc8-abb0-9f03f1d3b4ef","value":null}
[debug] &amp#27;[35m[W3C (e6dc9ab1)]&amp#27;[39m Responding to client with driver.click() result: null
&amp#27;[35m[HTTP]&amp#27;[39m &amp#27;[37m<-- POST /wd/hub/session/e6dc9ab1-168e-4e90-b7de-0b2c0502a97b/element/00000000-0000-0292-ffff-ffff0000003d/click &amp#27;[39m&amp#27;[32m200&amp#27;[39m &amp#27;[90m23 ms - 14&amp#27;[39m
&amp#27;[35m[HTTP]&amp#27;[39m &amp#27;[90m&amp#27;[39m
&amp#27;[35m[HTTP]&amp#27;[39m &amp#27;[37m-->&amp#27;[39m &amp#27;[37mGET&amp#27;[39m &amp#27;[37m/wd/hub/session/e6dc9ab1-168e-4e90-b7de-0b2c0502a97b&amp#27;[39m
&amp#27;[35m[HTTP]&amp#27;[39m &amp#27;[90m{}&amp#27;[39m
[debug] &amp#27;[35m[W3C (e6dc9ab1)]&amp#27;[39m Calling AppiumDriver.getSession() with args: ["e6dc9ab1-168e-4e90-b7de-0b2c0502a97b"]
[debug] &amp#27;[35m[UiAutomator2]&amp#27;[39m Getting session details from server to mix in
[debug] &amp#27;[35m[WD Proxy]&amp#27;[39m Matched '/' to command name 'getSession'
[debug] &amp#27;[35m[WD Proxy]&amp#27;[39m Proxying [GET /] to [GET http://127.0.0.1:8200/wd/hub/session/26355654-686e-4dc8-abb0-9f03f1d3b4ef] with no body
[debug] &amp#27;[35m[WD Proxy]&amp#27;[39m Got response with status 200: {"sessionId":"26355654-686e-4dc8-abb0-9f03f1d3b4ef","value":{"lastScrollData":null}}
[debug] &amp#27;[35m[W3C (e6dc9ab1)]&amp#27;[39m Responding to client with driver.getSession() result: {"platform":"LINUX","webStorageEnabled":false,"takesScreenshot":true,"javascriptEnabled":true,"databaseEnabled":false,"networkConnectionEnabled":true,"locationContextEnabled":false,"warnings":{},"desired":{"platformName":"android","app":"./src/test/resources/MyAPP/ApiDemos-debug.apk","appActivity":".ApiDemos","appPackage":"io.appium.android.apis","deviceName":"Android","platformVersion":"8.1"},"platformName":"android","app":"./src/test/resources/MyAPP/ApiDemos-debug.apk","appActivity":".ApiDemos","appPackage":"io.appium.android.apis","deviceName":"emulator-5554","platformVersion":"8.1.0","deviceUDID":"emulator-5554","deviceApiLevel":27,"deviceScreenSize":"1080x1920","deviceScreenDensity":420,"deviceModel":"Android SDK built for x86","deviceManufacturer":"Google","pixelRatio":2.625,"statBarHeight":63,"viewportRect":{"left":0,"top":63,"width":1080,"height":1731},"lastScrollData":null}
&amp#27;[35m[HTTP]&amp#27;[39m &amp#27;[37m<-- GET /wd/hub/session/e6dc9ab1-168e-4e90-b7de-0b2c0502a97b &amp#27;[39m&amp#27;[32m200&amp#27;[39m &amp#27;[90m13 ms - 905&amp#27;[39m
&amp#27;[35m[HTTP]&amp#27;[39m &amp#27;[90m&amp#27;[39m
&amp#27;[35m[HTTP]&amp#27;[39m &amp#27;[37m-->&amp#27;[39m &amp#27;[37mPOST&amp#27;[39m &amp#27;[37m/wd/hub/session/e6dc9ab1-168e-4e90-b7de-0b2c0502a97b/element&amp#27;[39m
&amp#27;[35m[HTTP]&amp#27;[39m &amp#27;[90m{"using":"id","value":"io.appium.android.apis:id/toggle_show_title"}&amp#27;[39m
[debug] &amp#27;[35m[W3C (e6dc9ab1)]&amp#27;[39m Calling AppiumDriver.findElement() with args: ["id","io.appium.android.apis:id/toggle_show_title","e6dc9ab1-168e-4e90-b7de-0b2c0502a97b"]
[debug] &amp#27;[35m[BaseDriver]&amp#27;[39m Valid locator strategies for this request: xpath, id, class name, accessibility id, css selector, -android uiautomator
[debug] &amp#27;[35m[BaseDriver]&amp#27;[39m Waiting up to 120000 ms for condition
[debug] &amp#27;[35m[WD Proxy]&amp#27;[39m Matched '/element' to command name 'findElement'
[debug] &amp#27;[35m[WD Proxy]&amp#27;[39m Proxying [POST /element] to [POST http://127.0.0.1:8200/wd/hub/session/26355654-686e-4dc8-abb0-9f03f1d3b4ef/element] with body: {"strategy":"id","selector":"io.appium.android.apis:id/toggle_show_title","context":"","multiple":false}
[debug] &amp#27;[35m[WD Proxy]&amp#27;[39m Got response with status 200: {"sessionId":"26355654-686e-4dc8-abb0-9f03f1d3b4ef","value":{"ELEMENT":"00000000-0000-0292-ffff-ffff0000003d","element-6066-11e4-a52e-4f735466cecf":"00000000-0000-0292-ffff-ffff0000003d"}}
[debug] &amp#27;[35m[W3C (e6dc9ab1)]&amp#27;[39m Responding to client with driver.findElement() result: {"element-6066-11e4-a52e-4f735466cecf":"00000000-0000-0292-ffff-ffff0000003d","ELEMENT":"00000000-0000-0292-ffff-ffff0000003d"}
&amp#27;[35m[HTTP]&amp#27;[39m &amp#27;[37m<-- POST /wd/hub/session/e6dc9ab1-168e-4e90-b7de-0b2c0502a97b/element &amp#27;[39m&amp#27;[32m200&amp#27;[39m &amp#27;[90m531 ms - 137&amp#27;[39m
&amp#27;[35m[HTTP]&amp#27;[39m &amp#27;[90m&amp#27;[39m
&amp#27;[35m[HTTP]&amp#27;[39m &amp#27;[37m-->&amp#27;[39m &amp#27;[37mPOST&amp#27;[39m &amp#27;[37m/wd/hub/session/e6dc9ab1-168e-4e90-b7de-0b2c0502a97b/element/00000000-0000-0292-ffff-ffff0000003d/click&amp#27;[39m
&amp#27;[35m[HTTP]&amp#27;[39m &amp#27;[90m{"id":"00000000-0000-0292-ffff-ffff0000003d"}&amp#27;[39m
[debug] &amp#27;[35m[W3C (e6dc9ab1)]&amp#27;[39m Calling AppiumDriver.click() with args: ["00000000-0000-0292-ffff-ffff0000003d","e6dc9ab1-168e-4e90-b7de-0b2c0502a97b"]
[debug] &amp#27;[35m[WD Proxy]&amp#27;[39m Matched '/element/00000000-0000-0292-ffff-ffff0000003d/click' to command name 'click'
[debug] &amp#27;[35m[WD Proxy]&amp#27;[39m Proxying [POST /element/00000000-0000-0292-ffff-ffff0000003d/click] to [POST http://127.0.0.1:8200/wd/hub/session/26355654-686e-4dc8-abb0-9f03f1d3b4ef/element/00000000-0000-0292-ffff-ffff0000003d/click] with body: {"element":"00000000-0000-0292-ffff-ffff0000003d"}
[debug] &amp#27;[35m[WD Proxy]&amp#27;[39m Got response with status 200: {"sessionId":"26355654-686e-4dc8-abb0-9f03f1d3b4ef","value":null}
[debug] &amp#27;[35m[W3C (e6dc9ab1)]&amp#27;[39m Responding to client with driver.click() result: null
&amp#27;[35m[HTTP]&amp#27;[39m &amp#27;[37m<-- POST /wd/hub/session/e6dc9ab1-168e-4e90-b7de-0b2c0502a97b/element/00000000-0000-0292-ffff-ffff0000003d/click &amp#27;[39m&amp#27;[32m200&amp#27;[39m &amp#27;[90m63 ms - 14&amp#27;[39m
&amp#27;[35m[HTTP]&amp#27;[39m &amp#27;[90m&amp#27;[39m
[INFO ] 2021-12-21 22:37:30.587 [main] DisplayTitleSteps - ****Boom! Has been successfully clicked on Display_show_title button for toggling the title****
Path of Button first got disappeared then get visible again has verified!
&amp#27;[35m[HTTP]&amp#27;[39m &amp#27;[37m-->&amp#27;[39m &amp#27;[37mDELETE&amp#27;[39m &amp#27;[37m/wd/hub/session/e6dc9ab1-168e-4e90-b7de-0b2c0502a97b&amp#27;[39m
&amp#27;[35m[HTTP]&amp#27;[39m &amp#27;[90m{}&amp#27;[39m
[debug] &amp#27;[35m[W3C (e6dc9ab1)]&amp#27;[39m Calling AppiumDriver.deleteSession() with args: ["e6dc9ab1-168e-4e90-b7de-0b2c0502a97b"]
[debug] &amp#27;[35m[BaseDriver]&amp#27;[39m Event 'quitSessionRequested' logged at 1640106450600 (22:37:30 GMT+0530 (India Standard Time))
&amp#27;[35m[Appium]&amp#27;[39m Removing session e6dc9ab1-168e-4e90-b7de-0b2c0502a97b from our master session list
[debug] &amp#27;[35m[UiAutomator2]&amp#27;[39m Deleting UiAutomator2 session
[debug] &amp#27;[35m[UiAutomator2]&amp#27;[39m Deleting UiAutomator2 server session
[debug] &amp#27;[35m[WD Proxy]&amp#27;[39m Matched '/' to command name 'deleteSession'
[debug] &amp#27;[35m[WD Proxy]&amp#27;[39m Proxying [DELETE /] to [DELETE http://127.0.0.1:8200/wd/hub/session/26355654-686e-4dc8-abb0-9f03f1d3b4ef] with no body
[debug] &amp#27;[35m[WD Proxy]&amp#27;[39m Got response with status 200: {"sessionId":"26355654-686e-4dc8-abb0-9f03f1d3b4ef","value":null}
[debug] &amp#27;[35m[ADB]&amp#27;[39m Running 'C:\Users\asifansari\AppData\Local\Android\Sdk\platform-tools\adb.exe -P 5037 -s emulator-5554 shell am force-stop io.appium.android.apis'
[debug] &amp#27;[35m[Logcat]&amp#27;[39m Stopping logcat capture
[debug] &amp#27;[35m[ADB]&amp#27;[39m Removing forwarded port socket connection: 8200 
[debug] &amp#27;[35m[ADB]&amp#27;[39m Running 'C:\Users\asifansari\AppData\Local\Android\Sdk\platform-tools\adb.exe -P 5037 -s emulator-5554 forward --remove tcp:8200'
[debug] &amp#27;[35m[BaseDriver]&amp#27;[39m Event 'quitSessionFinished' logged at 1640106450834 (22:37:30 GMT+0530 (India Standard Time))
[debug] &amp#27;[35m[W3C (e6dc9ab1)]&amp#27;[39m Received response: null
[debug] &amp#27;[35m[W3C (e6dc9ab1)]&amp#27;[39m But deleting session, so not returning
[debug] &amp#27;[35m[W3C (e6dc9ab1)]&amp#27;[39m Responding to client with driver.deleteSession() result: null
&amp#27;[35m[HTTP]&amp#27;[39m &amp#27;[37m<-- DELETE /wd/hub/session/e6dc9ab1-168e-4e90-b7de-0b2c0502a97b &amp#27;[39m&amp#27;[32m200&amp#27;[39m &amp#27;[90m237 ms - 14&amp#27;[39m
&amp#27;[35m[HTTP]&amp#27;[39m &amp#27;[90m&amp#27;[39m

  @test3
  Scenario: Display_show_title Check                    # DisplayTitleOption.feature:6
    Given application has already opened                # AnimationFuncSteps.application_has_already_opened()
    When user tap on the App section of app             # DisplayTitleSteps.user_tap_on_the_App_section_of_app()
    And tap on the Action Bar option                    # DisplayTitleSteps.tap_on_the_Action_Bar_option()
    And tap on the Display Option                       # DisplayTitleSteps.tap_on_the_Display_Option()
    And as click on Display Show Title button           # DisplayTitleSteps.as_click_on_Display_Show_Title_button()
    Then path of that button starts toggling on the top # DisplayTitleSteps.path_of_that_button_get_disappeared_from_the_top()
####On test success-Test has been Successfully run#######]]></system-out>
    <system-err><![CDATA[Dec 21, 2021 10:37:23 PM io.appium.java_client.remote.AppiumCommandExecutor$1 lambda$0
INFO: Detected dialect: W3C
]]></system-err>
  </testcase>
  <testcase name="feature[To verify and check the action of flip button under animation section of the  app.](2)" classname="com.RunnerFile.TestRunner" time="15.825">
    <system-out><![CDATA[**On test startFeature: To verify and check the action of flip button under animation section of the  app.
&amp#27;[35m[Appium]&amp#27;[39m Welcome to Appium v1.22.0
&amp#27;[35m[Appium]&amp#27;[39m Appium REST http interface listener started on 0.0.0.0:4723
&amp#27;[35m[HTTP]&amp#27;[39m &amp#27;[37m-->&amp#27;[39m &amp#27;[37mGET&amp#27;[39m &amp#27;[37m/wd/hub/status&amp#27;[39m
&amp#27;[35m[HTTP]&amp#27;[39m &amp#27;[90m{}&amp#27;[39m
[debug] &amp#27;[35m[GENERIC]&amp#27;[39m Calling AppiumDriver.getStatus() with args: []
[debug] &amp#27;[35m[GENERIC]&amp#27;[39m Responding to client with driver.getStatus() result: {"build":{"version":"1.22.0"}}
&amp#27;[35m[HTTP]&amp#27;[39m &amp#27;[37m<-- GET /wd/hub/status &amp#27;[39m&amp#27;[32m200&amp#27;[39m &amp#27;[90m12 ms - 68&amp#27;[39m
&amp#27;[35m[HTTP]&amp#27;[39m &amp#27;[90m&amp#27;[39m
&amp#27;[35m[HTTP]&amp#27;[39m &amp#27;[37m-->&amp#27;[39m &amp#27;[37mPOST&amp#27;[39m &amp#27;[37m/wd/hub/session&amp#27;[39m
&amp#27;[35m[HTTP]&amp#27;[39m &amp#27;[90m{"desiredCapabilities":{"app":"./src/test/resources/MyAPP/ApiDemos-debug.apk","appActivity":".ApiDemos","appPackage":"io.appium.android.apis","platformVersion":"8.1","platformName":"Android","deviceName":"Android"},"capabilities":{"alwaysMatch":{"appium:app":"./src/test/resources/MyAPP/ApiDemos-debug.apk","appium:appActivity":".ApiDemos","appium:appPackage":"io.appium.android.apis","appium:deviceName":"Android","platformName":"android","appium:platformVersion":"8.1"},"firstMatch":[{}]}}&amp#27;[39m
[debug] &amp#27;[35m[W3C]&amp#27;[39m Calling AppiumDriver.createSession() with args: [{"app":"./src/test/resources/MyAPP/ApiDemos-debug.apk","appActivity":".ApiDemos","appPackage":"io.appium.android.apis","platformVersion":"8.1","platformName":"Android","deviceName":"Android"},null,{"alwaysMatch":{"appium:app":"./src/test/resources/MyAPP/ApiDemos-debug.apk","appium:appActivity":".ApiDemos","appium:appPackage":"io.appium.android.apis","appium:deviceName":"Android","platformName":"android","appium:platformVersion":"8.1"},"firstMatch":[{}]}]
[debug] &amp#27;[35m[BaseDriver]&amp#27;[39m Event 'newSessionRequested' logged at 1640106454465 (22:37:34 GMT+0530 (India Standard Time))
&amp#27;[35m[Appium]&amp#27;[39m 
&amp#27;[35m[Appium]&amp#27;[39m ======================================================================
&amp#27;[35m[Appium]&amp#27;[39m   DEPRECATION WARNING:
&amp#27;[35m[Appium]&amp#27;[39m 
&amp#27;[35m[Appium]&amp#27;[39m   The 'automationName' capability was not provided in the desired 
&amp#27;[35m[Appium]&amp#27;[39m   capabilities for this Android session
&amp#27;[35m[Appium]&amp#27;[39m 
&amp#27;[35m[Appium]&amp#27;[39m   Setting 'automationName=UiAutomator2' by default and using the 
&amp#27;[35m[Appium]&amp#27;[39m   UiAutomator2 Driver
&amp#27;[35m[Appium]&amp#27;[39m 
&amp#27;[35m[Appium]&amp#27;[39m   The next major version of Appium (2.x) will **require** the 
&amp#27;[35m[Appium]&amp#27;[39m   'automationName' capability to be set for all sessions on all 
&amp#27;[35m[Appium]&amp#27;[39m   platforms
&amp#27;[35m[Appium]&amp#27;[39m 
&amp#27;[35m[Appium]&amp#27;[39m   In previous versions (Appium <= 1.13.x), the default was 
&amp#27;[35m[Appium]&amp#27;[39m   'automationName=UiAutomator1'
&amp#27;[35m[Appium]&amp#27;[39m 
&amp#27;[35m[Appium]&amp#27;[39m   If you wish to use that automation instead of UiAutomator2, please 
&amp#27;[35m[Appium]&amp#27;[39m   add 'automationName=UiAutomator1' to your desired capabilities
&amp#27;[35m[Appium]&amp#27;[39m 
&amp#27;[35m[Appium]&amp#27;[39m   For more information about drivers, please visit 
&amp#27;[35m[Appium]&amp#27;[39m   http://appium.io/docs/en/about-appium/intro/ and explore the 
&amp#27;[35m[Appium]&amp#27;[39m   'Drivers' menu
&amp#27;[35m[Appium]&amp#27;[39m 
&amp#27;[35m[Appium]&amp#27;[39m ======================================================================
&amp#27;[35m[Appium]&amp#27;[39m 
&amp#27;[35m[Appium]&amp#27;[39m Appium v1.22.0 creating new AndroidUiautomator2Driver (v1.69.0) session
[debug] &amp#27;[35m[BaseDriver]&amp#27;[39m W3C capabilities and MJSONWP desired capabilities were provided
[debug] &amp#27;[35m[BaseDriver]&amp#27;[39m Creating session with W3C capabilities: {
[debug] &amp#27;[35m[BaseDriver]&amp#27;[39m   "alwaysMatch": {
[debug] &amp#27;[35m[BaseDriver]&amp#27;[39m     "platformName": "android",
[debug] &amp#27;[35m[BaseDriver]&amp#27;[39m     "appium:app": "./src/test/resources/MyAPP/ApiDemos-debug.apk",
[debug] &amp#27;[35m[BaseDriver]&amp#27;[39m     "appium:appActivity": ".ApiDemos",
[debug] &amp#27;[35m[BaseDriver]&amp#27;[39m     "appium:appPackage": "io.appium.android.apis",
[debug] &amp#27;[35m[BaseDriver]&amp#27;[39m     "appium:deviceName": "Android",
[debug] &amp#27;[35m[BaseDriver]&amp#27;[39m     "appium:platformVersion": "8.1"
[debug] &amp#27;[35m[BaseDriver]&amp#27;[39m   },
[debug] &amp#27;[35m[BaseDriver]&amp#27;[39m   "firstMatch": [
[debug] &amp#27;[35m[BaseDriver]&amp#27;[39m     {}
[debug] &amp#27;[35m[BaseDriver]&amp#27;[39m   ]
[debug] &amp#27;[35m[BaseDriver]&amp#27;[39m }
&amp#27;[35m[BaseDriver]&amp#27;[39m Session created with session id: f94d7cb1-da65-4fea-b7ce-c05d735e13f2
&amp#27;[35m[BaseDriver]&amp#27;[39m Using local app './src/test/resources/MyAPP/ApiDemos-debug.apk'
&amp#27;[35m[BaseDriver]&amp#27;[39m The current application path './src/test/resources/MyAPP/ApiDemos-debug.apk' is not absolute and has been rewritten to 'C:\Users\asifansari\eclipse-workspace\MyAppiumMavenAssignment\src\test\resources\MyAPP\ApiDemos-debug.apk'. Consider using absolute paths rather than relative
[debug] &amp#27;[35m[UiAutomator2]&amp#27;[39m Checking whether app is actually present
&amp#27;[35m[ADB]&amp#27;[39m Found 2 'build-tools' folders under 'C:\Users\asifansari\AppData\Local\Android\Sdk' (newest first):
&amp#27;[35m[ADB]&amp#27;[39m     C:/Users/asifansari/AppData/Local/Android/Sdk/build-tools/31.0.0
&amp#27;[35m[ADB]&amp#27;[39m     C:/Users/asifansari/AppData/Local/Android/Sdk/build-tools/30.0.2
&amp#27;[35m[ADB]&amp#27;[39m Using 'adb.exe' from 'C:\Users\asifansari\AppData\Local\Android\Sdk\platform-tools\adb.exe'
[debug] &amp#27;[35m[ADB]&amp#27;[39m Running 'C:\Users\asifansari\AppData\Local\Android\Sdk\platform-tools\adb.exe -P 5037 start-server'
&amp#27;[35m[AndroidDriver]&amp#27;[39m Retrieving device list
[debug] &amp#27;[35m[ADB]&amp#27;[39m Trying to find a connected android device
[debug] &amp#27;[35m[ADB]&amp#27;[39m Getting connected devices
[debug] &amp#27;[35m[ADB]&amp#27;[39m Connected devices: [{"udid":"emulator-5554","state":"device"}]
&amp#27;[35m[AndroidDriver]&amp#27;[39m Looking for a device with Android '8.1.0'
[debug] &amp#27;[35m[ADB]&amp#27;[39m Setting device id to emulator-5554
&amp#27;[35m[ADB]&amp#27;[39m Getting device platform version
[debug] &amp#27;[35m[ADB]&amp#27;[39m Running 'C:\Users\asifansari\AppData\Local\Android\Sdk\platform-tools\adb.exe -P 5037 -s emulator-5554 shell getprop ro.build.version.release'
[debug] &amp#27;[35m[ADB]&amp#27;[39m Current device property 'ro.build.version.release': 8.1.0
&amp#27;[35m[AndroidDriver]&amp#27;[39m Using device: emulator-5554
&amp#27;[35m[ADB]&amp#27;[39m Using 'adb.exe' from 'C:\Users\asifansari\AppData\Local\Android\Sdk\platform-tools\adb.exe'
[debug] &amp#27;[35m[ADB]&amp#27;[39m Running 'C:\Users\asifansari\AppData\Local\Android\Sdk\platform-tools\adb.exe -P 5037 start-server'
[debug] &amp#27;[35m[ADB]&amp#27;[39m Setting device id to emulator-5554
[debug] &amp#27;[35m[ADB]&amp#27;[39m Running 'C:\Users\asifansari\AppData\Local\Android\Sdk\platform-tools\adb.exe -P 5037 -s emulator-5554 shell getprop ro.build.version.sdk'
[debug] &amp#27;[35m[ADB]&amp#27;[39m Current device property 'ro.build.version.sdk': 27
[debug] &amp#27;[35m[ADB]&amp#27;[39m Device API level: 27
[debug] &amp#27;[35m[ADB]&amp#27;[39m Running 'C:\Users\asifansari\AppData\Local\Android\Sdk\platform-tools\adb.exe -P 5037 -s emulator-5554 wait-for-device'
[debug] &amp#27;[35m[ADB]&amp#27;[39m Running 'C:\Users\asifansari\AppData\Local\Android\Sdk\platform-tools\adb.exe -P 5037 -s emulator-5554 shell echo ping'
[debug] &amp#27;[35m[AndroidDriver]&amp#27;[39m Pushing settings apk to device...
[debug] &amp#27;[35m[ADB]&amp#27;[39m Getting install status for io.appium.settings
[debug] &amp#27;[35m[ADB]&amp#27;[39m Running 'C:\Users\asifansari\AppData\Local\Android\Sdk\platform-tools\adb.exe -P 5037 -s emulator-5554 shell dumpsys package io.appium.settings'
[debug] &amp#27;[35m[ADB]&amp#27;[39m 'io.appium.settings' is installed
[debug] &amp#27;[35m[ADB]&amp#27;[39m Getting package info for 'io.appium.settings'
[debug] &amp#27;[35m[ADB]&amp#27;[39m Running 'C:\Users\asifansari\AppData\Local\Android\Sdk\platform-tools\adb.exe -P 5037 -s emulator-5554 shell dumpsys package io.appium.settings'
[debug] &amp#27;[35m[ADB]&amp#27;[39m The version name of the installed 'io.appium.settings' is greater or equal to the application version name ('3.4.0' >= '3.4.0')
[debug] &amp#27;[35m[ADB]&amp#27;[39m There is no need to install/upgrade 'C:\Users\asifansari\AppData\Roaming\npm\node_modules\appium\node_modules\io.appium.settings\apks\settings_apk-debug.apk'
[debug] &amp#27;[35m[ADB]&amp#27;[39m Getting IDs of all 'io.appium.settings' processes
[debug] &amp#27;[35m[ADB]&amp#27;[39m Running 'C:\Users\asifansari\AppData\Local\Android\Sdk\platform-tools\adb.exe -P 5037 -s emulator-5554 shell 'pgrep --help; echo $?''
[debug] &amp#27;[35m[ADB]&amp#27;[39m Running 'C:\Users\asifansari\AppData\Local\Android\Sdk\platform-tools\adb.exe -P 5037 -s emulator-5554 shell pgrep -f \(\[\[:blank:\]\]\|\^\)io\.appium\.settings\(\[\[:blank:\]\]\|\$\)'
[debug] &amp#27;[35m[AndroidDriver]&amp#27;[39m io.appium.settings is already running. There is no need to reset its permissions.
[debug] &amp#27;[35m[Logcat]&amp#27;[39m Starting logs capture with command: C:\\Users\\asifansari\\AppData\\Local\\Android\\Sdk\\platform-tools\\adb.exe -P 5037 -s emulator-5554 logcat -v threadtime
[debug] &amp#27;[35m[UiAutomator2]&amp#27;[39m Forwarding UiAutomator2 Server port 6790 to local port 8200
[debug] &amp#27;[35m[ADB]&amp#27;[39m Forwarding system: 8200 to device: 6790
[debug] &amp#27;[35m[ADB]&amp#27;[39m Running 'C:\Users\asifansari\AppData\Local\Android\Sdk\platform-tools\adb.exe -P 5037 -s emulator-5554 forward tcp:8200 tcp:6790'
[debug] &amp#27;[35m[ADB]&amp#27;[39m Getting install status for io.appium.uiautomator2.server
[debug] &amp#27;[35m[ADB]&amp#27;[39m Running 'C:\Users\asifansari\AppData\Local\Android\Sdk\platform-tools\adb.exe -P 5037 -s emulator-5554 shell dumpsys package io.appium.uiautomator2.server'
[debug] &amp#27;[35m[ADB]&amp#27;[39m 'io.appium.uiautomator2.server' is installed
[debug] &amp#27;[35m[ADB]&amp#27;[39m Getting package info for 'io.appium.uiautomator2.server'
[debug] &amp#27;[35m[ADB]&amp#27;[39m Running 'C:\Users\asifansari\AppData\Local\Android\Sdk\platform-tools\adb.exe -P 5037 -s emulator-5554 shell dumpsys package io.appium.uiautomator2.server'
[debug] &amp#27;[35m[ADB]&amp#27;[39m The version name of the installed 'io.appium.uiautomator2.server' is greater or equal to the application version name ('4.24.0' >= '4.24.0')
[debug] &amp#27;[35m[UiAutomator2]&amp#27;[39m io.appium.uiautomator2.server installation state: sameVersionInstalled
[debug] &amp#27;[35m[ADB]&amp#27;[39m Checking app cert for C:\Users\asifansari\AppData\Roaming\npm\node_modules\appium\node_modules\appium-uiautomator2-server\apks\appium-uiautomator2-server-v4.24.0.apk
&amp#27;[35m[ADB]&amp#27;[39m Using 'apksigner.jar' from 'C:\Users\asifansari\AppData\Local\Android\Sdk\build-tools\31.0.0\lib\apksigner.jar'
[debug] &amp#27;[35m[ADB]&amp#27;[39m Starting apksigner: 'C:\\Program Files\\Java\\jdk-11.0.2\\bin\\java.exe' -Xmx1024M -Xss1m -jar C:\\Users\\asifansari\\AppData\\Local\\Android\\Sdk\\build-tools\\31.0.0\\lib\\apksigner.jar verify --print-certs C:\\Users\\asifansari\\AppData\\Roaming\\npm\\node_modules\\appium\\node_modules\\appium-uiautomator2-server\\apks\\appium-uiautomator2-server-v4.24.0.apk
[debug] &amp#27;[35m[ADB]&amp#27;[39m apksigner stdout: Signer #1 certificate DN: EMAILADDRESS=android@android.com, CN=Android, OU=Android, O=Android, L=Mountain View, ST=California, C=US
[debug] &amp#27;[35m[ADB]&amp#27;[39m Signer #1 certificate SHA-256 digest: a40da80a59d170caa950cf15c18c454d47a39b26989d8b640ecd745ba71bf5dc
[debug] &amp#27;[35m[ADB]&amp#27;[39m Signer #1 certificate SHA-1 digest: 61ed377e85d386a8dfee6b864bd85b0bfaa5af81
[debug] &amp#27;[35m[ADB]&amp#27;[39m Signer #1 certificate MD5 digest: e89b158e4bcf988ebd09eb83f5378e87
[debug] &amp#27;[35m[ADB]&amp#27;[39m 
[debug] &amp#27;[35m[ADB]&amp#27;[39m sha256 hash did match for 'appium-uiautomator2-server-v4.24.0.apk'
&amp#27;[35m[ADB]&amp#27;[39m 'C:\Users\asifansari\AppData\Roaming\npm\node_modules\appium\node_modules\appium-uiautomator2-server\apks\appium-uiautomator2-server-v4.24.0.apk' is signed with the default certificate
[debug] &amp#27;[35m[ADB]&amp#27;[39m Getting install status for io.appium.uiautomator2.server.test
[debug] &amp#27;[35m[ADB]&amp#27;[39m Running 'C:\Users\asifansari\AppData\Local\Android\Sdk\platform-tools\adb.exe -P 5037 -s emulator-5554 shell dumpsys package io.appium.uiautomator2.server.test'
[debug] &amp#27;[35m[ADB]&amp#27;[39m 'io.appium.uiautomator2.server.test' is installed
[debug] &amp#27;[35m[ADB]&amp#27;[39m Checking app cert for C:\Users\asifansari\AppData\Roaming\npm\node_modules\appium\node_modules\appium-uiautomator2-server\apks\appium-uiautomator2-server-debug-androidTest.apk
[debug] &amp#27;[35m[ADB]&amp#27;[39m Starting apksigner: 'C:\\Program Files\\Java\\jdk-11.0.2\\bin\\java.exe' -Xmx1024M -Xss1m -jar C:\\Users\\asifansari\\AppData\\Local\\Android\\Sdk\\build-tools\\31.0.0\\lib\\apksigner.jar verify --print-certs C:\\Users\\asifansari\\AppData\\Roaming\\npm\\node_modules\\appium\\node_modules\\appium-uiautomator2-server\\apks\\appium-uiautomator2-server-debug-androidTest.apk
[debug] &amp#27;[35m[ADB]&amp#27;[39m apksigner stdout: Signer #1 certificate DN: EMAILADDRESS=android@android.com, CN=Android, OU=Android, O=Android, L=Mountain View, ST=California, C=US
[debug] &amp#27;[35m[ADB]&amp#27;[39m Signer #1 certificate SHA-256 digest: a40da80a59d170caa950cf15c18c454d47a39b26989d8b640ecd745ba71bf5dc
[debug] &amp#27;[35m[ADB]&amp#27;[39m Signer #1 certificate SHA-1 digest: 61ed377e85d386a8dfee6b864bd85b0bfaa5af81
[debug] &amp#27;[35m[ADB]&amp#27;[39m Signer #1 certificate MD5 digest: e89b158e4bcf988ebd09eb83f5378e87
[debug] &amp#27;[35m[ADB]&amp#27;[39m 
[debug] &amp#27;[35m[ADB]&amp#27;[39m sha256 hash did match for 'appium-uiautomator2-server-debug-androidTest.apk'
&amp#27;[35m[ADB]&amp#27;[39m 'C:\Users\asifansari\AppData\Roaming\npm\node_modules\appium\node_modules\appium-uiautomator2-server\apks\appium-uiautomator2-server-debug-androidTest.apk' is signed with the default certificate
&amp#27;[35m[UiAutomator2]&amp#27;[39m Server packages are not going to be (re)installed
[debug] &amp#27;[35m[UiAutomator2]&amp#27;[39m Waiting up to 30000ms for services to be available
[debug] &amp#27;[35m[ADB]&amp#27;[39m Running 'C:\Users\asifansari\AppData\Local\Android\Sdk\platform-tools\adb.exe -P 5037 -s emulator-5554 shell pm list instrumentation'
[debug] &amp#27;[35m[UiAutomator2]&amp#27;[39m Instrumentation target 'io.appium.uiautomator2.server.test/androidx.test.runner.AndroidJUnitRunner' is available
&amp#27;[35m[ADB]&amp#27;[39m Adding packages ["io.appium.settings","io.appium.uiautomator2.server","io.appium.uiautomator2.server.test"] to Doze whitelist
[debug] &amp#27;[35m[ADB]&amp#27;[39m Got the following command chunks to execute: [["dumpsys","deviceidle","whitelist","+io.appium.settings",";","dumpsys","deviceidle","whitelist","+io.appium.uiautomator2.server",";","dumpsys","deviceidle","whitelist","+io.appium.uiautomator2.server.test",";"]]
[debug] &amp#27;[35m[ADB]&amp#27;[39m Running 'C:\Users\asifansari\AppData\Local\Android\Sdk\platform-tools\adb.exe -P 5037 -s emulator-5554 shell dumpsys deviceidle whitelist +io.appium.settings ; dumpsys deviceidle whitelist +io.appium.uiautomator2.server ; dumpsys deviceidle whitelist +io.appium.uiautomator2.server.test ;'
[debug] &amp#27;[35m[ADB]&amp#27;[39m Checking app cert for C:\Users\asifansari\eclipse-workspace\MyAppiumMavenAssignment\src\test\resources\MyAPP\ApiDemos-debug.apk
[debug] &amp#27;[35m[ADB]&amp#27;[39m Starting apksigner: 'C:\\Program Files\\Java\\jdk-11.0.2\\bin\\java.exe' -Xmx1024M -Xss1m -jar C:\\Users\\asifansari\\AppData\\Local\\Android\\Sdk\\build-tools\\31.0.0\\lib\\apksigner.jar verify --print-certs C:\\Users\\asifansari\\eclipse-workspace\\MyAppiumMavenAssignment\\src\\test\\resources\\MyAPP\\ApiDemos-debug.apk
[debug] &amp#27;[35m[ADB]&amp#27;[39m apksigner stdout: Signer #1 certificate DN: EMAILADDRESS=android@android.com, CN=Android, OU=Android, O=Android, L=Mountain View, ST=California, C=US
[debug] &amp#27;[35m[ADB]&amp#27;[39m Signer #1 certificate SHA-256 digest: a40da80a59d170caa950cf15c18c454d47a39b26989d8b640ecd745ba71bf5dc
[debug] &amp#27;[35m[ADB]&amp#27;[39m Signer #1 certificate SHA-1 digest: 61ed377e85d386a8dfee6b864bd85b0bfaa5af81
[debug] &amp#27;[35m[ADB]&amp#27;[39m Signer #1 certificate MD5 digest: e89b158e4bcf988ebd09eb83f5378e87
[debug] &amp#27;[35m[ADB]&amp#27;[39m 
[debug] &amp#27;[35m[ADB]&amp#27;[39m sha256 hash did match for 'ApiDemos-debug.apk'
&amp#27;[35m[ADB]&amp#27;[39m 'C:\Users\asifansari\eclipse-workspace\MyAppiumMavenAssignment\src\test\resources\MyAPP\ApiDemos-debug.apk' is signed with the default certificate
[debug] &amp#27;[35m[ADB]&amp#27;[39m Getting install status for io.appium.android.apis
[debug] &amp#27;[35m[ADB]&amp#27;[39m Running 'C:\Users\asifansari\AppData\Local\Android\Sdk\platform-tools\adb.exe -P 5037 -s emulator-5554 shell dumpsys package io.appium.android.apis'
[debug] &amp#27;[35m[ADB]&amp#27;[39m 'io.appium.android.apis' is installed
[debug] &amp#27;[35m[ADB]&amp#27;[39m Getting package info for 'io.appium.android.apis'
[debug] &amp#27;[35m[ADB]&amp#27;[39m Running 'C:\Users\asifansari\AppData\Local\Android\Sdk\platform-tools\adb.exe -P 5037 -s emulator-5554 shell dumpsys package io.appium.android.apis'
&amp#27;[35m[ADB]&amp#27;[39m Cannot read version codes of 'C:\Users\asifansari\eclipse-workspace\MyAppiumMavenAssignment\src\test\resources\MyAPP\ApiDemos-debug.apk' and/or 'io.appium.android.apis'
&amp#27;[35m[ADB]&amp#27;[39m Cannot read version names of 'C:\Users\asifansari\eclipse-workspace\MyAppiumMavenAssignment\src\test\resources\MyAPP\ApiDemos-debug.apk' and/or 'io.appium.android.apis'
[debug] &amp#27;[35m[ADB]&amp#27;[39m The current install state of 'C:\Users\asifansari\eclipse-workspace\MyAppiumMavenAssignment\src\test\resources\MyAPP\ApiDemos-debug.apk' is unknown. Installing anyway
[debug] &amp#27;[35m[ADB]&amp#27;[39m Running 'C:\Users\asifansari\AppData\Local\Android\Sdk\platform-tools\adb.exe -P 5037 -s emulator-5554 help'
[debug] &amp#27;[35m[ADB]&amp#27;[39m Running 'C:\Users\asifansari\AppData\Local\Android\Sdk\platform-tools\adb.exe -P 5037 -s emulator-5554 features'
&amp#27;[35m[ADB]&amp#27;[39m The application at 'C:\Users\asifansari\eclipse-workspace\MyAppiumMavenAssignment\src\test\resources\MyAPP\ApiDemos-debug.apk' will not be cached, because the device under test has confirmed the support of streamed installs
[debug] &amp#27;[35m[ADB]&amp#27;[39m Running 'C:\Users\asifansari\AppData\Local\Android\Sdk\platform-tools\adb.exe -P 5037 -s emulator-5554 install -r C:\Users\asifansari\eclipse-workspace\MyAppiumMavenAssignment\src\test\resources\MyAPP\ApiDemos-debug.apk'
&amp#27;[35m[ADB]&amp#27;[39m The installation of 'ApiDemos-debug.apk' took 730ms
[debug] &amp#27;[35m[ADB]&amp#27;[39m Install command stdout: Performing Streamed Install
[debug] &amp#27;[35m[ADB]&amp#27;[39m Success
&amp#27;[35m[AndroidDriver]&amp#27;[39m Performing fast reset on 'io.appium.android.apis'
[debug] &amp#27;[35m[ADB]&amp#27;[39m Getting install status for io.appium.android.apis
[debug] &amp#27;[35m[ADB]&amp#27;[39m Running 'C:\Users\asifansari\AppData\Local\Android\Sdk\platform-tools\adb.exe -P 5037 -s emulator-5554 shell dumpsys package io.appium.android.apis'
[debug] &amp#27;[35m[ADB]&amp#27;[39m 'io.appium.android.apis' is installed
[debug] &amp#27;[35m[ADB]&amp#27;[39m Running 'C:\Users\asifansari\AppData\Local\Android\Sdk\platform-tools\adb.exe -P 5037 -s emulator-5554 shell am force-stop io.appium.android.apis'
[debug] &amp#27;[35m[ADB]&amp#27;[39m Running 'C:\Users\asifansari\AppData\Local\Android\Sdk\platform-tools\adb.exe -P 5037 -s emulator-5554 shell pm clear io.appium.android.apis'
[debug] &amp#27;[35m[AndroidDriver]&amp#27;[39m Performed fast reset on the installed 'io.appium.android.apis' application (stop and clear)
[debug] &amp#27;[35m[UiAutomator2]&amp#27;[39m Performing shallow cleanup of automation leftovers
[debug] &amp#27;[35m[UiAutomator2]&amp#27;[39m No obsolete sessions have been detected (socket hang up)
[debug] &amp#27;[35m[ADB]&amp#27;[39m Running 'C:\Users\asifansari\AppData\Local\Android\Sdk\platform-tools\adb.exe -P 5037 -s emulator-5554 shell am force-stop io.appium.uiautomator2.server.test'
&amp#27;[35m[UiAutomator2]&amp#27;[39m Starting UIAutomator2 server 4.24.0
&amp#27;[35m[UiAutomator2]&amp#27;[39m Using UIAutomator2 server from 'C:\Users\asifansari\AppData\Roaming\npm\node_modules\appium\node_modules\appium-uiautomator2-server\apks\appium-uiautomator2-server-v4.24.0.apk' and test from 'C:\Users\asifansari\AppData\Roaming\npm\node_modules\appium\node_modules\appium-uiautomator2-server\apks\appium-uiautomator2-server-debug-androidTest.apk'
&amp#27;[35m[UiAutomator2]&amp#27;[39m Waiting up to 30000ms for UiAutomator2 to be online...
[debug] &amp#27;[35m[ADB]&amp#27;[39m Creating ADB subprocess with args: ["-P",5037,"-s","emulator-5554","shell","am","instrument","-w","-e","disableAnalytics",true,"io.appium.uiautomator2.server.test/androidx.test.runner.AndroidJUnitRunner"]
[debug] &amp#27;[35m[WD Proxy]&amp#27;[39m Matched '/status' to command name 'getStatus'
[debug] &amp#27;[35m[WD Proxy]&amp#27;[39m Proxying [GET /status] to [GET http://127.0.0.1:8200/wd/hub/status] with no body
&amp#27;[35m[WD Proxy]&amp#27;[39m socket hang up
[debug] &amp#27;[35m[Instrumentation]&amp#27;[39m io.appium.uiautomator2.server.test.AppiumUiAutomator2Server:
[debug] &amp#27;[35m[WD Proxy]&amp#27;[39m Matched '/status' to command name 'getStatus'
[debug] &amp#27;[35m[WD Proxy]&amp#27;[39m Proxying [GET /status] to [GET http://127.0.0.1:8200/wd/hub/status] with no body
&amp#27;[35m[WD Proxy]&amp#27;[39m socket hang up
[debug] &amp#27;[35m[WD Proxy]&amp#27;[39m Matched '/status' to command name 'getStatus'
[debug] &amp#27;[35m[WD Proxy]&amp#27;[39m Proxying [GET /status] to [GET http://127.0.0.1:8200/wd/hub/status] with no body
[debug] &amp#27;[35m[WD Proxy]&amp#27;[39m Got response with status 200: {"sessionId":"None","value":{"message":"UiAutomator2 Server is ready to accept commands","ready":true}}
[debug] &amp#27;[35m[UiAutomator2]&amp#27;[39m The initialization of the instrumentation process took 2177ms
[debug] &amp#27;[35m[WD Proxy]&amp#27;[39m Matched '/session' to command name 'createSession'
[debug] &amp#27;[35m[WD Proxy]&amp#27;[39m Proxying [POST /session] to [POST http://127.0.0.1:8200/wd/hub/session] with body: {"capabilities":{"firstMatch":[{"platform":"LINUX","webStorageEnabled":false,"takesScreenshot":true,"javascriptEnabled":true,"databaseEnabled":false,"networkConnectionEnabled":true,"locationContextEnabled":false,"warnings":{},"desired":{"platformName":"android","app":"./src/test/resources/MyAPP/ApiDemos-debug.apk","appActivity":".ApiDemos","appPackage":"io.appium.android.apis","deviceName":"Android","platformVersion":"8.1"},"platformName":"android","app":"./src/test/resources/MyAPP/ApiDemos-debug.apk","appActivity":".ApiDemos","appPackage":"io.appium.android.apis","deviceName":"emulator-5554","platformVersion":"8.1","deviceUDID":"emulator-5554"}],"alwaysMatch":{}}}
[debug] &amp#27;[35m[WD Proxy]&amp#27;[39m Got response with status 200: {"sessionId":"86bb41ca-f348-4408-90e0-c3f319df6d8d","value":{"capabilities":{"firstMatch":[{"platform":"LINUX","webStorageEnabled":false,"takesScreenshot":true,"javascriptEnabled":true,"databaseEnabled":false,"networkConnectionEnabled":true,"locationContextEnabled":false,"warnings":{},"desired":{"platformName":"android","app":"./src/test/resources/MyAPP/ApiDemos-debug.apk","appActivity":".ApiDemos","appPackage":"io.appium.android.apis","deviceName":"Android","platformVersion":"8.1"},"platformName":"android","app":"./src/test/resources/MyAPP/ApiDemos-debug.apk","appActivity":".ApiDemos","appPackage":"io.appium.android.apis","deviceName":"emulator-5554","platformVersion":"8.1","deviceUDID":"emulator-5554"}],"alwaysMatch":{}},"sessionId":"86bb41ca-f348-4408-90e0-c3f319df6d8d"}}
&amp#27;[35m[WD Proxy]&amp#27;[39m Determined the downstream protocol as 'W3C'
[debug] &amp#27;[35m[WD Proxy]&amp#27;[39m Proxying [GET /appium/device/info] to [GET http://127.0.0.1:8200/wd/hub/session/86bb41ca-f348-4408-90e0-c3f319df6d8d/appium/device/info] with no body
[debug] &amp#27;[35m[WD Proxy]&amp#27;[39m Got response with status 200: {"sessionId":"86bb41ca-f348-4408-90e0-c3f319df6d8d","value":{"androidId":"de14fad231487cce","apiVersion":"27","bluetooth":null,"brand":"google","carrierName":"Android","displayDensity":420,"locale":"en_US","manufacturer":"Google","model":"Android SDK built for x86","networks":[{"capabilities":{"SSID":null,"linkDownBandwidthKbps":102400,"linkUpstreamBandwidthKbps":51200,"networkCapabilities":"NET_CAPABILITY_MMS,NET_CAPABILITY_SUPL,NET_CAPABILITY_DUN,NET_CAPABILITY_FOTA,NET_CAPABILITY_IMS,NET_CAPABILITY_CBS,NET_CAPABILITY_IA,NET_CAPABILITY_INTERNET,NET_CAPABILITY_NOT_RESTRICTED,NET_CAPABILITY_TRUSTED,NET_CAPABILITY_NOT_VPN,NET_CAPABILITY_VALIDATED","signalStrength":-2147483648,"transportTypes":"TRANSPORT_CELLULAR"},"detailedState":"CONNECTED","extraInfo":"epc.tmobile.com","isAvailable":true,"isConnected":true,"isFailover":false,"isRoaming":false,"state":"CONNECTED","subtype":13,"subtypeName":"LTE","type":0,"typeName":"MOBILE"},{"capabilities":{"SSID":null,"linkDownBandwidthKbps":1048576,"linkUpstreamBandwidt...
[debug] &amp#27;[35m[ADB]&amp#27;[39m Running 'C:\Users\asifansari\AppData\Local\Android\Sdk\platform-tools\adb.exe -P 5037 -s emulator-5554 shell dumpsys window'
&amp#27;[35m[AndroidDriver]&amp#27;[39m Screen already unlocked, doing nothing
&amp#27;[35m[UiAutomator2]&amp#27;[39m Starting 'io.appium.android.apis/.ApiDemos and waiting for 'io.appium.android.apis/.ApiDemos'
[debug] &amp#27;[35m[ADB]&amp#27;[39m Running 'C:\Users\asifansari\AppData\Local\Android\Sdk\platform-tools\adb.exe -P 5037 -s emulator-5554 shell am start -W -n io.appium.android.apis/.ApiDemos -S -a android.intent.action.MAIN -c android.intent.category.LAUNCHER -f 0x10200000'
[debug] &amp#27;[35m[WD Proxy]&amp#27;[39m Proxying [GET /appium/device/pixel_ratio] to [GET http://127.0.0.1:8200/wd/hub/session/86bb41ca-f348-4408-90e0-c3f319df6d8d/appium/device/pixel_ratio] with no body
[debug] &amp#27;[35m[WD Proxy]&amp#27;[39m Got response with status 200: {"sessionId":"86bb41ca-f348-4408-90e0-c3f319df6d8d","value":2.625}
[debug] &amp#27;[35m[WD Proxy]&amp#27;[39m Matched '/appium/device/system_bars' to command name 'getSystemBars'
[debug] &amp#27;[35m[WD Proxy]&amp#27;[39m Proxying [GET /appium/device/system_bars] to [GET http://127.0.0.1:8200/wd/hub/session/86bb41ca-f348-4408-90e0-c3f319df6d8d/appium/device/system_bars] with no body
[debug] &amp#27;[35m[WD Proxy]&amp#27;[39m Got response with status 200: {"sessionId":"86bb41ca-f348-4408-90e0-c3f319df6d8d","value":{"statusBar":63}}
[debug] &amp#27;[35m[WD Proxy]&amp#27;[39m Matched '/window/current/size' to command name 'getWindowSize'
[debug] &amp#27;[35m[WD Proxy]&amp#27;[39m Proxying [GET /window/current/size] to [GET http://127.0.0.1:8200/wd/hub/session/86bb41ca-f348-4408-90e0-c3f319df6d8d/window/current/size] with no body
[debug] &amp#27;[35m[WD Proxy]&amp#27;[39m Got response with status 200: {"sessionId":"86bb41ca-f348-4408-90e0-c3f319df6d8d","value":{"height":1794,"width":1080}}
&amp#27;[35m[Appium]&amp#27;[39m New AndroidUiautomator2Driver session created successfully, session f94d7cb1-da65-4fea-b7ce-c05d735e13f2 added to master session list
[debug] &amp#27;[35m[BaseDriver]&amp#27;[39m Event 'newSessionStarted' logged at 1640106462903 (22:37:42 GMT+0530 (India Standard Time))
[debug] &amp#27;[35m[W3C (f94d7cb1)]&amp#27;[39m Cached the protocol value 'W3C' for the new session f94d7cb1-da65-4fea-b7ce-c05d735e13f2
[debug] &amp#27;[35m[W3C (f94d7cb1)]&amp#27;[39m Responding to client with driver.createSession() result: {"capabilities":{"platform":"LINUX","webStorageEnabled":false,"takesScreenshot":true,"javascriptEnabled":true,"databaseEnabled":false,"networkConnectionEnabled":true,"locationContextEnabled":false,"warnings":{},"desired":{"platformName":"android","app":"./src/test/resources/MyAPP/ApiDemos-debug.apk","appActivity":".ApiDemos","appPackage":"io.appium.android.apis","deviceName":"Android","platformVersion":"8.1"},"platformName":"android","app":"./src/test/resources/MyAPP/ApiDemos-debug.apk","appActivity":".ApiDemos","appPackage":"io.appium.android.apis","deviceName":"emulator-5554","platformVersion":"8.1.0","deviceUDID":"emulator-5554","deviceApiLevel":27,"deviceScreenSize":"1080x1920","deviceScreenDensity":420,"deviceModel":"Android SDK built for x86","deviceManufacturer":"Google","pixelRatio":2.625,"statBarHeight":63,"viewportRect":{"left":0,"top":63,"width":1080,"height":1731}}}
&amp#27;[35m[HTTP]&amp#27;[39m &amp#27;[37m<-- POST /wd/hub/session &amp#27;[39m&amp#27;[32m200&amp#27;[39m &amp#27;[90m8443 ms - 951&amp#27;[39m
&amp#27;[35m[HTTP]&amp#27;[39m &amp#27;[90m&amp#27;[39m
&amp#27;[35m[HTTP]&amp#27;[39m &amp#27;[37m-->&amp#27;[39m &amp#27;[37mGET&amp#27;[39m &amp#27;[37m/wd/hub/session/f94d7cb1-da65-4fea-b7ce-c05d735e13f2&amp#27;[39m
&amp#27;[35m[HTTP]&amp#27;[39m &amp#27;[90m{}&amp#27;[39m
[debug] &amp#27;[35m[W3C (f94d7cb1)]&amp#27;[39m Calling AppiumDriver.getSession() with args: ["f94d7cb1-da65-4fea-b7ce-c05d735e13f2"]
[debug] &amp#27;[35m[UiAutomator2]&amp#27;[39m Getting session details from server to mix in
[debug] &amp#27;[35m[WD Proxy]&amp#27;[39m Matched '/' to command name 'getSession'
[debug] &amp#27;[35m[WD Proxy]&amp#27;[39m Proxying [GET /] to [GET http://127.0.0.1:8200/wd/hub/session/86bb41ca-f348-4408-90e0-c3f319df6d8d] with no body
[debug] &amp#27;[35m[WD Proxy]&amp#27;[39m Got response with status 200: {"sessionId":"86bb41ca-f348-4408-90e0-c3f319df6d8d","value":{"lastScrollData":null}}
[debug] &amp#27;[35m[W3C (f94d7cb1)]&amp#27;[39m Responding to client with driver.getSession() result: {"platform":"LINUX","webStorageEnabled":false,"takesScreenshot":true,"javascriptEnabled":true,"databaseEnabled":false,"networkConnectionEnabled":true,"locationContextEnabled":false,"warnings":{},"desired":{"platformName":"android","app":"./src/test/resources/MyAPP/ApiDemos-debug.apk","appActivity":".ApiDemos","appPackage":"io.appium.android.apis","deviceName":"Android","platformVersion":"8.1"},"platformName":"android","app":"./src/test/resources/MyAPP/ApiDemos-debug.apk","appActivity":".ApiDemos","appPackage":"io.appium.android.apis","deviceName":"emulator-5554","platformVersion":"8.1.0","deviceUDID":"emulator-5554","deviceApiLevel":27,"deviceScreenSize":"1080x1920","deviceScreenDensity":420,"deviceModel":"Android SDK built for x86","deviceManufacturer":"Google","pixelRatio":2.625,"statBarHeight":63,"viewportRect":{"left":0,"top":63,"width":1080,"height":1731},"lastScrollData":null}
&amp#27;[35m[HTTP]&amp#27;[39m &amp#27;[37m<-- GET /wd/hub/session/f94d7cb1-da65-4fea-b7ce-c05d735e13f2 &amp#27;[39m&amp#27;[32m200&amp#27;[39m &amp#27;[90m18 ms - 905&amp#27;[39m
&amp#27;[35m[HTTP]&amp#27;[39m &amp#27;[90m&amp#27;[39m
&amp#27;[35m[HTTP]&amp#27;[39m &amp#27;[37m-->&amp#27;[39m &amp#27;[37mGET&amp#27;[39m &amp#27;[37m/wd/hub/session/f94d7cb1-da65-4fea-b7ce-c05d735e13f2&amp#27;[39m
&amp#27;[35m[HTTP]&amp#27;[39m &amp#27;[90m{}&amp#27;[39m
[debug] &amp#27;[35m[W3C (f94d7cb1)]&amp#27;[39m Calling AppiumDriver.getSession() with args: ["f94d7cb1-da65-4fea-b7ce-c05d735e13f2"]
[debug] &amp#27;[35m[UiAutomator2]&amp#27;[39m Getting session details from server to mix in
[debug] &amp#27;[35m[WD Proxy]&amp#27;[39m Matched '/' to command name 'getSession'
[debug] &amp#27;[35m[WD Proxy]&amp#27;[39m Proxying [GET /] to [GET http://127.0.0.1:8200/wd/hub/session/86bb41ca-f348-4408-90e0-c3f319df6d8d] with no body
[debug] &amp#27;[35m[WD Proxy]&amp#27;[39m Got response with status 200: {"sessionId":"86bb41ca-f348-4408-90e0-c3f319df6d8d","value":{"lastScrollData":null}}
[debug] &amp#27;[35m[W3C (f94d7cb1)]&amp#27;[39m Responding to client with driver.getSession() result: {"platform":"LINUX","webStorageEnabled":false,"takesScreenshot":true,"javascriptEnabled":true,"databaseEnabled":false,"networkConnectionEnabled":true,"locationContextEnabled":false,"warnings":{},"desired":{"platformName":"android","app":"./src/test/resources/MyAPP/ApiDemos-debug.apk","appActivity":".ApiDemos","appPackage":"io.appium.android.apis","deviceName":"Android","platformVersion":"8.1"},"platformName":"android","app":"./src/test/resources/MyAPP/ApiDemos-debug.apk","appActivity":".ApiDemos","appPackage":"io.appium.android.apis","deviceName":"emulator-5554","platformVersion":"8.1.0","deviceUDID":"emulator-5554","deviceApiLevel":27,"deviceScreenSize":"1080x1920","deviceScreenDensity":420,"deviceModel":"Android SDK built for x86","deviceManufacturer":"Google","pixelRatio":2.625,"statBarHeight":63,"viewportRect":{"left":0,"top":63,"width":1080,"height":1731},"lastScrollData":null}
&amp#27;[35m[HTTP]&amp#27;[39m &amp#27;[37m<-- GET /wd/hub/session/f94d7cb1-da65-4fea-b7ce-c05d735e13f2 &amp#27;[39m&amp#27;[32m200&amp#27;[39m &amp#27;[90m19 ms - 905&amp#27;[39m
&amp#27;[35m[HTTP]&amp#27;[39m &amp#27;[90m&amp#27;[39m
&amp#27;[35m[HTTP]&amp#27;[39m &amp#27;[37m-->&amp#27;[39m &amp#27;[37mPOST&amp#27;[39m &amp#27;[37m/wd/hub/session/f94d7cb1-da65-4fea-b7ce-c05d735e13f2/timeouts&amp#27;[39m
&amp#27;[35m[HTTP]&amp#27;[39m &amp#27;[90m{"implicit":120000}&amp#27;[39m
[debug] &amp#27;[35m[W3C (f94d7cb1)]&amp#27;[39m Calling AppiumDriver.timeouts() with args: [null,null,null,null,120000,"f94d7cb1-da65-4fea-b7ce-c05d735e13f2"]
[debug] &amp#27;[35m[BaseDriver]&amp#27;[39m W3C timeout argument: {"implicit":120000}}
[debug] &amp#27;[35m[BaseDriver]&amp#27;[39m Set implicit wait to 120000ms
[debug] &amp#27;[35m[W3C (f94d7cb1)]&amp#27;[39m Responding to client with driver.timeouts() result: null
&amp#27;[35m[HTTP]&amp#27;[39m &amp#27;[37m<-- POST /wd/hub/session/f94d7cb1-da65-4fea-b7ce-c05d735e13f2/timeouts &amp#27;[39m&amp#27;[32m200&amp#27;[39m &amp#27;[90m5 ms - 14&amp#27;[39m
&amp#27;[35m[HTTP]&amp#27;[39m &amp#27;[90m&amp#27;[39m
****Now user is inside the application *****
[INFO ] 2021-12-21 22:37:42.984 [main] AnimationFuncSteps - #~#~#~ Application has open to run a new test ~#~#~#
&amp#27;[35m[HTTP]&amp#27;[39m &amp#27;[37m-->&amp#27;[39m &amp#27;[37mGET&amp#27;[39m &amp#27;[37m/wd/hub/session/f94d7cb1-da65-4fea-b7ce-c05d735e13f2&amp#27;[39m
&amp#27;[35m[HTTP]&amp#27;[39m &amp#27;[90m{}&amp#27;[39m
[debug] &amp#27;[35m[W3C (f94d7cb1)]&amp#27;[39m Calling AppiumDriver.getSession() with args: ["f94d7cb1-da65-4fea-b7ce-c05d735e13f2"]
[debug] &amp#27;[35m[UiAutomator2]&amp#27;[39m Getting session details from server to mix in
[debug] &amp#27;[35m[WD Proxy]&amp#27;[39m Matched '/' to command name 'getSession'
[debug] &amp#27;[35m[WD Proxy]&amp#27;[39m Proxying [GET /] to [GET http://127.0.0.1:8200/wd/hub/session/86bb41ca-f348-4408-90e0-c3f319df6d8d] with no body
[debug] &amp#27;[35m[WD Proxy]&amp#27;[39m Got response with status 200: {"sessionId":"86bb41ca-f348-4408-90e0-c3f319df6d8d","value":{"lastScrollData":null}}
[debug] &amp#27;[35m[W3C (f94d7cb1)]&amp#27;[39m Responding to client with driver.getSession() result: {"platform":"LINUX","webStorageEnabled":false,"takesScreenshot":true,"javascriptEnabled":true,"databaseEnabled":false,"networkConnectionEnabled":true,"locationContextEnabled":false,"warnings":{},"desired":{"platformName":"android","app":"./src/test/resources/MyAPP/ApiDemos-debug.apk","appActivity":".ApiDemos","appPackage":"io.appium.android.apis","deviceName":"Android","platformVersion":"8.1"},"platformName":"android","app":"./src/test/resources/MyAPP/ApiDemos-debug.apk","appActivity":".ApiDemos","appPackage":"io.appium.android.apis","deviceName":"emulator-5554","platformVersion":"8.1.0","deviceUDID":"emulator-5554","deviceApiLevel":27,"deviceScreenSize":"1080x1920","deviceScreenDensity":420,"deviceModel":"Android SDK built for x86","deviceManufacturer":"Google","pixelRatio":2.625,"statBarHeight":63,"viewportRect":{"left":0,"top":63,"width":1080,"height":1731},"lastScrollData":null}
&amp#27;[35m[HTTP]&amp#27;[39m &amp#27;[37m<-- GET /wd/hub/session/f94d7cb1-da65-4fea-b7ce-c05d735e13f2 &amp#27;[39m&amp#27;[32m200&amp#27;[39m &amp#27;[90m23 ms - 905&amp#27;[39m
&amp#27;[35m[HTTP]&amp#27;[39m &amp#27;[90m&amp#27;[39m
&amp#27;[35m[HTTP]&amp#27;[39m &amp#27;[37m-->&amp#27;[39m &amp#27;[37mGET&amp#27;[39m &amp#27;[37m/wd/hub/session/f94d7cb1-da65-4fea-b7ce-c05d735e13f2&amp#27;[39m
&amp#27;[35m[HTTP]&amp#27;[39m &amp#27;[90m{}&amp#27;[39m
[debug] &amp#27;[35m[W3C (f94d7cb1)]&amp#27;[39m Calling AppiumDriver.getSession() with args: ["f94d7cb1-da65-4fea-b7ce-c05d735e13f2"]
[debug] &amp#27;[35m[UiAutomator2]&amp#27;[39m Getting session details from server to mix in
[debug] &amp#27;[35m[WD Proxy]&amp#27;[39m Matched '/' to command name 'getSession'
[debug] &amp#27;[35m[WD Proxy]&amp#27;[39m Proxying [GET /] to [GET http://127.0.0.1:8200/wd/hub/session/86bb41ca-f348-4408-90e0-c3f319df6d8d] with no body
[debug] &amp#27;[35m[WD Proxy]&amp#27;[39m Got response with status 200: {"sessionId":"86bb41ca-f348-4408-90e0-c3f319df6d8d","value":{"lastScrollData":null}}
[debug] &amp#27;[35m[W3C (f94d7cb1)]&amp#27;[39m Responding to client with driver.getSession() result: {"platform":"LINUX","webStorageEnabled":false,"takesScreenshot":true,"javascriptEnabled":true,"databaseEnabled":false,"networkConnectionEnabled":true,"locationContextEnabled":false,"warnings":{},"desired":{"platformName":"android","app":"./src/test/resources/MyAPP/ApiDemos-debug.apk","appActivity":".ApiDemos","appPackage":"io.appium.android.apis","deviceName":"Android","platformVersion":"8.1"},"platformName":"android","app":"./src/test/resources/MyAPP/ApiDemos-debug.apk","appActivity":".ApiDemos","appPackage":"io.appium.android.apis","deviceName":"emulator-5554","platformVersion":"8.1.0","deviceUDID":"emulator-5554","deviceApiLevel":27,"deviceScreenSize":"1080x1920","deviceScreenDensity":420,"deviceModel":"Android SDK built for x86","deviceManufacturer":"Google","pixelRatio":2.625,"statBarHeight":63,"viewportRect":{"left":0,"top":63,"width":1080,"height":1731},"lastScrollData":null}
&amp#27;[35m[HTTP]&amp#27;[39m &amp#27;[37m<-- GET /wd/hub/session/f94d7cb1-da65-4fea-b7ce-c05d735e13f2 &amp#27;[39m&amp#27;[32m200&amp#27;[39m &amp#27;[90m13 ms - 905&amp#27;[39m
&amp#27;[35m[HTTP]&amp#27;[39m &amp#27;[90m&amp#27;[39m
&amp#27;[35m[HTTP]&amp#27;[39m &amp#27;[37m-->&amp#27;[39m &amp#27;[37mGET&amp#27;[39m &amp#27;[37m/wd/hub/session/f94d7cb1-da65-4fea-b7ce-c05d735e13f2&amp#27;[39m
&amp#27;[35m[HTTP]&amp#27;[39m &amp#27;[90m{}&amp#27;[39m
[debug] &amp#27;[35m[W3C (f94d7cb1)]&amp#27;[39m Calling AppiumDriver.getSession() with args: ["f94d7cb1-da65-4fea-b7ce-c05d735e13f2"]
[debug] &amp#27;[35m[UiAutomator2]&amp#27;[39m Getting session details from server to mix in
[debug] &amp#27;[35m[WD Proxy]&amp#27;[39m Matched '/' to command name 'getSession'
[debug] &amp#27;[35m[WD Proxy]&amp#27;[39m Proxying [GET /] to [GET http://127.0.0.1:8200/wd/hub/session/86bb41ca-f348-4408-90e0-c3f319df6d8d] with no body
[debug] &amp#27;[35m[WD Proxy]&amp#27;[39m Got response with status 200: {"sessionId":"86bb41ca-f348-4408-90e0-c3f319df6d8d","value":{"lastScrollData":null}}
[debug] &amp#27;[35m[W3C (f94d7cb1)]&amp#27;[39m Responding to client with driver.getSession() result: {"platform":"LINUX","webStorageEnabled":false,"takesScreenshot":true,"javascriptEnabled":true,"databaseEnabled":false,"networkConnectionEnabled":true,"locationContextEnabled":false,"warnings":{},"desired":{"platformName":"android","app":"./src/test/resources/MyAPP/ApiDemos-debug.apk","appActivity":".ApiDemos","appPackage":"io.appium.android.apis","deviceName":"Android","platformVersion":"8.1"},"platformName":"android","app":"./src/test/resources/MyAPP/ApiDemos-debug.apk","appActivity":".ApiDemos","appPackage":"io.appium.android.apis","deviceName":"emulator-5554","platformVersion":"8.1.0","deviceUDID":"emulator-5554","deviceApiLevel":27,"deviceScreenSize":"1080x1920","deviceScreenDensity":420,"deviceModel":"Android SDK built for x86","deviceManufacturer":"Google","pixelRatio":2.625,"statBarHeight":63,"viewportRect":{"left":0,"top":63,"width":1080,"height":1731},"lastScrollData":null}
&amp#27;[35m[HTTP]&amp#27;[39m &amp#27;[37m<-- GET /wd/hub/session/f94d7cb1-da65-4fea-b7ce-c05d735e13f2 &amp#27;[39m&amp#27;[32m200&amp#27;[39m &amp#27;[90m16 ms - 905&amp#27;[39m
&amp#27;[35m[HTTP]&amp#27;[39m &amp#27;[90m&amp#27;[39m
&amp#27;[35m[HTTP]&amp#27;[39m &amp#27;[37m-->&amp#27;[39m &amp#27;[37mPOST&amp#27;[39m &amp#27;[37m/wd/hub/session/f94d7cb1-da65-4fea-b7ce-c05d735e13f2/element&amp#27;[39m
&amp#27;[35m[HTTP]&amp#27;[39m &amp#27;[90m{"using":"accessibility id","value":"Animation"}&amp#27;[39m
[debug] &amp#27;[35m[W3C (f94d7cb1)]&amp#27;[39m Calling AppiumDriver.findElement() with args: ["accessibility id","Animation","f94d7cb1-da65-4fea-b7ce-c05d735e13f2"]
[debug] &amp#27;[35m[BaseDriver]&amp#27;[39m Valid locator strategies for this request: xpath, id, class name, accessibility id, css selector, -android uiautomator
[debug] &amp#27;[35m[BaseDriver]&amp#27;[39m Waiting up to 120000 ms for condition
[debug] &amp#27;[35m[WD Proxy]&amp#27;[39m Matched '/element' to command name 'findElement'
[debug] &amp#27;[35m[WD Proxy]&amp#27;[39m Proxying [POST /element] to [POST http://127.0.0.1:8200/wd/hub/session/86bb41ca-f348-4408-90e0-c3f319df6d8d/element] with body: {"strategy":"accessibility id","selector":"Animation","context":"","multiple":false}
[debug] &amp#27;[35m[WD Proxy]&amp#27;[39m Got response with status 200: {"sessionId":"86bb41ca-f348-4408-90e0-c3f319df6d8d","value":{"ELEMENT":"00000000-0000-029c-ffff-ffff00000008","element-6066-11e4-a52e-4f735466cecf":"00000000-0000-029c-ffff-ffff00000008"}}
[debug] &amp#27;[35m[W3C (f94d7cb1)]&amp#27;[39m Responding to client with driver.findElement() result: {"element-6066-11e4-a52e-4f735466cecf":"00000000-0000-029c-ffff-ffff00000008","ELEMENT":"00000000-0000-029c-ffff-ffff00000008"}
&amp#27;[35m[HTTP]&amp#27;[39m &amp#27;[37m<-- POST /wd/hub/session/f94d7cb1-da65-4fea-b7ce-c05d735e13f2/element &amp#27;[39m&amp#27;[32m200&amp#27;[39m &amp#27;[90m454 ms - 137&amp#27;[39m
&amp#27;[35m[HTTP]&amp#27;[39m &amp#27;[90m&amp#27;[39m
&amp#27;[35m[HTTP]&amp#27;[39m &amp#27;[37m-->&amp#27;[39m &amp#27;[37mPOST&amp#27;[39m &amp#27;[37m/wd/hub/session/f94d7cb1-da65-4fea-b7ce-c05d735e13f2/element/00000000-0000-029c-ffff-ffff00000008/click&amp#27;[39m
&amp#27;[35m[HTTP]&amp#27;[39m &amp#27;[90m{"id":"00000000-0000-029c-ffff-ffff00000008"}&amp#27;[39m
[debug] &amp#27;[35m[W3C (f94d7cb1)]&amp#27;[39m Calling AppiumDriver.click() with args: ["00000000-0000-029c-ffff-ffff00000008","f94d7cb1-da65-4fea-b7ce-c05d735e13f2"]
[debug] &amp#27;[35m[WD Proxy]&amp#27;[39m Matched '/element/00000000-0000-029c-ffff-ffff00000008/click' to command name 'click'
[debug] &amp#27;[35m[WD Proxy]&amp#27;[39m Proxying [POST /element/00000000-0000-029c-ffff-ffff00000008/click] to [POST http://127.0.0.1:8200/wd/hub/session/86bb41ca-f348-4408-90e0-c3f319df6d8d/element/00000000-0000-029c-ffff-ffff00000008/click] with body: {"element":"00000000-0000-029c-ffff-ffff00000008"}
[debug] &amp#27;[35m[WD Proxy]&amp#27;[39m Got response with status 200: {"sessionId":"86bb41ca-f348-4408-90e0-c3f319df6d8d","value":null}
[debug] &amp#27;[35m[W3C (f94d7cb1)]&amp#27;[39m Responding to client with driver.click() result: null
&amp#27;[35m[HTTP]&amp#27;[39m &amp#27;[37m<-- POST /wd/hub/session/f94d7cb1-da65-4fea-b7ce-c05d735e13f2/element/00000000-0000-029c-ffff-ffff00000008/click &amp#27;[39m&amp#27;[32m200&amp#27;[39m &amp#27;[90m1383 ms - 14&amp#27;[39m
&amp#27;[35m[HTTP]&amp#27;[39m &amp#27;[90m&amp#27;[39m
[INFO ] 2021-12-21 22:37:44.924 [main] AnimationFuncSteps - Tap on the Animation Section has done!
&amp#27;[35m[HTTP]&amp#27;[39m &amp#27;[37m-->&amp#27;[39m &amp#27;[37mGET&amp#27;[39m &amp#27;[37m/wd/hub/session/f94d7cb1-da65-4fea-b7ce-c05d735e13f2&amp#27;[39m
&amp#27;[35m[HTTP]&amp#27;[39m &amp#27;[90m{}&amp#27;[39m
[debug] &amp#27;[35m[W3C (f94d7cb1)]&amp#27;[39m Calling AppiumDriver.getSession() with args: ["f94d7cb1-da65-4fea-b7ce-c05d735e13f2"]
[debug] &amp#27;[35m[UiAutomator2]&amp#27;[39m Getting session details from server to mix in
[debug] &amp#27;[35m[WD Proxy]&amp#27;[39m Matched '/' to command name 'getSession'
[debug] &amp#27;[35m[WD Proxy]&amp#27;[39m Proxying [GET /] to [GET http://127.0.0.1:8200/wd/hub/session/86bb41ca-f348-4408-90e0-c3f319df6d8d] with no body
[debug] &amp#27;[35m[WD Proxy]&amp#27;[39m Got response with status 200: {"sessionId":"86bb41ca-f348-4408-90e0-c3f319df6d8d","value":{"lastScrollData":null}}
[debug] &amp#27;[35m[W3C (f94d7cb1)]&amp#27;[39m Responding to client with driver.getSession() result: {"platform":"LINUX","webStorageEnabled":false,"takesScreenshot":true,"javascriptEnabled":true,"databaseEnabled":false,"networkConnectionEnabled":true,"locationContextEnabled":false,"warnings":{},"desired":{"platformName":"android","app":"./src/test/resources/MyAPP/ApiDemos-debug.apk","appActivity":".ApiDemos","appPackage":"io.appium.android.apis","deviceName":"Android","platformVersion":"8.1"},"platformName":"android","app":"./src/test/resources/MyAPP/ApiDemos-debug.apk","appActivity":".ApiDemos","appPackage":"io.appium.android.apis","deviceName":"emulator-5554","platformVersion":"8.1.0","deviceUDID":"emulator-5554","deviceApiLevel":27,"deviceScreenSize":"1080x1920","deviceScreenDensity":420,"deviceModel":"Android SDK built for x86","deviceManufacturer":"Google","pixelRatio":2.625,"statBarHeight":63,"viewportRect":{"left":0,"top":63,"width":1080,"height":1731},"lastScrollData":null}
&amp#27;[35m[HTTP]&amp#27;[39m &amp#27;[37m<-- GET /wd/hub/session/f94d7cb1-da65-4fea-b7ce-c05d735e13f2 &amp#27;[39m&amp#27;[32m200&amp#27;[39m &amp#27;[90m12 ms - 905&amp#27;[39m
&amp#27;[35m[HTTP]&amp#27;[39m &amp#27;[90m&amp#27;[39m
&amp#27;[35m[HTTP]&amp#27;[39m &amp#27;[37m-->&amp#27;[39m &amp#27;[37mGET&amp#27;[39m &amp#27;[37m/wd/hub/session/f94d7cb1-da65-4fea-b7ce-c05d735e13f2&amp#27;[39m
&amp#27;[35m[HTTP]&amp#27;[39m &amp#27;[90m{}&amp#27;[39m
[debug] &amp#27;[35m[W3C (f94d7cb1)]&amp#27;[39m Calling AppiumDriver.getSession() with args: ["f94d7cb1-da65-4fea-b7ce-c05d735e13f2"]
[debug] &amp#27;[35m[UiAutomator2]&amp#27;[39m Getting session details from server to mix in
[debug] &amp#27;[35m[WD Proxy]&amp#27;[39m Matched '/' to command name 'getSession'
[debug] &amp#27;[35m[WD Proxy]&amp#27;[39m Proxying [GET /] to [GET http://127.0.0.1:8200/wd/hub/session/86bb41ca-f348-4408-90e0-c3f319df6d8d] with no body
[debug] &amp#27;[35m[WD Proxy]&amp#27;[39m Got response with status 200: {"sessionId":"86bb41ca-f348-4408-90e0-c3f319df6d8d","value":{"lastScrollData":null}}
[debug] &amp#27;[35m[W3C (f94d7cb1)]&amp#27;[39m Responding to client with driver.getSession() result: {"platform":"LINUX","webStorageEnabled":false,"takesScreenshot":true,"javascriptEnabled":true,"databaseEnabled":false,"networkConnectionEnabled":true,"locationContextEnabled":false,"warnings":{},"desired":{"platformName":"android","app":"./src/test/resources/MyAPP/ApiDemos-debug.apk","appActivity":".ApiDemos","appPackage":"io.appium.android.apis","deviceName":"Android","platformVersion":"8.1"},"platformName":"android","app":"./src/test/resources/MyAPP/ApiDemos-debug.apk","appActivity":".ApiDemos","appPackage":"io.appium.android.apis","deviceName":"emulator-5554","platformVersion":"8.1.0","deviceUDID":"emulator-5554","deviceApiLevel":27,"deviceScreenSize":"1080x1920","deviceScreenDensity":420,"deviceModel":"Android SDK built for x86","deviceManufacturer":"Google","pixelRatio":2.625,"statBarHeight":63,"viewportRect":{"left":0,"top":63,"width":1080,"height":1731},"lastScrollData":null}
&amp#27;[35m[HTTP]&amp#27;[39m &amp#27;[37m<-- GET /wd/hub/session/f94d7cb1-da65-4fea-b7ce-c05d735e13f2 &amp#27;[39m&amp#27;[32m200&amp#27;[39m &amp#27;[90m10 ms - 905&amp#27;[39m
&amp#27;[35m[HTTP]&amp#27;[39m &amp#27;[90m&amp#27;[39m
&amp#27;[35m[HTTP]&amp#27;[39m &amp#27;[37m-->&amp#27;[39m &amp#27;[37mGET&amp#27;[39m &amp#27;[37m/wd/hub/session/f94d7cb1-da65-4fea-b7ce-c05d735e13f2&amp#27;[39m
&amp#27;[35m[HTTP]&amp#27;[39m &amp#27;[90m{}&amp#27;[39m
[debug] &amp#27;[35m[W3C (f94d7cb1)]&amp#27;[39m Calling AppiumDriver.getSession() with args: ["f94d7cb1-da65-4fea-b7ce-c05d735e13f2"]
[debug] &amp#27;[35m[UiAutomator2]&amp#27;[39m Getting session details from server to mix in
[debug] &amp#27;[35m[WD Proxy]&amp#27;[39m Matched '/' to command name 'getSession'
[debug] &amp#27;[35m[WD Proxy]&amp#27;[39m Proxying [GET /] to [GET http://127.0.0.1:8200/wd/hub/session/86bb41ca-f348-4408-90e0-c3f319df6d8d] with no body
[debug] &amp#27;[35m[WD Proxy]&amp#27;[39m Got response with status 200: {"sessionId":"86bb41ca-f348-4408-90e0-c3f319df6d8d","value":{"lastScrollData":null}}
[debug] &amp#27;[35m[W3C (f94d7cb1)]&amp#27;[39m Responding to client with driver.getSession() result: {"platform":"LINUX","webStorageEnabled":false,"takesScreenshot":true,"javascriptEnabled":true,"databaseEnabled":false,"networkConnectionEnabled":true,"locationContextEnabled":false,"warnings":{},"desired":{"platformName":"android","app":"./src/test/resources/MyAPP/ApiDemos-debug.apk","appActivity":".ApiDemos","appPackage":"io.appium.android.apis","deviceName":"Android","platformVersion":"8.1"},"platformName":"android","app":"./src/test/resources/MyAPP/ApiDemos-debug.apk","appActivity":".ApiDemos","appPackage":"io.appium.android.apis","deviceName":"emulator-5554","platformVersion":"8.1.0","deviceUDID":"emulator-5554","deviceApiLevel":27,"deviceScreenSize":"1080x1920","deviceScreenDensity":420,"deviceModel":"Android SDK built for x86","deviceManufacturer":"Google","pixelRatio":2.625,"statBarHeight":63,"viewportRect":{"left":0,"top":63,"width":1080,"height":1731},"lastScrollData":null}
&amp#27;[35m[HTTP]&amp#27;[39m &amp#27;[37m<-- GET /wd/hub/session/f94d7cb1-da65-4fea-b7ce-c05d735e13f2 &amp#27;[39m&amp#27;[32m200&amp#27;[39m &amp#27;[90m17 ms - 905&amp#27;[39m
&amp#27;[35m[HTTP]&amp#27;[39m &amp#27;[90m&amp#27;[39m
&amp#27;[35m[HTTP]&amp#27;[39m &amp#27;[37m-->&amp#27;[39m &amp#27;[37mPOST&amp#27;[39m &amp#27;[37m/wd/hub/session/f94d7cb1-da65-4fea-b7ce-c05d735e13f2/element&amp#27;[39m
&amp#27;[35m[HTTP]&amp#27;[39m &amp#27;[90m{"using":"accessibility id","value":"View Flip"}&amp#27;[39m
[debug] &amp#27;[35m[W3C (f94d7cb1)]&amp#27;[39m Calling AppiumDriver.findElement() with args: ["accessibility id","View Flip","f94d7cb1-da65-4fea-b7ce-c05d735e13f2"]
[debug] &amp#27;[35m[BaseDriver]&amp#27;[39m Valid locator strategies for this request: xpath, id, class name, accessibility id, css selector, -android uiautomator
[debug] &amp#27;[35m[BaseDriver]&amp#27;[39m Waiting up to 120000 ms for condition
[debug] &amp#27;[35m[WD Proxy]&amp#27;[39m Matched '/element' to command name 'findElement'
[debug] &amp#27;[35m[WD Proxy]&amp#27;[39m Proxying [POST /element] to [POST http://127.0.0.1:8200/wd/hub/session/86bb41ca-f348-4408-90e0-c3f319df6d8d/element] with body: {"strategy":"accessibility id","selector":"View Flip","context":"","multiple":false}
[debug] &amp#27;[35m[WD Proxy]&amp#27;[39m Got response with status 200: {"sessionId":"86bb41ca-f348-4408-90e0-c3f319df6d8d","value":{"ELEMENT":"00000000-0000-029d-ffff-ffff00000022","element-6066-11e4-a52e-4f735466cecf":"00000000-0000-029d-ffff-ffff00000022"}}
[debug] &amp#27;[35m[W3C (f94d7cb1)]&amp#27;[39m Responding to client with driver.findElement() result: {"element-6066-11e4-a52e-4f735466cecf":"00000000-0000-029d-ffff-ffff00000022","ELEMENT":"00000000-0000-029d-ffff-ffff00000022"}
&amp#27;[35m[HTTP]&amp#27;[39m &amp#27;[37m<-- POST /wd/hub/session/f94d7cb1-da65-4fea-b7ce-c05d735e13f2/element &amp#27;[39m&amp#27;[32m200&amp#27;[39m &amp#27;[90m38 ms - 137&amp#27;[39m
&amp#27;[35m[HTTP]&amp#27;[39m &amp#27;[90m&amp#27;[39m
&amp#27;[35m[HTTP]&amp#27;[39m &amp#27;[37m-->&amp#27;[39m &amp#27;[37mPOST&amp#27;[39m &amp#27;[37m/wd/hub/session/f94d7cb1-da65-4fea-b7ce-c05d735e13f2/element/00000000-0000-029d-ffff-ffff00000022/click&amp#27;[39m
&amp#27;[35m[HTTP]&amp#27;[39m &amp#27;[90m{"id":"00000000-0000-029d-ffff-ffff00000022"}&amp#27;[39m
[debug] &amp#27;[35m[W3C (f94d7cb1)]&amp#27;[39m Calling AppiumDriver.click() with args: ["00000000-0000-029d-ffff-ffff00000022","f94d7cb1-da65-4fea-b7ce-c05d735e13f2"]
[debug] &amp#27;[35m[WD Proxy]&amp#27;[39m Matched '/element/00000000-0000-029d-ffff-ffff00000022/click' to command name 'click'
[debug] &amp#27;[35m[WD Proxy]&amp#27;[39m Proxying [POST /element/00000000-0000-029d-ffff-ffff00000022/click] to [POST http://127.0.0.1:8200/wd/hub/session/86bb41ca-f348-4408-90e0-c3f319df6d8d/element/00000000-0000-029d-ffff-ffff00000022/click] with body: {"element":"00000000-0000-029d-ffff-ffff00000022"}
[debug] &amp#27;[35m[WD Proxy]&amp#27;[39m Got response with status 200: {"sessionId":"86bb41ca-f348-4408-90e0-c3f319df6d8d","value":null}
[debug] &amp#27;[35m[W3C (f94d7cb1)]&amp#27;[39m Responding to client with driver.click() result: null
&amp#27;[35m[HTTP]&amp#27;[39m &amp#27;[37m<-- POST /wd/hub/session/f94d7cb1-da65-4fea-b7ce-c05d735e13f2/element/00000000-0000-029d-ffff-ffff00000022/click &amp#27;[39m&amp#27;[32m200&amp#27;[39m &amp#27;[90m1173 ms - 14&amp#27;[39m
&amp#27;[35m[HTTP]&amp#27;[39m &amp#27;[90m&amp#27;[39m
[INFO ] 2021-12-21 22:37:46.220 [main] FlipListSteps - Tapping to select Flip Option has done!
&amp#27;[35m[HTTP]&amp#27;[39m &amp#27;[37m-->&amp#27;[39m &amp#27;[37mGET&amp#27;[39m &amp#27;[37m/wd/hub/session/f94d7cb1-da65-4fea-b7ce-c05d735e13f2&amp#27;[39m
&amp#27;[35m[HTTP]&amp#27;[39m &amp#27;[90m{}&amp#27;[39m
[debug] &amp#27;[35m[W3C (f94d7cb1)]&amp#27;[39m Calling AppiumDriver.getSession() with args: ["f94d7cb1-da65-4fea-b7ce-c05d735e13f2"]
[debug] &amp#27;[35m[UiAutomator2]&amp#27;[39m Getting session details from server to mix in
[debug] &amp#27;[35m[WD Proxy]&amp#27;[39m Matched '/' to command name 'getSession'
[debug] &amp#27;[35m[WD Proxy]&amp#27;[39m Proxying [GET /] to [GET http://127.0.0.1:8200/wd/hub/session/86bb41ca-f348-4408-90e0-c3f319df6d8d] with no body
[debug] &amp#27;[35m[WD Proxy]&amp#27;[39m Got response with status 200: {"sessionId":"86bb41ca-f348-4408-90e0-c3f319df6d8d","value":{"lastScrollData":null}}
[debug] &amp#27;[35m[W3C (f94d7cb1)]&amp#27;[39m Responding to client with driver.getSession() result: {"platform":"LINUX","webStorageEnabled":false,"takesScreenshot":true,"javascriptEnabled":true,"databaseEnabled":false,"networkConnectionEnabled":true,"locationContextEnabled":false,"warnings":{},"desired":{"platformName":"android","app":"./src/test/resources/MyAPP/ApiDemos-debug.apk","appActivity":".ApiDemos","appPackage":"io.appium.android.apis","deviceName":"Android","platformVersion":"8.1"},"platformName":"android","app":"./src/test/resources/MyAPP/ApiDemos-debug.apk","appActivity":".ApiDemos","appPackage":"io.appium.android.apis","deviceName":"emulator-5554","platformVersion":"8.1.0","deviceUDID":"emulator-5554","deviceApiLevel":27,"deviceScreenSize":"1080x1920","deviceScreenDensity":420,"deviceModel":"Android SDK built for x86","deviceManufacturer":"Google","pixelRatio":2.625,"statBarHeight":63,"viewportRect":{"left":0,"top":63,"width":1080,"height":1731},"lastScrollData":null}
&amp#27;[35m[HTTP]&amp#27;[39m &amp#27;[37m<-- GET /wd/hub/session/f94d7cb1-da65-4fea-b7ce-c05d735e13f2 &amp#27;[39m&amp#27;[32m200&amp#27;[39m &amp#27;[90m11 ms - 905&amp#27;[39m
&amp#27;[35m[HTTP]&amp#27;[39m &amp#27;[90m&amp#27;[39m
&amp#27;[35m[HTTP]&amp#27;[39m &amp#27;[37m-->&amp#27;[39m &amp#27;[37mGET&amp#27;[39m &amp#27;[37m/wd/hub/session/f94d7cb1-da65-4fea-b7ce-c05d735e13f2&amp#27;[39m
&amp#27;[35m[HTTP]&amp#27;[39m &amp#27;[90m{}&amp#27;[39m
[debug] &amp#27;[35m[W3C (f94d7cb1)]&amp#27;[39m Calling AppiumDriver.getSession() with args: ["f94d7cb1-da65-4fea-b7ce-c05d735e13f2"]
[debug] &amp#27;[35m[UiAutomator2]&amp#27;[39m Getting session details from server to mix in
[debug] &amp#27;[35m[WD Proxy]&amp#27;[39m Matched '/' to command name 'getSession'
[debug] &amp#27;[35m[WD Proxy]&amp#27;[39m Proxying [GET /] to [GET http://127.0.0.1:8200/wd/hub/session/86bb41ca-f348-4408-90e0-c3f319df6d8d] with no body
[debug] &amp#27;[35m[WD Proxy]&amp#27;[39m Got response with status 200: {"sessionId":"86bb41ca-f348-4408-90e0-c3f319df6d8d","value":{"lastScrollData":null}}
[debug] &amp#27;[35m[W3C (f94d7cb1)]&amp#27;[39m Responding to client with driver.getSession() result: {"platform":"LINUX","webStorageEnabled":false,"takesScreenshot":true,"javascriptEnabled":true,"databaseEnabled":false,"networkConnectionEnabled":true,"locationContextEnabled":false,"warnings":{},"desired":{"platformName":"android","app":"./src/test/resources/MyAPP/ApiDemos-debug.apk","appActivity":".ApiDemos","appPackage":"io.appium.android.apis","deviceName":"Android","platformVersion":"8.1"},"platformName":"android","app":"./src/test/resources/MyAPP/ApiDemos-debug.apk","appActivity":".ApiDemos","appPackage":"io.appium.android.apis","deviceName":"emulator-5554","platformVersion":"8.1.0","deviceUDID":"emulator-5554","deviceApiLevel":27,"deviceScreenSize":"1080x1920","deviceScreenDensity":420,"deviceModel":"Android SDK built for x86","deviceManufacturer":"Google","pixelRatio":2.625,"statBarHeight":63,"viewportRect":{"left":0,"top":63,"width":1080,"height":1731},"lastScrollData":null}
&amp#27;[35m[HTTP]&amp#27;[39m &amp#27;[37m<-- GET /wd/hub/session/f94d7cb1-da65-4fea-b7ce-c05d735e13f2 &amp#27;[39m&amp#27;[32m200&amp#27;[39m &amp#27;[90m10 ms - 905&amp#27;[39m
&amp#27;[35m[HTTP]&amp#27;[39m &amp#27;[90m&amp#27;[39m
&amp#27;[35m[HTTP]&amp#27;[39m &amp#27;[37m-->&amp#27;[39m &amp#27;[37mGET&amp#27;[39m &amp#27;[37m/wd/hub/session/f94d7cb1-da65-4fea-b7ce-c05d735e13f2&amp#27;[39m
&amp#27;[35m[HTTP]&amp#27;[39m &amp#27;[90m{}&amp#27;[39m
[debug] &amp#27;[35m[W3C (f94d7cb1)]&amp#27;[39m Calling AppiumDriver.getSession() with args: ["f94d7cb1-da65-4fea-b7ce-c05d735e13f2"]
[debug] &amp#27;[35m[UiAutomator2]&amp#27;[39m Getting session details from server to mix in
[debug] &amp#27;[35m[WD Proxy]&amp#27;[39m Matched '/' to command name 'getSession'
[debug] &amp#27;[35m[WD Proxy]&amp#27;[39m Proxying [GET /] to [GET http://127.0.0.1:8200/wd/hub/session/86bb41ca-f348-4408-90e0-c3f319df6d8d] with no body
[debug] &amp#27;[35m[WD Proxy]&amp#27;[39m Got response with status 200: {"sessionId":"86bb41ca-f348-4408-90e0-c3f319df6d8d","value":{"lastScrollData":null}}
[debug] &amp#27;[35m[W3C (f94d7cb1)]&amp#27;[39m Responding to client with driver.getSession() result: {"platform":"LINUX","webStorageEnabled":false,"takesScreenshot":true,"javascriptEnabled":true,"databaseEnabled":false,"networkConnectionEnabled":true,"locationContextEnabled":false,"warnings":{},"desired":{"platformName":"android","app":"./src/test/resources/MyAPP/ApiDemos-debug.apk","appActivity":".ApiDemos","appPackage":"io.appium.android.apis","deviceName":"Android","platformVersion":"8.1"},"platformName":"android","app":"./src/test/resources/MyAPP/ApiDemos-debug.apk","appActivity":".ApiDemos","appPackage":"io.appium.android.apis","deviceName":"emulator-5554","platformVersion":"8.1.0","deviceUDID":"emulator-5554","deviceApiLevel":27,"deviceScreenSize":"1080x1920","deviceScreenDensity":420,"deviceModel":"Android SDK built for x86","deviceManufacturer":"Google","pixelRatio":2.625,"statBarHeight":63,"viewportRect":{"left":0,"top":63,"width":1080,"height":1731},"lastScrollData":null}
&amp#27;[35m[HTTP]&amp#27;[39m &amp#27;[37m<-- GET /wd/hub/session/f94d7cb1-da65-4fea-b7ce-c05d735e13f2 &amp#27;[39m&amp#27;[32m200&amp#27;[39m &amp#27;[90m8 ms - 905&amp#27;[39m
&amp#27;[35m[HTTP]&amp#27;[39m &amp#27;[90m&amp#27;[39m
&amp#27;[35m[HTTP]&amp#27;[39m &amp#27;[37m-->&amp#27;[39m &amp#27;[37mPOST&amp#27;[39m &amp#27;[37m/wd/hub/session/f94d7cb1-da65-4fea-b7ce-c05d735e13f2/element&amp#27;[39m
&amp#27;[35m[HTTP]&amp#27;[39m &amp#27;[90m{"using":"xpath","value":"//android.widget.Button[@content-desc=\"Flip\"]"}&amp#27;[39m
[debug] &amp#27;[35m[W3C (f94d7cb1)]&amp#27;[39m Calling AppiumDriver.findElement() with args: ["xpath","//android.widget.Button[@content-desc=\"Flip\"]","f94d7cb1-da65-4fea-b7ce-c05d735e13f2"]
[debug] &amp#27;[35m[BaseDriver]&amp#27;[39m Valid locator strategies for this request: xpath, id, class name, accessibility id, css selector, -android uiautomator
[debug] &amp#27;[35m[BaseDriver]&amp#27;[39m Waiting up to 120000 ms for condition
[debug] &amp#27;[35m[WD Proxy]&amp#27;[39m Matched '/element' to command name 'findElement'
[debug] &amp#27;[35m[WD Proxy]&amp#27;[39m Proxying [POST /element] to [POST http://127.0.0.1:8200/wd/hub/session/86bb41ca-f348-4408-90e0-c3f319df6d8d/element] with body: {"strategy":"xpath","selector":"//android.widget.Button[@content-desc=\"Flip\"]","context":"","multiple":false}
[debug] &amp#27;[35m[WD Proxy]&amp#27;[39m Got response with status 200: {"sessionId":"86bb41ca-f348-4408-90e0-c3f319df6d8d","value":{"ELEMENT":"00000000-0000-029e-ffff-ffff0000002b","element-6066-11e4-a52e-4f735466cecf":"00000000-0000-029e-ffff-ffff0000002b"}}
[debug] &amp#27;[35m[W3C (f94d7cb1)]&amp#27;[39m Responding to client with driver.findElement() result: {"element-6066-11e4-a52e-4f735466cecf":"00000000-0000-029e-ffff-ffff0000002b","ELEMENT":"00000000-0000-029e-ffff-ffff0000002b"}
&amp#27;[35m[HTTP]&amp#27;[39m &amp#27;[37m<-- POST /wd/hub/session/f94d7cb1-da65-4fea-b7ce-c05d735e13f2/element &amp#27;[39m&amp#27;[32m200&amp#27;[39m &amp#27;[90m99 ms - 137&amp#27;[39m
&amp#27;[35m[HTTP]&amp#27;[39m &amp#27;[90m&amp#27;[39m
&amp#27;[35m[HTTP]&amp#27;[39m &amp#27;[37m-->&amp#27;[39m &amp#27;[37mPOST&amp#27;[39m &amp#27;[37m/wd/hub/session/f94d7cb1-da65-4fea-b7ce-c05d735e13f2/element/00000000-0000-029e-ffff-ffff0000002b/click&amp#27;[39m
&amp#27;[35m[HTTP]&amp#27;[39m &amp#27;[90m{"id":"00000000-0000-029e-ffff-ffff0000002b"}&amp#27;[39m
[debug] &amp#27;[35m[W3C (f94d7cb1)]&amp#27;[39m Calling AppiumDriver.click() with args: ["00000000-0000-029e-ffff-ffff0000002b","f94d7cb1-da65-4fea-b7ce-c05d735e13f2"]
[debug] &amp#27;[35m[WD Proxy]&amp#27;[39m Matched '/element/00000000-0000-029e-ffff-ffff0000002b/click' to command name 'click'
[debug] &amp#27;[35m[WD Proxy]&amp#27;[39m Proxying [POST /element/00000000-0000-029e-ffff-ffff0000002b/click] to [POST http://127.0.0.1:8200/wd/hub/session/86bb41ca-f348-4408-90e0-c3f319df6d8d/element/00000000-0000-029e-ffff-ffff0000002b/click] with body: {"element":"00000000-0000-029e-ffff-ffff0000002b"}
[debug] &amp#27;[35m[WD Proxy]&amp#27;[39m Got response with status 200: {"sessionId":"86bb41ca-f348-4408-90e0-c3f319df6d8d","value":null}
[debug] &amp#27;[35m[W3C (f94d7cb1)]&amp#27;[39m Responding to client with driver.click() result: null
&amp#27;[35m[HTTP]&amp#27;[39m &amp#27;[37m<-- POST /wd/hub/session/f94d7cb1-da65-4fea-b7ce-c05d735e13f2/element/00000000-0000-029e-ffff-ffff0000002b/click &amp#27;[39m&amp#27;[32m200&amp#27;[39m &amp#27;[90m24 ms - 14&amp#27;[39m
&amp#27;[35m[HTTP]&amp#27;[39m &amp#27;[90m&amp#27;[39m
[INFO ] 2021-12-21 22:37:46.405 [main] FlipListSteps - *****Boom! Successfully clicked on flip-button to flip the whole optionlist******
Flip of the whole list have been successfully verified!
&amp#27;[35m[HTTP]&amp#27;[39m &amp#27;[37m-->&amp#27;[39m &amp#27;[37mDELETE&amp#27;[39m &amp#27;[37m/wd/hub/session/f94d7cb1-da65-4fea-b7ce-c05d735e13f2&amp#27;[39m
&amp#27;[35m[HTTP]&amp#27;[39m &amp#27;[90m{}&amp#27;[39m
[debug] &amp#27;[35m[W3C (f94d7cb1)]&amp#27;[39m Calling AppiumDriver.deleteSession() with args: ["f94d7cb1-da65-4fea-b7ce-c05d735e13f2"]
[debug] &amp#27;[35m[BaseDriver]&amp#27;[39m Event 'quitSessionRequested' logged at 1640106466413 (22:37:46 GMT+0530 (India Standard Time))
&amp#27;[35m[Appium]&amp#27;[39m Removing session f94d7cb1-da65-4fea-b7ce-c05d735e13f2 from our master session list
[debug] &amp#27;[35m[UiAutomator2]&amp#27;[39m Deleting UiAutomator2 session
[debug] &amp#27;[35m[UiAutomator2]&amp#27;[39m Deleting UiAutomator2 server session
[debug] &amp#27;[35m[WD Proxy]&amp#27;[39m Matched '/' to command name 'deleteSession'
[debug] &amp#27;[35m[WD Proxy]&amp#27;[39m Proxying [DELETE /] to [DELETE http://127.0.0.1:8200/wd/hub/session/86bb41ca-f348-4408-90e0-c3f319df6d8d] with no body
[debug] &amp#27;[35m[WD Proxy]&amp#27;[39m Got response with status 200: {"sessionId":"86bb41ca-f348-4408-90e0-c3f319df6d8d","value":null}
[debug] &amp#27;[35m[ADB]&amp#27;[39m Running 'C:\Users\asifansari\AppData\Local\Android\Sdk\platform-tools\adb.exe -P 5037 -s emulator-5554 shell am force-stop io.appium.android.apis'
[debug] &amp#27;[35m[Logcat]&amp#27;[39m Stopping logcat capture
[debug] &amp#27;[35m[ADB]&amp#27;[39m Removing forwarded port socket connection: 8200 
[debug] &amp#27;[35m[ADB]&amp#27;[39m Running 'C:\Users\asifansari\AppData\Local\Android\Sdk\platform-tools\adb.exe -P 5037 -s emulator-5554 forward --remove tcp:8200'
[debug] &amp#27;[35m[BaseDriver]&amp#27;[39m Event 'quitSessionFinished' logged at 1640106466642 (22:37:46 GMT+0530 (India Standard Time))
[debug] &amp#27;[35m[W3C (f94d7cb1)]&amp#27;[39m Received response: null
[debug] &amp#27;[35m[W3C (f94d7cb1)]&amp#27;[39m But deleting session, so not returning
[debug] &amp#27;[35m[W3C (f94d7cb1)]&amp#27;[39m Responding to client with driver.deleteSession() result: null
&amp#27;[35m[HTTP]&amp#27;[39m &amp#27;[37m<-- DELETE /wd/hub/session/f94d7cb1-da65-4fea-b7ce-c05d735e13f2 &amp#27;[39m&amp#27;[32m200&amp#27;[39m &amp#27;[90m232 ms - 14&amp#27;[39m
&amp#27;[35m[HTTP]&amp#27;[39m &amp#27;[90m&amp#27;[39m

  @test6
  Scenario: Check Flip Action of whole list                 # FliptheList.feature:6
    Given application has already opened                    # AnimationFuncSteps.application_has_already_opened()
    When user tap on the Animation section                  # AnimationFuncSteps.user_tap_on_the_Animation_section()
    And tap on the view Flip option                         # FlipListSteps.tap_on_the_view_Flip_option()
    And as user click on the Flip button                    # FlipListSteps.as_user_click_on_the_Flip_button()
    Then whole list of options get flip to another language # FlipListSteps.whole_list_of_options_get_flip_to_another_language()
####On test success-Test has been Successfully run#######]]></system-out>
    <system-err><![CDATA[Dec 21, 2021 10:37:42 PM io.appium.java_client.remote.AppiumCommandExecutor$1 lambda$0
INFO: Detected dialect: W3C
]]></system-err>
  </testcase>
  <testcase name="feature[Featurefile for Animation Related Test](3)" classname="com.RunnerFile.TestRunner" time="32.442">
    <system-out><![CDATA[**On test startFeature: Featurefile for Animation Related Test
         To verify the hiding and then showing of that buttons functionality under the animation section of DemoApi app.
&amp#27;[35m[Appium]&amp#27;[39m Welcome to Appium v1.22.0
&amp#27;[35m[Appium]&amp#27;[39m Appium REST http interface listener started on 0.0.0.0:4723
&amp#27;[35m[HTTP]&amp#27;[39m &amp#27;[37m-->&amp#27;[39m &amp#27;[37mGET&amp#27;[39m &amp#27;[37m/wd/hub/status&amp#27;[39m
&amp#27;[35m[HTTP]&amp#27;[39m &amp#27;[90m{}&amp#27;[39m
[debug] &amp#27;[35m[GENERIC]&amp#27;[39m Calling AppiumDriver.getStatus() with args: []
[debug] &amp#27;[35m[GENERIC]&amp#27;[39m Responding to client with driver.getStatus() result: {"build":{"version":"1.22.0"}}
&amp#27;[35m[HTTP]&amp#27;[39m &amp#27;[37m<-- GET /wd/hub/status &amp#27;[39m&amp#27;[32m200&amp#27;[39m &amp#27;[90m7 ms - 68&amp#27;[39m
&amp#27;[35m[HTTP]&amp#27;[39m &amp#27;[90m&amp#27;[39m
&amp#27;[35m[HTTP]&amp#27;[39m &amp#27;[37m-->&amp#27;[39m &amp#27;[37mPOST&amp#27;[39m &amp#27;[37m/wd/hub/session&amp#27;[39m
&amp#27;[35m[HTTP]&amp#27;[39m &amp#27;[90m{"desiredCapabilities":{"app":"./src/test/resources/MyAPP/ApiDemos-debug.apk","appActivity":".ApiDemos","appPackage":"io.appium.android.apis","platformVersion":"8.1","platformName":"Android","deviceName":"Android"},"capabilities":{"alwaysMatch":{"appium:app":"./src/test/resources/MyAPP/ApiDemos-debug.apk","appium:appActivity":".ApiDemos","appium:appPackage":"io.appium.android.apis","appium:deviceName":"Android","platformName":"android","appium:platformVersion":"8.1"},"firstMatch":[{}]}}&amp#27;[39m
[debug] &amp#27;[35m[W3C]&amp#27;[39m Calling AppiumDriver.createSession() with args: [{"app":"./src/test/resources/MyAPP/ApiDemos-debug.apk","appActivity":".ApiDemos","appPackage":"io.appium.android.apis","platformVersion":"8.1","platformName":"Android","deviceName":"Android"},null,{"alwaysMatch":{"appium:app":"./src/test/resources/MyAPP/ApiDemos-debug.apk","appium:appActivity":".ApiDemos","appium:appPackage":"io.appium.android.apis","appium:deviceName":"Android","platformName":"android","appium:platformVersion":"8.1"},"firstMatch":[{}]}]
[debug] &amp#27;[35m[BaseDriver]&amp#27;[39m Event 'newSessionRequested' logged at 1640106469439 (22:37:49 GMT+0530 (India Standard Time))
&amp#27;[35m[Appium]&amp#27;[39m 
&amp#27;[35m[Appium]&amp#27;[39m ======================================================================
&amp#27;[35m[Appium]&amp#27;[39m   DEPRECATION WARNING:
&amp#27;[35m[Appium]&amp#27;[39m 
&amp#27;[35m[Appium]&amp#27;[39m   The 'automationName' capability was not provided in the desired 
&amp#27;[35m[Appium]&amp#27;[39m   capabilities for this Android session
&amp#27;[35m[Appium]&amp#27;[39m 
&amp#27;[35m[Appium]&amp#27;[39m   Setting 'automationName=UiAutomator2' by default and using the 
&amp#27;[35m[Appium]&amp#27;[39m   UiAutomator2 Driver
&amp#27;[35m[Appium]&amp#27;[39m 
&amp#27;[35m[Appium]&amp#27;[39m   The next major version of Appium (2.x) will **require** the 
&amp#27;[35m[Appium]&amp#27;[39m   'automationName' capability to be set for all sessions on all 
&amp#27;[35m[Appium]&amp#27;[39m   platforms
&amp#27;[35m[Appium]&amp#27;[39m 
&amp#27;[35m[Appium]&amp#27;[39m   In previous versions (Appium <= 1.13.x), the default was 
&amp#27;[35m[Appium]&amp#27;[39m   'automationName=UiAutomator1'
&amp#27;[35m[Appium]&amp#27;[39m 
&amp#27;[35m[Appium]&amp#27;[39m   If you wish to use that automation instead of UiAutomator2, please 
&amp#27;[35m[Appium]&amp#27;[39m   add 'automationName=UiAutomator1' to your desired capabilities
&amp#27;[35m[Appium]&amp#27;[39m 
&amp#27;[35m[Appium]&amp#27;[39m   For more information about drivers, please visit 
&amp#27;[35m[Appium]&amp#27;[39m   http://appium.io/docs/en/about-appium/intro/ and explore the 
&amp#27;[35m[Appium]&amp#27;[39m   'Drivers' menu
&amp#27;[35m[Appium]&amp#27;[39m 
&amp#27;[35m[Appium]&amp#27;[39m ======================================================================
&amp#27;[35m[Appium]&amp#27;[39m 
&amp#27;[35m[Appium]&amp#27;[39m Appium v1.22.0 creating new AndroidUiautomator2Driver (v1.69.0) session
[debug] &amp#27;[35m[BaseDriver]&amp#27;[39m W3C capabilities and MJSONWP desired capabilities were provided
[debug] &amp#27;[35m[BaseDriver]&amp#27;[39m Creating session with W3C capabilities: {
[debug] &amp#27;[35m[BaseDriver]&amp#27;[39m   "alwaysMatch": {
[debug] &amp#27;[35m[BaseDriver]&amp#27;[39m     "platformName": "android",
[debug] &amp#27;[35m[BaseDriver]&amp#27;[39m     "appium:app": "./src/test/resources/MyAPP/ApiDemos-debug.apk",
[debug] &amp#27;[35m[BaseDriver]&amp#27;[39m     "appium:appActivity": ".ApiDemos",
[debug] &amp#27;[35m[BaseDriver]&amp#27;[39m     "appium:appPackage": "io.appium.android.apis",
[debug] &amp#27;[35m[BaseDriver]&amp#27;[39m     "appium:deviceName": "Android",
[debug] &amp#27;[35m[BaseDriver]&amp#27;[39m     "appium:platformVersion": "8.1"
[debug] &amp#27;[35m[BaseDriver]&amp#27;[39m   },
[debug] &amp#27;[35m[BaseDriver]&amp#27;[39m   "firstMatch": [
[debug] &amp#27;[35m[BaseDriver]&amp#27;[39m     {}
[debug] &amp#27;[35m[BaseDriver]&amp#27;[39m   ]
[debug] &amp#27;[35m[BaseDriver]&amp#27;[39m }
&amp#27;[35m[BaseDriver]&amp#27;[39m Session created with session id: 574eca1e-0f42-4ed6-8082-0d0dd95c1cd5
&amp#27;[35m[BaseDriver]&amp#27;[39m Using local app './src/test/resources/MyAPP/ApiDemos-debug.apk'
&amp#27;[35m[BaseDriver]&amp#27;[39m The current application path './src/test/resources/MyAPP/ApiDemos-debug.apk' is not absolute and has been rewritten to 'C:\Users\asifansari\eclipse-workspace\MyAppiumMavenAssignment\src\test\resources\MyAPP\ApiDemos-debug.apk'. Consider using absolute paths rather than relative
[debug] &amp#27;[35m[UiAutomator2]&amp#27;[39m Checking whether app is actually present
&amp#27;[35m[ADB]&amp#27;[39m Found 2 'build-tools' folders under 'C:\Users\asifansari\AppData\Local\Android\Sdk' (newest first):
&amp#27;[35m[ADB]&amp#27;[39m     C:/Users/asifansari/AppData/Local/Android/Sdk/build-tools/31.0.0
&amp#27;[35m[ADB]&amp#27;[39m     C:/Users/asifansari/AppData/Local/Android/Sdk/build-tools/30.0.2
&amp#27;[35m[ADB]&amp#27;[39m Using 'adb.exe' from 'C:\Users\asifansari\AppData\Local\Android\Sdk\platform-tools\adb.exe'
[debug] &amp#27;[35m[ADB]&amp#27;[39m Running 'C:\Users\asifansari\AppData\Local\Android\Sdk\platform-tools\adb.exe -P 5037 start-server'
&amp#27;[35m[AndroidDriver]&amp#27;[39m Retrieving device list
[debug] &amp#27;[35m[ADB]&amp#27;[39m Trying to find a connected android device
[debug] &amp#27;[35m[ADB]&amp#27;[39m Getting connected devices
[debug] &amp#27;[35m[ADB]&amp#27;[39m Connected devices: [{"udid":"emulator-5554","state":"device"}]
&amp#27;[35m[AndroidDriver]&amp#27;[39m Looking for a device with Android '8.1.0'
[debug] &amp#27;[35m[ADB]&amp#27;[39m Setting device id to emulator-5554
&amp#27;[35m[ADB]&amp#27;[39m Getting device platform version
[debug] &amp#27;[35m[ADB]&amp#27;[39m Running 'C:\Users\asifansari\AppData\Local\Android\Sdk\platform-tools\adb.exe -P 5037 -s emulator-5554 shell getprop ro.build.version.release'
[debug] &amp#27;[35m[ADB]&amp#27;[39m Current device property 'ro.build.version.release': 8.1.0
&amp#27;[35m[AndroidDriver]&amp#27;[39m Using device: emulator-5554
&amp#27;[35m[ADB]&amp#27;[39m Using 'adb.exe' from 'C:\Users\asifansari\AppData\Local\Android\Sdk\platform-tools\adb.exe'
[debug] &amp#27;[35m[ADB]&amp#27;[39m Running 'C:\Users\asifansari\AppData\Local\Android\Sdk\platform-tools\adb.exe -P 5037 start-server'
[debug] &amp#27;[35m[ADB]&amp#27;[39m Setting device id to emulator-5554
[debug] &amp#27;[35m[ADB]&amp#27;[39m Running 'C:\Users\asifansari\AppData\Local\Android\Sdk\platform-tools\adb.exe -P 5037 -s emulator-5554 shell getprop ro.build.version.sdk'
[debug] &amp#27;[35m[ADB]&amp#27;[39m Current device property 'ro.build.version.sdk': 27
[debug] &amp#27;[35m[ADB]&amp#27;[39m Device API level: 27
[debug] &amp#27;[35m[ADB]&amp#27;[39m Running 'C:\Users\asifansari\AppData\Local\Android\Sdk\platform-tools\adb.exe -P 5037 -s emulator-5554 wait-for-device'
[debug] &amp#27;[35m[ADB]&amp#27;[39m Running 'C:\Users\asifansari\AppData\Local\Android\Sdk\platform-tools\adb.exe -P 5037 -s emulator-5554 shell echo ping'
[debug] &amp#27;[35m[AndroidDriver]&amp#27;[39m Pushing settings apk to device...
[debug] &amp#27;[35m[ADB]&amp#27;[39m Getting install status for io.appium.settings
[debug] &amp#27;[35m[ADB]&amp#27;[39m Running 'C:\Users\asifansari\AppData\Local\Android\Sdk\platform-tools\adb.exe -P 5037 -s emulator-5554 shell dumpsys package io.appium.settings'
[debug] &amp#27;[35m[ADB]&amp#27;[39m 'io.appium.settings' is installed
[debug] &amp#27;[35m[ADB]&amp#27;[39m Getting package info for 'io.appium.settings'
[debug] &amp#27;[35m[ADB]&amp#27;[39m Running 'C:\Users\asifansari\AppData\Local\Android\Sdk\platform-tools\adb.exe -P 5037 -s emulator-5554 shell dumpsys package io.appium.settings'
[debug] &amp#27;[35m[ADB]&amp#27;[39m The version name of the installed 'io.appium.settings' is greater or equal to the application version name ('3.4.0' >= '3.4.0')
[debug] &amp#27;[35m[ADB]&amp#27;[39m There is no need to install/upgrade 'C:\Users\asifansari\AppData\Roaming\npm\node_modules\appium\node_modules\io.appium.settings\apks\settings_apk-debug.apk'
[debug] &amp#27;[35m[ADB]&amp#27;[39m Getting IDs of all 'io.appium.settings' processes
[debug] &amp#27;[35m[ADB]&amp#27;[39m Running 'C:\Users\asifansari\AppData\Local\Android\Sdk\platform-tools\adb.exe -P 5037 -s emulator-5554 shell 'pgrep --help; echo $?''
[debug] &amp#27;[35m[ADB]&amp#27;[39m Running 'C:\Users\asifansari\AppData\Local\Android\Sdk\platform-tools\adb.exe -P 5037 -s emulator-5554 shell pgrep -f \(\[\[:blank:\]\]\|\^\)io\.appium\.settings\(\[\[:blank:\]\]\|\$\)'
[debug] &amp#27;[35m[AndroidDriver]&amp#27;[39m io.appium.settings is already running. There is no need to reset its permissions.
[debug] &amp#27;[35m[Logcat]&amp#27;[39m Starting logs capture with command: C:\\Users\\asifansari\\AppData\\Local\\Android\\Sdk\\platform-tools\\adb.exe -P 5037 -s emulator-5554 logcat -v threadtime
[debug] &amp#27;[35m[UiAutomator2]&amp#27;[39m Forwarding UiAutomator2 Server port 6790 to local port 8200
[debug] &amp#27;[35m[ADB]&amp#27;[39m Forwarding system: 8200 to device: 6790
[debug] &amp#27;[35m[ADB]&amp#27;[39m Running 'C:\Users\asifansari\AppData\Local\Android\Sdk\platform-tools\adb.exe -P 5037 -s emulator-5554 forward tcp:8200 tcp:6790'
[debug] &amp#27;[35m[ADB]&amp#27;[39m Getting install status for io.appium.uiautomator2.server
[debug] &amp#27;[35m[ADB]&amp#27;[39m Running 'C:\Users\asifansari\AppData\Local\Android\Sdk\platform-tools\adb.exe -P 5037 -s emulator-5554 shell dumpsys package io.appium.uiautomator2.server'
[debug] &amp#27;[35m[ADB]&amp#27;[39m 'io.appium.uiautomator2.server' is installed
[debug] &amp#27;[35m[ADB]&amp#27;[39m Getting package info for 'io.appium.uiautomator2.server'
[debug] &amp#27;[35m[ADB]&amp#27;[39m Running 'C:\Users\asifansari\AppData\Local\Android\Sdk\platform-tools\adb.exe -P 5037 -s emulator-5554 shell dumpsys package io.appium.uiautomator2.server'
[debug] &amp#27;[35m[ADB]&amp#27;[39m The version name of the installed 'io.appium.uiautomator2.server' is greater or equal to the application version name ('4.24.0' >= '4.24.0')
[debug] &amp#27;[35m[UiAutomator2]&amp#27;[39m io.appium.uiautomator2.server installation state: sameVersionInstalled
[debug] &amp#27;[35m[ADB]&amp#27;[39m Checking app cert for C:\Users\asifansari\AppData\Roaming\npm\node_modules\appium\node_modules\appium-uiautomator2-server\apks\appium-uiautomator2-server-v4.24.0.apk
&amp#27;[35m[ADB]&amp#27;[39m Using 'apksigner.jar' from 'C:\Users\asifansari\AppData\Local\Android\Sdk\build-tools\31.0.0\lib\apksigner.jar'
[debug] &amp#27;[35m[ADB]&amp#27;[39m Starting apksigner: 'C:\\Program Files\\Java\\jdk-11.0.2\\bin\\java.exe' -Xmx1024M -Xss1m -jar C:\\Users\\asifansari\\AppData\\Local\\Android\\Sdk\\build-tools\\31.0.0\\lib\\apksigner.jar verify --print-certs C:\\Users\\asifansari\\AppData\\Roaming\\npm\\node_modules\\appium\\node_modules\\appium-uiautomator2-server\\apks\\appium-uiautomator2-server-v4.24.0.apk
[debug] &amp#27;[35m[ADB]&amp#27;[39m apksigner stdout: Signer #1 certificate DN: EMAILADDRESS=android@android.com, CN=Android, OU=Android, O=Android, L=Mountain View, ST=California, C=US
[debug] &amp#27;[35m[ADB]&amp#27;[39m Signer #1 certificate SHA-256 digest: a40da80a59d170caa950cf15c18c454d47a39b26989d8b640ecd745ba71bf5dc
[debug] &amp#27;[35m[ADB]&amp#27;[39m Signer #1 certificate SHA-1 digest: 61ed377e85d386a8dfee6b864bd85b0bfaa5af81
[debug] &amp#27;[35m[ADB]&amp#27;[39m Signer #1 certificate MD5 digest: e89b158e4bcf988ebd09eb83f5378e87
[debug] &amp#27;[35m[ADB]&amp#27;[39m 
[debug] &amp#27;[35m[ADB]&amp#27;[39m sha256 hash did match for 'appium-uiautomator2-server-v4.24.0.apk'
&amp#27;[35m[ADB]&amp#27;[39m 'C:\Users\asifansari\AppData\Roaming\npm\node_modules\appium\node_modules\appium-uiautomator2-server\apks\appium-uiautomator2-server-v4.24.0.apk' is signed with the default certificate
[debug] &amp#27;[35m[ADB]&amp#27;[39m Getting install status for io.appium.uiautomator2.server.test
[debug] &amp#27;[35m[ADB]&amp#27;[39m Running 'C:\Users\asifansari\AppData\Local\Android\Sdk\platform-tools\adb.exe -P 5037 -s emulator-5554 shell dumpsys package io.appium.uiautomator2.server.test'
[debug] &amp#27;[35m[ADB]&amp#27;[39m 'io.appium.uiautomator2.server.test' is installed
[debug] &amp#27;[35m[ADB]&amp#27;[39m Checking app cert for C:\Users\asifansari\AppData\Roaming\npm\node_modules\appium\node_modules\appium-uiautomator2-server\apks\appium-uiautomator2-server-debug-androidTest.apk
[debug] &amp#27;[35m[ADB]&amp#27;[39m Starting apksigner: 'C:\\Program Files\\Java\\jdk-11.0.2\\bin\\java.exe' -Xmx1024M -Xss1m -jar C:\\Users\\asifansari\\AppData\\Local\\Android\\Sdk\\build-tools\\31.0.0\\lib\\apksigner.jar verify --print-certs C:\\Users\\asifansari\\AppData\\Roaming\\npm\\node_modules\\appium\\node_modules\\appium-uiautomator2-server\\apks\\appium-uiautomator2-server-debug-androidTest.apk
[debug] &amp#27;[35m[ADB]&amp#27;[39m apksigner stdout: Signer #1 certificate DN: EMAILADDRESS=android@android.com, CN=Android, OU=Android, O=Android, L=Mountain View, ST=California, C=US
[debug] &amp#27;[35m[ADB]&amp#27;[39m Signer #1 certificate SHA-256 digest: a40da80a59d170caa950cf15c18c454d47a39b26989d8b640ecd745ba71bf5dc
[debug] &amp#27;[35m[ADB]&amp#27;[39m Signer #1 certificate SHA-1 digest: 61ed377e85d386a8dfee6b864bd85b0bfaa5af81
[debug] &amp#27;[35m[ADB]&amp#27;[39m Signer #1 certificate MD5 digest: e89b158e4bcf988ebd09eb83f5378e87
[debug] &amp#27;[35m[ADB]&amp#27;[39m 
[debug] &amp#27;[35m[ADB]&amp#27;[39m sha256 hash did match for 'appium-uiautomator2-server-debug-androidTest.apk'
&amp#27;[35m[ADB]&amp#27;[39m 'C:\Users\asifansari\AppData\Roaming\npm\node_modules\appium\node_modules\appium-uiautomator2-server\apks\appium-uiautomator2-server-debug-androidTest.apk' is signed with the default certificate
&amp#27;[35m[UiAutomator2]&amp#27;[39m Server packages are not going to be (re)installed
[debug] &amp#27;[35m[UiAutomator2]&amp#27;[39m Waiting up to 30000ms for services to be available
[debug] &amp#27;[35m[ADB]&amp#27;[39m Running 'C:\Users\asifansari\AppData\Local\Android\Sdk\platform-tools\adb.exe -P 5037 -s emulator-5554 shell pm list instrumentation'
[debug] &amp#27;[35m[UiAutomator2]&amp#27;[39m Instrumentation target 'io.appium.uiautomator2.server.test/androidx.test.runner.AndroidJUnitRunner' is available
&amp#27;[35m[ADB]&amp#27;[39m Adding packages ["io.appium.settings","io.appium.uiautomator2.server","io.appium.uiautomator2.server.test"] to Doze whitelist
[debug] &amp#27;[35m[ADB]&amp#27;[39m Got the following command chunks to execute: [["dumpsys","deviceidle","whitelist","+io.appium.settings",";","dumpsys","deviceidle","whitelist","+io.appium.uiautomator2.server",";","dumpsys","deviceidle","whitelist","+io.appium.uiautomator2.server.test",";"]]
[debug] &amp#27;[35m[ADB]&amp#27;[39m Running 'C:\Users\asifansari\AppData\Local\Android\Sdk\platform-tools\adb.exe -P 5037 -s emulator-5554 shell dumpsys deviceidle whitelist +io.appium.settings ; dumpsys deviceidle whitelist +io.appium.uiautomator2.server ; dumpsys deviceidle whitelist +io.appium.uiautomator2.server.test ;'
[debug] &amp#27;[35m[ADB]&amp#27;[39m Checking app cert for C:\Users\asifansari\eclipse-workspace\MyAppiumMavenAssignment\src\test\resources\MyAPP\ApiDemos-debug.apk
[debug] &amp#27;[35m[ADB]&amp#27;[39m Starting apksigner: 'C:\\Program Files\\Java\\jdk-11.0.2\\bin\\java.exe' -Xmx1024M -Xss1m -jar C:\\Users\\asifansari\\AppData\\Local\\Android\\Sdk\\build-tools\\31.0.0\\lib\\apksigner.jar verify --print-certs C:\\Users\\asifansari\\eclipse-workspace\\MyAppiumMavenAssignment\\src\\test\\resources\\MyAPP\\ApiDemos-debug.apk
[debug] &amp#27;[35m[ADB]&amp#27;[39m apksigner stdout: Signer #1 certificate DN: EMAILADDRESS=android@android.com, CN=Android, OU=Android, O=Android, L=Mountain View, ST=California, C=US
[debug] &amp#27;[35m[ADB]&amp#27;[39m Signer #1 certificate SHA-256 digest: a40da80a59d170caa950cf15c18c454d47a39b26989d8b640ecd745ba71bf5dc
[debug] &amp#27;[35m[ADB]&amp#27;[39m Signer #1 certificate SHA-1 digest: 61ed377e85d386a8dfee6b864bd85b0bfaa5af81
[debug] &amp#27;[35m[ADB]&amp#27;[39m Signer #1 certificate MD5 digest: e89b158e4bcf988ebd09eb83f5378e87
[debug] &amp#27;[35m[ADB]&amp#27;[39m 
[debug] &amp#27;[35m[ADB]&amp#27;[39m sha256 hash did match for 'ApiDemos-debug.apk'
&amp#27;[35m[ADB]&amp#27;[39m 'C:\Users\asifansari\eclipse-workspace\MyAppiumMavenAssignment\src\test\resources\MyAPP\ApiDemos-debug.apk' is signed with the default certificate
[debug] &amp#27;[35m[ADB]&amp#27;[39m Getting install status for io.appium.android.apis
[debug] &amp#27;[35m[ADB]&amp#27;[39m Running 'C:\Users\asifansari\AppData\Local\Android\Sdk\platform-tools\adb.exe -P 5037 -s emulator-5554 shell dumpsys package io.appium.android.apis'
[debug] &amp#27;[35m[ADB]&amp#27;[39m 'io.appium.android.apis' is installed
[debug] &amp#27;[35m[ADB]&amp#27;[39m Getting package info for 'io.appium.android.apis'
[debug] &amp#27;[35m[ADB]&amp#27;[39m Running 'C:\Users\asifansari\AppData\Local\Android\Sdk\platform-tools\adb.exe -P 5037 -s emulator-5554 shell dumpsys package io.appium.android.apis'
&amp#27;[35m[ADB]&amp#27;[39m Cannot read version codes of 'C:\Users\asifansari\eclipse-workspace\MyAppiumMavenAssignment\src\test\resources\MyAPP\ApiDemos-debug.apk' and/or 'io.appium.android.apis'
&amp#27;[35m[ADB]&amp#27;[39m Cannot read version names of 'C:\Users\asifansari\eclipse-workspace\MyAppiumMavenAssignment\src\test\resources\MyAPP\ApiDemos-debug.apk' and/or 'io.appium.android.apis'
[debug] &amp#27;[35m[ADB]&amp#27;[39m The current install state of 'C:\Users\asifansari\eclipse-workspace\MyAppiumMavenAssignment\src\test\resources\MyAPP\ApiDemos-debug.apk' is unknown. Installing anyway
[debug] &amp#27;[35m[ADB]&amp#27;[39m Running 'C:\Users\asifansari\AppData\Local\Android\Sdk\platform-tools\adb.exe -P 5037 -s emulator-5554 help'
[debug] &amp#27;[35m[ADB]&amp#27;[39m Running 'C:\Users\asifansari\AppData\Local\Android\Sdk\platform-tools\adb.exe -P 5037 -s emulator-5554 features'
&amp#27;[35m[ADB]&amp#27;[39m The application at 'C:\Users\asifansari\eclipse-workspace\MyAppiumMavenAssignment\src\test\resources\MyAPP\ApiDemos-debug.apk' will not be cached, because the device under test has confirmed the support of streamed installs
[debug] &amp#27;[35m[ADB]&amp#27;[39m Running 'C:\Users\asifansari\AppData\Local\Android\Sdk\platform-tools\adb.exe -P 5037 -s emulator-5554 install -r C:\Users\asifansari\eclipse-workspace\MyAppiumMavenAssignment\src\test\resources\MyAPP\ApiDemos-debug.apk'
&amp#27;[35m[ADB]&amp#27;[39m The installation of 'ApiDemos-debug.apk' took 656ms
[debug] &amp#27;[35m[ADB]&amp#27;[39m Install command stdout: Performing Streamed Install
[debug] &amp#27;[35m[ADB]&amp#27;[39m Success
&amp#27;[35m[AndroidDriver]&amp#27;[39m Performing fast reset on 'io.appium.android.apis'
[debug] &amp#27;[35m[ADB]&amp#27;[39m Getting install status for io.appium.android.apis
[debug] &amp#27;[35m[ADB]&amp#27;[39m Running 'C:\Users\asifansari\AppData\Local\Android\Sdk\platform-tools\adb.exe -P 5037 -s emulator-5554 shell dumpsys package io.appium.android.apis'
[debug] &amp#27;[35m[ADB]&amp#27;[39m 'io.appium.android.apis' is installed
[debug] &amp#27;[35m[ADB]&amp#27;[39m Running 'C:\Users\asifansari\AppData\Local\Android\Sdk\platform-tools\adb.exe -P 5037 -s emulator-5554 shell am force-stop io.appium.android.apis'
[debug] &amp#27;[35m[ADB]&amp#27;[39m Running 'C:\Users\asifansari\AppData\Local\Android\Sdk\platform-tools\adb.exe -P 5037 -s emulator-5554 shell pm clear io.appium.android.apis'
[debug] &amp#27;[35m[AndroidDriver]&amp#27;[39m Performed fast reset on the installed 'io.appium.android.apis' application (stop and clear)
[debug] &amp#27;[35m[UiAutomator2]&amp#27;[39m Performing shallow cleanup of automation leftovers
[debug] &amp#27;[35m[UiAutomator2]&amp#27;[39m No obsolete sessions have been detected (socket hang up)
[debug] &amp#27;[35m[ADB]&amp#27;[39m Running 'C:\Users\asifansari\AppData\Local\Android\Sdk\platform-tools\adb.exe -P 5037 -s emulator-5554 shell am force-stop io.appium.uiautomator2.server.test'
&amp#27;[35m[UiAutomator2]&amp#27;[39m Starting UIAutomator2 server 4.24.0
&amp#27;[35m[UiAutomator2]&amp#27;[39m Using UIAutomator2 server from 'C:\Users\asifansari\AppData\Roaming\npm\node_modules\appium\node_modules\appium-uiautomator2-server\apks\appium-uiautomator2-server-v4.24.0.apk' and test from 'C:\Users\asifansari\AppData\Roaming\npm\node_modules\appium\node_modules\appium-uiautomator2-server\apks\appium-uiautomator2-server-debug-androidTest.apk'
&amp#27;[35m[UiAutomator2]&amp#27;[39m Waiting up to 30000ms for UiAutomator2 to be online...
[debug] &amp#27;[35m[ADB]&amp#27;[39m Creating ADB subprocess with args: ["-P",5037,"-s","emulator-5554","shell","am","instrument","-w","-e","disableAnalytics",true,"io.appium.uiautomator2.server.test/androidx.test.runner.AndroidJUnitRunner"]
[debug] &amp#27;[35m[WD Proxy]&amp#27;[39m Matched '/status' to command name 'getStatus'
[debug] &amp#27;[35m[WD Proxy]&amp#27;[39m Proxying [GET /status] to [GET http://127.0.0.1:8200/wd/hub/status] with no body
&amp#27;[35m[WD Proxy]&amp#27;[39m socket hang up
[debug] &amp#27;[35m[Instrumentation]&amp#27;[39m io.appium.uiautomator2.server.test.AppiumUiAutomator2Server:
[debug] &amp#27;[35m[WD Proxy]&amp#27;[39m Matched '/status' to command name 'getStatus'
[debug] &amp#27;[35m[WD Proxy]&amp#27;[39m Proxying [GET /status] to [GET http://127.0.0.1:8200/wd/hub/status] with no body
&amp#27;[35m[WD Proxy]&amp#27;[39m socket hang up
[debug] &amp#27;[35m[WD Proxy]&amp#27;[39m Matched '/status' to command name 'getStatus'
[debug] &amp#27;[35m[WD Proxy]&amp#27;[39m Proxying [GET /status] to [GET http://127.0.0.1:8200/wd/hub/status] with no body
[debug] &amp#27;[35m[WD Proxy]&amp#27;[39m Got response with status 200: {"sessionId":"None","value":{"message":"UiAutomator2 Server is ready to accept commands","ready":true}}
[debug] &amp#27;[35m[UiAutomator2]&amp#27;[39m The initialization of the instrumentation process took 2226ms
[debug] &amp#27;[35m[WD Proxy]&amp#27;[39m Matched '/session' to command name 'createSession'
[debug] &amp#27;[35m[WD Proxy]&amp#27;[39m Proxying [POST /session] to [POST http://127.0.0.1:8200/wd/hub/session] with body: {"capabilities":{"firstMatch":[{"platform":"LINUX","webStorageEnabled":false,"takesScreenshot":true,"javascriptEnabled":true,"databaseEnabled":false,"networkConnectionEnabled":true,"locationContextEnabled":false,"warnings":{},"desired":{"platformName":"android","app":"./src/test/resources/MyAPP/ApiDemos-debug.apk","appActivity":".ApiDemos","appPackage":"io.appium.android.apis","deviceName":"Android","platformVersion":"8.1"},"platformName":"android","app":"./src/test/resources/MyAPP/ApiDemos-debug.apk","appActivity":".ApiDemos","appPackage":"io.appium.android.apis","deviceName":"emulator-5554","platformVersion":"8.1","deviceUDID":"emulator-5554"}],"alwaysMatch":{}}}
[debug] &amp#27;[35m[WD Proxy]&amp#27;[39m Got response with status 200: {"sessionId":"60bc8183-fb36-4f4d-818c-72b0299f5f13","value":{"capabilities":{"firstMatch":[{"platform":"LINUX","webStorageEnabled":false,"takesScreenshot":true,"javascriptEnabled":true,"databaseEnabled":false,"networkConnectionEnabled":true,"locationContextEnabled":false,"warnings":{},"desired":{"platformName":"android","app":"./src/test/resources/MyAPP/ApiDemos-debug.apk","appActivity":".ApiDemos","appPackage":"io.appium.android.apis","deviceName":"Android","platformVersion":"8.1"},"platformName":"android","app":"./src/test/resources/MyAPP/ApiDemos-debug.apk","appActivity":".ApiDemos","appPackage":"io.appium.android.apis","deviceName":"emulator-5554","platformVersion":"8.1","deviceUDID":"emulator-5554"}],"alwaysMatch":{}},"sessionId":"60bc8183-fb36-4f4d-818c-72b0299f5f13"}}
&amp#27;[35m[WD Proxy]&amp#27;[39m Determined the downstream protocol as 'W3C'
[debug] &amp#27;[35m[WD Proxy]&amp#27;[39m Proxying [GET /appium/device/info] to [GET http://127.0.0.1:8200/wd/hub/session/60bc8183-fb36-4f4d-818c-72b0299f5f13/appium/device/info] with no body
[debug] &amp#27;[35m[WD Proxy]&amp#27;[39m Got response with status 200: {"sessionId":"60bc8183-fb36-4f4d-818c-72b0299f5f13","value":{"androidId":"de14fad231487cce","apiVersion":"27","bluetooth":null,"brand":"google","carrierName":"Android","displayDensity":420,"locale":"en_US","manufacturer":"Google","model":"Android SDK built for x86","networks":[{"capabilities":{"SSID":null,"linkDownBandwidthKbps":102400,"linkUpstreamBandwidthKbps":51200,"networkCapabilities":"NET_CAPABILITY_MMS,NET_CAPABILITY_SUPL,NET_CAPABILITY_DUN,NET_CAPABILITY_FOTA,NET_CAPABILITY_IMS,NET_CAPABILITY_CBS,NET_CAPABILITY_IA,NET_CAPABILITY_INTERNET,NET_CAPABILITY_NOT_RESTRICTED,NET_CAPABILITY_TRUSTED,NET_CAPABILITY_NOT_VPN,NET_CAPABILITY_VALIDATED","signalStrength":-2147483648,"transportTypes":"TRANSPORT_CELLULAR"},"detailedState":"CONNECTED","extraInfo":"epc.tmobile.com","isAvailable":true,"isConnected":true,"isFailover":false,"isRoaming":false,"state":"CONNECTED","subtype":13,"subtypeName":"LTE","type":0,"typeName":"MOBILE"},{"capabilities":{"SSID":null,"linkDownBandwidthKbps":1048576,"linkUpstreamBandwidt...
[debug] &amp#27;[35m[ADB]&amp#27;[39m Running 'C:\Users\asifansari\AppData\Local\Android\Sdk\platform-tools\adb.exe -P 5037 -s emulator-5554 shell dumpsys window'
&amp#27;[35m[AndroidDriver]&amp#27;[39m Screen already unlocked, doing nothing
&amp#27;[35m[UiAutomator2]&amp#27;[39m Starting 'io.appium.android.apis/.ApiDemos and waiting for 'io.appium.android.apis/.ApiDemos'
[debug] &amp#27;[35m[ADB]&amp#27;[39m Running 'C:\Users\asifansari\AppData\Local\Android\Sdk\platform-tools\adb.exe -P 5037 -s emulator-5554 shell am start -W -n io.appium.android.apis/.ApiDemos -S -a android.intent.action.MAIN -c android.intent.category.LAUNCHER -f 0x10200000'
[debug] &amp#27;[35m[WD Proxy]&amp#27;[39m Proxying [GET /appium/device/pixel_ratio] to [GET http://127.0.0.1:8200/wd/hub/session/60bc8183-fb36-4f4d-818c-72b0299f5f13/appium/device/pixel_ratio] with no body
[debug] &amp#27;[35m[WD Proxy]&amp#27;[39m Got response with status 200: {"sessionId":"60bc8183-fb36-4f4d-818c-72b0299f5f13","value":2.625}
[debug] &amp#27;[35m[WD Proxy]&amp#27;[39m Matched '/appium/device/system_bars' to command name 'getSystemBars'
[debug] &amp#27;[35m[WD Proxy]&amp#27;[39m Proxying [GET /appium/device/system_bars] to [GET http://127.0.0.1:8200/wd/hub/session/60bc8183-fb36-4f4d-818c-72b0299f5f13/appium/device/system_bars] with no body
[debug] &amp#27;[35m[WD Proxy]&amp#27;[39m Got response with status 200: {"sessionId":"60bc8183-fb36-4f4d-818c-72b0299f5f13","value":{"statusBar":63}}
[debug] &amp#27;[35m[WD Proxy]&amp#27;[39m Matched '/window/current/size' to command name 'getWindowSize'
[debug] &amp#27;[35m[WD Proxy]&amp#27;[39m Proxying [GET /window/current/size] to [GET http://127.0.0.1:8200/wd/hub/session/60bc8183-fb36-4f4d-818c-72b0299f5f13/window/current/size] with no body
[debug] &amp#27;[35m[WD Proxy]&amp#27;[39m Got response with status 200: {"sessionId":"60bc8183-fb36-4f4d-818c-72b0299f5f13","value":{"height":1794,"width":1080}}
&amp#27;[35m[Appium]&amp#27;[39m New AndroidUiautomator2Driver session created successfully, session 574eca1e-0f42-4ed6-8082-0d0dd95c1cd5 added to master session list
[debug] &amp#27;[35m[BaseDriver]&amp#27;[39m Event 'newSessionStarted' logged at 1640106477608 (22:37:57 GMT+0530 (India Standard Time))
[debug] &amp#27;[35m[W3C (574eca1e)]&amp#27;[39m Cached the protocol value 'W3C' for the new session 574eca1e-0f42-4ed6-8082-0d0dd95c1cd5
[debug] &amp#27;[35m[W3C (574eca1e)]&amp#27;[39m Responding to client with driver.createSession() result: {"capabilities":{"platform":"LINUX","webStorageEnabled":false,"takesScreenshot":true,"javascriptEnabled":true,"databaseEnabled":false,"networkConnectionEnabled":true,"locationContextEnabled":false,"warnings":{},"desired":{"platformName":"android","app":"./src/test/resources/MyAPP/ApiDemos-debug.apk","appActivity":".ApiDemos","appPackage":"io.appium.android.apis","deviceName":"Android","platformVersion":"8.1"},"platformName":"android","app":"./src/test/resources/MyAPP/ApiDemos-debug.apk","appActivity":".ApiDemos","appPackage":"io.appium.android.apis","deviceName":"emulator-5554","platformVersion":"8.1.0","deviceUDID":"emulator-5554","deviceApiLevel":27,"deviceScreenSize":"1080x1920","deviceScreenDensity":420,"deviceModel":"Android SDK built for x86","deviceManufacturer":"Google","pixelRatio":2.625,"statBarHeight":63,"viewportRect":{"left":0,"top":63,"width":1080,"height":1731}}}
&amp#27;[35m[HTTP]&amp#27;[39m &amp#27;[37m<-- POST /wd/hub/session &amp#27;[39m&amp#27;[32m200&amp#27;[39m &amp#27;[90m8172 ms - 951&amp#27;[39m
&amp#27;[35m[HTTP]&amp#27;[39m &amp#27;[90m&amp#27;[39m
&amp#27;[35m[HTTP]&amp#27;[39m &amp#27;[37m-->&amp#27;[39m &amp#27;[37mGET&amp#27;[39m &amp#27;[37m/wd/hub/session/574eca1e-0f42-4ed6-8082-0d0dd95c1cd5&amp#27;[39m
&amp#27;[35m[HTTP]&amp#27;[39m &amp#27;[90m{}&amp#27;[39m
[debug] &amp#27;[35m[W3C (574eca1e)]&amp#27;[39m Calling AppiumDriver.getSession() with args: ["574eca1e-0f42-4ed6-8082-0d0dd95c1cd5"]
[debug] &amp#27;[35m[UiAutomator2]&amp#27;[39m Getting session details from server to mix in
[debug] &amp#27;[35m[WD Proxy]&amp#27;[39m Matched '/' to command name 'getSession'
[debug] &amp#27;[35m[WD Proxy]&amp#27;[39m Proxying [GET /] to [GET http://127.0.0.1:8200/wd/hub/session/60bc8183-fb36-4f4d-818c-72b0299f5f13] with no body
[debug] &amp#27;[35m[WD Proxy]&amp#27;[39m Got response with status 200: {"sessionId":"60bc8183-fb36-4f4d-818c-72b0299f5f13","value":{"lastScrollData":null}}
[debug] &amp#27;[35m[W3C (574eca1e)]&amp#27;[39m Responding to client with driver.getSession() result: {"platform":"LINUX","webStorageEnabled":false,"takesScreenshot":true,"javascriptEnabled":true,"databaseEnabled":false,"networkConnectionEnabled":true,"locationContextEnabled":false,"warnings":{},"desired":{"platformName":"android","app":"./src/test/resources/MyAPP/ApiDemos-debug.apk","appActivity":".ApiDemos","appPackage":"io.appium.android.apis","deviceName":"Android","platformVersion":"8.1"},"platformName":"android","app":"./src/test/resources/MyAPP/ApiDemos-debug.apk","appActivity":".ApiDemos","appPackage":"io.appium.android.apis","deviceName":"emulator-5554","platformVersion":"8.1.0","deviceUDID":"emulator-5554","deviceApiLevel":27,"deviceScreenSize":"1080x1920","deviceScreenDensity":420,"deviceModel":"Android SDK built for x86","deviceManufacturer":"Google","pixelRatio":2.625,"statBarHeight":63,"viewportRect":{"left":0,"top":63,"width":1080,"height":1731},"lastScrollData":null}
&amp#27;[35m[HTTP]&amp#27;[39m &amp#27;[37m<-- GET /wd/hub/session/574eca1e-0f42-4ed6-8082-0d0dd95c1cd5 &amp#27;[39m&amp#27;[32m200&amp#27;[39m &amp#27;[90m19 ms - 905&amp#27;[39m
&amp#27;[35m[HTTP]&amp#27;[39m &amp#27;[90m&amp#27;[39m
&amp#27;[35m[HTTP]&amp#27;[39m &amp#27;[37m-->&amp#27;[39m &amp#27;[37mGET&amp#27;[39m &amp#27;[37m/wd/hub/session/574eca1e-0f42-4ed6-8082-0d0dd95c1cd5&amp#27;[39m
&amp#27;[35m[HTTP]&amp#27;[39m &amp#27;[90m{}&amp#27;[39m
[debug] &amp#27;[35m[W3C (574eca1e)]&amp#27;[39m Calling AppiumDriver.getSession() with args: ["574eca1e-0f42-4ed6-8082-0d0dd95c1cd5"]
[debug] &amp#27;[35m[UiAutomator2]&amp#27;[39m Getting session details from server to mix in
[debug] &amp#27;[35m[WD Proxy]&amp#27;[39m Matched '/' to command name 'getSession'
[debug] &amp#27;[35m[WD Proxy]&amp#27;[39m Proxying [GET /] to [GET http://127.0.0.1:8200/wd/hub/session/60bc8183-fb36-4f4d-818c-72b0299f5f13] with no body
[debug] &amp#27;[35m[WD Proxy]&amp#27;[39m Got response with status 200: {"sessionId":"60bc8183-fb36-4f4d-818c-72b0299f5f13","value":{"lastScrollData":null}}
[debug] &amp#27;[35m[W3C (574eca1e)]&amp#27;[39m Responding to client with driver.getSession() result: {"platform":"LINUX","webStorageEnabled":false,"takesScreenshot":true,"javascriptEnabled":true,"databaseEnabled":false,"networkConnectionEnabled":true,"locationContextEnabled":false,"warnings":{},"desired":{"platformName":"android","app":"./src/test/resources/MyAPP/ApiDemos-debug.apk","appActivity":".ApiDemos","appPackage":"io.appium.android.apis","deviceName":"Android","platformVersion":"8.1"},"platformName":"android","app":"./src/test/resources/MyAPP/ApiDemos-debug.apk","appActivity":".ApiDemos","appPackage":"io.appium.android.apis","deviceName":"emulator-5554","platformVersion":"8.1.0","deviceUDID":"emulator-5554","deviceApiLevel":27,"deviceScreenSize":"1080x1920","deviceScreenDensity":420,"deviceModel":"Android SDK built for x86","deviceManufacturer":"Google","pixelRatio":2.625,"statBarHeight":63,"viewportRect":{"left":0,"top":63,"width":1080,"height":1731},"lastScrollData":null}
&amp#27;[35m[HTTP]&amp#27;[39m &amp#27;[37m<-- GET /wd/hub/session/574eca1e-0f42-4ed6-8082-0d0dd95c1cd5 &amp#27;[39m&amp#27;[32m200&amp#27;[39m &amp#27;[90m25 ms - 905&amp#27;[39m
&amp#27;[35m[HTTP]&amp#27;[39m &amp#27;[90m&amp#27;[39m
&amp#27;[35m[HTTP]&amp#27;[39m &amp#27;[37m-->&amp#27;[39m &amp#27;[37mPOST&amp#27;[39m &amp#27;[37m/wd/hub/session/574eca1e-0f42-4ed6-8082-0d0dd95c1cd5/timeouts&amp#27;[39m
&amp#27;[35m[HTTP]&amp#27;[39m &amp#27;[90m{"implicit":120000}&amp#27;[39m
[debug] &amp#27;[35m[W3C (574eca1e)]&amp#27;[39m Calling AppiumDriver.timeouts() with args: [null,null,null,null,120000,"574eca1e-0f42-4ed6-8082-0d0dd95c1cd5"]
[debug] &amp#27;[35m[BaseDriver]&amp#27;[39m W3C timeout argument: {"implicit":120000}}
[debug] &amp#27;[35m[BaseDriver]&amp#27;[39m Set implicit wait to 120000ms
[debug] &amp#27;[35m[W3C (574eca1e)]&amp#27;[39m Responding to client with driver.timeouts() result: null
&amp#27;[35m[HTTP]&amp#27;[39m &amp#27;[37m<-- POST /wd/hub/session/574eca1e-0f42-4ed6-8082-0d0dd95c1cd5/timeouts &amp#27;[39m&amp#27;[32m200&amp#27;[39m &amp#27;[90m5 ms - 14&amp#27;[39m
&amp#27;[35m[HTTP]&amp#27;[39m &amp#27;[90m&amp#27;[39m
****Now user is inside the application *****
[INFO ] 2021-12-21 22:37:57.684 [main] AnimationFuncSteps - #~#~#~ Application has open to run a new test ~#~#~#
&amp#27;[35m[HTTP]&amp#27;[39m &amp#27;[37m-->&amp#27;[39m &amp#27;[37mGET&amp#27;[39m &amp#27;[37m/wd/hub/session/574eca1e-0f42-4ed6-8082-0d0dd95c1cd5&amp#27;[39m
&amp#27;[35m[HTTP]&amp#27;[39m &amp#27;[90m{}&amp#27;[39m
[debug] &amp#27;[35m[W3C (574eca1e)]&amp#27;[39m Calling AppiumDriver.getSession() with args: ["574eca1e-0f42-4ed6-8082-0d0dd95c1cd5"]
[debug] &amp#27;[35m[UiAutomator2]&amp#27;[39m Getting session details from server to mix in
[debug] &amp#27;[35m[WD Proxy]&amp#27;[39m Matched '/' to command name 'getSession'
[debug] &amp#27;[35m[WD Proxy]&amp#27;[39m Proxying [GET /] to [GET http://127.0.0.1:8200/wd/hub/session/60bc8183-fb36-4f4d-818c-72b0299f5f13] with no body
[debug] &amp#27;[35m[WD Proxy]&amp#27;[39m Got response with status 200: {"sessionId":"60bc8183-fb36-4f4d-818c-72b0299f5f13","value":{"lastScrollData":null}}
[debug] &amp#27;[35m[W3C (574eca1e)]&amp#27;[39m Responding to client with driver.getSession() result: {"platform":"LINUX","webStorageEnabled":false,"takesScreenshot":true,"javascriptEnabled":true,"databaseEnabled":false,"networkConnectionEnabled":true,"locationContextEnabled":false,"warnings":{},"desired":{"platformName":"android","app":"./src/test/resources/MyAPP/ApiDemos-debug.apk","appActivity":".ApiDemos","appPackage":"io.appium.android.apis","deviceName":"Android","platformVersion":"8.1"},"platformName":"android","app":"./src/test/resources/MyAPP/ApiDemos-debug.apk","appActivity":".ApiDemos","appPackage":"io.appium.android.apis","deviceName":"emulator-5554","platformVersion":"8.1.0","deviceUDID":"emulator-5554","deviceApiLevel":27,"deviceScreenSize":"1080x1920","deviceScreenDensity":420,"deviceModel":"Android SDK built for x86","deviceManufacturer":"Google","pixelRatio":2.625,"statBarHeight":63,"viewportRect":{"left":0,"top":63,"width":1080,"height":1731},"lastScrollData":null}
&amp#27;[35m[HTTP]&amp#27;[39m &amp#27;[37m<-- GET /wd/hub/session/574eca1e-0f42-4ed6-8082-0d0dd95c1cd5 &amp#27;[39m&amp#27;[32m200&amp#27;[39m &amp#27;[90m21 ms - 905&amp#27;[39m
&amp#27;[35m[HTTP]&amp#27;[39m &amp#27;[90m&amp#27;[39m
&amp#27;[35m[HTTP]&amp#27;[39m &amp#27;[37m-->&amp#27;[39m &amp#27;[37mGET&amp#27;[39m &amp#27;[37m/wd/hub/session/574eca1e-0f42-4ed6-8082-0d0dd95c1cd5&amp#27;[39m
&amp#27;[35m[HTTP]&amp#27;[39m &amp#27;[90m{}&amp#27;[39m
[debug] &amp#27;[35m[W3C (574eca1e)]&amp#27;[39m Calling AppiumDriver.getSession() with args: ["574eca1e-0f42-4ed6-8082-0d0dd95c1cd5"]
[debug] &amp#27;[35m[UiAutomator2]&amp#27;[39m Getting session details from server to mix in
[debug] &amp#27;[35m[WD Proxy]&amp#27;[39m Matched '/' to command name 'getSession'
[debug] &amp#27;[35m[WD Proxy]&amp#27;[39m Proxying [GET /] to [GET http://127.0.0.1:8200/wd/hub/session/60bc8183-fb36-4f4d-818c-72b0299f5f13] with no body
[debug] &amp#27;[35m[WD Proxy]&amp#27;[39m Got response with status 200: {"sessionId":"60bc8183-fb36-4f4d-818c-72b0299f5f13","value":{"lastScrollData":null}}
[debug] &amp#27;[35m[W3C (574eca1e)]&amp#27;[39m Responding to client with driver.getSession() result: {"platform":"LINUX","webStorageEnabled":false,"takesScreenshot":true,"javascriptEnabled":true,"databaseEnabled":false,"networkConnectionEnabled":true,"locationContextEnabled":false,"warnings":{},"desired":{"platformName":"android","app":"./src/test/resources/MyAPP/ApiDemos-debug.apk","appActivity":".ApiDemos","appPackage":"io.appium.android.apis","deviceName":"Android","platformVersion":"8.1"},"platformName":"android","app":"./src/test/resources/MyAPP/ApiDemos-debug.apk","appActivity":".ApiDemos","appPackage":"io.appium.android.apis","deviceName":"emulator-5554","platformVersion":"8.1.0","deviceUDID":"emulator-5554","deviceApiLevel":27,"deviceScreenSize":"1080x1920","deviceScreenDensity":420,"deviceModel":"Android SDK built for x86","deviceManufacturer":"Google","pixelRatio":2.625,"statBarHeight":63,"viewportRect":{"left":0,"top":63,"width":1080,"height":1731},"lastScrollData":null}
&amp#27;[35m[HTTP]&amp#27;[39m &amp#27;[37m<-- GET /wd/hub/session/574eca1e-0f42-4ed6-8082-0d0dd95c1cd5 &amp#27;[39m&amp#27;[32m200&amp#27;[39m &amp#27;[90m16 ms - 905&amp#27;[39m
&amp#27;[35m[HTTP]&amp#27;[39m &amp#27;[90m&amp#27;[39m
&amp#27;[35m[HTTP]&amp#27;[39m &amp#27;[37m-->&amp#27;[39m &amp#27;[37mGET&amp#27;[39m &amp#27;[37m/wd/hub/session/574eca1e-0f42-4ed6-8082-0d0dd95c1cd5&amp#27;[39m
&amp#27;[35m[HTTP]&amp#27;[39m &amp#27;[90m{}&amp#27;[39m
[debug] &amp#27;[35m[W3C (574eca1e)]&amp#27;[39m Calling AppiumDriver.getSession() with args: ["574eca1e-0f42-4ed6-8082-0d0dd95c1cd5"]
[debug] &amp#27;[35m[UiAutomator2]&amp#27;[39m Getting session details from server to mix in
[debug] &amp#27;[35m[WD Proxy]&amp#27;[39m Matched '/' to command name 'getSession'
[debug] &amp#27;[35m[WD Proxy]&amp#27;[39m Proxying [GET /] to [GET http://127.0.0.1:8200/wd/hub/session/60bc8183-fb36-4f4d-818c-72b0299f5f13] with no body
[debug] &amp#27;[35m[WD Proxy]&amp#27;[39m Got response with status 200: {"sessionId":"60bc8183-fb36-4f4d-818c-72b0299f5f13","value":{"lastScrollData":null}}
[debug] &amp#27;[35m[W3C (574eca1e)]&amp#27;[39m Responding to client with driver.getSession() result: {"platform":"LINUX","webStorageEnabled":false,"takesScreenshot":true,"javascriptEnabled":true,"databaseEnabled":false,"networkConnectionEnabled":true,"locationContextEnabled":false,"warnings":{},"desired":{"platformName":"android","app":"./src/test/resources/MyAPP/ApiDemos-debug.apk","appActivity":".ApiDemos","appPackage":"io.appium.android.apis","deviceName":"Android","platformVersion":"8.1"},"platformName":"android","app":"./src/test/resources/MyAPP/ApiDemos-debug.apk","appActivity":".ApiDemos","appPackage":"io.appium.android.apis","deviceName":"emulator-5554","platformVersion":"8.1.0","deviceUDID":"emulator-5554","deviceApiLevel":27,"deviceScreenSize":"1080x1920","deviceScreenDensity":420,"deviceModel":"Android SDK built for x86","deviceManufacturer":"Google","pixelRatio":2.625,"statBarHeight":63,"viewportRect":{"left":0,"top":63,"width":1080,"height":1731},"lastScrollData":null}
&amp#27;[35m[HTTP]&amp#27;[39m &amp#27;[37m<-- GET /wd/hub/session/574eca1e-0f42-4ed6-8082-0d0dd95c1cd5 &amp#27;[39m&amp#27;[32m200&amp#27;[39m &amp#27;[90m16 ms - 905&amp#27;[39m
&amp#27;[35m[HTTP]&amp#27;[39m &amp#27;[90m&amp#27;[39m
&amp#27;[35m[HTTP]&amp#27;[39m &amp#27;[37m-->&amp#27;[39m &amp#27;[37mPOST&amp#27;[39m &amp#27;[37m/wd/hub/session/574eca1e-0f42-4ed6-8082-0d0dd95c1cd5/element&amp#27;[39m
&amp#27;[35m[HTTP]&amp#27;[39m &amp#27;[90m{"using":"accessibility id","value":"Animation"}&amp#27;[39m
[debug] &amp#27;[35m[W3C (574eca1e)]&amp#27;[39m Calling AppiumDriver.findElement() with args: ["accessibility id","Animation","574eca1e-0f42-4ed6-8082-0d0dd95c1cd5"]
[debug] &amp#27;[35m[BaseDriver]&amp#27;[39m Valid locator strategies for this request: xpath, id, class name, accessibility id, css selector, -android uiautomator
[debug] &amp#27;[35m[BaseDriver]&amp#27;[39m Waiting up to 120000 ms for condition
[debug] &amp#27;[35m[WD Proxy]&amp#27;[39m Matched '/element' to command name 'findElement'
[debug] &amp#27;[35m[WD Proxy]&amp#27;[39m Proxying [POST /element] to [POST http://127.0.0.1:8200/wd/hub/session/60bc8183-fb36-4f4d-818c-72b0299f5f13/element] with body: {"strategy":"accessibility id","selector":"Animation","context":"","multiple":false}
[debug] &amp#27;[35m[WD Proxy]&amp#27;[39m Got response with status 200: {"sessionId":"60bc8183-fb36-4f4d-818c-72b0299f5f13","value":{"ELEMENT":"00000000-0000-02a8-ffff-ffff00000008","element-6066-11e4-a52e-4f735466cecf":"00000000-0000-02a8-ffff-ffff00000008"}}
[debug] &amp#27;[35m[W3C (574eca1e)]&amp#27;[39m Responding to client with driver.findElement() result: {"element-6066-11e4-a52e-4f735466cecf":"00000000-0000-02a8-ffff-ffff00000008","ELEMENT":"00000000-0000-02a8-ffff-ffff00000008"}
&amp#27;[35m[HTTP]&amp#27;[39m &amp#27;[37m<-- POST /wd/hub/session/574eca1e-0f42-4ed6-8082-0d0dd95c1cd5/element &amp#27;[39m&amp#27;[32m200&amp#27;[39m &amp#27;[90m481 ms - 137&amp#27;[39m
&amp#27;[35m[HTTP]&amp#27;[39m &amp#27;[90m&amp#27;[39m
&amp#27;[35m[HTTP]&amp#27;[39m &amp#27;[37m-->&amp#27;[39m &amp#27;[37mPOST&amp#27;[39m &amp#27;[37m/wd/hub/session/574eca1e-0f42-4ed6-8082-0d0dd95c1cd5/element/00000000-0000-02a8-ffff-ffff00000008/click&amp#27;[39m
&amp#27;[35m[HTTP]&amp#27;[39m &amp#27;[90m{"id":"00000000-0000-02a8-ffff-ffff00000008"}&amp#27;[39m
[debug] &amp#27;[35m[W3C (574eca1e)]&amp#27;[39m Calling AppiumDriver.click() with args: ["00000000-0000-02a8-ffff-ffff00000008","574eca1e-0f42-4ed6-8082-0d0dd95c1cd5"]
[debug] &amp#27;[35m[WD Proxy]&amp#27;[39m Matched '/element/00000000-0000-02a8-ffff-ffff00000008/click' to command name 'click'
[debug] &amp#27;[35m[WD Proxy]&amp#27;[39m Proxying [POST /element/00000000-0000-02a8-ffff-ffff00000008/click] to [POST http://127.0.0.1:8200/wd/hub/session/60bc8183-fb36-4f4d-818c-72b0299f5f13/element/00000000-0000-02a8-ffff-ffff00000008/click] with body: {"element":"00000000-0000-02a8-ffff-ffff00000008"}
[debug] &amp#27;[35m[WD Proxy]&amp#27;[39m Got response with status 200: {"sessionId":"60bc8183-fb36-4f4d-818c-72b0299f5f13","value":null}
[debug] &amp#27;[35m[W3C (574eca1e)]&amp#27;[39m Responding to client with driver.click() result: null
&amp#27;[35m[HTTP]&amp#27;[39m &amp#27;[37m<-- POST /wd/hub/session/574eca1e-0f42-4ed6-8082-0d0dd95c1cd5/element/00000000-0000-02a8-ffff-ffff00000008/click &amp#27;[39m&amp#27;[32m200&amp#27;[39m &amp#27;[90m1244 ms - 14&amp#27;[39m
&amp#27;[35m[HTTP]&amp#27;[39m &amp#27;[90m&amp#27;[39m
[INFO ] 2021-12-21 22:37:59.517 [main] AnimationFuncSteps - Tap on the Animation Section has done!
&amp#27;[35m[HTTP]&amp#27;[39m &amp#27;[37m-->&amp#27;[39m &amp#27;[37mGET&amp#27;[39m &amp#27;[37m/wd/hub/session/574eca1e-0f42-4ed6-8082-0d0dd95c1cd5&amp#27;[39m
&amp#27;[35m[HTTP]&amp#27;[39m &amp#27;[90m{}&amp#27;[39m
[debug] &amp#27;[35m[W3C (574eca1e)]&amp#27;[39m Calling AppiumDriver.getSession() with args: ["574eca1e-0f42-4ed6-8082-0d0dd95c1cd5"]
[debug] &amp#27;[35m[UiAutomator2]&amp#27;[39m Getting session details from server to mix in
[debug] &amp#27;[35m[WD Proxy]&amp#27;[39m Matched '/' to command name 'getSession'
[debug] &amp#27;[35m[WD Proxy]&amp#27;[39m Proxying [GET /] to [GET http://127.0.0.1:8200/wd/hub/session/60bc8183-fb36-4f4d-818c-72b0299f5f13] with no body
[debug] &amp#27;[35m[WD Proxy]&amp#27;[39m Got response with status 200: {"sessionId":"60bc8183-fb36-4f4d-818c-72b0299f5f13","value":{"lastScrollData":null}}
[debug] &amp#27;[35m[W3C (574eca1e)]&amp#27;[39m Responding to client with driver.getSession() result: {"platform":"LINUX","webStorageEnabled":false,"takesScreenshot":true,"javascriptEnabled":true,"databaseEnabled":false,"networkConnectionEnabled":true,"locationContextEnabled":false,"warnings":{},"desired":{"platformName":"android","app":"./src/test/resources/MyAPP/ApiDemos-debug.apk","appActivity":".ApiDemos","appPackage":"io.appium.android.apis","deviceName":"Android","platformVersion":"8.1"},"platformName":"android","app":"./src/test/resources/MyAPP/ApiDemos-debug.apk","appActivity":".ApiDemos","appPackage":"io.appium.android.apis","deviceName":"emulator-5554","platformVersion":"8.1.0","deviceUDID":"emulator-5554","deviceApiLevel":27,"deviceScreenSize":"1080x1920","deviceScreenDensity":420,"deviceModel":"Android SDK built for x86","deviceManufacturer":"Google","pixelRatio":2.625,"statBarHeight":63,"viewportRect":{"left":0,"top":63,"width":1080,"height":1731},"lastScrollData":null}
&amp#27;[35m[HTTP]&amp#27;[39m &amp#27;[37m<-- GET /wd/hub/session/574eca1e-0f42-4ed6-8082-0d0dd95c1cd5 &amp#27;[39m&amp#27;[32m200&amp#27;[39m &amp#27;[90m11 ms - 905&amp#27;[39m
&amp#27;[35m[HTTP]&amp#27;[39m &amp#27;[90m&amp#27;[39m
&amp#27;[35m[HTTP]&amp#27;[39m &amp#27;[37m-->&amp#27;[39m &amp#27;[37mGET&amp#27;[39m &amp#27;[37m/wd/hub/session/574eca1e-0f42-4ed6-8082-0d0dd95c1cd5&amp#27;[39m
&amp#27;[35m[HTTP]&amp#27;[39m &amp#27;[90m{}&amp#27;[39m
[debug] &amp#27;[35m[W3C (574eca1e)]&amp#27;[39m Calling AppiumDriver.getSession() with args: ["574eca1e-0f42-4ed6-8082-0d0dd95c1cd5"]
[debug] &amp#27;[35m[UiAutomator2]&amp#27;[39m Getting session details from server to mix in
[debug] &amp#27;[35m[WD Proxy]&amp#27;[39m Matched '/' to command name 'getSession'
[debug] &amp#27;[35m[WD Proxy]&amp#27;[39m Proxying [GET /] to [GET http://127.0.0.1:8200/wd/hub/session/60bc8183-fb36-4f4d-818c-72b0299f5f13] with no body
[debug] &amp#27;[35m[WD Proxy]&amp#27;[39m Got response with status 200: {"sessionId":"60bc8183-fb36-4f4d-818c-72b0299f5f13","value":{"lastScrollData":null}}
[debug] &amp#27;[35m[W3C (574eca1e)]&amp#27;[39m Responding to client with driver.getSession() result: {"platform":"LINUX","webStorageEnabled":false,"takesScreenshot":true,"javascriptEnabled":true,"databaseEnabled":false,"networkConnectionEnabled":true,"locationContextEnabled":false,"warnings":{},"desired":{"platformName":"android","app":"./src/test/resources/MyAPP/ApiDemos-debug.apk","appActivity":".ApiDemos","appPackage":"io.appium.android.apis","deviceName":"Android","platformVersion":"8.1"},"platformName":"android","app":"./src/test/resources/MyAPP/ApiDemos-debug.apk","appActivity":".ApiDemos","appPackage":"io.appium.android.apis","deviceName":"emulator-5554","platformVersion":"8.1.0","deviceUDID":"emulator-5554","deviceApiLevel":27,"deviceScreenSize":"1080x1920","deviceScreenDensity":420,"deviceModel":"Android SDK built for x86","deviceManufacturer":"Google","pixelRatio":2.625,"statBarHeight":63,"viewportRect":{"left":0,"top":63,"width":1080,"height":1731},"lastScrollData":null}
&amp#27;[35m[HTTP]&amp#27;[39m &amp#27;[37m<-- GET /wd/hub/session/574eca1e-0f42-4ed6-8082-0d0dd95c1cd5 &amp#27;[39m&amp#27;[32m200&amp#27;[39m &amp#27;[90m10 ms - 905&amp#27;[39m
&amp#27;[35m[HTTP]&amp#27;[39m &amp#27;[90m&amp#27;[39m
&amp#27;[35m[HTTP]&amp#27;[39m &amp#27;[37m-->&amp#27;[39m &amp#27;[37mGET&amp#27;[39m &amp#27;[37m/wd/hub/session/574eca1e-0f42-4ed6-8082-0d0dd95c1cd5&amp#27;[39m
&amp#27;[35m[HTTP]&amp#27;[39m &amp#27;[90m{}&amp#27;[39m
[debug] &amp#27;[35m[W3C (574eca1e)]&amp#27;[39m Calling AppiumDriver.getSession() with args: ["574eca1e-0f42-4ed6-8082-0d0dd95c1cd5"]
[debug] &amp#27;[35m[UiAutomator2]&amp#27;[39m Getting session details from server to mix in
[debug] &amp#27;[35m[WD Proxy]&amp#27;[39m Matched '/' to command name 'getSession'
[debug] &amp#27;[35m[WD Proxy]&amp#27;[39m Proxying [GET /] to [GET http://127.0.0.1:8200/wd/hub/session/60bc8183-fb36-4f4d-818c-72b0299f5f13] with no body
[debug] &amp#27;[35m[WD Proxy]&amp#27;[39m Got response with status 200: {"sessionId":"60bc8183-fb36-4f4d-818c-72b0299f5f13","value":{"lastScrollData":null}}
[debug] &amp#27;[35m[W3C (574eca1e)]&amp#27;[39m Responding to client with driver.getSession() result: {"platform":"LINUX","webStorageEnabled":false,"takesScreenshot":true,"javascriptEnabled":true,"databaseEnabled":false,"networkConnectionEnabled":true,"locationContextEnabled":false,"warnings":{},"desired":{"platformName":"android","app":"./src/test/resources/MyAPP/ApiDemos-debug.apk","appActivity":".ApiDemos","appPackage":"io.appium.android.apis","deviceName":"Android","platformVersion":"8.1"},"platformName":"android","app":"./src/test/resources/MyAPP/ApiDemos-debug.apk","appActivity":".ApiDemos","appPackage":"io.appium.android.apis","deviceName":"emulator-5554","platformVersion":"8.1.0","deviceUDID":"emulator-5554","deviceApiLevel":27,"deviceScreenSize":"1080x1920","deviceScreenDensity":420,"deviceModel":"Android SDK built for x86","deviceManufacturer":"Google","pixelRatio":2.625,"statBarHeight":63,"viewportRect":{"left":0,"top":63,"width":1080,"height":1731},"lastScrollData":null}
&amp#27;[35m[HTTP]&amp#27;[39m &amp#27;[37m<-- GET /wd/hub/session/574eca1e-0f42-4ed6-8082-0d0dd95c1cd5 &amp#27;[39m&amp#27;[32m200&amp#27;[39m &amp#27;[90m9 ms - 905&amp#27;[39m
&amp#27;[35m[HTTP]&amp#27;[39m &amp#27;[90m&amp#27;[39m
&amp#27;[35m[HTTP]&amp#27;[39m &amp#27;[37m-->&amp#27;[39m &amp#27;[37mPOST&amp#27;[39m &amp#27;[37m/wd/hub/session/574eca1e-0f42-4ed6-8082-0d0dd95c1cd5/element&amp#27;[39m
&amp#27;[35m[HTTP]&amp#27;[39m &amp#27;[90m{"using":"accessibility id","value":"Hide-Show Animations"}&amp#27;[39m
[debug] &amp#27;[35m[W3C (574eca1e)]&amp#27;[39m Calling AppiumDriver.findElement() with args: ["accessibility id","Hide-Show Animations","574eca1e-0f42-4ed6-8082-0d0dd95c1cd5"]
[debug] &amp#27;[35m[BaseDriver]&amp#27;[39m Valid locator strategies for this request: xpath, id, class name, accessibility id, css selector, -android uiautomator
[debug] &amp#27;[35m[BaseDriver]&amp#27;[39m Waiting up to 120000 ms for condition
[debug] &amp#27;[35m[WD Proxy]&amp#27;[39m Matched '/element' to command name 'findElement'
[debug] &amp#27;[35m[WD Proxy]&amp#27;[39m Proxying [POST /element] to [POST http://127.0.0.1:8200/wd/hub/session/60bc8183-fb36-4f4d-818c-72b0299f5f13/element] with body: {"strategy":"accessibility id","selector":"Hide-Show Animations","context":"","multiple":false}
[debug] &amp#27;[35m[WD Proxy]&amp#27;[39m Got response with status 200: {"sessionId":"60bc8183-fb36-4f4d-818c-72b0299f5f13","value":{"ELEMENT":"00000000-0000-02a9-ffff-ffff0000001c","element-6066-11e4-a52e-4f735466cecf":"00000000-0000-02a9-ffff-ffff0000001c"}}
[debug] &amp#27;[35m[W3C (574eca1e)]&amp#27;[39m Responding to client with driver.findElement() result: {"element-6066-11e4-a52e-4f735466cecf":"00000000-0000-02a9-ffff-ffff0000001c","ELEMENT":"00000000-0000-02a9-ffff-ffff0000001c"}
&amp#27;[35m[HTTP]&amp#27;[39m &amp#27;[37m<-- POST /wd/hub/session/574eca1e-0f42-4ed6-8082-0d0dd95c1cd5/element &amp#27;[39m&amp#27;[32m200&amp#27;[39m &amp#27;[90m30 ms - 137&amp#27;[39m
&amp#27;[35m[HTTP]&amp#27;[39m &amp#27;[90m&amp#27;[39m
&amp#27;[35m[HTTP]&amp#27;[39m &amp#27;[37m-->&amp#27;[39m &amp#27;[37mPOST&amp#27;[39m &amp#27;[37m/wd/hub/session/574eca1e-0f42-4ed6-8082-0d0dd95c1cd5/element/00000000-0000-02a9-ffff-ffff0000001c/click&amp#27;[39m
&amp#27;[35m[HTTP]&amp#27;[39m &amp#27;[90m{"id":"00000000-0000-02a9-ffff-ffff0000001c"}&amp#27;[39m
[debug] &amp#27;[35m[W3C (574eca1e)]&amp#27;[39m Calling AppiumDriver.click() with args: ["00000000-0000-02a9-ffff-ffff0000001c","574eca1e-0f42-4ed6-8082-0d0dd95c1cd5"]
[debug] &amp#27;[35m[WD Proxy]&amp#27;[39m Matched '/element/00000000-0000-02a9-ffff-ffff0000001c/click' to command name 'click'
[debug] &amp#27;[35m[WD Proxy]&amp#27;[39m Proxying [POST /element/00000000-0000-02a9-ffff-ffff0000001c/click] to [POST http://127.0.0.1:8200/wd/hub/session/60bc8183-fb36-4f4d-818c-72b0299f5f13/element/00000000-0000-02a9-ffff-ffff0000001c/click] with body: {"element":"00000000-0000-02a9-ffff-ffff0000001c"}
[debug] &amp#27;[35m[WD Proxy]&amp#27;[39m Got response with status 200: {"sessionId":"60bc8183-fb36-4f4d-818c-72b0299f5f13","value":null}
[debug] &amp#27;[35m[W3C (574eca1e)]&amp#27;[39m Responding to client with driver.click() result: null
&amp#27;[35m[HTTP]&amp#27;[39m &amp#27;[37m<-- POST /wd/hub/session/574eca1e-0f42-4ed6-8082-0d0dd95c1cd5/element/00000000-0000-02a9-ffff-ffff0000001c/click &amp#27;[39m&amp#27;[32m200&amp#27;[39m &amp#27;[90m30 ms - 14&amp#27;[39m
&amp#27;[35m[HTTP]&amp#27;[39m &amp#27;[90m&amp#27;[39m
[INFO ] 2021-12-21 22:37:59.650 [main] AnimationFuncSteps - Tap on the Hide-Show Animation Option has done!

  Background: user is inside the hide-show animation section # Hide&ShowButtons.feature:5
    Given application has already opened                     # AnimationFuncSteps.application_has_already_opened()
    When user tap on the Animation section                   # AnimationFuncSteps.user_tap_on_the_Animation_section()
    And tap on the Hide-Show Animation section               # AnimationFuncSteps.tap_on_the_Hide_Show_Animation_section()
****User is inside the hide-show section  *****
&amp#27;[35m[HTTP]&amp#27;[39m &amp#27;[37m-->&amp#27;[39m &amp#27;[37mGET&amp#27;[39m &amp#27;[37m/wd/hub/session/574eca1e-0f42-4ed6-8082-0d0dd95c1cd5&amp#27;[39m
&amp#27;[35m[HTTP]&amp#27;[39m &amp#27;[90m{}&amp#27;[39m
[debug] &amp#27;[35m[W3C (574eca1e)]&amp#27;[39m Calling AppiumDriver.getSession() with args: ["574eca1e-0f42-4ed6-8082-0d0dd95c1cd5"]
[debug] &amp#27;[35m[UiAutomator2]&amp#27;[39m Getting session details from server to mix in
[debug] &amp#27;[35m[WD Proxy]&amp#27;[39m Matched '/' to command name 'getSession'
[debug] &amp#27;[35m[WD Proxy]&amp#27;[39m Proxying [GET /] to [GET http://127.0.0.1:8200/wd/hub/session/60bc8183-fb36-4f4d-818c-72b0299f5f13] with no body
[debug] &amp#27;[35m[WD Proxy]&amp#27;[39m Got response with status 200: {"sessionId":"60bc8183-fb36-4f4d-818c-72b0299f5f13","value":{"lastScrollData":null}}
[debug] &amp#27;[35m[W3C (574eca1e)]&amp#27;[39m Responding to client with driver.getSession() result: {"platform":"LINUX","webStorageEnabled":false,"takesScreenshot":true,"javascriptEnabled":true,"databaseEnabled":false,"networkConnectionEnabled":true,"locationContextEnabled":false,"warnings":{},"desired":{"platformName":"android","app":"./src/test/resources/MyAPP/ApiDemos-debug.apk","appActivity":".ApiDemos","appPackage":"io.appium.android.apis","deviceName":"Android","platformVersion":"8.1"},"platformName":"android","app":"./src/test/resources/MyAPP/ApiDemos-debug.apk","appActivity":".ApiDemos","appPackage":"io.appium.android.apis","deviceName":"emulator-5554","platformVersion":"8.1.0","deviceUDID":"emulator-5554","deviceApiLevel":27,"deviceScreenSize":"1080x1920","deviceScreenDensity":420,"deviceModel":"Android SDK built for x86","deviceManufacturer":"Google","pixelRatio":2.625,"statBarHeight":63,"viewportRect":{"left":0,"top":63,"width":1080,"height":1731},"lastScrollData":null}
&amp#27;[35m[HTTP]&amp#27;[39m &amp#27;[37m<-- GET /wd/hub/session/574eca1e-0f42-4ed6-8082-0d0dd95c1cd5 &amp#27;[39m&amp#27;[32m200&amp#27;[39m &amp#27;[90m18 ms - 905&amp#27;[39m
&amp#27;[35m[HTTP]&amp#27;[39m &amp#27;[90m&amp#27;[39m
&amp#27;[35m[HTTP]&amp#27;[39m &amp#27;[37m-->&amp#27;[39m &amp#27;[37mGET&amp#27;[39m &amp#27;[37m/wd/hub/session/574eca1e-0f42-4ed6-8082-0d0dd95c1cd5&amp#27;[39m
&amp#27;[35m[HTTP]&amp#27;[39m &amp#27;[90m{}&amp#27;[39m
[debug] &amp#27;[35m[W3C (574eca1e)]&amp#27;[39m Calling AppiumDriver.getSession() with args: ["574eca1e-0f42-4ed6-8082-0d0dd95c1cd5"]
[debug] &amp#27;[35m[UiAutomator2]&amp#27;[39m Getting session details from server to mix in
[debug] &amp#27;[35m[WD Proxy]&amp#27;[39m Matched '/' to command name 'getSession'
[debug] &amp#27;[35m[WD Proxy]&amp#27;[39m Proxying [GET /] to [GET http://127.0.0.1:8200/wd/hub/session/60bc8183-fb36-4f4d-818c-72b0299f5f13] with no body
[debug] &amp#27;[35m[WD Proxy]&amp#27;[39m Got response with status 200: {"sessionId":"60bc8183-fb36-4f4d-818c-72b0299f5f13","value":{"lastScrollData":null}}
[debug] &amp#27;[35m[W3C (574eca1e)]&amp#27;[39m Responding to client with driver.getSession() result: {"platform":"LINUX","webStorageEnabled":false,"takesScreenshot":true,"javascriptEnabled":true,"databaseEnabled":false,"networkConnectionEnabled":true,"locationContextEnabled":false,"warnings":{},"desired":{"platformName":"android","app":"./src/test/resources/MyAPP/ApiDemos-debug.apk","appActivity":".ApiDemos","appPackage":"io.appium.android.apis","deviceName":"Android","platformVersion":"8.1"},"platformName":"android","app":"./src/test/resources/MyAPP/ApiDemos-debug.apk","appActivity":".ApiDemos","appPackage":"io.appium.android.apis","deviceName":"emulator-5554","platformVersion":"8.1.0","deviceUDID":"emulator-5554","deviceApiLevel":27,"deviceScreenSize":"1080x1920","deviceScreenDensity":420,"deviceModel":"Android SDK built for x86","deviceManufacturer":"Google","pixelRatio":2.625,"statBarHeight":63,"viewportRect":{"left":0,"top":63,"width":1080,"height":1731},"lastScrollData":null}
&amp#27;[35m[HTTP]&amp#27;[39m &amp#27;[37m<-- GET /wd/hub/session/574eca1e-0f42-4ed6-8082-0d0dd95c1cd5 &amp#27;[39m&amp#27;[32m200&amp#27;[39m &amp#27;[90m17 ms - 905&amp#27;[39m
&amp#27;[35m[HTTP]&amp#27;[39m &amp#27;[90m&amp#27;[39m
&amp#27;[35m[HTTP]&amp#27;[39m &amp#27;[37m-->&amp#27;[39m &amp#27;[37mGET&amp#27;[39m &amp#27;[37m/wd/hub/session/574eca1e-0f42-4ed6-8082-0d0dd95c1cd5&amp#27;[39m
&amp#27;[35m[HTTP]&amp#27;[39m &amp#27;[90m{}&amp#27;[39m
[debug] &amp#27;[35m[W3C (574eca1e)]&amp#27;[39m Calling AppiumDriver.getSession() with args: ["574eca1e-0f42-4ed6-8082-0d0dd95c1cd5"]
[debug] &amp#27;[35m[UiAutomator2]&amp#27;[39m Getting session details from server to mix in
[debug] &amp#27;[35m[WD Proxy]&amp#27;[39m Matched '/' to command name 'getSession'
[debug] &amp#27;[35m[WD Proxy]&amp#27;[39m Proxying [GET /] to [GET http://127.0.0.1:8200/wd/hub/session/60bc8183-fb36-4f4d-818c-72b0299f5f13] with no body
[debug] &amp#27;[35m[WD Proxy]&amp#27;[39m Got response with status 200: {"sessionId":"60bc8183-fb36-4f4d-818c-72b0299f5f13","value":{"lastScrollData":null}}
[debug] &amp#27;[35m[W3C (574eca1e)]&amp#27;[39m Responding to client with driver.getSession() result: {"platform":"LINUX","webStorageEnabled":false,"takesScreenshot":true,"javascriptEnabled":true,"databaseEnabled":false,"networkConnectionEnabled":true,"locationContextEnabled":false,"warnings":{},"desired":{"platformName":"android","app":"./src/test/resources/MyAPP/ApiDemos-debug.apk","appActivity":".ApiDemos","appPackage":"io.appium.android.apis","deviceName":"Android","platformVersion":"8.1"},"platformName":"android","app":"./src/test/resources/MyAPP/ApiDemos-debug.apk","appActivity":".ApiDemos","appPackage":"io.appium.android.apis","deviceName":"emulator-5554","platformVersion":"8.1.0","deviceUDID":"emulator-5554","deviceApiLevel":27,"deviceScreenSize":"1080x1920","deviceScreenDensity":420,"deviceModel":"Android SDK built for x86","deviceManufacturer":"Google","pixelRatio":2.625,"statBarHeight":63,"viewportRect":{"left":0,"top":63,"width":1080,"height":1731},"lastScrollData":null}
&amp#27;[35m[HTTP]&amp#27;[39m &amp#27;[37m<-- GET /wd/hub/session/574eca1e-0f42-4ed6-8082-0d0dd95c1cd5 &amp#27;[39m&amp#27;[32m200&amp#27;[39m &amp#27;[90m19 ms - 905&amp#27;[39m
&amp#27;[35m[HTTP]&amp#27;[39m &amp#27;[90m&amp#27;[39m
&amp#27;[35m[HTTP]&amp#27;[39m &amp#27;[37m-->&amp#27;[39m &amp#27;[37mPOST&amp#27;[39m &amp#27;[37m/wd/hub/session/574eca1e-0f42-4ed6-8082-0d0dd95c1cd5/element&amp#27;[39m
&amp#27;[35m[HTTP]&amp#27;[39m &amp#27;[90m{"using":"xpath","value":"//android.widget.CheckBox[@content-desc=\"Custom Animations\"]"}&amp#27;[39m
[debug] &amp#27;[35m[W3C (574eca1e)]&amp#27;[39m Calling AppiumDriver.findElement() with args: ["xpath","//android.widget.CheckBox[@content-desc=\"Custom Animations\"]","574eca1e-0f42-4ed6-8082-0d0dd95c1cd5"]
[debug] &amp#27;[35m[BaseDriver]&amp#27;[39m Valid locator strategies for this request: xpath, id, class name, accessibility id, css selector, -android uiautomator
[debug] &amp#27;[35m[BaseDriver]&amp#27;[39m Waiting up to 120000 ms for condition
[debug] &amp#27;[35m[WD Proxy]&amp#27;[39m Matched '/element' to command name 'findElement'
[debug] &amp#27;[35m[WD Proxy]&amp#27;[39m Proxying [POST /element] to [POST http://127.0.0.1:8200/wd/hub/session/60bc8183-fb36-4f4d-818c-72b0299f5f13/element] with body: {"strategy":"xpath","selector":"//android.widget.CheckBox[@content-desc=\"Custom Animations\"]","context":"","multiple":false}
[debug] &amp#27;[35m[WD Proxy]&amp#27;[39m Got response with status 200: {"sessionId":"60bc8183-fb36-4f4d-818c-72b0299f5f13","value":{"ELEMENT":"00000000-0000-02aa-ffff-ffff0000002e","element-6066-11e4-a52e-4f735466cecf":"00000000-0000-02aa-ffff-ffff0000002e"}}
[debug] &amp#27;[35m[W3C (574eca1e)]&amp#27;[39m Responding to client with driver.findElement() result: {"element-6066-11e4-a52e-4f735466cecf":"00000000-0000-02aa-ffff-ffff0000002e","ELEMENT":"00000000-0000-02aa-ffff-ffff0000002e"}
&amp#27;[35m[HTTP]&amp#27;[39m &amp#27;[37m<-- POST /wd/hub/session/574eca1e-0f42-4ed6-8082-0d0dd95c1cd5/element &amp#27;[39m&amp#27;[32m200&amp#27;[39m &amp#27;[90m1319 ms - 137&amp#27;[39m
&amp#27;[35m[HTTP]&amp#27;[39m &amp#27;[90m&amp#27;[39m
&amp#27;[35m[HTTP]&amp#27;[39m &amp#27;[37m-->&amp#27;[39m &amp#27;[37mPOST&amp#27;[39m &amp#27;[37m/wd/hub/session/574eca1e-0f42-4ed6-8082-0d0dd95c1cd5/element/00000000-0000-02aa-ffff-ffff0000002e/click&amp#27;[39m
&amp#27;[35m[HTTP]&amp#27;[39m &amp#27;[90m{"id":"00000000-0000-02aa-ffff-ffff0000002e"}&amp#27;[39m
[debug] &amp#27;[35m[W3C (574eca1e)]&amp#27;[39m Calling AppiumDriver.click() with args: ["00000000-0000-02aa-ffff-ffff0000002e","574eca1e-0f42-4ed6-8082-0d0dd95c1cd5"]
[debug] &amp#27;[35m[WD Proxy]&amp#27;[39m Matched '/element/00000000-0000-02aa-ffff-ffff0000002e/click' to command name 'click'
[debug] &amp#27;[35m[WD Proxy]&amp#27;[39m Proxying [POST /element/00000000-0000-02aa-ffff-ffff0000002e/click] to [POST http://127.0.0.1:8200/wd/hub/session/60bc8183-fb36-4f4d-818c-72b0299f5f13/element/00000000-0000-02aa-ffff-ffff0000002e/click] with body: {"element":"00000000-0000-02aa-ffff-ffff0000002e"}
[debug] &amp#27;[35m[WD Proxy]&amp#27;[39m Got response with status 200: {"sessionId":"60bc8183-fb36-4f4d-818c-72b0299f5f13","value":null}
[debug] &amp#27;[35m[W3C (574eca1e)]&amp#27;[39m Responding to client with driver.click() result: null
&amp#27;[35m[HTTP]&amp#27;[39m &amp#27;[37m<-- POST /wd/hub/session/574eca1e-0f42-4ed6-8082-0d0dd95c1cd5/element/00000000-0000-02aa-ffff-ffff0000002e/click &amp#27;[39m&amp#27;[32m200&amp#27;[39m &amp#27;[90m20 ms - 14&amp#27;[39m
&amp#27;[35m[HTTP]&amp#27;[39m &amp#27;[90m&amp#27;[39m
[INFO ] 2021-12-21 22:38:01.099 [main] AnimationFuncSteps - Custom Animation has been provided!
[INFO ] 2021-12-21 22:38:01.099 [main] AnimationFuncSteps - Tapping on the button for the purpose of hiding them has started!
&amp#27;[35m[HTTP]&amp#27;[39m &amp#27;[37m-->&amp#27;[39m &amp#27;[37mGET&amp#27;[39m &amp#27;[37m/wd/hub/session/574eca1e-0f42-4ed6-8082-0d0dd95c1cd5&amp#27;[39m
&amp#27;[35m[HTTP]&amp#27;[39m &amp#27;[90m{}&amp#27;[39m
[debug] &amp#27;[35m[W3C (574eca1e)]&amp#27;[39m Calling AppiumDriver.getSession() with args: ["574eca1e-0f42-4ed6-8082-0d0dd95c1cd5"]
[debug] &amp#27;[35m[UiAutomator2]&amp#27;[39m Getting session details from server to mix in
[debug] &amp#27;[35m[WD Proxy]&amp#27;[39m Matched '/' to command name 'getSession'
[debug] &amp#27;[35m[WD Proxy]&amp#27;[39m Proxying [GET /] to [GET http://127.0.0.1:8200/wd/hub/session/60bc8183-fb36-4f4d-818c-72b0299f5f13] with no body
[debug] &amp#27;[35m[WD Proxy]&amp#27;[39m Got response with status 200: {"sessionId":"60bc8183-fb36-4f4d-818c-72b0299f5f13","value":{"lastScrollData":null}}
[debug] &amp#27;[35m[W3C (574eca1e)]&amp#27;[39m Responding to client with driver.getSession() result: {"platform":"LINUX","webStorageEnabled":false,"takesScreenshot":true,"javascriptEnabled":true,"databaseEnabled":false,"networkConnectionEnabled":true,"locationContextEnabled":false,"warnings":{},"desired":{"platformName":"android","app":"./src/test/resources/MyAPP/ApiDemos-debug.apk","appActivity":".ApiDemos","appPackage":"io.appium.android.apis","deviceName":"Android","platformVersion":"8.1"},"platformName":"android","app":"./src/test/resources/MyAPP/ApiDemos-debug.apk","appActivity":".ApiDemos","appPackage":"io.appium.android.apis","deviceName":"emulator-5554","platformVersion":"8.1.0","deviceUDID":"emulator-5554","deviceApiLevel":27,"deviceScreenSize":"1080x1920","deviceScreenDensity":420,"deviceModel":"Android SDK built for x86","deviceManufacturer":"Google","pixelRatio":2.625,"statBarHeight":63,"viewportRect":{"left":0,"top":63,"width":1080,"height":1731},"lastScrollData":null}
&amp#27;[35m[HTTP]&amp#27;[39m &amp#27;[37m<-- GET /wd/hub/session/574eca1e-0f42-4ed6-8082-0d0dd95c1cd5 &amp#27;[39m&amp#27;[32m200&amp#27;[39m &amp#27;[90m15 ms - 905&amp#27;[39m
&amp#27;[35m[HTTP]&amp#27;[39m &amp#27;[90m&amp#27;[39m
&amp#27;[35m[HTTP]&amp#27;[39m &amp#27;[37m-->&amp#27;[39m &amp#27;[37mGET&amp#27;[39m &amp#27;[37m/wd/hub/session/574eca1e-0f42-4ed6-8082-0d0dd95c1cd5&amp#27;[39m
&amp#27;[35m[HTTP]&amp#27;[39m &amp#27;[90m{}&amp#27;[39m
[debug] &amp#27;[35m[W3C (574eca1e)]&amp#27;[39m Calling AppiumDriver.getSession() with args: ["574eca1e-0f42-4ed6-8082-0d0dd95c1cd5"]
[debug] &amp#27;[35m[UiAutomator2]&amp#27;[39m Getting session details from server to mix in
[debug] &amp#27;[35m[WD Proxy]&amp#27;[39m Matched '/' to command name 'getSession'
[debug] &amp#27;[35m[WD Proxy]&amp#27;[39m Proxying [GET /] to [GET http://127.0.0.1:8200/wd/hub/session/60bc8183-fb36-4f4d-818c-72b0299f5f13] with no body
[debug] &amp#27;[35m[WD Proxy]&amp#27;[39m Got response with status 200: {"sessionId":"60bc8183-fb36-4f4d-818c-72b0299f5f13","value":{"lastScrollData":null}}
[debug] &amp#27;[35m[W3C (574eca1e)]&amp#27;[39m Responding to client with driver.getSession() result: {"platform":"LINUX","webStorageEnabled":false,"takesScreenshot":true,"javascriptEnabled":true,"databaseEnabled":false,"networkConnectionEnabled":true,"locationContextEnabled":false,"warnings":{},"desired":{"platformName":"android","app":"./src/test/resources/MyAPP/ApiDemos-debug.apk","appActivity":".ApiDemos","appPackage":"io.appium.android.apis","deviceName":"Android","platformVersion":"8.1"},"platformName":"android","app":"./src/test/resources/MyAPP/ApiDemos-debug.apk","appActivity":".ApiDemos","appPackage":"io.appium.android.apis","deviceName":"emulator-5554","platformVersion":"8.1.0","deviceUDID":"emulator-5554","deviceApiLevel":27,"deviceScreenSize":"1080x1920","deviceScreenDensity":420,"deviceModel":"Android SDK built for x86","deviceManufacturer":"Google","pixelRatio":2.625,"statBarHeight":63,"viewportRect":{"left":0,"top":63,"width":1080,"height":1731},"lastScrollData":null}
&amp#27;[35m[HTTP]&amp#27;[39m &amp#27;[37m<-- GET /wd/hub/session/574eca1e-0f42-4ed6-8082-0d0dd95c1cd5 &amp#27;[39m&amp#27;[32m200&amp#27;[39m &amp#27;[90m15 ms - 905&amp#27;[39m
&amp#27;[35m[HTTP]&amp#27;[39m &amp#27;[90m&amp#27;[39m
&amp#27;[35m[HTTP]&amp#27;[39m &amp#27;[37m-->&amp#27;[39m &amp#27;[37mGET&amp#27;[39m &amp#27;[37m/wd/hub/session/574eca1e-0f42-4ed6-8082-0d0dd95c1cd5&amp#27;[39m
&amp#27;[35m[HTTP]&amp#27;[39m &amp#27;[90m{}&amp#27;[39m
[debug] &amp#27;[35m[W3C (574eca1e)]&amp#27;[39m Calling AppiumDriver.getSession() with args: ["574eca1e-0f42-4ed6-8082-0d0dd95c1cd5"]
[debug] &amp#27;[35m[UiAutomator2]&amp#27;[39m Getting session details from server to mix in
[debug] &amp#27;[35m[WD Proxy]&amp#27;[39m Matched '/' to command name 'getSession'
[debug] &amp#27;[35m[WD Proxy]&amp#27;[39m Proxying [GET /] to [GET http://127.0.0.1:8200/wd/hub/session/60bc8183-fb36-4f4d-818c-72b0299f5f13] with no body
[debug] &amp#27;[35m[WD Proxy]&amp#27;[39m Got response with status 200: {"sessionId":"60bc8183-fb36-4f4d-818c-72b0299f5f13","value":{"lastScrollData":null}}
[debug] &amp#27;[35m[W3C (574eca1e)]&amp#27;[39m Responding to client with driver.getSession() result: {"platform":"LINUX","webStorageEnabled":false,"takesScreenshot":true,"javascriptEnabled":true,"databaseEnabled":false,"networkConnectionEnabled":true,"locationContextEnabled":false,"warnings":{},"desired":{"platformName":"android","app":"./src/test/resources/MyAPP/ApiDemos-debug.apk","appActivity":".ApiDemos","appPackage":"io.appium.android.apis","deviceName":"Android","platformVersion":"8.1"},"platformName":"android","app":"./src/test/resources/MyAPP/ApiDemos-debug.apk","appActivity":".ApiDemos","appPackage":"io.appium.android.apis","deviceName":"emulator-5554","platformVersion":"8.1.0","deviceUDID":"emulator-5554","deviceApiLevel":27,"deviceScreenSize":"1080x1920","deviceScreenDensity":420,"deviceModel":"Android SDK built for x86","deviceManufacturer":"Google","pixelRatio":2.625,"statBarHeight":63,"viewportRect":{"left":0,"top":63,"width":1080,"height":1731},"lastScrollData":null}
&amp#27;[35m[HTTP]&amp#27;[39m &amp#27;[37m<-- GET /wd/hub/session/574eca1e-0f42-4ed6-8082-0d0dd95c1cd5 &amp#27;[39m&amp#27;[32m200&amp#27;[39m &amp#27;[90m12 ms - 905&amp#27;[39m
&amp#27;[35m[HTTP]&amp#27;[39m &amp#27;[90m&amp#27;[39m
&amp#27;[35m[HTTP]&amp#27;[39m &amp#27;[37m-->&amp#27;[39m &amp#27;[37mPOST&amp#27;[39m &amp#27;[37m/wd/hub/session/574eca1e-0f42-4ed6-8082-0d0dd95c1cd5/element&amp#27;[39m
&amp#27;[35m[HTTP]&amp#27;[39m &amp#27;[90m{"using":"xpath","value":"/hierarchy/android.widget.FrameLayout/android.view.ViewGroup/android.widget.FrameLayout[2]/android.widget.LinearLayout/android.widget.LinearLayout[3]/android.widget.Button[1]"}&amp#27;[39m
[debug] &amp#27;[35m[W3C (574eca1e)]&amp#27;[39m Calling AppiumDriver.findElement() with args: ["xpath","/hierarchy/android.widget.FrameLayout/android.view.ViewGroup/android.widget.FrameLayout[2]/android.widget.LinearLayout/android.widget.LinearLayout[3]/android.widget.Button[1]","574eca1e-0f42-4ed6-8082-0d0dd95c1cd5"]
[debug] &amp#27;[35m[BaseDriver]&amp#27;[39m Valid locator strategies for this request: xpath, id, class name, accessibility id, css selector, -android uiautomator
[debug] &amp#27;[35m[BaseDriver]&amp#27;[39m Waiting up to 120000 ms for condition
[debug] &amp#27;[35m[WD Proxy]&amp#27;[39m Matched '/element' to command name 'findElement'
[debug] &amp#27;[35m[WD Proxy]&amp#27;[39m Proxying [POST /element] to [POST http://127.0.0.1:8200/wd/hub/session/60bc8183-fb36-4f4d-818c-72b0299f5f13/element] with body: {"strategy":"xpath","selector":"/hierarchy/android.widget.FrameLayout/android.view.ViewGroup/android.widget.FrameLayout[2]/android.widget.LinearLayout/android.widget.LinearLayout[3]/android.widget.Button[1]","context":"","multiple":false}
[debug] &amp#27;[35m[WD Proxy]&amp#27;[39m Got response with status 200: {"sessionId":"60bc8183-fb36-4f4d-818c-72b0299f5f13","value":{"ELEMENT":"00000000-0000-02aa-ffff-ffff00000030","element-6066-11e4-a52e-4f735466cecf":"00000000-0000-02aa-ffff-ffff00000030"}}
[debug] &amp#27;[35m[W3C (574eca1e)]&amp#27;[39m Responding to client with driver.findElement() result: {"element-6066-11e4-a52e-4f735466cecf":"00000000-0000-02aa-ffff-ffff00000030","ELEMENT":"00000000-0000-02aa-ffff-ffff00000030"}
&amp#27;[35m[HTTP]&amp#27;[39m &amp#27;[37m<-- POST /wd/hub/session/574eca1e-0f42-4ed6-8082-0d0dd95c1cd5/element &amp#27;[39m&amp#27;[32m200&amp#27;[39m &amp#27;[90m559 ms - 137&amp#27;[39m
&amp#27;[35m[HTTP]&amp#27;[39m &amp#27;[90m&amp#27;[39m
&amp#27;[35m[HTTP]&amp#27;[39m &amp#27;[37m-->&amp#27;[39m &amp#27;[37mPOST&amp#27;[39m &amp#27;[37m/wd/hub/session/574eca1e-0f42-4ed6-8082-0d0dd95c1cd5/element/00000000-0000-02aa-ffff-ffff00000030/click&amp#27;[39m
&amp#27;[35m[HTTP]&amp#27;[39m &amp#27;[90m{"id":"00000000-0000-02aa-ffff-ffff00000030"}&amp#27;[39m
[debug] &amp#27;[35m[W3C (574eca1e)]&amp#27;[39m Calling AppiumDriver.click() with args: ["00000000-0000-02aa-ffff-ffff00000030","574eca1e-0f42-4ed6-8082-0d0dd95c1cd5"]
[debug] &amp#27;[35m[WD Proxy]&amp#27;[39m Matched '/element/00000000-0000-02aa-ffff-ffff00000030/click' to command name 'click'
[debug] &amp#27;[35m[WD Proxy]&amp#27;[39m Proxying [POST /element/00000000-0000-02aa-ffff-ffff00000030/click] to [POST http://127.0.0.1:8200/wd/hub/session/60bc8183-fb36-4f4d-818c-72b0299f5f13/element/00000000-0000-02aa-ffff-ffff00000030/click] with body: {"element":"00000000-0000-02aa-ffff-ffff00000030"}
[debug] &amp#27;[35m[WD Proxy]&amp#27;[39m Got response with status 200: {"sessionId":"60bc8183-fb36-4f4d-818c-72b0299f5f13","value":null}
[debug] &amp#27;[35m[W3C (574eca1e)]&amp#27;[39m Responding to client with driver.click() result: null
&amp#27;[35m[HTTP]&amp#27;[39m &amp#27;[37m<-- POST /wd/hub/session/574eca1e-0f42-4ed6-8082-0d0dd95c1cd5/element/00000000-0000-02aa-ffff-ffff00000030/click &amp#27;[39m&amp#27;[32m200&amp#27;[39m &amp#27;[90m21 ms - 14&amp#27;[39m
&amp#27;[35m[HTTP]&amp#27;[39m &amp#27;[90m&amp#27;[39m
&amp#27;[35m[HTTP]&amp#27;[39m &amp#27;[37m-->&amp#27;[39m &amp#27;[37mGET&amp#27;[39m &amp#27;[37m/wd/hub/session/574eca1e-0f42-4ed6-8082-0d0dd95c1cd5&amp#27;[39m
&amp#27;[35m[HTTP]&amp#27;[39m &amp#27;[90m{}&amp#27;[39m
[debug] &amp#27;[35m[W3C (574eca1e)]&amp#27;[39m Calling AppiumDriver.getSession() with args: ["574eca1e-0f42-4ed6-8082-0d0dd95c1cd5"]
[debug] &amp#27;[35m[UiAutomator2]&amp#27;[39m Getting session details from server to mix in
[debug] &amp#27;[35m[WD Proxy]&amp#27;[39m Matched '/' to command name 'getSession'
[debug] &amp#27;[35m[WD Proxy]&amp#27;[39m Proxying [GET /] to [GET http://127.0.0.1:8200/wd/hub/session/60bc8183-fb36-4f4d-818c-72b0299f5f13] with no body
[debug] &amp#27;[35m[WD Proxy]&amp#27;[39m Got response with status 200: {"sessionId":"60bc8183-fb36-4f4d-818c-72b0299f5f13","value":{"lastScrollData":null}}
[debug] &amp#27;[35m[W3C (574eca1e)]&amp#27;[39m Responding to client with driver.getSession() result: {"platform":"LINUX","webStorageEnabled":false,"takesScreenshot":true,"javascriptEnabled":true,"databaseEnabled":false,"networkConnectionEnabled":true,"locationContextEnabled":false,"warnings":{},"desired":{"platformName":"android","app":"./src/test/resources/MyAPP/ApiDemos-debug.apk","appActivity":".ApiDemos","appPackage":"io.appium.android.apis","deviceName":"Android","platformVersion":"8.1"},"platformName":"android","app":"./src/test/resources/MyAPP/ApiDemos-debug.apk","appActivity":".ApiDemos","appPackage":"io.appium.android.apis","deviceName":"emulator-5554","platformVersion":"8.1.0","deviceUDID":"emulator-5554","deviceApiLevel":27,"deviceScreenSize":"1080x1920","deviceScreenDensity":420,"deviceModel":"Android SDK built for x86","deviceManufacturer":"Google","pixelRatio":2.625,"statBarHeight":63,"viewportRect":{"left":0,"top":63,"width":1080,"height":1731},"lastScrollData":null}
&amp#27;[35m[HTTP]&amp#27;[39m &amp#27;[37m<-- GET /wd/hub/session/574eca1e-0f42-4ed6-8082-0d0dd95c1cd5 &amp#27;[39m&amp#27;[32m200&amp#27;[39m &amp#27;[90m11 ms - 905&amp#27;[39m
&amp#27;[35m[HTTP]&amp#27;[39m &amp#27;[90m&amp#27;[39m
&amp#27;[35m[HTTP]&amp#27;[39m &amp#27;[37m-->&amp#27;[39m &amp#27;[37mPOST&amp#27;[39m &amp#27;[37m/wd/hub/session/574eca1e-0f42-4ed6-8082-0d0dd95c1cd5/element&amp#27;[39m
&amp#27;[35m[HTTP]&amp#27;[39m &amp#27;[90m{"using":"xpath","value":"/hierarchy/android.widget.FrameLayout/android.view.ViewGroup/android.widget.FrameLayout[2]/android.widget.LinearLayout/android.widget.LinearLayout[3]/android.widget.Button[3]"}&amp#27;[39m
[debug] &amp#27;[35m[W3C (574eca1e)]&amp#27;[39m Calling AppiumDriver.findElement() with args: ["xpath","/hierarchy/android.widget.FrameLayout/android.view.ViewGroup/android.widget.FrameLayout[2]/android.widget.LinearLayout/android.widget.LinearLayout[3]/android.widget.Button[3]","574eca1e-0f42-4ed6-8082-0d0dd95c1cd5"]
[debug] &amp#27;[35m[BaseDriver]&amp#27;[39m Valid locator strategies for this request: xpath, id, class name, accessibility id, css selector, -android uiautomator
[debug] &amp#27;[35m[BaseDriver]&amp#27;[39m Waiting up to 120000 ms for condition
[debug] &amp#27;[35m[WD Proxy]&amp#27;[39m Matched '/element' to command name 'findElement'
[debug] &amp#27;[35m[WD Proxy]&amp#27;[39m Proxying [POST /element] to [POST http://127.0.0.1:8200/wd/hub/session/60bc8183-fb36-4f4d-818c-72b0299f5f13/element] with body: {"strategy":"xpath","selector":"/hierarchy/android.widget.FrameLayout/android.view.ViewGroup/android.widget.FrameLayout[2]/android.widget.LinearLayout/android.widget.LinearLayout[3]/android.widget.Button[3]","context":"","multiple":false}
[debug] &amp#27;[35m[WD Proxy]&amp#27;[39m Got response with status 200: {"sessionId":"60bc8183-fb36-4f4d-818c-72b0299f5f13","value":{"ELEMENT":"00000000-0000-02aa-ffff-ffff00000033","element-6066-11e4-a52e-4f735466cecf":"00000000-0000-02aa-ffff-ffff00000033"}}
[debug] &amp#27;[35m[W3C (574eca1e)]&amp#27;[39m Responding to client with driver.findElement() result: {"element-6066-11e4-a52e-4f735466cecf":"00000000-0000-02aa-ffff-ffff00000033","ELEMENT":"00000000-0000-02aa-ffff-ffff00000033"}
&amp#27;[35m[HTTP]&amp#27;[39m &amp#27;[37m<-- POST /wd/hub/session/574eca1e-0f42-4ed6-8082-0d0dd95c1cd5/element &amp#27;[39m&amp#27;[32m200&amp#27;[39m &amp#27;[90m60 ms - 137&amp#27;[39m
&amp#27;[35m[HTTP]&amp#27;[39m &amp#27;[90m&amp#27;[39m
&amp#27;[35m[HTTP]&amp#27;[39m &amp#27;[37m-->&amp#27;[39m &amp#27;[37mPOST&amp#27;[39m &amp#27;[37m/wd/hub/session/574eca1e-0f42-4ed6-8082-0d0dd95c1cd5/element/00000000-0000-02aa-ffff-ffff00000033/click&amp#27;[39m
&amp#27;[35m[HTTP]&amp#27;[39m &amp#27;[90m{"id":"00000000-0000-02aa-ffff-ffff00000033"}&amp#27;[39m
[debug] &amp#27;[35m[W3C (574eca1e)]&amp#27;[39m Calling AppiumDriver.click() with args: ["00000000-0000-02aa-ffff-ffff00000033","574eca1e-0f42-4ed6-8082-0d0dd95c1cd5"]
[debug] &amp#27;[35m[WD Proxy]&amp#27;[39m Matched '/element/00000000-0000-02aa-ffff-ffff00000033/click' to command name 'click'
[debug] &amp#27;[35m[WD Proxy]&amp#27;[39m Proxying [POST /element/00000000-0000-02aa-ffff-ffff00000033/click] to [POST http://127.0.0.1:8200/wd/hub/session/60bc8183-fb36-4f4d-818c-72b0299f5f13/element/00000000-0000-02aa-ffff-ffff00000033/click] with body: {"element":"00000000-0000-02aa-ffff-ffff00000033"}
[debug] &amp#27;[35m[WD Proxy]&amp#27;[39m Got response with status 200: {"sessionId":"60bc8183-fb36-4f4d-818c-72b0299f5f13","value":null}
[debug] &amp#27;[35m[W3C (574eca1e)]&amp#27;[39m Responding to client with driver.click() result: null
&amp#27;[35m[HTTP]&amp#27;[39m &amp#27;[37m<-- POST /wd/hub/session/574eca1e-0f42-4ed6-8082-0d0dd95c1cd5/element/00000000-0000-02aa-ffff-ffff00000033/click &amp#27;[39m&amp#27;[32m200&amp#27;[39m &amp#27;[90m27 ms - 14&amp#27;[39m
&amp#27;[35m[HTTP]&amp#27;[39m &amp#27;[90m&amp#27;[39m
****All buttons have gone successfully hide*****
[INFO ] 2021-12-21 22:38:01.899 [main] AnimationFuncSteps - *******All buttons have been successfully hide*****!
&amp#27;[35m[HTTP]&amp#27;[39m &amp#27;[37m-->&amp#27;[39m &amp#27;[37mDELETE&amp#27;[39m &amp#27;[37m/wd/hub/session/574eca1e-0f42-4ed6-8082-0d0dd95c1cd5&amp#27;[39m
&amp#27;[35m[HTTP]&amp#27;[39m &amp#27;[90m{}&amp#27;[39m
[debug] &amp#27;[35m[W3C (574eca1e)]&amp#27;[39m Calling AppiumDriver.deleteSession() with args: ["574eca1e-0f42-4ed6-8082-0d0dd95c1cd5"]
[debug] &amp#27;[35m[BaseDriver]&amp#27;[39m Event 'quitSessionRequested' logged at 1640106481912 (22:38:01 GMT+0530 (India Standard Time))
&amp#27;[35m[Appium]&amp#27;[39m Removing session 574eca1e-0f42-4ed6-8082-0d0dd95c1cd5 from our master session list
[debug] &amp#27;[35m[UiAutomator2]&amp#27;[39m Deleting UiAutomator2 session
[debug] &amp#27;[35m[UiAutomator2]&amp#27;[39m Deleting UiAutomator2 server session
[debug] &amp#27;[35m[WD Proxy]&amp#27;[39m Matched '/' to command name 'deleteSession'
[debug] &amp#27;[35m[WD Proxy]&amp#27;[39m Proxying [DELETE /] to [DELETE http://127.0.0.1:8200/wd/hub/session/60bc8183-fb36-4f4d-818c-72b0299f5f13] with no body
[debug] &amp#27;[35m[WD Proxy]&amp#27;[39m Got response with status 200: {"sessionId":"60bc8183-fb36-4f4d-818c-72b0299f5f13","value":null}
[debug] &amp#27;[35m[ADB]&amp#27;[39m Running 'C:\Users\asifansari\AppData\Local\Android\Sdk\platform-tools\adb.exe -P 5037 -s emulator-5554 shell am force-stop io.appium.android.apis'
[debug] &amp#27;[35m[Instrumentation]&amp#27;[39m .
[debug] &amp#27;[35m[Instrumentation]&amp#27;[39m Time: 7.077
[debug] &amp#27;[35m[Instrumentation]&amp#27;[39m 
[debug] &amp#27;[35m[Instrumentation]&amp#27;[39m OK (1 test)
[debug] &amp#27;[35m[Instrumentation]&amp#27;[39m The process has exited with code 0
[debug] &amp#27;[35m[Logcat]&amp#27;[39m Stopping logcat capture
[debug] &amp#27;[35m[ADB]&amp#27;[39m Removing forwarded port socket connection: 8200 
[debug] &amp#27;[35m[ADB]&amp#27;[39m Running 'C:\Users\asifansari\AppData\Local\Android\Sdk\platform-tools\adb.exe -P 5037 -s emulator-5554 forward --remove tcp:8200'
[debug] &amp#27;[35m[BaseDriver]&amp#27;[39m Event 'quitSessionFinished' logged at 1640106482192 (22:38:02 GMT+0530 (India Standard Time))
[debug] &amp#27;[35m[W3C (574eca1e)]&amp#27;[39m Received response: null
[debug] &amp#27;[35m[W3C (574eca1e)]&amp#27;[39m But deleting session, so not returning
[debug] &amp#27;[35m[W3C (574eca1e)]&amp#27;[39m Responding to client with driver.deleteSession() result: null
&amp#27;[35m[HTTP]&amp#27;[39m &amp#27;[37m<-- DELETE /wd/hub/session/574eca1e-0f42-4ed6-8082-0d0dd95c1cd5 &amp#27;[39m&amp#27;[32m200&amp#27;[39m &amp#27;[90m282 ms - 14&amp#27;[39m
&amp#27;[35m[HTTP]&amp#27;[39m &amp#27;[90m&amp#27;[39m
&amp#27;[35m[Appium]&amp#27;[39m Welcome to Appium v1.22.0
&amp#27;[35m[Appium]&amp#27;[39m Appium REST http interface listener started on 0.0.0.0:4723
&amp#27;[35m[HTTP]&amp#27;[39m &amp#27;[37m-->&amp#27;[39m &amp#27;[37mGET&amp#27;[39m &amp#27;[37m/wd/hub/status&amp#27;[39m
&amp#27;[35m[HTTP]&amp#27;[39m &amp#27;[90m{}&amp#27;[39m
[debug] &amp#27;[35m[GENERIC]&amp#27;[39m Calling AppiumDriver.getStatus() with args: []
[debug] &amp#27;[35m[GENERIC]&amp#27;[39m Responding to client with driver.getStatus() result: {"build":{"version":"1.22.0"}}
&amp#27;[35m[HTTP]&amp#27;[39m &amp#27;[37m<-- GET /wd/hub/status &amp#27;[39m&amp#27;[32m200&amp#27;[39m &amp#27;[90m6 ms - 68&amp#27;[39m
&amp#27;[35m[HTTP]&amp#27;[39m &amp#27;[90m&amp#27;[39m
&amp#27;[35m[HTTP]&amp#27;[39m &amp#27;[37m-->&amp#27;[39m &amp#27;[37mPOST&amp#27;[39m &amp#27;[37m/wd/hub/session&amp#27;[39m
&amp#27;[35m[HTTP]&amp#27;[39m &amp#27;[90m{"desiredCapabilities":{"app":"./src/test/resources/MyAPP/ApiDemos-debug.apk","appActivity":".ApiDemos","appPackage":"io.appium.android.apis","platformVersion":"8.1","platformName":"Android","deviceName":"Android"},"capabilities":{"alwaysMatch":{"appium:app":"./src/test/resources/MyAPP/ApiDemos-debug.apk","appium:appActivity":".ApiDemos","appium:appPackage":"io.appium.android.apis","appium:deviceName":"Android","platformName":"android","appium:platformVersion":"8.1"},"firstMatch":[{}]}}&amp#27;[39m
[debug] &amp#27;[35m[W3C]&amp#27;[39m Calling AppiumDriver.createSession() with args: [{"app":"./src/test/resources/MyAPP/ApiDemos-debug.apk","appActivity":".ApiDemos","appPackage":"io.appium.android.apis","platformVersion":"8.1","platformName":"Android","deviceName":"Android"},null,{"alwaysMatch":{"appium:app":"./src/test/resources/MyAPP/ApiDemos-debug.apk","appium:appActivity":".ApiDemos","appium:appPackage":"io.appium.android.apis","appium:deviceName":"Android","platformName":"android","appium:platformVersion":"8.1"},"firstMatch":[{}]}]
[debug] &amp#27;[35m[BaseDriver]&amp#27;[39m Event 'newSessionRequested' logged at 1640106484920 (22:38:04 GMT+0530 (India Standard Time))
&amp#27;[35m[Appium]&amp#27;[39m 
&amp#27;[35m[Appium]&amp#27;[39m ======================================================================
&amp#27;[35m[Appium]&amp#27;[39m   DEPRECATION WARNING:
&amp#27;[35m[Appium]&amp#27;[39m 
&amp#27;[35m[Appium]&amp#27;[39m   The 'automationName' capability was not provided in the desired 
&amp#27;[35m[Appium]&amp#27;[39m   capabilities for this Android session
&amp#27;[35m[Appium]&amp#27;[39m 
&amp#27;[35m[Appium]&amp#27;[39m   Setting 'automationName=UiAutomator2' by default and using the 
&amp#27;[35m[Appium]&amp#27;[39m   UiAutomator2 Driver
&amp#27;[35m[Appium]&amp#27;[39m 
&amp#27;[35m[Appium]&amp#27;[39m   The next major version of Appium (2.x) will **require** the 
&amp#27;[35m[Appium]&amp#27;[39m   'automationName' capability to be set for all sessions on all 
&amp#27;[35m[Appium]&amp#27;[39m   platforms
&amp#27;[35m[Appium]&amp#27;[39m 
&amp#27;[35m[Appium]&amp#27;[39m   In previous versions (Appium <= 1.13.x), the default was 
&amp#27;[35m[Appium]&amp#27;[39m   'automationName=UiAutomator1'
&amp#27;[35m[Appium]&amp#27;[39m 
&amp#27;[35m[Appium]&amp#27;[39m   If you wish to use that automation instead of UiAutomator2, please 
&amp#27;[35m[Appium]&amp#27;[39m   add 'automationName=UiAutomator1' to your desired capabilities
&amp#27;[35m[Appium]&amp#27;[39m 
&amp#27;[35m[Appium]&amp#27;[39m   For more information about drivers, please visit 
&amp#27;[35m[Appium]&amp#27;[39m   http://appium.io/docs/en/about-appium/intro/ and explore the 
&amp#27;[35m[Appium]&amp#27;[39m   'Drivers' menu
&amp#27;[35m[Appium]&amp#27;[39m 
&amp#27;[35m[Appium]&amp#27;[39m ======================================================================
&amp#27;[35m[Appium]&amp#27;[39m 
&amp#27;[35m[Appium]&amp#27;[39m Appium v1.22.0 creating new AndroidUiautomator2Driver (v1.69.0) session
[debug] &amp#27;[35m[BaseDriver]&amp#27;[39m W3C capabilities and MJSONWP desired capabilities were provided
[debug] &amp#27;[35m[BaseDriver]&amp#27;[39m Creating session with W3C capabilities: {
[debug] &amp#27;[35m[BaseDriver]&amp#27;[39m   "alwaysMatch": {
[debug] &amp#27;[35m[BaseDriver]&amp#27;[39m     "platformName": "android",
[debug] &amp#27;[35m[BaseDriver]&amp#27;[39m     "appium:app": "./src/test/resources/MyAPP/ApiDemos-debug.apk",
[debug] &amp#27;[35m[BaseDriver]&amp#27;[39m     "appium:appActivity": ".ApiDemos",
[debug] &amp#27;[35m[BaseDriver]&amp#27;[39m     "appium:appPackage": "io.appium.android.apis",
[debug] &amp#27;[35m[BaseDriver]&amp#27;[39m     "appium:deviceName": "Android",
[debug] &amp#27;[35m[BaseDriver]&amp#27;[39m     "appium:platformVersion": "8.1"
[debug] &amp#27;[35m[BaseDriver]&amp#27;[39m   },
[debug] &amp#27;[35m[BaseDriver]&amp#27;[39m   "firstMatch": [
[debug] &amp#27;[35m[BaseDriver]&amp#27;[39m     {}
[debug] &amp#27;[35m[BaseDriver]&amp#27;[39m   ]
[debug] &amp#27;[35m[BaseDriver]&amp#27;[39m }
&amp#27;[35m[BaseDriver]&amp#27;[39m Session created with session id: f5de7efe-f2bc-402c-88fe-5875db1c715d
&amp#27;[35m[BaseDriver]&amp#27;[39m Using local app './src/test/resources/MyAPP/ApiDemos-debug.apk'
&amp#27;[35m[BaseDriver]&amp#27;[39m The current application path './src/test/resources/MyAPP/ApiDemos-debug.apk' is not absolute and has been rewritten to 'C:\Users\asifansari\eclipse-workspace\MyAppiumMavenAssignment\src\test\resources\MyAPP\ApiDemos-debug.apk'. Consider using absolute paths rather than relative
[debug] &amp#27;[35m[UiAutomator2]&amp#27;[39m Checking whether app is actually present
&amp#27;[35m[ADB]&amp#27;[39m Found 2 'build-tools' folders under 'C:\Users\asifansari\AppData\Local\Android\Sdk' (newest first):
&amp#27;[35m[ADB]&amp#27;[39m     C:/Users/asifansari/AppData/Local/Android/Sdk/build-tools/31.0.0
&amp#27;[35m[ADB]&amp#27;[39m     C:/Users/asifansari/AppData/Local/Android/Sdk/build-tools/30.0.2
&amp#27;[35m[ADB]&amp#27;[39m Using 'adb.exe' from 'C:\Users\asifansari\AppData\Local\Android\Sdk\platform-tools\adb.exe'
[debug] &amp#27;[35m[ADB]&amp#27;[39m Running 'C:\Users\asifansari\AppData\Local\Android\Sdk\platform-tools\adb.exe -P 5037 start-server'
&amp#27;[35m[AndroidDriver]&amp#27;[39m Retrieving device list
[debug] &amp#27;[35m[ADB]&amp#27;[39m Trying to find a connected android device
[debug] &amp#27;[35m[ADB]&amp#27;[39m Getting connected devices
[debug] &amp#27;[35m[ADB]&amp#27;[39m Connected devices: [{"udid":"emulator-5554","state":"device"}]
&amp#27;[35m[AndroidDriver]&amp#27;[39m Looking for a device with Android '8.1.0'
[debug] &amp#27;[35m[ADB]&amp#27;[39m Setting device id to emulator-5554
&amp#27;[35m[ADB]&amp#27;[39m Getting device platform version
[debug] &amp#27;[35m[ADB]&amp#27;[39m Running 'C:\Users\asifansari\AppData\Local\Android\Sdk\platform-tools\adb.exe -P 5037 -s emulator-5554 shell getprop ro.build.version.release'
[debug] &amp#27;[35m[ADB]&amp#27;[39m Current device property 'ro.build.version.release': 8.1.0
&amp#27;[35m[AndroidDriver]&amp#27;[39m Using device: emulator-5554
&amp#27;[35m[ADB]&amp#27;[39m Using 'adb.exe' from 'C:\Users\asifansari\AppData\Local\Android\Sdk\platform-tools\adb.exe'
[debug] &amp#27;[35m[ADB]&amp#27;[39m Running 'C:\Users\asifansari\AppData\Local\Android\Sdk\platform-tools\adb.exe -P 5037 start-server'
[debug] &amp#27;[35m[ADB]&amp#27;[39m Setting device id to emulator-5554
[debug] &amp#27;[35m[ADB]&amp#27;[39m Running 'C:\Users\asifansari\AppData\Local\Android\Sdk\platform-tools\adb.exe -P 5037 -s emulator-5554 shell getprop ro.build.version.sdk'
[debug] &amp#27;[35m[ADB]&amp#27;[39m Current device property 'ro.build.version.sdk': 27
[debug] &amp#27;[35m[ADB]&amp#27;[39m Device API level: 27
[debug] &amp#27;[35m[ADB]&amp#27;[39m Running 'C:\Users\asifansari\AppData\Local\Android\Sdk\platform-tools\adb.exe -P 5037 -s emulator-5554 wait-for-device'
[debug] &amp#27;[35m[ADB]&amp#27;[39m Running 'C:\Users\asifansari\AppData\Local\Android\Sdk\platform-tools\adb.exe -P 5037 -s emulator-5554 shell echo ping'
[debug] &amp#27;[35m[AndroidDriver]&amp#27;[39m Pushing settings apk to device...
[debug] &amp#27;[35m[ADB]&amp#27;[39m Getting install status for io.appium.settings
[debug] &amp#27;[35m[ADB]&amp#27;[39m Running 'C:\Users\asifansari\AppData\Local\Android\Sdk\platform-tools\adb.exe -P 5037 -s emulator-5554 shell dumpsys package io.appium.settings'
[debug] &amp#27;[35m[ADB]&amp#27;[39m 'io.appium.settings' is installed
[debug] &amp#27;[35m[ADB]&amp#27;[39m Getting package info for 'io.appium.settings'
[debug] &amp#27;[35m[ADB]&amp#27;[39m Running 'C:\Users\asifansari\AppData\Local\Android\Sdk\platform-tools\adb.exe -P 5037 -s emulator-5554 shell dumpsys package io.appium.settings'
[debug] &amp#27;[35m[ADB]&amp#27;[39m The version name of the installed 'io.appium.settings' is greater or equal to the application version name ('3.4.0' >= '3.4.0')
[debug] &amp#27;[35m[ADB]&amp#27;[39m There is no need to install/upgrade 'C:\Users\asifansari\AppData\Roaming\npm\node_modules\appium\node_modules\io.appium.settings\apks\settings_apk-debug.apk'
[debug] &amp#27;[35m[ADB]&amp#27;[39m Getting IDs of all 'io.appium.settings' processes
[debug] &amp#27;[35m[ADB]&amp#27;[39m Running 'C:\Users\asifansari\AppData\Local\Android\Sdk\platform-tools\adb.exe -P 5037 -s emulator-5554 shell 'pgrep --help; echo $?''
[debug] &amp#27;[35m[ADB]&amp#27;[39m Running 'C:\Users\asifansari\AppData\Local\Android\Sdk\platform-tools\adb.exe -P 5037 -s emulator-5554 shell pgrep -f \(\[\[:blank:\]\]\|\^\)io\.appium\.settings\(\[\[:blank:\]\]\|\$\)'
[debug] &amp#27;[35m[AndroidDriver]&amp#27;[39m io.appium.settings is already running. There is no need to reset its permissions.
[debug] &amp#27;[35m[Logcat]&amp#27;[39m Starting logs capture with command: C:\\Users\\asifansari\\AppData\\Local\\Android\\Sdk\\platform-tools\\adb.exe -P 5037 -s emulator-5554 logcat -v threadtime
[debug] &amp#27;[35m[UiAutomator2]&amp#27;[39m Forwarding UiAutomator2 Server port 6790 to local port 8200
[debug] &amp#27;[35m[ADB]&amp#27;[39m Forwarding system: 8200 to device: 6790
[debug] &amp#27;[35m[ADB]&amp#27;[39m Running 'C:\Users\asifansari\AppData\Local\Android\Sdk\platform-tools\adb.exe -P 5037 -s emulator-5554 forward tcp:8200 tcp:6790'
[debug] &amp#27;[35m[ADB]&amp#27;[39m Getting install status for io.appium.uiautomator2.server
[debug] &amp#27;[35m[ADB]&amp#27;[39m Running 'C:\Users\asifansari\AppData\Local\Android\Sdk\platform-tools\adb.exe -P 5037 -s emulator-5554 shell dumpsys package io.appium.uiautomator2.server'
[debug] &amp#27;[35m[ADB]&amp#27;[39m 'io.appium.uiautomator2.server' is installed
[debug] &amp#27;[35m[ADB]&amp#27;[39m Getting package info for 'io.appium.uiautomator2.server'
[debug] &amp#27;[35m[ADB]&amp#27;[39m Running 'C:\Users\asifansari\AppData\Local\Android\Sdk\platform-tools\adb.exe -P 5037 -s emulator-5554 shell dumpsys package io.appium.uiautomator2.server'
[debug] &amp#27;[35m[ADB]&amp#27;[39m The version name of the installed 'io.appium.uiautomator2.server' is greater or equal to the application version name ('4.24.0' >= '4.24.0')
[debug] &amp#27;[35m[UiAutomator2]&amp#27;[39m io.appium.uiautomator2.server installation state: sameVersionInstalled
[debug] &amp#27;[35m[ADB]&amp#27;[39m Checking app cert for C:\Users\asifansari\AppData\Roaming\npm\node_modules\appium\node_modules\appium-uiautomator2-server\apks\appium-uiautomator2-server-v4.24.0.apk
&amp#27;[35m[ADB]&amp#27;[39m Using 'apksigner.jar' from 'C:\Users\asifansari\AppData\Local\Android\Sdk\build-tools\31.0.0\lib\apksigner.jar'
[debug] &amp#27;[35m[ADB]&amp#27;[39m Starting apksigner: 'C:\\Program Files\\Java\\jdk-11.0.2\\bin\\java.exe' -Xmx1024M -Xss1m -jar C:\\Users\\asifansari\\AppData\\Local\\Android\\Sdk\\build-tools\\31.0.0\\lib\\apksigner.jar verify --print-certs C:\\Users\\asifansari\\AppData\\Roaming\\npm\\node_modules\\appium\\node_modules\\appium-uiautomator2-server\\apks\\appium-uiautomator2-server-v4.24.0.apk
[debug] &amp#27;[35m[ADB]&amp#27;[39m apksigner stdout: Signer #1 certificate DN: EMAILADDRESS=android@android.com, CN=Android, OU=Android, O=Android, L=Mountain View, ST=California, C=US
[debug] &amp#27;[35m[ADB]&amp#27;[39m Signer #1 certificate SHA-256 digest: a40da80a59d170caa950cf15c18c454d47a39b26989d8b640ecd745ba71bf5dc
[debug] &amp#27;[35m[ADB]&amp#27;[39m Signer #1 certificate SHA-1 digest: 61ed377e85d386a8dfee6b864bd85b0bfaa5af81
[debug] &amp#27;[35m[ADB]&amp#27;[39m Signer #1 certificate MD5 digest: e89b158e4bcf988ebd09eb83f5378e87
[debug] &amp#27;[35m[ADB]&amp#27;[39m 
[debug] &amp#27;[35m[ADB]&amp#27;[39m sha256 hash did match for 'appium-uiautomator2-server-v4.24.0.apk'
&amp#27;[35m[ADB]&amp#27;[39m 'C:\Users\asifansari\AppData\Roaming\npm\node_modules\appium\node_modules\appium-uiautomator2-server\apks\appium-uiautomator2-server-v4.24.0.apk' is signed with the default certificate
[debug] &amp#27;[35m[ADB]&amp#27;[39m Getting install status for io.appium.uiautomator2.server.test
[debug] &amp#27;[35m[ADB]&amp#27;[39m Running 'C:\Users\asifansari\AppData\Local\Android\Sdk\platform-tools\adb.exe -P 5037 -s emulator-5554 shell dumpsys package io.appium.uiautomator2.server.test'
[debug] &amp#27;[35m[ADB]&amp#27;[39m 'io.appium.uiautomator2.server.test' is installed
[debug] &amp#27;[35m[ADB]&amp#27;[39m Checking app cert for C:\Users\asifansari\AppData\Roaming\npm\node_modules\appium\node_modules\appium-uiautomator2-server\apks\appium-uiautomator2-server-debug-androidTest.apk
[debug] &amp#27;[35m[ADB]&amp#27;[39m Starting apksigner: 'C:\\Program Files\\Java\\jdk-11.0.2\\bin\\java.exe' -Xmx1024M -Xss1m -jar C:\\Users\\asifansari\\AppData\\Local\\Android\\Sdk\\build-tools\\31.0.0\\lib\\apksigner.jar verify --print-certs C:\\Users\\asifansari\\AppData\\Roaming\\npm\\node_modules\\appium\\node_modules\\appium-uiautomator2-server\\apks\\appium-uiautomator2-server-debug-androidTest.apk
[debug] &amp#27;[35m[ADB]&amp#27;[39m apksigner stdout: Signer #1 certificate DN: EMAILADDRESS=android@android.com, CN=Android, OU=Android, O=Android, L=Mountain View, ST=California, C=US
[debug] &amp#27;[35m[ADB]&amp#27;[39m Signer #1 certificate SHA-256 digest: a40da80a59d170caa950cf15c18c454d47a39b26989d8b640ecd745ba71bf5dc
[debug] &amp#27;[35m[ADB]&amp#27;[39m Signer #1 certificate SHA-1 digest: 61ed377e85d386a8dfee6b864bd85b0bfaa5af81
[debug] &amp#27;[35m[ADB]&amp#27;[39m Signer #1 certificate MD5 digest: e89b158e4bcf988ebd09eb83f5378e87
[debug] &amp#27;[35m[ADB]&amp#27;[39m 
[debug] &amp#27;[35m[ADB]&amp#27;[39m sha256 hash did match for 'appium-uiautomator2-server-debug-androidTest.apk'
&amp#27;[35m[ADB]&amp#27;[39m 'C:\Users\asifansari\AppData\Roaming\npm\node_modules\appium\node_modules\appium-uiautomator2-server\apks\appium-uiautomator2-server-debug-androidTest.apk' is signed with the default certificate
&amp#27;[35m[UiAutomator2]&amp#27;[39m Server packages are not going to be (re)installed
[debug] &amp#27;[35m[UiAutomator2]&amp#27;[39m Waiting up to 30000ms for services to be available
[debug] &amp#27;[35m[ADB]&amp#27;[39m Running 'C:\Users\asifansari\AppData\Local\Android\Sdk\platform-tools\adb.exe -P 5037 -s emulator-5554 shell pm list instrumentation'
[debug] &amp#27;[35m[UiAutomator2]&amp#27;[39m Instrumentation target 'io.appium.uiautomator2.server.test/androidx.test.runner.AndroidJUnitRunner' is available
&amp#27;[35m[ADB]&amp#27;[39m Adding packages ["io.appium.settings","io.appium.uiautomator2.server","io.appium.uiautomator2.server.test"] to Doze whitelist
[debug] &amp#27;[35m[ADB]&amp#27;[39m Got the following command chunks to execute: [["dumpsys","deviceidle","whitelist","+io.appium.settings",";","dumpsys","deviceidle","whitelist","+io.appium.uiautomator2.server",";","dumpsys","deviceidle","whitelist","+io.appium.uiautomator2.server.test",";"]]
[debug] &amp#27;[35m[ADB]&amp#27;[39m Running 'C:\Users\asifansari\AppData\Local\Android\Sdk\platform-tools\adb.exe -P 5037 -s emulator-5554 shell dumpsys deviceidle whitelist +io.appium.settings ; dumpsys deviceidle whitelist +io.appium.uiautomator2.server ; dumpsys deviceidle whitelist +io.appium.uiautomator2.server.test ;'
[debug] &amp#27;[35m[ADB]&amp#27;[39m Checking app cert for C:\Users\asifansari\eclipse-workspace\MyAppiumMavenAssignment\src\test\resources\MyAPP\ApiDemos-debug.apk
[debug] &amp#27;[35m[ADB]&amp#27;[39m Starting apksigner: 'C:\\Program Files\\Java\\jdk-11.0.2\\bin\\java.exe' -Xmx1024M -Xss1m -jar C:\\Users\\asifansari\\AppData\\Local\\Android\\Sdk\\build-tools\\31.0.0\\lib\\apksigner.jar verify --print-certs C:\\Users\\asifansari\\eclipse-workspace\\MyAppiumMavenAssignment\\src\\test\\resources\\MyAPP\\ApiDemos-debug.apk
[debug] &amp#27;[35m[ADB]&amp#27;[39m apksigner stdout: Signer #1 certificate DN: EMAILADDRESS=android@android.com, CN=Android, OU=Android, O=Android, L=Mountain View, ST=California, C=US
[debug] &amp#27;[35m[ADB]&amp#27;[39m Signer #1 certificate SHA-256 digest: a40da80a59d170caa950cf15c18c454d47a39b26989d8b640ecd745ba71bf5dc
[debug] &amp#27;[35m[ADB]&amp#27;[39m Signer #1 certificate SHA-1 digest: 61ed377e85d386a8dfee6b864bd85b0bfaa5af81
[debug] &amp#27;[35m[ADB]&amp#27;[39m Signer #1 certificate MD5 digest: e89b158e4bcf988ebd09eb83f5378e87
[debug] &amp#27;[35m[ADB]&amp#27;[39m 
[debug] &amp#27;[35m[ADB]&amp#27;[39m sha256 hash did match for 'ApiDemos-debug.apk'
&amp#27;[35m[ADB]&amp#27;[39m 'C:\Users\asifansari\eclipse-workspace\MyAppiumMavenAssignment\src\test\resources\MyAPP\ApiDemos-debug.apk' is signed with the default certificate
[debug] &amp#27;[35m[ADB]&amp#27;[39m Getting install status for io.appium.android.apis
[debug] &amp#27;[35m[ADB]&amp#27;[39m Running 'C:\Users\asifansari\AppData\Local\Android\Sdk\platform-tools\adb.exe -P 5037 -s emulator-5554 shell dumpsys package io.appium.android.apis'
[debug] &amp#27;[35m[ADB]&amp#27;[39m 'io.appium.android.apis' is installed
[debug] &amp#27;[35m[ADB]&amp#27;[39m Getting package info for 'io.appium.android.apis'
[debug] &amp#27;[35m[ADB]&amp#27;[39m Running 'C:\Users\asifansari\AppData\Local\Android\Sdk\platform-tools\adb.exe -P 5037 -s emulator-5554 shell dumpsys package io.appium.android.apis'
&amp#27;[35m[ADB]&amp#27;[39m Cannot read version codes of 'C:\Users\asifansari\eclipse-workspace\MyAppiumMavenAssignment\src\test\resources\MyAPP\ApiDemos-debug.apk' and/or 'io.appium.android.apis'
&amp#27;[35m[ADB]&amp#27;[39m Cannot read version names of 'C:\Users\asifansari\eclipse-workspace\MyAppiumMavenAssignment\src\test\resources\MyAPP\ApiDemos-debug.apk' and/or 'io.appium.android.apis'
[debug] &amp#27;[35m[ADB]&amp#27;[39m The current install state of 'C:\Users\asifansari\eclipse-workspace\MyAppiumMavenAssignment\src\test\resources\MyAPP\ApiDemos-debug.apk' is unknown. Installing anyway
[debug] &amp#27;[35m[ADB]&amp#27;[39m Running 'C:\Users\asifansari\AppData\Local\Android\Sdk\platform-tools\adb.exe -P 5037 -s emulator-5554 help'
[debug] &amp#27;[35m[ADB]&amp#27;[39m Running 'C:\Users\asifansari\AppData\Local\Android\Sdk\platform-tools\adb.exe -P 5037 -s emulator-5554 features'
&amp#27;[35m[ADB]&amp#27;[39m The application at 'C:\Users\asifansari\eclipse-workspace\MyAppiumMavenAssignment\src\test\resources\MyAPP\ApiDemos-debug.apk' will not be cached, because the device under test has confirmed the support of streamed installs
[debug] &amp#27;[35m[ADB]&amp#27;[39m Running 'C:\Users\asifansari\AppData\Local\Android\Sdk\platform-tools\adb.exe -P 5037 -s emulator-5554 install -r C:\Users\asifansari\eclipse-workspace\MyAppiumMavenAssignment\src\test\resources\MyAPP\ApiDemos-debug.apk'
&amp#27;[35m[ADB]&amp#27;[39m The installation of 'ApiDemos-debug.apk' took 766ms
[debug] &amp#27;[35m[ADB]&amp#27;[39m Install command stdout: Performing Streamed Install
[debug] &amp#27;[35m[ADB]&amp#27;[39m Success
&amp#27;[35m[AndroidDriver]&amp#27;[39m Performing fast reset on 'io.appium.android.apis'
[debug] &amp#27;[35m[ADB]&amp#27;[39m Getting install status for io.appium.android.apis
[debug] &amp#27;[35m[ADB]&amp#27;[39m Running 'C:\Users\asifansari\AppData\Local\Android\Sdk\platform-tools\adb.exe -P 5037 -s emulator-5554 shell dumpsys package io.appium.android.apis'
[debug] &amp#27;[35m[ADB]&amp#27;[39m 'io.appium.android.apis' is installed
[debug] &amp#27;[35m[ADB]&amp#27;[39m Running 'C:\Users\asifansari\AppData\Local\Android\Sdk\platform-tools\adb.exe -P 5037 -s emulator-5554 shell am force-stop io.appium.android.apis'
[debug] &amp#27;[35m[ADB]&amp#27;[39m Running 'C:\Users\asifansari\AppData\Local\Android\Sdk\platform-tools\adb.exe -P 5037 -s emulator-5554 shell pm clear io.appium.android.apis'
[debug] &amp#27;[35m[AndroidDriver]&amp#27;[39m Performed fast reset on the installed 'io.appium.android.apis' application (stop and clear)
[debug] &amp#27;[35m[UiAutomator2]&amp#27;[39m Performing shallow cleanup of automation leftovers
[debug] &amp#27;[35m[UiAutomator2]&amp#27;[39m No obsolete sessions have been detected (socket hang up)
[debug] &amp#27;[35m[ADB]&amp#27;[39m Running 'C:\Users\asifansari\AppData\Local\Android\Sdk\platform-tools\adb.exe -P 5037 -s emulator-5554 shell am force-stop io.appium.uiautomator2.server.test'
&amp#27;[35m[UiAutomator2]&amp#27;[39m Starting UIAutomator2 server 4.24.0
&amp#27;[35m[UiAutomator2]&amp#27;[39m Using UIAutomator2 server from 'C:\Users\asifansari\AppData\Roaming\npm\node_modules\appium\node_modules\appium-uiautomator2-server\apks\appium-uiautomator2-server-v4.24.0.apk' and test from 'C:\Users\asifansari\AppData\Roaming\npm\node_modules\appium\node_modules\appium-uiautomator2-server\apks\appium-uiautomator2-server-debug-androidTest.apk'
&amp#27;[35m[UiAutomator2]&amp#27;[39m Waiting up to 30000ms for UiAutomator2 to be online...
[debug] &amp#27;[35m[ADB]&amp#27;[39m Creating ADB subprocess with args: ["-P",5037,"-s","emulator-5554","shell","am","instrument","-w","-e","disableAnalytics",true,"io.appium.uiautomator2.server.test/androidx.test.runner.AndroidJUnitRunner"]
[debug] &amp#27;[35m[WD Proxy]&amp#27;[39m Matched '/status' to command name 'getStatus'
[debug] &amp#27;[35m[WD Proxy]&amp#27;[39m Proxying [GET /status] to [GET http://127.0.0.1:8200/wd/hub/status] with no body
&amp#27;[35m[WD Proxy]&amp#27;[39m socket hang up
[debug] &amp#27;[35m[Instrumentation]&amp#27;[39m io.appium.uiautomator2.server.test.AppiumUiAutomator2Server:
[debug] &amp#27;[35m[WD Proxy]&amp#27;[39m Matched '/status' to command name 'getStatus'
[debug] &amp#27;[35m[WD Proxy]&amp#27;[39m Proxying [GET /status] to [GET http://127.0.0.1:8200/wd/hub/status] with no body
&amp#27;[35m[WD Proxy]&amp#27;[39m socket hang up
[debug] &amp#27;[35m[WD Proxy]&amp#27;[39m Matched '/status' to command name 'getStatus'
[debug] &amp#27;[35m[WD Proxy]&amp#27;[39m Proxying [GET /status] to [GET http://127.0.0.1:8200/wd/hub/status] with no body
[debug] &amp#27;[35m[WD Proxy]&amp#27;[39m Got response with status 200: {"sessionId":"None","value":{"message":"UiAutomator2 Server is ready to accept commands","ready":true}}
[debug] &amp#27;[35m[UiAutomator2]&amp#27;[39m The initialization of the instrumentation process took 2224ms
[debug] &amp#27;[35m[WD Proxy]&amp#27;[39m Matched '/session' to command name 'createSession'
[debug] &amp#27;[35m[WD Proxy]&amp#27;[39m Proxying [POST /session] to [POST http://127.0.0.1:8200/wd/hub/session] with body: {"capabilities":{"firstMatch":[{"platform":"LINUX","webStorageEnabled":false,"takesScreenshot":true,"javascriptEnabled":true,"databaseEnabled":false,"networkConnectionEnabled":true,"locationContextEnabled":false,"warnings":{},"desired":{"platformName":"android","app":"./src/test/resources/MyAPP/ApiDemos-debug.apk","appActivity":".ApiDemos","appPackage":"io.appium.android.apis","deviceName":"Android","platformVersion":"8.1"},"platformName":"android","app":"./src/test/resources/MyAPP/ApiDemos-debug.apk","appActivity":".ApiDemos","appPackage":"io.appium.android.apis","deviceName":"emulator-5554","platformVersion":"8.1","deviceUDID":"emulator-5554"}],"alwaysMatch":{}}}
[debug] &amp#27;[35m[WD Proxy]&amp#27;[39m Got response with status 200: {"sessionId":"19423648-171d-4fb5-b6f7-05cfeb5c124e","value":{"capabilities":{"firstMatch":[{"platform":"LINUX","webStorageEnabled":false,"takesScreenshot":true,"javascriptEnabled":true,"databaseEnabled":false,"networkConnectionEnabled":true,"locationContextEnabled":false,"warnings":{},"desired":{"platformName":"android","app":"./src/test/resources/MyAPP/ApiDemos-debug.apk","appActivity":".ApiDemos","appPackage":"io.appium.android.apis","deviceName":"Android","platformVersion":"8.1"},"platformName":"android","app":"./src/test/resources/MyAPP/ApiDemos-debug.apk","appActivity":".ApiDemos","appPackage":"io.appium.android.apis","deviceName":"emulator-5554","platformVersion":"8.1","deviceUDID":"emulator-5554"}],"alwaysMatch":{}},"sessionId":"19423648-171d-4fb5-b6f7-05cfeb5c124e"}}
&amp#27;[35m[WD Proxy]&amp#27;[39m Determined the downstream protocol as 'W3C'
[debug] &amp#27;[35m[WD Proxy]&amp#27;[39m Proxying [GET /appium/device/info] to [GET http://127.0.0.1:8200/wd/hub/session/19423648-171d-4fb5-b6f7-05cfeb5c124e/appium/device/info] with no body
[debug] &amp#27;[35m[WD Proxy]&amp#27;[39m Got response with status 200: {"sessionId":"19423648-171d-4fb5-b6f7-05cfeb5c124e","value":{"androidId":"de14fad231487cce","apiVersion":"27","bluetooth":null,"brand":"google","carrierName":"Android","displayDensity":420,"locale":"en_US","manufacturer":"Google","model":"Android SDK built for x86","networks":[{"capabilities":{"SSID":null,"linkDownBandwidthKbps":102400,"linkUpstreamBandwidthKbps":51200,"networkCapabilities":"NET_CAPABILITY_MMS,NET_CAPABILITY_SUPL,NET_CAPABILITY_DUN,NET_CAPABILITY_FOTA,NET_CAPABILITY_IMS,NET_CAPABILITY_CBS,NET_CAPABILITY_IA,NET_CAPABILITY_INTERNET,NET_CAPABILITY_NOT_RESTRICTED,NET_CAPABILITY_TRUSTED,NET_CAPABILITY_NOT_VPN,NET_CAPABILITY_VALIDATED","signalStrength":-2147483648,"transportTypes":"TRANSPORT_CELLULAR"},"detailedState":"CONNECTED","extraInfo":"epc.tmobile.com","isAvailable":true,"isConnected":true,"isFailover":false,"isRoaming":false,"state":"CONNECTED","subtype":13,"subtypeName":"LTE","type":0,"typeName":"MOBILE"},{"capabilities":{"SSID":null,"linkDownBandwidthKbps":1048576,"linkUpstreamBandwidt...
[debug] &amp#27;[35m[ADB]&amp#27;[39m Running 'C:\Users\asifansari\AppData\Local\Android\Sdk\platform-tools\adb.exe -P 5037 -s emulator-5554 shell dumpsys window'
&amp#27;[35m[AndroidDriver]&amp#27;[39m Screen already unlocked, doing nothing
&amp#27;[35m[UiAutomator2]&amp#27;[39m Starting 'io.appium.android.apis/.ApiDemos and waiting for 'io.appium.android.apis/.ApiDemos'
[debug] &amp#27;[35m[ADB]&amp#27;[39m Running 'C:\Users\asifansari\AppData\Local\Android\Sdk\platform-tools\adb.exe -P 5037 -s emulator-5554 shell am start -W -n io.appium.android.apis/.ApiDemos -S -a android.intent.action.MAIN -c android.intent.category.LAUNCHER -f 0x10200000'
[debug] &amp#27;[35m[WD Proxy]&amp#27;[39m Proxying [GET /appium/device/pixel_ratio] to [GET http://127.0.0.1:8200/wd/hub/session/19423648-171d-4fb5-b6f7-05cfeb5c124e/appium/device/pixel_ratio] with no body
[debug] &amp#27;[35m[WD Proxy]&amp#27;[39m Got response with status 200: {"sessionId":"19423648-171d-4fb5-b6f7-05cfeb5c124e","value":2.625}
[debug] &amp#27;[35m[WD Proxy]&amp#27;[39m Matched '/appium/device/system_bars' to command name 'getSystemBars'
[debug] &amp#27;[35m[WD Proxy]&amp#27;[39m Proxying [GET /appium/device/system_bars] to [GET http://127.0.0.1:8200/wd/hub/session/19423648-171d-4fb5-b6f7-05cfeb5c124e/appium/device/system_bars] with no body
[debug] &amp#27;[35m[WD Proxy]&amp#27;[39m Got response with status 200: {"sessionId":"19423648-171d-4fb5-b6f7-05cfeb5c124e","value":{"statusBar":63}}
[debug] &amp#27;[35m[WD Proxy]&amp#27;[39m Matched '/window/current/size' to command name 'getWindowSize'
[debug] &amp#27;[35m[WD Proxy]&amp#27;[39m Proxying [GET /window/current/size] to [GET http://127.0.0.1:8200/wd/hub/session/19423648-171d-4fb5-b6f7-05cfeb5c124e/window/current/size] with no body
[debug] &amp#27;[35m[WD Proxy]&amp#27;[39m Got response with status 200: {"sessionId":"19423648-171d-4fb5-b6f7-05cfeb5c124e","value":{"height":1794,"width":1080}}
&amp#27;[35m[Appium]&amp#27;[39m New AndroidUiautomator2Driver session created successfully, session f5de7efe-f2bc-402c-88fe-5875db1c715d added to master session list
[debug] &amp#27;[35m[BaseDriver]&amp#27;[39m Event 'newSessionStarted' logged at 1640106492941 (22:38:12 GMT+0530 (India Standard Time))
[debug] &amp#27;[35m[W3C (f5de7efe)]&amp#27;[39m Cached the protocol value 'W3C' for the new session f5de7efe-f2bc-402c-88fe-5875db1c715d
[debug] &amp#27;[35m[W3C (f5de7efe)]&amp#27;[39m Responding to client with driver.createSession() result: {"capabilities":{"platform":"LINUX","webStorageEnabled":false,"takesScreenshot":true,"javascriptEnabled":true,"databaseEnabled":false,"networkConnectionEnabled":true,"locationContextEnabled":false,"warnings":{},"desired":{"platformName":"android","app":"./src/test/resources/MyAPP/ApiDemos-debug.apk","appActivity":".ApiDemos","appPackage":"io.appium.android.apis","deviceName":"Android","platformVersion":"8.1"},"platformName":"android","app":"./src/test/resources/MyAPP/ApiDemos-debug.apk","appActivity":".ApiDemos","appPackage":"io.appium.android.apis","deviceName":"emulator-5554","platformVersion":"8.1.0","deviceUDID":"emulator-5554","deviceApiLevel":27,"deviceScreenSize":"1080x1920","deviceScreenDensity":420,"deviceModel":"Android SDK built for x86","deviceManufacturer":"Google","pixelRatio":2.625,"statBarHeight":63,"viewportRect":{"left":0,"top":63,"width":1080,"height":1731}}}
&amp#27;[35m[HTTP]&amp#27;[39m &amp#27;[37m<-- POST /wd/hub/session &amp#27;[39m&amp#27;[32m200&amp#27;[39m &amp#27;[90m8025 ms - 951&amp#27;[39m
&amp#27;[35m[HTTP]&amp#27;[39m &amp#27;[90m&amp#27;[39m
&amp#27;[35m[HTTP]&amp#27;[39m &amp#27;[37m-->&amp#27;[39m &amp#27;[37mGET&amp#27;[39m &amp#27;[37m/wd/hub/session/f5de7efe-f2bc-402c-88fe-5875db1c715d&amp#27;[39m
&amp#27;[35m[HTTP]&amp#27;[39m &amp#27;[90m{}&amp#27;[39m
[debug] &amp#27;[35m[W3C (f5de7efe)]&amp#27;[39m Calling AppiumDriver.getSession() with args: ["f5de7efe-f2bc-402c-88fe-5875db1c715d"]
[debug] &amp#27;[35m[UiAutomator2]&amp#27;[39m Getting session details from server to mix in
[debug] &amp#27;[35m[WD Proxy]&amp#27;[39m Matched '/' to command name 'getSession'
[debug] &amp#27;[35m[WD Proxy]&amp#27;[39m Proxying [GET /] to [GET http://127.0.0.1:8200/wd/hub/session/19423648-171d-4fb5-b6f7-05cfeb5c124e] with no body
[debug] &amp#27;[35m[WD Proxy]&amp#27;[39m Got response with status 200: {"sessionId":"19423648-171d-4fb5-b6f7-05cfeb5c124e","value":{"lastScrollData":null}}
[debug] &amp#27;[35m[W3C (f5de7efe)]&amp#27;[39m Responding to client with driver.getSession() result: {"platform":"LINUX","webStorageEnabled":false,"takesScreenshot":true,"javascriptEnabled":true,"databaseEnabled":false,"networkConnectionEnabled":true,"locationContextEnabled":false,"warnings":{},"desired":{"platformName":"android","app":"./src/test/resources/MyAPP/ApiDemos-debug.apk","appActivity":".ApiDemos","appPackage":"io.appium.android.apis","deviceName":"Android","platformVersion":"8.1"},"platformName":"android","app":"./src/test/resources/MyAPP/ApiDemos-debug.apk","appActivity":".ApiDemos","appPackage":"io.appium.android.apis","deviceName":"emulator-5554","platformVersion":"8.1.0","deviceUDID":"emulator-5554","deviceApiLevel":27,"deviceScreenSize":"1080x1920","deviceScreenDensity":420,"deviceModel":"Android SDK built for x86","deviceManufacturer":"Google","pixelRatio":2.625,"statBarHeight":63,"viewportRect":{"left":0,"top":63,"width":1080,"height":1731},"lastScrollData":null}
&amp#27;[35m[HTTP]&amp#27;[39m &amp#27;[37m<-- GET /wd/hub/session/f5de7efe-f2bc-402c-88fe-5875db1c715d &amp#27;[39m&amp#27;[32m200&amp#27;[39m &amp#27;[90m11 ms - 905&amp#27;[39m
&amp#27;[35m[HTTP]&amp#27;[39m &amp#27;[90m&amp#27;[39m
&amp#27;[35m[HTTP]&amp#27;[39m &amp#27;[37m-->&amp#27;[39m &amp#27;[37mGET&amp#27;[39m &amp#27;[37m/wd/hub/session/f5de7efe-f2bc-402c-88fe-5875db1c715d&amp#27;[39m
&amp#27;[35m[HTTP]&amp#27;[39m &amp#27;[90m{}&amp#27;[39m
[debug] &amp#27;[35m[W3C (f5de7efe)]&amp#27;[39m Calling AppiumDriver.getSession() with args: ["f5de7efe-f2bc-402c-88fe-5875db1c715d"]
[debug] &amp#27;[35m[UiAutomator2]&amp#27;[39m Getting session details from server to mix in
[debug] &amp#27;[35m[WD Proxy]&amp#27;[39m Matched '/' to command name 'getSession'
[debug] &amp#27;[35m[WD Proxy]&amp#27;[39m Proxying [GET /] to [GET http://127.0.0.1:8200/wd/hub/session/19423648-171d-4fb5-b6f7-05cfeb5c124e] with no body
[debug] &amp#27;[35m[WD Proxy]&amp#27;[39m Got response with status 200: {"sessionId":"19423648-171d-4fb5-b6f7-05cfeb5c124e","value":{"lastScrollData":null}}
[debug] &amp#27;[35m[W3C (f5de7efe)]&amp#27;[39m Responding to client with driver.getSession() result: {"platform":"LINUX","webStorageEnabled":false,"takesScreenshot":true,"javascriptEnabled":true,"databaseEnabled":false,"networkConnectionEnabled":true,"locationContextEnabled":false,"warnings":{},"desired":{"platformName":"android","app":"./src/test/resources/MyAPP/ApiDemos-debug.apk","appActivity":".ApiDemos","appPackage":"io.appium.android.apis","deviceName":"Android","platformVersion":"8.1"},"platformName":"android","app":"./src/test/resources/MyAPP/ApiDemos-debug.apk","appActivity":".ApiDemos","appPackage":"io.appium.android.apis","deviceName":"emulator-5554","platformVersion":"8.1.0","deviceUDID":"emulator-5554","deviceApiLevel":27,"deviceScreenSize":"1080x1920","deviceScreenDensity":420,"deviceModel":"Android SDK built for x86","deviceManufacturer":"Google","pixelRatio":2.625,"statBarHeight":63,"viewportRect":{"left":0,"top":63,"width":1080,"height":1731},"lastScrollData":null}
&amp#27;[35m[HTTP]&amp#27;[39m &amp#27;[37m<-- GET /wd/hub/session/f5de7efe-f2bc-402c-88fe-5875db1c715d &amp#27;[39m&amp#27;[32m200&amp#27;[39m &amp#27;[90m18 ms - 905&amp#27;[39m
&amp#27;[35m[HTTP]&amp#27;[39m &amp#27;[90m&amp#27;[39m
&amp#27;[35m[HTTP]&amp#27;[39m &amp#27;[37m-->&amp#27;[39m &amp#27;[37mPOST&amp#27;[39m &amp#27;[37m/wd/hub/session/f5de7efe-f2bc-402c-88fe-5875db1c715d/timeouts&amp#27;[39m
&amp#27;[35m[HTTP]&amp#27;[39m &amp#27;[90m{"implicit":120000}&amp#27;[39m
[debug] &amp#27;[35m[W3C (f5de7efe)]&amp#27;[39m Calling AppiumDriver.timeouts() with args: [null,null,null,null,120000,"f5de7efe-f2bc-402c-88fe-5875db1c715d"]
[debug] &amp#27;[35m[BaseDriver]&amp#27;[39m W3C timeout argument: {"implicit":120000}}
[debug] &amp#27;[35m[BaseDriver]&amp#27;[39m Set implicit wait to 120000ms
[debug] &amp#27;[35m[W3C (f5de7efe)]&amp#27;[39m Responding to client with driver.timeouts() result: null
&amp#27;[35m[HTTP]&amp#27;[39m &amp#27;[37m<-- POST /wd/hub/session/f5de7efe-f2bc-402c-88fe-5875db1c715d/timeouts &amp#27;[39m&amp#27;[32m200&amp#27;[39m &amp#27;[90m5 ms - 14&amp#27;[39m
&amp#27;[35m[HTTP]&amp#27;[39m &amp#27;[90m&amp#27;[39m

  @test1
  Scenario: To verify the working of hiding of buttons         # Hide&ShowButtons.feature:13
    Given user is inside hideshow animation section of the app # AnimationFuncSteps.user_is_inside_hideshow_animation_section_of_the_app()
    When user markcheck to provide some custom animation       # AnimationFuncSteps.markcheck_to_provide_some_custom_animation()
    And start tapping the buttons to hide them                 # AnimationFuncSteps.start_tapping_the_buttons_to_hide_them()
    Then all buttons have gone invisible                       # AnimationFuncSteps.all_buttons_have_gone_invisible()
****Now user is inside the application *****
[INFO ] 2021-12-21 22:38:13.007 [main] AnimationFuncSteps - #~#~#~ Application has open to run a new test ~#~#~#
&amp#27;[35m[HTTP]&amp#27;[39m &amp#27;[37m-->&amp#27;[39m &amp#27;[37mGET&amp#27;[39m &amp#27;[37m/wd/hub/session/f5de7efe-f2bc-402c-88fe-5875db1c715d&amp#27;[39m
&amp#27;[35m[HTTP]&amp#27;[39m &amp#27;[90m{}&amp#27;[39m
[debug] &amp#27;[35m[W3C (f5de7efe)]&amp#27;[39m Calling AppiumDriver.getSession() with args: ["f5de7efe-f2bc-402c-88fe-5875db1c715d"]
[debug] &amp#27;[35m[UiAutomator2]&amp#27;[39m Getting session details from server to mix in
[debug] &amp#27;[35m[WD Proxy]&amp#27;[39m Matched '/' to command name 'getSession'
[debug] &amp#27;[35m[WD Proxy]&amp#27;[39m Proxying [GET /] to [GET http://127.0.0.1:8200/wd/hub/session/19423648-171d-4fb5-b6f7-05cfeb5c124e] with no body
[debug] &amp#27;[35m[WD Proxy]&amp#27;[39m Got response with status 200: {"sessionId":"19423648-171d-4fb5-b6f7-05cfeb5c124e","value":{"lastScrollData":null}}
[debug] &amp#27;[35m[W3C (f5de7efe)]&amp#27;[39m Responding to client with driver.getSession() result: {"platform":"LINUX","webStorageEnabled":false,"takesScreenshot":true,"javascriptEnabled":true,"databaseEnabled":false,"networkConnectionEnabled":true,"locationContextEnabled":false,"warnings":{},"desired":{"platformName":"android","app":"./src/test/resources/MyAPP/ApiDemos-debug.apk","appActivity":".ApiDemos","appPackage":"io.appium.android.apis","deviceName":"Android","platformVersion":"8.1"},"platformName":"android","app":"./src/test/resources/MyAPP/ApiDemos-debug.apk","appActivity":".ApiDemos","appPackage":"io.appium.android.apis","deviceName":"emulator-5554","platformVersion":"8.1.0","deviceUDID":"emulator-5554","deviceApiLevel":27,"deviceScreenSize":"1080x1920","deviceScreenDensity":420,"deviceModel":"Android SDK built for x86","deviceManufacturer":"Google","pixelRatio":2.625,"statBarHeight":63,"viewportRect":{"left":0,"top":63,"width":1080,"height":1731},"lastScrollData":null}
&amp#27;[35m[HTTP]&amp#27;[39m &amp#27;[37m<-- GET /wd/hub/session/f5de7efe-f2bc-402c-88fe-5875db1c715d &amp#27;[39m&amp#27;[32m200&amp#27;[39m &amp#27;[90m21 ms - 905&amp#27;[39m
&amp#27;[35m[HTTP]&amp#27;[39m &amp#27;[90m&amp#27;[39m
&amp#27;[35m[HTTP]&amp#27;[39m &amp#27;[37m-->&amp#27;[39m &amp#27;[37mGET&amp#27;[39m &amp#27;[37m/wd/hub/session/f5de7efe-f2bc-402c-88fe-5875db1c715d&amp#27;[39m
&amp#27;[35m[HTTP]&amp#27;[39m &amp#27;[90m{}&amp#27;[39m
[debug] &amp#27;[35m[W3C (f5de7efe)]&amp#27;[39m Calling AppiumDriver.getSession() with args: ["f5de7efe-f2bc-402c-88fe-5875db1c715d"]
[debug] &amp#27;[35m[UiAutomator2]&amp#27;[39m Getting session details from server to mix in
[debug] &amp#27;[35m[WD Proxy]&amp#27;[39m Matched '/' to command name 'getSession'
[debug] &amp#27;[35m[WD Proxy]&amp#27;[39m Proxying [GET /] to [GET http://127.0.0.1:8200/wd/hub/session/19423648-171d-4fb5-b6f7-05cfeb5c124e] with no body
[debug] &amp#27;[35m[WD Proxy]&amp#27;[39m Got response with status 200: {"sessionId":"19423648-171d-4fb5-b6f7-05cfeb5c124e","value":{"lastScrollData":null}}
[debug] &amp#27;[35m[W3C (f5de7efe)]&amp#27;[39m Responding to client with driver.getSession() result: {"platform":"LINUX","webStorageEnabled":false,"takesScreenshot":true,"javascriptEnabled":true,"databaseEnabled":false,"networkConnectionEnabled":true,"locationContextEnabled":false,"warnings":{},"desired":{"platformName":"android","app":"./src/test/resources/MyAPP/ApiDemos-debug.apk","appActivity":".ApiDemos","appPackage":"io.appium.android.apis","deviceName":"Android","platformVersion":"8.1"},"platformName":"android","app":"./src/test/resources/MyAPP/ApiDemos-debug.apk","appActivity":".ApiDemos","appPackage":"io.appium.android.apis","deviceName":"emulator-5554","platformVersion":"8.1.0","deviceUDID":"emulator-5554","deviceApiLevel":27,"deviceScreenSize":"1080x1920","deviceScreenDensity":420,"deviceModel":"Android SDK built for x86","deviceManufacturer":"Google","pixelRatio":2.625,"statBarHeight":63,"viewportRect":{"left":0,"top":63,"width":1080,"height":1731},"lastScrollData":null}
&amp#27;[35m[HTTP]&amp#27;[39m &amp#27;[37m<-- GET /wd/hub/session/f5de7efe-f2bc-402c-88fe-5875db1c715d &amp#27;[39m&amp#27;[32m200&amp#27;[39m &amp#27;[90m21 ms - 905&amp#27;[39m
&amp#27;[35m[HTTP]&amp#27;[39m &amp#27;[90m&amp#27;[39m
&amp#27;[35m[HTTP]&amp#27;[39m &amp#27;[37m-->&amp#27;[39m &amp#27;[37mGET&amp#27;[39m &amp#27;[37m/wd/hub/session/f5de7efe-f2bc-402c-88fe-5875db1c715d&amp#27;[39m
&amp#27;[35m[HTTP]&amp#27;[39m &amp#27;[90m{}&amp#27;[39m
[debug] &amp#27;[35m[W3C (f5de7efe)]&amp#27;[39m Calling AppiumDriver.getSession() with args: ["f5de7efe-f2bc-402c-88fe-5875db1c715d"]
[debug] &amp#27;[35m[UiAutomator2]&amp#27;[39m Getting session details from server to mix in
[debug] &amp#27;[35m[WD Proxy]&amp#27;[39m Matched '/' to command name 'getSession'
[debug] &amp#27;[35m[WD Proxy]&amp#27;[39m Proxying [GET /] to [GET http://127.0.0.1:8200/wd/hub/session/19423648-171d-4fb5-b6f7-05cfeb5c124e] with no body
[debug] &amp#27;[35m[WD Proxy]&amp#27;[39m Got response with status 200: {"sessionId":"19423648-171d-4fb5-b6f7-05cfeb5c124e","value":{"lastScrollData":null}}
[debug] &amp#27;[35m[W3C (f5de7efe)]&amp#27;[39m Responding to client with driver.getSession() result: {"platform":"LINUX","webStorageEnabled":false,"takesScreenshot":true,"javascriptEnabled":true,"databaseEnabled":false,"networkConnectionEnabled":true,"locationContextEnabled":false,"warnings":{},"desired":{"platformName":"android","app":"./src/test/resources/MyAPP/ApiDemos-debug.apk","appActivity":".ApiDemos","appPackage":"io.appium.android.apis","deviceName":"Android","platformVersion":"8.1"},"platformName":"android","app":"./src/test/resources/MyAPP/ApiDemos-debug.apk","appActivity":".ApiDemos","appPackage":"io.appium.android.apis","deviceName":"emulator-5554","platformVersion":"8.1.0","deviceUDID":"emulator-5554","deviceApiLevel":27,"deviceScreenSize":"1080x1920","deviceScreenDensity":420,"deviceModel":"Android SDK built for x86","deviceManufacturer":"Google","pixelRatio":2.625,"statBarHeight":63,"viewportRect":{"left":0,"top":63,"width":1080,"height":1731},"lastScrollData":null}
&amp#27;[35m[HTTP]&amp#27;[39m &amp#27;[37m<-- GET /wd/hub/session/f5de7efe-f2bc-402c-88fe-5875db1c715d &amp#27;[39m&amp#27;[32m200&amp#27;[39m &amp#27;[90m21 ms - 905&amp#27;[39m
&amp#27;[35m[HTTP]&amp#27;[39m &amp#27;[90m&amp#27;[39m
&amp#27;[35m[HTTP]&amp#27;[39m &amp#27;[37m-->&amp#27;[39m &amp#27;[37mPOST&amp#27;[39m &amp#27;[37m/wd/hub/session/f5de7efe-f2bc-402c-88fe-5875db1c715d/element&amp#27;[39m
&amp#27;[35m[HTTP]&amp#27;[39m &amp#27;[90m{"using":"accessibility id","value":"Animation"}&amp#27;[39m
[debug] &amp#27;[35m[W3C (f5de7efe)]&amp#27;[39m Calling AppiumDriver.findElement() with args: ["accessibility id","Animation","f5de7efe-f2bc-402c-88fe-5875db1c715d"]
[debug] &amp#27;[35m[BaseDriver]&amp#27;[39m Valid locator strategies for this request: xpath, id, class name, accessibility id, css selector, -android uiautomator
[debug] &amp#27;[35m[BaseDriver]&amp#27;[39m Waiting up to 120000 ms for condition
[debug] &amp#27;[35m[WD Proxy]&amp#27;[39m Matched '/element' to command name 'findElement'
[debug] &amp#27;[35m[WD Proxy]&amp#27;[39m Proxying [POST /element] to [POST http://127.0.0.1:8200/wd/hub/session/19423648-171d-4fb5-b6f7-05cfeb5c124e/element] with body: {"strategy":"accessibility id","selector":"Animation","context":"","multiple":false}
[debug] &amp#27;[35m[WD Proxy]&amp#27;[39m Got response with status 200: {"sessionId":"19423648-171d-4fb5-b6f7-05cfeb5c124e","value":{"ELEMENT":"00000000-0000-02b3-ffff-ffff00000008","element-6066-11e4-a52e-4f735466cecf":"00000000-0000-02b3-ffff-ffff00000008"}}
[debug] &amp#27;[35m[W3C (f5de7efe)]&amp#27;[39m Responding to client with driver.findElement() result: {"element-6066-11e4-a52e-4f735466cecf":"00000000-0000-02b3-ffff-ffff00000008","ELEMENT":"00000000-0000-02b3-ffff-ffff00000008"}
&amp#27;[35m[HTTP]&amp#27;[39m &amp#27;[37m<-- POST /wd/hub/session/f5de7efe-f2bc-402c-88fe-5875db1c715d/element &amp#27;[39m&amp#27;[32m200&amp#27;[39m &amp#27;[90m515 ms - 137&amp#27;[39m
&amp#27;[35m[HTTP]&amp#27;[39m &amp#27;[90m&amp#27;[39m
&amp#27;[35m[HTTP]&amp#27;[39m &amp#27;[37m-->&amp#27;[39m &amp#27;[37mPOST&amp#27;[39m &amp#27;[37m/wd/hub/session/f5de7efe-f2bc-402c-88fe-5875db1c715d/element/00000000-0000-02b3-ffff-ffff00000008/click&amp#27;[39m
&amp#27;[35m[HTTP]&amp#27;[39m &amp#27;[90m{"id":"00000000-0000-02b3-ffff-ffff00000008"}&amp#27;[39m
[debug] &amp#27;[35m[W3C (f5de7efe)]&amp#27;[39m Calling AppiumDriver.click() with args: ["00000000-0000-02b3-ffff-ffff00000008","f5de7efe-f2bc-402c-88fe-5875db1c715d"]
[debug] &amp#27;[35m[WD Proxy]&amp#27;[39m Matched '/element/00000000-0000-02b3-ffff-ffff00000008/click' to command name 'click'
[debug] &amp#27;[35m[WD Proxy]&amp#27;[39m Proxying [POST /element/00000000-0000-02b3-ffff-ffff00000008/click] to [POST http://127.0.0.1:8200/wd/hub/session/19423648-171d-4fb5-b6f7-05cfeb5c124e/element/00000000-0000-02b3-ffff-ffff00000008/click] with body: {"element":"00000000-0000-02b3-ffff-ffff00000008"}
[debug] &amp#27;[35m[WD Proxy]&amp#27;[39m Got response with status 200: {"sessionId":"19423648-171d-4fb5-b6f7-05cfeb5c124e","value":null}
[debug] &amp#27;[35m[W3C (f5de7efe)]&amp#27;[39m Responding to client with driver.click() result: null
&amp#27;[35m[HTTP]&amp#27;[39m &amp#27;[37m<-- POST /wd/hub/session/f5de7efe-f2bc-402c-88fe-5875db1c715d/element/00000000-0000-02b3-ffff-ffff00000008/click &amp#27;[39m&amp#27;[32m200&amp#27;[39m &amp#27;[90m1449 ms - 14&amp#27;[39m
&amp#27;[35m[HTTP]&amp#27;[39m &amp#27;[90m&amp#27;[39m
[INFO ] 2021-12-21 22:38:15.075 [main] AnimationFuncSteps - Tap on the Animation Section has done!
&amp#27;[35m[HTTP]&amp#27;[39m &amp#27;[37m-->&amp#27;[39m &amp#27;[37mGET&amp#27;[39m &amp#27;[37m/wd/hub/session/f5de7efe-f2bc-402c-88fe-5875db1c715d&amp#27;[39m
&amp#27;[35m[HTTP]&amp#27;[39m &amp#27;[90m{}&amp#27;[39m
[debug] &amp#27;[35m[W3C (f5de7efe)]&amp#27;[39m Calling AppiumDriver.getSession() with args: ["f5de7efe-f2bc-402c-88fe-5875db1c715d"]
[debug] &amp#27;[35m[UiAutomator2]&amp#27;[39m Getting session details from server to mix in
[debug] &amp#27;[35m[WD Proxy]&amp#27;[39m Matched '/' to command name 'getSession'
[debug] &amp#27;[35m[WD Proxy]&amp#27;[39m Proxying [GET /] to [GET http://127.0.0.1:8200/wd/hub/session/19423648-171d-4fb5-b6f7-05cfeb5c124e] with no body
[debug] &amp#27;[35m[WD Proxy]&amp#27;[39m Got response with status 200: {"sessionId":"19423648-171d-4fb5-b6f7-05cfeb5c124e","value":{"lastScrollData":null}}
[debug] &amp#27;[35m[W3C (f5de7efe)]&amp#27;[39m Responding to client with driver.getSession() result: {"platform":"LINUX","webStorageEnabled":false,"takesScreenshot":true,"javascriptEnabled":true,"databaseEnabled":false,"networkConnectionEnabled":true,"locationContextEnabled":false,"warnings":{},"desired":{"platformName":"android","app":"./src/test/resources/MyAPP/ApiDemos-debug.apk","appActivity":".ApiDemos","appPackage":"io.appium.android.apis","deviceName":"Android","platformVersion":"8.1"},"platformName":"android","app":"./src/test/resources/MyAPP/ApiDemos-debug.apk","appActivity":".ApiDemos","appPackage":"io.appium.android.apis","deviceName":"emulator-5554","platformVersion":"8.1.0","deviceUDID":"emulator-5554","deviceApiLevel":27,"deviceScreenSize":"1080x1920","deviceScreenDensity":420,"deviceModel":"Android SDK built for x86","deviceManufacturer":"Google","pixelRatio":2.625,"statBarHeight":63,"viewportRect":{"left":0,"top":63,"width":1080,"height":1731},"lastScrollData":null}
&amp#27;[35m[HTTP]&amp#27;[39m &amp#27;[37m<-- GET /wd/hub/session/f5de7efe-f2bc-402c-88fe-5875db1c715d &amp#27;[39m&amp#27;[32m200&amp#27;[39m &amp#27;[90m37 ms - 905&amp#27;[39m
&amp#27;[35m[HTTP]&amp#27;[39m &amp#27;[90m&amp#27;[39m
&amp#27;[35m[HTTP]&amp#27;[39m &amp#27;[37m-->&amp#27;[39m &amp#27;[37mGET&amp#27;[39m &amp#27;[37m/wd/hub/session/f5de7efe-f2bc-402c-88fe-5875db1c715d&amp#27;[39m
&amp#27;[35m[HTTP]&amp#27;[39m &amp#27;[90m{}&amp#27;[39m
[debug] &amp#27;[35m[W3C (f5de7efe)]&amp#27;[39m Calling AppiumDriver.getSession() with args: ["f5de7efe-f2bc-402c-88fe-5875db1c715d"]
[debug] &amp#27;[35m[UiAutomator2]&amp#27;[39m Getting session details from server to mix in
[debug] &amp#27;[35m[WD Proxy]&amp#27;[39m Matched '/' to command name 'getSession'
[debug] &amp#27;[35m[WD Proxy]&amp#27;[39m Proxying [GET /] to [GET http://127.0.0.1:8200/wd/hub/session/19423648-171d-4fb5-b6f7-05cfeb5c124e] with no body
[debug] &amp#27;[35m[WD Proxy]&amp#27;[39m Got response with status 200: {"sessionId":"19423648-171d-4fb5-b6f7-05cfeb5c124e","value":{"lastScrollData":null}}
[debug] &amp#27;[35m[W3C (f5de7efe)]&amp#27;[39m Responding to client with driver.getSession() result: {"platform":"LINUX","webStorageEnabled":false,"takesScreenshot":true,"javascriptEnabled":true,"databaseEnabled":false,"networkConnectionEnabled":true,"locationContextEnabled":false,"warnings":{},"desired":{"platformName":"android","app":"./src/test/resources/MyAPP/ApiDemos-debug.apk","appActivity":".ApiDemos","appPackage":"io.appium.android.apis","deviceName":"Android","platformVersion":"8.1"},"platformName":"android","app":"./src/test/resources/MyAPP/ApiDemos-debug.apk","appActivity":".ApiDemos","appPackage":"io.appium.android.apis","deviceName":"emulator-5554","platformVersion":"8.1.0","deviceUDID":"emulator-5554","deviceApiLevel":27,"deviceScreenSize":"1080x1920","deviceScreenDensity":420,"deviceModel":"Android SDK built for x86","deviceManufacturer":"Google","pixelRatio":2.625,"statBarHeight":63,"viewportRect":{"left":0,"top":63,"width":1080,"height":1731},"lastScrollData":null}
&amp#27;[35m[HTTP]&amp#27;[39m &amp#27;[37m<-- GET /wd/hub/session/f5de7efe-f2bc-402c-88fe-5875db1c715d &amp#27;[39m&amp#27;[32m200&amp#27;[39m &amp#27;[90m13 ms - 905&amp#27;[39m
&amp#27;[35m[HTTP]&amp#27;[39m &amp#27;[90m&amp#27;[39m
&amp#27;[35m[HTTP]&amp#27;[39m &amp#27;[37m-->&amp#27;[39m &amp#27;[37mGET&amp#27;[39m &amp#27;[37m/wd/hub/session/f5de7efe-f2bc-402c-88fe-5875db1c715d&amp#27;[39m
&amp#27;[35m[HTTP]&amp#27;[39m &amp#27;[90m{}&amp#27;[39m
[debug] &amp#27;[35m[W3C (f5de7efe)]&amp#27;[39m Calling AppiumDriver.getSession() with args: ["f5de7efe-f2bc-402c-88fe-5875db1c715d"]
[debug] &amp#27;[35m[UiAutomator2]&amp#27;[39m Getting session details from server to mix in
[debug] &amp#27;[35m[WD Proxy]&amp#27;[39m Matched '/' to command name 'getSession'
[debug] &amp#27;[35m[WD Proxy]&amp#27;[39m Proxying [GET /] to [GET http://127.0.0.1:8200/wd/hub/session/19423648-171d-4fb5-b6f7-05cfeb5c124e] with no body
[debug] &amp#27;[35m[WD Proxy]&amp#27;[39m Got response with status 200: {"sessionId":"19423648-171d-4fb5-b6f7-05cfeb5c124e","value":{"lastScrollData":null}}
[debug] &amp#27;[35m[W3C (f5de7efe)]&amp#27;[39m Responding to client with driver.getSession() result: {"platform":"LINUX","webStorageEnabled":false,"takesScreenshot":true,"javascriptEnabled":true,"databaseEnabled":false,"networkConnectionEnabled":true,"locationContextEnabled":false,"warnings":{},"desired":{"platformName":"android","app":"./src/test/resources/MyAPP/ApiDemos-debug.apk","appActivity":".ApiDemos","appPackage":"io.appium.android.apis","deviceName":"Android","platformVersion":"8.1"},"platformName":"android","app":"./src/test/resources/MyAPP/ApiDemos-debug.apk","appActivity":".ApiDemos","appPackage":"io.appium.android.apis","deviceName":"emulator-5554","platformVersion":"8.1.0","deviceUDID":"emulator-5554","deviceApiLevel":27,"deviceScreenSize":"1080x1920","deviceScreenDensity":420,"deviceModel":"Android SDK built for x86","deviceManufacturer":"Google","pixelRatio":2.625,"statBarHeight":63,"viewportRect":{"left":0,"top":63,"width":1080,"height":1731},"lastScrollData":null}
&amp#27;[35m[HTTP]&amp#27;[39m &amp#27;[37m<-- GET /wd/hub/session/f5de7efe-f2bc-402c-88fe-5875db1c715d &amp#27;[39m&amp#27;[32m200&amp#27;[39m &amp#27;[90m11 ms - 905&amp#27;[39m
&amp#27;[35m[HTTP]&amp#27;[39m &amp#27;[90m&amp#27;[39m
&amp#27;[35m[HTTP]&amp#27;[39m &amp#27;[37m-->&amp#27;[39m &amp#27;[37mPOST&amp#27;[39m &amp#27;[37m/wd/hub/session/f5de7efe-f2bc-402c-88fe-5875db1c715d/element&amp#27;[39m
&amp#27;[35m[HTTP]&amp#27;[39m &amp#27;[90m{"using":"accessibility id","value":"Hide-Show Animations"}&amp#27;[39m
[debug] &amp#27;[35m[W3C (f5de7efe)]&amp#27;[39m Calling AppiumDriver.findElement() with args: ["accessibility id","Hide-Show Animations","f5de7efe-f2bc-402c-88fe-5875db1c715d"]
[debug] &amp#27;[35m[BaseDriver]&amp#27;[39m Valid locator strategies for this request: xpath, id, class name, accessibility id, css selector, -android uiautomator
[debug] &amp#27;[35m[BaseDriver]&amp#27;[39m Waiting up to 120000 ms for condition
[debug] &amp#27;[35m[WD Proxy]&amp#27;[39m Matched '/element' to command name 'findElement'
[debug] &amp#27;[35m[WD Proxy]&amp#27;[39m Proxying [POST /element] to [POST http://127.0.0.1:8200/wd/hub/session/19423648-171d-4fb5-b6f7-05cfeb5c124e/element] with body: {"strategy":"accessibility id","selector":"Hide-Show Animations","context":"","multiple":false}
[debug] &amp#27;[35m[WD Proxy]&amp#27;[39m Got response with status 200: {"sessionId":"19423648-171d-4fb5-b6f7-05cfeb5c124e","value":{"ELEMENT":"00000000-0000-02b4-ffff-ffff0000001d","element-6066-11e4-a52e-4f735466cecf":"00000000-0000-02b4-ffff-ffff0000001d"}}
[debug] &amp#27;[35m[W3C (f5de7efe)]&amp#27;[39m Responding to client with driver.findElement() result: {"element-6066-11e4-a52e-4f735466cecf":"00000000-0000-02b4-ffff-ffff0000001d","ELEMENT":"00000000-0000-02b4-ffff-ffff0000001d"}
&amp#27;[35m[HTTP]&amp#27;[39m &amp#27;[37m<-- POST /wd/hub/session/f5de7efe-f2bc-402c-88fe-5875db1c715d/element &amp#27;[39m&amp#27;[32m200&amp#27;[39m &amp#27;[90m30 ms - 137&amp#27;[39m
&amp#27;[35m[HTTP]&amp#27;[39m &amp#27;[90m&amp#27;[39m
&amp#27;[35m[HTTP]&amp#27;[39m &amp#27;[37m-->&amp#27;[39m &amp#27;[37mPOST&amp#27;[39m &amp#27;[37m/wd/hub/session/f5de7efe-f2bc-402c-88fe-5875db1c715d/element/00000000-0000-02b4-ffff-ffff0000001d/click&amp#27;[39m
&amp#27;[35m[HTTP]&amp#27;[39m &amp#27;[90m{"id":"00000000-0000-02b4-ffff-ffff0000001d"}&amp#27;[39m
[debug] &amp#27;[35m[W3C (f5de7efe)]&amp#27;[39m Calling AppiumDriver.click() with args: ["00000000-0000-02b4-ffff-ffff0000001d","f5de7efe-f2bc-402c-88fe-5875db1c715d"]
[debug] &amp#27;[35m[WD Proxy]&amp#27;[39m Matched '/element/00000000-0000-02b4-ffff-ffff0000001d/click' to command name 'click'
[debug] &amp#27;[35m[WD Proxy]&amp#27;[39m Proxying [POST /element/00000000-0000-02b4-ffff-ffff0000001d/click] to [POST http://127.0.0.1:8200/wd/hub/session/19423648-171d-4fb5-b6f7-05cfeb5c124e/element/00000000-0000-02b4-ffff-ffff0000001d/click] with body: {"element":"00000000-0000-02b4-ffff-ffff0000001d"}
[debug] &amp#27;[35m[WD Proxy]&amp#27;[39m Got response with status 200: {"sessionId":"19423648-171d-4fb5-b6f7-05cfeb5c124e","value":null}
[debug] &amp#27;[35m[W3C (f5de7efe)]&amp#27;[39m Responding to client with driver.click() result: null
&amp#27;[35m[HTTP]&amp#27;[39m &amp#27;[37m<-- POST /wd/hub/session/f5de7efe-f2bc-402c-88fe-5875db1c715d/element/00000000-0000-02b4-ffff-ffff0000001d/click &amp#27;[39m&amp#27;[32m200&amp#27;[39m &amp#27;[90m21 ms - 14&amp#27;[39m
&amp#27;[35m[HTTP]&amp#27;[39m &amp#27;[90m&amp#27;[39m
[INFO ] 2021-12-21 22:38:15.237 [main] AnimationFuncSteps - Tap on the Hide-Show Animation Option has done!

  Background: user is inside the hide-show animation section # Hide&ShowButtons.feature:5
    Given application has already opened                     # AnimationFuncSteps.application_has_already_opened()
    When user tap on the Animation section                   # AnimationFuncSteps.user_tap_on_the_Animation_section()
    And tap on the Hide-Show Animation section               # AnimationFuncSteps.tap_on_the_Hide_Show_Animation_section()
****User is inside the hide-show section  *****
&amp#27;[35m[HTTP]&amp#27;[39m &amp#27;[37m-->&amp#27;[39m &amp#27;[37mGET&amp#27;[39m &amp#27;[37m/wd/hub/session/f5de7efe-f2bc-402c-88fe-5875db1c715d&amp#27;[39m
&amp#27;[35m[HTTP]&amp#27;[39m &amp#27;[90m{}&amp#27;[39m
[debug] &amp#27;[35m[W3C (f5de7efe)]&amp#27;[39m Calling AppiumDriver.getSession() with args: ["f5de7efe-f2bc-402c-88fe-5875db1c715d"]
[debug] &amp#27;[35m[UiAutomator2]&amp#27;[39m Getting session details from server to mix in
[debug] &amp#27;[35m[WD Proxy]&amp#27;[39m Matched '/' to command name 'getSession'
[debug] &amp#27;[35m[WD Proxy]&amp#27;[39m Proxying [GET /] to [GET http://127.0.0.1:8200/wd/hub/session/19423648-171d-4fb5-b6f7-05cfeb5c124e] with no body
[debug] &amp#27;[35m[WD Proxy]&amp#27;[39m Got response with status 200: {"sessionId":"19423648-171d-4fb5-b6f7-05cfeb5c124e","value":{"lastScrollData":null}}
[debug] &amp#27;[35m[W3C (f5de7efe)]&amp#27;[39m Responding to client with driver.getSession() result: {"platform":"LINUX","webStorageEnabled":false,"takesScreenshot":true,"javascriptEnabled":true,"databaseEnabled":false,"networkConnectionEnabled":true,"locationContextEnabled":false,"warnings":{},"desired":{"platformName":"android","app":"./src/test/resources/MyAPP/ApiDemos-debug.apk","appActivity":".ApiDemos","appPackage":"io.appium.android.apis","deviceName":"Android","platformVersion":"8.1"},"platformName":"android","app":"./src/test/resources/MyAPP/ApiDemos-debug.apk","appActivity":".ApiDemos","appPackage":"io.appium.android.apis","deviceName":"emulator-5554","platformVersion":"8.1.0","deviceUDID":"emulator-5554","deviceApiLevel":27,"deviceScreenSize":"1080x1920","deviceScreenDensity":420,"deviceModel":"Android SDK built for x86","deviceManufacturer":"Google","pixelRatio":2.625,"statBarHeight":63,"viewportRect":{"left":0,"top":63,"width":1080,"height":1731},"lastScrollData":null}
&amp#27;[35m[HTTP]&amp#27;[39m &amp#27;[37m<-- GET /wd/hub/session/f5de7efe-f2bc-402c-88fe-5875db1c715d &amp#27;[39m&amp#27;[32m200&amp#27;[39m &amp#27;[90m11 ms - 905&amp#27;[39m
&amp#27;[35m[HTTP]&amp#27;[39m &amp#27;[90m&amp#27;[39m
&amp#27;[35m[HTTP]&amp#27;[39m &amp#27;[37m-->&amp#27;[39m &amp#27;[37mGET&amp#27;[39m &amp#27;[37m/wd/hub/session/f5de7efe-f2bc-402c-88fe-5875db1c715d&amp#27;[39m
&amp#27;[35m[HTTP]&amp#27;[39m &amp#27;[90m{}&amp#27;[39m
[debug] &amp#27;[35m[W3C (f5de7efe)]&amp#27;[39m Calling AppiumDriver.getSession() with args: ["f5de7efe-f2bc-402c-88fe-5875db1c715d"]
[debug] &amp#27;[35m[UiAutomator2]&amp#27;[39m Getting session details from server to mix in
[debug] &amp#27;[35m[WD Proxy]&amp#27;[39m Matched '/' to command name 'getSession'
[debug] &amp#27;[35m[WD Proxy]&amp#27;[39m Proxying [GET /] to [GET http://127.0.0.1:8200/wd/hub/session/19423648-171d-4fb5-b6f7-05cfeb5c124e] with no body
[debug] &amp#27;[35m[WD Proxy]&amp#27;[39m Got response with status 200: {"sessionId":"19423648-171d-4fb5-b6f7-05cfeb5c124e","value":{"lastScrollData":null}}
[debug] &amp#27;[35m[W3C (f5de7efe)]&amp#27;[39m Responding to client with driver.getSession() result: {"platform":"LINUX","webStorageEnabled":false,"takesScreenshot":true,"javascriptEnabled":true,"databaseEnabled":false,"networkConnectionEnabled":true,"locationContextEnabled":false,"warnings":{},"desired":{"platformName":"android","app":"./src/test/resources/MyAPP/ApiDemos-debug.apk","appActivity":".ApiDemos","appPackage":"io.appium.android.apis","deviceName":"Android","platformVersion":"8.1"},"platformName":"android","app":"./src/test/resources/MyAPP/ApiDemos-debug.apk","appActivity":".ApiDemos","appPackage":"io.appium.android.apis","deviceName":"emulator-5554","platformVersion":"8.1.0","deviceUDID":"emulator-5554","deviceApiLevel":27,"deviceScreenSize":"1080x1920","deviceScreenDensity":420,"deviceModel":"Android SDK built for x86","deviceManufacturer":"Google","pixelRatio":2.625,"statBarHeight":63,"viewportRect":{"left":0,"top":63,"width":1080,"height":1731},"lastScrollData":null}
&amp#27;[35m[HTTP]&amp#27;[39m &amp#27;[37m<-- GET /wd/hub/session/f5de7efe-f2bc-402c-88fe-5875db1c715d &amp#27;[39m&amp#27;[32m200&amp#27;[39m &amp#27;[90m31 ms - 905&amp#27;[39m
&amp#27;[35m[HTTP]&amp#27;[39m &amp#27;[90m&amp#27;[39m
&amp#27;[35m[HTTP]&amp#27;[39m &amp#27;[37m-->&amp#27;[39m &amp#27;[37mGET&amp#27;[39m &amp#27;[37m/wd/hub/session/f5de7efe-f2bc-402c-88fe-5875db1c715d&amp#27;[39m
&amp#27;[35m[HTTP]&amp#27;[39m &amp#27;[90m{}&amp#27;[39m
[debug] &amp#27;[35m[W3C (f5de7efe)]&amp#27;[39m Calling AppiumDriver.getSession() with args: ["f5de7efe-f2bc-402c-88fe-5875db1c715d"]
[debug] &amp#27;[35m[UiAutomator2]&amp#27;[39m Getting session details from server to mix in
[debug] &amp#27;[35m[WD Proxy]&amp#27;[39m Matched '/' to command name 'getSession'
[debug] &amp#27;[35m[WD Proxy]&amp#27;[39m Proxying [GET /] to [GET http://127.0.0.1:8200/wd/hub/session/19423648-171d-4fb5-b6f7-05cfeb5c124e] with no body
[debug] &amp#27;[35m[WD Proxy]&amp#27;[39m Got response with status 200: {"sessionId":"19423648-171d-4fb5-b6f7-05cfeb5c124e","value":{"lastScrollData":null}}
[debug] &amp#27;[35m[W3C (f5de7efe)]&amp#27;[39m Responding to client with driver.getSession() result: {"platform":"LINUX","webStorageEnabled":false,"takesScreenshot":true,"javascriptEnabled":true,"databaseEnabled":false,"networkConnectionEnabled":true,"locationContextEnabled":false,"warnings":{},"desired":{"platformName":"android","app":"./src/test/resources/MyAPP/ApiDemos-debug.apk","appActivity":".ApiDemos","appPackage":"io.appium.android.apis","deviceName":"Android","platformVersion":"8.1"},"platformName":"android","app":"./src/test/resources/MyAPP/ApiDemos-debug.apk","appActivity":".ApiDemos","appPackage":"io.appium.android.apis","deviceName":"emulator-5554","platformVersion":"8.1.0","deviceUDID":"emulator-5554","deviceApiLevel":27,"deviceScreenSize":"1080x1920","deviceScreenDensity":420,"deviceModel":"Android SDK built for x86","deviceManufacturer":"Google","pixelRatio":2.625,"statBarHeight":63,"viewportRect":{"left":0,"top":63,"width":1080,"height":1731},"lastScrollData":null}
&amp#27;[35m[HTTP]&amp#27;[39m &amp#27;[37m<-- GET /wd/hub/session/f5de7efe-f2bc-402c-88fe-5875db1c715d &amp#27;[39m&amp#27;[32m200&amp#27;[39m &amp#27;[90m27 ms - 905&amp#27;[39m
&amp#27;[35m[HTTP]&amp#27;[39m &amp#27;[90m&amp#27;[39m
&amp#27;[35m[HTTP]&amp#27;[39m &amp#27;[37m-->&amp#27;[39m &amp#27;[37mPOST&amp#27;[39m &amp#27;[37m/wd/hub/session/f5de7efe-f2bc-402c-88fe-5875db1c715d/element&amp#27;[39m
&amp#27;[35m[HTTP]&amp#27;[39m &amp#27;[90m{"using":"xpath","value":"//android.widget.CheckBox[@content-desc=\"Custom Animations\"]"}&amp#27;[39m
[debug] &amp#27;[35m[W3C (f5de7efe)]&amp#27;[39m Calling AppiumDriver.findElement() with args: ["xpath","//android.widget.CheckBox[@content-desc=\"Custom Animations\"]","f5de7efe-f2bc-402c-88fe-5875db1c715d"]
[debug] &amp#27;[35m[BaseDriver]&amp#27;[39m Valid locator strategies for this request: xpath, id, class name, accessibility id, css selector, -android uiautomator
[debug] &amp#27;[35m[BaseDriver]&amp#27;[39m Waiting up to 120000 ms for condition
[debug] &amp#27;[35m[WD Proxy]&amp#27;[39m Matched '/element' to command name 'findElement'
[debug] &amp#27;[35m[WD Proxy]&amp#27;[39m Proxying [POST /element] to [POST http://127.0.0.1:8200/wd/hub/session/19423648-171d-4fb5-b6f7-05cfeb5c124e/element] with body: {"strategy":"xpath","selector":"//android.widget.CheckBox[@content-desc=\"Custom Animations\"]","context":"","multiple":false}
[debug] &amp#27;[35m[WD Proxy]&amp#27;[39m Got response with status 200: {"sessionId":"19423648-171d-4fb5-b6f7-05cfeb5c124e","value":{"ELEMENT":"00000000-0000-02b5-ffff-ffff0000002e","element-6066-11e4-a52e-4f735466cecf":"00000000-0000-02b5-ffff-ffff0000002e"}}
[debug] &amp#27;[35m[W3C (f5de7efe)]&amp#27;[39m Responding to client with driver.findElement() result: {"element-6066-11e4-a52e-4f735466cecf":"00000000-0000-02b5-ffff-ffff0000002e","ELEMENT":"00000000-0000-02b5-ffff-ffff0000002e"}
&amp#27;[35m[HTTP]&amp#27;[39m &amp#27;[37m<-- POST /wd/hub/session/f5de7efe-f2bc-402c-88fe-5875db1c715d/element &amp#27;[39m&amp#27;[32m200&amp#27;[39m &amp#27;[90m1531 ms - 137&amp#27;[39m
&amp#27;[35m[HTTP]&amp#27;[39m &amp#27;[90m&amp#27;[39m
&amp#27;[35m[HTTP]&amp#27;[39m &amp#27;[37m-->&amp#27;[39m &amp#27;[37mPOST&amp#27;[39m &amp#27;[37m/wd/hub/session/f5de7efe-f2bc-402c-88fe-5875db1c715d/element/00000000-0000-02b5-ffff-ffff0000002e/click&amp#27;[39m
&amp#27;[35m[HTTP]&amp#27;[39m &amp#27;[90m{"id":"00000000-0000-02b5-ffff-ffff0000002e"}&amp#27;[39m
[debug] &amp#27;[35m[W3C (f5de7efe)]&amp#27;[39m Calling AppiumDriver.click() with args: ["00000000-0000-02b5-ffff-ffff0000002e","f5de7efe-f2bc-402c-88fe-5875db1c715d"]
[debug] &amp#27;[35m[WD Proxy]&amp#27;[39m Matched '/element/00000000-0000-02b5-ffff-ffff0000002e/click' to command name 'click'
[debug] &amp#27;[35m[WD Proxy]&amp#27;[39m Proxying [POST /element/00000000-0000-02b5-ffff-ffff0000002e/click] to [POST http://127.0.0.1:8200/wd/hub/session/19423648-171d-4fb5-b6f7-05cfeb5c124e/element/00000000-0000-02b5-ffff-ffff0000002e/click] with body: {"element":"00000000-0000-02b5-ffff-ffff0000002e"}
[debug] &amp#27;[35m[WD Proxy]&amp#27;[39m Got response with status 200: {"sessionId":"19423648-171d-4fb5-b6f7-05cfeb5c124e","value":null}
[debug] &amp#27;[35m[W3C (f5de7efe)]&amp#27;[39m Responding to client with driver.click() result: null
&amp#27;[35m[HTTP]&amp#27;[39m &amp#27;[37m<-- POST /wd/hub/session/f5de7efe-f2bc-402c-88fe-5875db1c715d/element/00000000-0000-02b5-ffff-ffff0000002e/click &amp#27;[39m&amp#27;[32m200&amp#27;[39m &amp#27;[90m23 ms - 14&amp#27;[39m
&amp#27;[35m[HTTP]&amp#27;[39m &amp#27;[90m&amp#27;[39m
[INFO ] 2021-12-21 22:38:16.919 [main] AnimationFuncSteps - Custom Animation has been provided!
[INFO ] 2021-12-21 22:38:16.920 [main] AnimationFuncSteps - Tapping on the button for the purpose of hiding them has started!
&amp#27;[35m[HTTP]&amp#27;[39m &amp#27;[37m-->&amp#27;[39m &amp#27;[37mGET&amp#27;[39m &amp#27;[37m/wd/hub/session/f5de7efe-f2bc-402c-88fe-5875db1c715d&amp#27;[39m
&amp#27;[35m[HTTP]&amp#27;[39m &amp#27;[90m{}&amp#27;[39m
[debug] &amp#27;[35m[W3C (f5de7efe)]&amp#27;[39m Calling AppiumDriver.getSession() with args: ["f5de7efe-f2bc-402c-88fe-5875db1c715d"]
[debug] &amp#27;[35m[UiAutomator2]&amp#27;[39m Getting session details from server to mix in
[debug] &amp#27;[35m[WD Proxy]&amp#27;[39m Matched '/' to command name 'getSession'
[debug] &amp#27;[35m[WD Proxy]&amp#27;[39m Proxying [GET /] to [GET http://127.0.0.1:8200/wd/hub/session/19423648-171d-4fb5-b6f7-05cfeb5c124e] with no body
[debug] &amp#27;[35m[WD Proxy]&amp#27;[39m Got response with status 200: {"sessionId":"19423648-171d-4fb5-b6f7-05cfeb5c124e","value":{"lastScrollData":null}}
[debug] &amp#27;[35m[W3C (f5de7efe)]&amp#27;[39m Responding to client with driver.getSession() result: {"platform":"LINUX","webStorageEnabled":false,"takesScreenshot":true,"javascriptEnabled":true,"databaseEnabled":false,"networkConnectionEnabled":true,"locationContextEnabled":false,"warnings":{},"desired":{"platformName":"android","app":"./src/test/resources/MyAPP/ApiDemos-debug.apk","appActivity":".ApiDemos","appPackage":"io.appium.android.apis","deviceName":"Android","platformVersion":"8.1"},"platformName":"android","app":"./src/test/resources/MyAPP/ApiDemos-debug.apk","appActivity":".ApiDemos","appPackage":"io.appium.android.apis","deviceName":"emulator-5554","platformVersion":"8.1.0","deviceUDID":"emulator-5554","deviceApiLevel":27,"deviceScreenSize":"1080x1920","deviceScreenDensity":420,"deviceModel":"Android SDK built for x86","deviceManufacturer":"Google","pixelRatio":2.625,"statBarHeight":63,"viewportRect":{"left":0,"top":63,"width":1080,"height":1731},"lastScrollData":null}
&amp#27;[35m[HTTP]&amp#27;[39m &amp#27;[37m<-- GET /wd/hub/session/f5de7efe-f2bc-402c-88fe-5875db1c715d &amp#27;[39m&amp#27;[32m200&amp#27;[39m &amp#27;[90m9 ms - 905&amp#27;[39m
&amp#27;[35m[HTTP]&amp#27;[39m &amp#27;[90m&amp#27;[39m
&amp#27;[35m[HTTP]&amp#27;[39m &amp#27;[37m-->&amp#27;[39m &amp#27;[37mGET&amp#27;[39m &amp#27;[37m/wd/hub/session/f5de7efe-f2bc-402c-88fe-5875db1c715d&amp#27;[39m
&amp#27;[35m[HTTP]&amp#27;[39m &amp#27;[90m{}&amp#27;[39m
[debug] &amp#27;[35m[W3C (f5de7efe)]&amp#27;[39m Calling AppiumDriver.getSession() with args: ["f5de7efe-f2bc-402c-88fe-5875db1c715d"]
[debug] &amp#27;[35m[UiAutomator2]&amp#27;[39m Getting session details from server to mix in
[debug] &amp#27;[35m[WD Proxy]&amp#27;[39m Matched '/' to command name 'getSession'
[debug] &amp#27;[35m[WD Proxy]&amp#27;[39m Proxying [GET /] to [GET http://127.0.0.1:8200/wd/hub/session/19423648-171d-4fb5-b6f7-05cfeb5c124e] with no body
[debug] &amp#27;[35m[WD Proxy]&amp#27;[39m Got response with status 200: {"sessionId":"19423648-171d-4fb5-b6f7-05cfeb5c124e","value":{"lastScrollData":null}}
[debug] &amp#27;[35m[W3C (f5de7efe)]&amp#27;[39m Responding to client with driver.getSession() result: {"platform":"LINUX","webStorageEnabled":false,"takesScreenshot":true,"javascriptEnabled":true,"databaseEnabled":false,"networkConnectionEnabled":true,"locationContextEnabled":false,"warnings":{},"desired":{"platformName":"android","app":"./src/test/resources/MyAPP/ApiDemos-debug.apk","appActivity":".ApiDemos","appPackage":"io.appium.android.apis","deviceName":"Android","platformVersion":"8.1"},"platformName":"android","app":"./src/test/resources/MyAPP/ApiDemos-debug.apk","appActivity":".ApiDemos","appPackage":"io.appium.android.apis","deviceName":"emulator-5554","platformVersion":"8.1.0","deviceUDID":"emulator-5554","deviceApiLevel":27,"deviceScreenSize":"1080x1920","deviceScreenDensity":420,"deviceModel":"Android SDK built for x86","deviceManufacturer":"Google","pixelRatio":2.625,"statBarHeight":63,"viewportRect":{"left":0,"top":63,"width":1080,"height":1731},"lastScrollData":null}
&amp#27;[35m[HTTP]&amp#27;[39m &amp#27;[37m<-- GET /wd/hub/session/f5de7efe-f2bc-402c-88fe-5875db1c715d &amp#27;[39m&amp#27;[32m200&amp#27;[39m &amp#27;[90m11 ms - 905&amp#27;[39m
&amp#27;[35m[HTTP]&amp#27;[39m &amp#27;[90m&amp#27;[39m
&amp#27;[35m[HTTP]&amp#27;[39m &amp#27;[37m-->&amp#27;[39m &amp#27;[37mGET&amp#27;[39m &amp#27;[37m/wd/hub/session/f5de7efe-f2bc-402c-88fe-5875db1c715d&amp#27;[39m
&amp#27;[35m[HTTP]&amp#27;[39m &amp#27;[90m{}&amp#27;[39m
[debug] &amp#27;[35m[W3C (f5de7efe)]&amp#27;[39m Calling AppiumDriver.getSession() with args: ["f5de7efe-f2bc-402c-88fe-5875db1c715d"]
[debug] &amp#27;[35m[UiAutomator2]&amp#27;[39m Getting session details from server to mix in
[debug] &amp#27;[35m[WD Proxy]&amp#27;[39m Matched '/' to command name 'getSession'
[debug] &amp#27;[35m[WD Proxy]&amp#27;[39m Proxying [GET /] to [GET http://127.0.0.1:8200/wd/hub/session/19423648-171d-4fb5-b6f7-05cfeb5c124e] with no body
[debug] &amp#27;[35m[WD Proxy]&amp#27;[39m Got response with status 200: {"sessionId":"19423648-171d-4fb5-b6f7-05cfeb5c124e","value":{"lastScrollData":null}}
[debug] &amp#27;[35m[W3C (f5de7efe)]&amp#27;[39m Responding to client with driver.getSession() result: {"platform":"LINUX","webStorageEnabled":false,"takesScreenshot":true,"javascriptEnabled":true,"databaseEnabled":false,"networkConnectionEnabled":true,"locationContextEnabled":false,"warnings":{},"desired":{"platformName":"android","app":"./src/test/resources/MyAPP/ApiDemos-debug.apk","appActivity":".ApiDemos","appPackage":"io.appium.android.apis","deviceName":"Android","platformVersion":"8.1"},"platformName":"android","app":"./src/test/resources/MyAPP/ApiDemos-debug.apk","appActivity":".ApiDemos","appPackage":"io.appium.android.apis","deviceName":"emulator-5554","platformVersion":"8.1.0","deviceUDID":"emulator-5554","deviceApiLevel":27,"deviceScreenSize":"1080x1920","deviceScreenDensity":420,"deviceModel":"Android SDK built for x86","deviceManufacturer":"Google","pixelRatio":2.625,"statBarHeight":63,"viewportRect":{"left":0,"top":63,"width":1080,"height":1731},"lastScrollData":null}
&amp#27;[35m[HTTP]&amp#27;[39m &amp#27;[37m<-- GET /wd/hub/session/f5de7efe-f2bc-402c-88fe-5875db1c715d &amp#27;[39m&amp#27;[32m200&amp#27;[39m &amp#27;[90m13 ms - 905&amp#27;[39m
&amp#27;[35m[HTTP]&amp#27;[39m &amp#27;[90m&amp#27;[39m
&amp#27;[35m[HTTP]&amp#27;[39m &amp#27;[37m-->&amp#27;[39m &amp#27;[37mPOST&amp#27;[39m &amp#27;[37m/wd/hub/session/f5de7efe-f2bc-402c-88fe-5875db1c715d/element&amp#27;[39m
&amp#27;[35m[HTTP]&amp#27;[39m &amp#27;[90m{"using":"xpath","value":"/hierarchy/android.widget.FrameLayout/android.view.ViewGroup/android.widget.FrameLayout[2]/android.widget.LinearLayout/android.widget.LinearLayout[3]/android.widget.Button[1]"}&amp#27;[39m
[debug] &amp#27;[35m[W3C (f5de7efe)]&amp#27;[39m Calling AppiumDriver.findElement() with args: ["xpath","/hierarchy/android.widget.FrameLayout/android.view.ViewGroup/android.widget.FrameLayout[2]/android.widget.LinearLayout/android.widget.LinearLayout[3]/android.widget.Button[1]","f5de7efe-f2bc-402c-88fe-5875db1c715d"]
[debug] &amp#27;[35m[BaseDriver]&amp#27;[39m Valid locator strategies for this request: xpath, id, class name, accessibility id, css selector, -android uiautomator
[debug] &amp#27;[35m[BaseDriver]&amp#27;[39m Waiting up to 120000 ms for condition
[debug] &amp#27;[35m[WD Proxy]&amp#27;[39m Matched '/element' to command name 'findElement'
[debug] &amp#27;[35m[WD Proxy]&amp#27;[39m Proxying [POST /element] to [POST http://127.0.0.1:8200/wd/hub/session/19423648-171d-4fb5-b6f7-05cfeb5c124e/element] with body: {"strategy":"xpath","selector":"/hierarchy/android.widget.FrameLayout/android.view.ViewGroup/android.widget.FrameLayout[2]/android.widget.LinearLayout/android.widget.LinearLayout[3]/android.widget.Button[1]","context":"","multiple":false}
[debug] &amp#27;[35m[WD Proxy]&amp#27;[39m Got response with status 200: {"sessionId":"19423648-171d-4fb5-b6f7-05cfeb5c124e","value":{"ELEMENT":"00000000-0000-02b5-ffff-ffff00000030","element-6066-11e4-a52e-4f735466cecf":"00000000-0000-02b5-ffff-ffff00000030"}}
[debug] &amp#27;[35m[W3C (f5de7efe)]&amp#27;[39m Responding to client with driver.findElement() result: {"element-6066-11e4-a52e-4f735466cecf":"00000000-0000-02b5-ffff-ffff00000030","ELEMENT":"00000000-0000-02b5-ffff-ffff00000030"}
&amp#27;[35m[HTTP]&amp#27;[39m &amp#27;[37m<-- POST /wd/hub/session/f5de7efe-f2bc-402c-88fe-5875db1c715d/element &amp#27;[39m&amp#27;[32m200&amp#27;[39m &amp#27;[90m567 ms - 137&amp#27;[39m
&amp#27;[35m[HTTP]&amp#27;[39m &amp#27;[90m&amp#27;[39m
&amp#27;[35m[HTTP]&amp#27;[39m &amp#27;[37m-->&amp#27;[39m &amp#27;[37mPOST&amp#27;[39m &amp#27;[37m/wd/hub/session/f5de7efe-f2bc-402c-88fe-5875db1c715d/element/00000000-0000-02b5-ffff-ffff00000030/click&amp#27;[39m
&amp#27;[35m[HTTP]&amp#27;[39m &amp#27;[90m{"id":"00000000-0000-02b5-ffff-ffff00000030"}&amp#27;[39m
[debug] &amp#27;[35m[W3C (f5de7efe)]&amp#27;[39m Calling AppiumDriver.click() with args: ["00000000-0000-02b5-ffff-ffff00000030","f5de7efe-f2bc-402c-88fe-5875db1c715d"]
[debug] &amp#27;[35m[WD Proxy]&amp#27;[39m Matched '/element/00000000-0000-02b5-ffff-ffff00000030/click' to command name 'click'
[debug] &amp#27;[35m[WD Proxy]&amp#27;[39m Proxying [POST /element/00000000-0000-02b5-ffff-ffff00000030/click] to [POST http://127.0.0.1:8200/wd/hub/session/19423648-171d-4fb5-b6f7-05cfeb5c124e/element/00000000-0000-02b5-ffff-ffff00000030/click] with body: {"element":"00000000-0000-02b5-ffff-ffff00000030"}
[debug] &amp#27;[35m[WD Proxy]&amp#27;[39m Got response with status 200: {"sessionId":"19423648-171d-4fb5-b6f7-05cfeb5c124e","value":null}
[debug] &amp#27;[35m[W3C (f5de7efe)]&amp#27;[39m Responding to client with driver.click() result: null
&amp#27;[35m[HTTP]&amp#27;[39m &amp#27;[37m<-- POST /wd/hub/session/f5de7efe-f2bc-402c-88fe-5875db1c715d/element/00000000-0000-02b5-ffff-ffff00000030/click &amp#27;[39m&amp#27;[32m200&amp#27;[39m &amp#27;[90m35 ms - 14&amp#27;[39m
&amp#27;[35m[HTTP]&amp#27;[39m &amp#27;[90m&amp#27;[39m
&amp#27;[35m[HTTP]&amp#27;[39m &amp#27;[37m-->&amp#27;[39m &amp#27;[37mGET&amp#27;[39m &amp#27;[37m/wd/hub/session/f5de7efe-f2bc-402c-88fe-5875db1c715d&amp#27;[39m
&amp#27;[35m[HTTP]&amp#27;[39m &amp#27;[90m{}&amp#27;[39m
[debug] &amp#27;[35m[W3C (f5de7efe)]&amp#27;[39m Calling AppiumDriver.getSession() with args: ["f5de7efe-f2bc-402c-88fe-5875db1c715d"]
[debug] &amp#27;[35m[UiAutomator2]&amp#27;[39m Getting session details from server to mix in
[debug] &amp#27;[35m[WD Proxy]&amp#27;[39m Matched '/' to command name 'getSession'
[debug] &amp#27;[35m[WD Proxy]&amp#27;[39m Proxying [GET /] to [GET http://127.0.0.1:8200/wd/hub/session/19423648-171d-4fb5-b6f7-05cfeb5c124e] with no body
[debug] &amp#27;[35m[WD Proxy]&amp#27;[39m Got response with status 200: {"sessionId":"19423648-171d-4fb5-b6f7-05cfeb5c124e","value":{"lastScrollData":null}}
[debug] &amp#27;[35m[W3C (f5de7efe)]&amp#27;[39m Responding to client with driver.getSession() result: {"platform":"LINUX","webStorageEnabled":false,"takesScreenshot":true,"javascriptEnabled":true,"databaseEnabled":false,"networkConnectionEnabled":true,"locationContextEnabled":false,"warnings":{},"desired":{"platformName":"android","app":"./src/test/resources/MyAPP/ApiDemos-debug.apk","appActivity":".ApiDemos","appPackage":"io.appium.android.apis","deviceName":"Android","platformVersion":"8.1"},"platformName":"android","app":"./src/test/resources/MyAPP/ApiDemos-debug.apk","appActivity":".ApiDemos","appPackage":"io.appium.android.apis","deviceName":"emulator-5554","platformVersion":"8.1.0","deviceUDID":"emulator-5554","deviceApiLevel":27,"deviceScreenSize":"1080x1920","deviceScreenDensity":420,"deviceModel":"Android SDK built for x86","deviceManufacturer":"Google","pixelRatio":2.625,"statBarHeight":63,"viewportRect":{"left":0,"top":63,"width":1080,"height":1731},"lastScrollData":null}
&amp#27;[35m[HTTP]&amp#27;[39m &amp#27;[37m<-- GET /wd/hub/session/f5de7efe-f2bc-402c-88fe-5875db1c715d &amp#27;[39m&amp#27;[32m200&amp#27;[39m &amp#27;[90m10 ms - 905&amp#27;[39m
&amp#27;[35m[HTTP]&amp#27;[39m &amp#27;[90m&amp#27;[39m
&amp#27;[35m[HTTP]&amp#27;[39m &amp#27;[37m-->&amp#27;[39m &amp#27;[37mPOST&amp#27;[39m &amp#27;[37m/wd/hub/session/f5de7efe-f2bc-402c-88fe-5875db1c715d/element&amp#27;[39m
&amp#27;[35m[HTTP]&amp#27;[39m &amp#27;[90m{"using":"xpath","value":"/hierarchy/android.widget.FrameLayout/android.view.ViewGroup/android.widget.FrameLayout[2]/android.widget.LinearLayout/android.widget.LinearLayout[3]/android.widget.Button[3]"}&amp#27;[39m
[debug] &amp#27;[35m[W3C (f5de7efe)]&amp#27;[39m Calling AppiumDriver.findElement() with args: ["xpath","/hierarchy/android.widget.FrameLayout/android.view.ViewGroup/android.widget.FrameLayout[2]/android.widget.LinearLayout/android.widget.LinearLayout[3]/android.widget.Button[3]","f5de7efe-f2bc-402c-88fe-5875db1c715d"]
[debug] &amp#27;[35m[BaseDriver]&amp#27;[39m Valid locator strategies for this request: xpath, id, class name, accessibility id, css selector, -android uiautomator
[debug] &amp#27;[35m[BaseDriver]&amp#27;[39m Waiting up to 120000 ms for condition
[debug] &amp#27;[35m[WD Proxy]&amp#27;[39m Matched '/element' to command name 'findElement'
[debug] &amp#27;[35m[WD Proxy]&amp#27;[39m Proxying [POST /element] to [POST http://127.0.0.1:8200/wd/hub/session/19423648-171d-4fb5-b6f7-05cfeb5c124e/element] with body: {"strategy":"xpath","selector":"/hierarchy/android.widget.FrameLayout/android.view.ViewGroup/android.widget.FrameLayout[2]/android.widget.LinearLayout/android.widget.LinearLayout[3]/android.widget.Button[3]","context":"","multiple":false}
[debug] &amp#27;[35m[WD Proxy]&amp#27;[39m Got response with status 200: {"sessionId":"19423648-171d-4fb5-b6f7-05cfeb5c124e","value":{"ELEMENT":"00000000-0000-02b5-ffff-ffff00000033","element-6066-11e4-a52e-4f735466cecf":"00000000-0000-02b5-ffff-ffff00000033"}}
[debug] &amp#27;[35m[W3C (f5de7efe)]&amp#27;[39m Responding to client with driver.findElement() result: {"element-6066-11e4-a52e-4f735466cecf":"00000000-0000-02b5-ffff-ffff00000033","ELEMENT":"00000000-0000-02b5-ffff-ffff00000033"}
&amp#27;[35m[HTTP]&amp#27;[39m &amp#27;[37m<-- POST /wd/hub/session/f5de7efe-f2bc-402c-88fe-5875db1c715d/element &amp#27;[39m&amp#27;[32m200&amp#27;[39m &amp#27;[90m61 ms - 137&amp#27;[39m
&amp#27;[35m[HTTP]&amp#27;[39m &amp#27;[90m&amp#27;[39m
&amp#27;[35m[HTTP]&amp#27;[39m &amp#27;[37m-->&amp#27;[39m &amp#27;[37mPOST&amp#27;[39m &amp#27;[37m/wd/hub/session/f5de7efe-f2bc-402c-88fe-5875db1c715d/element/00000000-0000-02b5-ffff-ffff00000033/click&amp#27;[39m
&amp#27;[35m[HTTP]&amp#27;[39m &amp#27;[90m{"id":"00000000-0000-02b5-ffff-ffff00000033"}&amp#27;[39m
[debug] &amp#27;[35m[W3C (f5de7efe)]&amp#27;[39m Calling AppiumDriver.click() with args: ["00000000-0000-02b5-ffff-ffff00000033","f5de7efe-f2bc-402c-88fe-5875db1c715d"]
[debug] &amp#27;[35m[WD Proxy]&amp#27;[39m Matched '/element/00000000-0000-02b5-ffff-ffff00000033/click' to command name 'click'
[debug] &amp#27;[35m[WD Proxy]&amp#27;[39m Proxying [POST /element/00000000-0000-02b5-ffff-ffff00000033/click] to [POST http://127.0.0.1:8200/wd/hub/session/19423648-171d-4fb5-b6f7-05cfeb5c124e/element/00000000-0000-02b5-ffff-ffff00000033/click] with body: {"element":"00000000-0000-02b5-ffff-ffff00000033"}
[debug] &amp#27;[35m[WD Proxy]&amp#27;[39m Got response with status 200: {"sessionId":"19423648-171d-4fb5-b6f7-05cfeb5c124e","value":null}
[debug] &amp#27;[35m[W3C (f5de7efe)]&amp#27;[39m Responding to client with driver.click() result: null
&amp#27;[35m[HTTP]&amp#27;[39m &amp#27;[37m<-- POST /wd/hub/session/f5de7efe-f2bc-402c-88fe-5875db1c715d/element/00000000-0000-02b5-ffff-ffff00000033/click &amp#27;[39m&amp#27;[32m200&amp#27;[39m &amp#27;[90m33 ms - 14&amp#27;[39m
&amp#27;[35m[HTTP]&amp#27;[39m &amp#27;[90m&amp#27;[39m
&amp#27;[35m[HTTP]&amp#27;[39m &amp#27;[37m-->&amp#27;[39m &amp#27;[37mGET&amp#27;[39m &amp#27;[37m/wd/hub/session/f5de7efe-f2bc-402c-88fe-5875db1c715d&amp#27;[39m
&amp#27;[35m[HTTP]&amp#27;[39m &amp#27;[90m{}&amp#27;[39m
[debug] &amp#27;[35m[W3C (f5de7efe)]&amp#27;[39m Calling AppiumDriver.getSession() with args: ["f5de7efe-f2bc-402c-88fe-5875db1c715d"]
[debug] &amp#27;[35m[UiAutomator2]&amp#27;[39m Getting session details from server to mix in
[debug] &amp#27;[35m[WD Proxy]&amp#27;[39m Matched '/' to command name 'getSession'
[debug] &amp#27;[35m[WD Proxy]&amp#27;[39m Proxying [GET /] to [GET http://127.0.0.1:8200/wd/hub/session/19423648-171d-4fb5-b6f7-05cfeb5c124e] with no body
[debug] &amp#27;[35m[WD Proxy]&amp#27;[39m Got response with status 200: {"sessionId":"19423648-171d-4fb5-b6f7-05cfeb5c124e","value":{"lastScrollData":null}}
[debug] &amp#27;[35m[W3C (f5de7efe)]&amp#27;[39m Responding to client with driver.getSession() result: {"platform":"LINUX","webStorageEnabled":false,"takesScreenshot":true,"javascriptEnabled":true,"databaseEnabled":false,"networkConnectionEnabled":true,"locationContextEnabled":false,"warnings":{},"desired":{"platformName":"android","app":"./src/test/resources/MyAPP/ApiDemos-debug.apk","appActivity":".ApiDemos","appPackage":"io.appium.android.apis","deviceName":"Android","platformVersion":"8.1"},"platformName":"android","app":"./src/test/resources/MyAPP/ApiDemos-debug.apk","appActivity":".ApiDemos","appPackage":"io.appium.android.apis","deviceName":"emulator-5554","platformVersion":"8.1.0","deviceUDID":"emulator-5554","deviceApiLevel":27,"deviceScreenSize":"1080x1920","deviceScreenDensity":420,"deviceModel":"Android SDK built for x86","deviceManufacturer":"Google","pixelRatio":2.625,"statBarHeight":63,"viewportRect":{"left":0,"top":63,"width":1080,"height":1731},"lastScrollData":null}
&amp#27;[35m[HTTP]&amp#27;[39m &amp#27;[37m<-- GET /wd/hub/session/f5de7efe-f2bc-402c-88fe-5875db1c715d &amp#27;[39m&amp#27;[32m200&amp#27;[39m &amp#27;[90m16 ms - 905&amp#27;[39m
&amp#27;[35m[HTTP]&amp#27;[39m &amp#27;[90m&amp#27;[39m
&amp#27;[35m[HTTP]&amp#27;[39m &amp#27;[37m-->&amp#27;[39m &amp#27;[37mGET&amp#27;[39m &amp#27;[37m/wd/hub/session/f5de7efe-f2bc-402c-88fe-5875db1c715d&amp#27;[39m
&amp#27;[35m[HTTP]&amp#27;[39m &amp#27;[90m{}&amp#27;[39m
[debug] &amp#27;[35m[W3C (f5de7efe)]&amp#27;[39m Calling AppiumDriver.getSession() with args: ["f5de7efe-f2bc-402c-88fe-5875db1c715d"]
[debug] &amp#27;[35m[UiAutomator2]&amp#27;[39m Getting session details from server to mix in
[debug] &amp#27;[35m[WD Proxy]&amp#27;[39m Matched '/' to command name 'getSession'
[debug] &amp#27;[35m[WD Proxy]&amp#27;[39m Proxying [GET /] to [GET http://127.0.0.1:8200/wd/hub/session/19423648-171d-4fb5-b6f7-05cfeb5c124e] with no body
[debug] &amp#27;[35m[WD Proxy]&amp#27;[39m Got response with status 200: {"sessionId":"19423648-171d-4fb5-b6f7-05cfeb5c124e","value":{"lastScrollData":null}}
[debug] &amp#27;[35m[W3C (f5de7efe)]&amp#27;[39m Responding to client with driver.getSession() result: {"platform":"LINUX","webStorageEnabled":false,"takesScreenshot":true,"javascriptEnabled":true,"databaseEnabled":false,"networkConnectionEnabled":true,"locationContextEnabled":false,"warnings":{},"desired":{"platformName":"android","app":"./src/test/resources/MyAPP/ApiDemos-debug.apk","appActivity":".ApiDemos","appPackage":"io.appium.android.apis","deviceName":"Android","platformVersion":"8.1"},"platformName":"android","app":"./src/test/resources/MyAPP/ApiDemos-debug.apk","appActivity":".ApiDemos","appPackage":"io.appium.android.apis","deviceName":"emulator-5554","platformVersion":"8.1.0","deviceUDID":"emulator-5554","deviceApiLevel":27,"deviceScreenSize":"1080x1920","deviceScreenDensity":420,"deviceModel":"Android SDK built for x86","deviceManufacturer":"Google","pixelRatio":2.625,"statBarHeight":63,"viewportRect":{"left":0,"top":63,"width":1080,"height":1731},"lastScrollData":null}
&amp#27;[35m[HTTP]&amp#27;[39m &amp#27;[37m<-- GET /wd/hub/session/f5de7efe-f2bc-402c-88fe-5875db1c715d &amp#27;[39m&amp#27;[32m200&amp#27;[39m &amp#27;[90m16 ms - 905&amp#27;[39m
&amp#27;[35m[HTTP]&amp#27;[39m &amp#27;[90m&amp#27;[39m
&amp#27;[35m[HTTP]&amp#27;[39m &amp#27;[37m-->&amp#27;[39m &amp#27;[37mGET&amp#27;[39m &amp#27;[37m/wd/hub/session/f5de7efe-f2bc-402c-88fe-5875db1c715d&amp#27;[39m
&amp#27;[35m[HTTP]&amp#27;[39m &amp#27;[90m{}&amp#27;[39m
[debug] &amp#27;[35m[W3C (f5de7efe)]&amp#27;[39m Calling AppiumDriver.getSession() with args: ["f5de7efe-f2bc-402c-88fe-5875db1c715d"]
[debug] &amp#27;[35m[UiAutomator2]&amp#27;[39m Getting session details from server to mix in
[debug] &amp#27;[35m[WD Proxy]&amp#27;[39m Matched '/' to command name 'getSession'
[debug] &amp#27;[35m[WD Proxy]&amp#27;[39m Proxying [GET /] to [GET http://127.0.0.1:8200/wd/hub/session/19423648-171d-4fb5-b6f7-05cfeb5c124e] with no body
[debug] &amp#27;[35m[WD Proxy]&amp#27;[39m Got response with status 200: {"sessionId":"19423648-171d-4fb5-b6f7-05cfeb5c124e","value":{"lastScrollData":null}}
[debug] &amp#27;[35m[W3C (f5de7efe)]&amp#27;[39m Responding to client with driver.getSession() result: {"platform":"LINUX","webStorageEnabled":false,"takesScreenshot":true,"javascriptEnabled":true,"databaseEnabled":false,"networkConnectionEnabled":true,"locationContextEnabled":false,"warnings":{},"desired":{"platformName":"android","app":"./src/test/resources/MyAPP/ApiDemos-debug.apk","appActivity":".ApiDemos","appPackage":"io.appium.android.apis","deviceName":"Android","platformVersion":"8.1"},"platformName":"android","app":"./src/test/resources/MyAPP/ApiDemos-debug.apk","appActivity":".ApiDemos","appPackage":"io.appium.android.apis","deviceName":"emulator-5554","platformVersion":"8.1.0","deviceUDID":"emulator-5554","deviceApiLevel":27,"deviceScreenSize":"1080x1920","deviceScreenDensity":420,"deviceModel":"Android SDK built for x86","deviceManufacturer":"Google","pixelRatio":2.625,"statBarHeight":63,"viewportRect":{"left":0,"top":63,"width":1080,"height":1731},"lastScrollData":null}
&amp#27;[35m[HTTP]&amp#27;[39m &amp#27;[37m<-- GET /wd/hub/session/f5de7efe-f2bc-402c-88fe-5875db1c715d &amp#27;[39m&amp#27;[32m200&amp#27;[39m &amp#27;[90m18 ms - 905&amp#27;[39m
&amp#27;[35m[HTTP]&amp#27;[39m &amp#27;[90m&amp#27;[39m
&amp#27;[35m[HTTP]&amp#27;[39m &amp#27;[37m-->&amp#27;[39m &amp#27;[37mPOST&amp#27;[39m &amp#27;[37m/wd/hub/session/f5de7efe-f2bc-402c-88fe-5875db1c715d/element&amp#27;[39m
&amp#27;[35m[HTTP]&amp#27;[39m &amp#27;[90m{"using":"accessibility id","value":"Show Buttons"}&amp#27;[39m
[debug] &amp#27;[35m[W3C (f5de7efe)]&amp#27;[39m Calling AppiumDriver.findElement() with args: ["accessibility id","Show Buttons","f5de7efe-f2bc-402c-88fe-5875db1c715d"]
[debug] &amp#27;[35m[BaseDriver]&amp#27;[39m Valid locator strategies for this request: xpath, id, class name, accessibility id, css selector, -android uiautomator
[debug] &amp#27;[35m[BaseDriver]&amp#27;[39m Waiting up to 120000 ms for condition
[debug] &amp#27;[35m[WD Proxy]&amp#27;[39m Matched '/element' to command name 'findElement'
[debug] &amp#27;[35m[WD Proxy]&amp#27;[39m Proxying [POST /element] to [POST http://127.0.0.1:8200/wd/hub/session/19423648-171d-4fb5-b6f7-05cfeb5c124e/element] with body: {"strategy":"accessibility id","selector":"Show Buttons","context":"","multiple":false}
[debug] &amp#27;[35m[WD Proxy]&amp#27;[39m Got response with status 200: {"sessionId":"19423648-171d-4fb5-b6f7-05cfeb5c124e","value":{"ELEMENT":"00000000-0000-02b5-ffff-ffff0000002d","element-6066-11e4-a52e-4f735466cecf":"00000000-0000-02b5-ffff-ffff0000002d"}}
[debug] &amp#27;[35m[W3C (f5de7efe)]&amp#27;[39m Responding to client with driver.findElement() result: {"element-6066-11e4-a52e-4f735466cecf":"00000000-0000-02b5-ffff-ffff0000002d","ELEMENT":"00000000-0000-02b5-ffff-ffff0000002d"}
&amp#27;[35m[HTTP]&amp#27;[39m &amp#27;[37m<-- POST /wd/hub/session/f5de7efe-f2bc-402c-88fe-5875db1c715d/element &amp#27;[39m&amp#27;[32m200&amp#27;[39m &amp#27;[90m950 ms - 137&amp#27;[39m
&amp#27;[35m[HTTP]&amp#27;[39m &amp#27;[90m&amp#27;[39m
&amp#27;[35m[HTTP]&amp#27;[39m &amp#27;[37m-->&amp#27;[39m &amp#27;[37mPOST&amp#27;[39m &amp#27;[37m/wd/hub/session/f5de7efe-f2bc-402c-88fe-5875db1c715d/element/00000000-0000-02b5-ffff-ffff0000002d/click&amp#27;[39m
&amp#27;[35m[HTTP]&amp#27;[39m &amp#27;[90m{"id":"00000000-0000-02b5-ffff-ffff0000002d"}&amp#27;[39m
[debug] &amp#27;[35m[W3C (f5de7efe)]&amp#27;[39m Calling AppiumDriver.click() with args: ["00000000-0000-02b5-ffff-ffff0000002d","f5de7efe-f2bc-402c-88fe-5875db1c715d"]
[debug] &amp#27;[35m[WD Proxy]&amp#27;[39m Matched '/element/00000000-0000-02b5-ffff-ffff0000002d/click' to command name 'click'
[debug] &amp#27;[35m[WD Proxy]&amp#27;[39m Proxying [POST /element/00000000-0000-02b5-ffff-ffff0000002d/click] to [POST http://127.0.0.1:8200/wd/hub/session/19423648-171d-4fb5-b6f7-05cfeb5c124e/element/00000000-0000-02b5-ffff-ffff0000002d/click] with body: {"element":"00000000-0000-02b5-ffff-ffff0000002d"}
[debug] &amp#27;[35m[WD Proxy]&amp#27;[39m Got response with status 200: {"sessionId":"19423648-171d-4fb5-b6f7-05cfeb5c124e","value":null}
[debug] &amp#27;[35m[W3C (f5de7efe)]&amp#27;[39m Responding to client with driver.click() result: null
&amp#27;[35m[HTTP]&amp#27;[39m &amp#27;[37m<-- POST /wd/hub/session/f5de7efe-f2bc-402c-88fe-5875db1c715d/element/00000000-0000-02b5-ffff-ffff0000002d/click &amp#27;[39m&amp#27;[32m200&amp#27;[39m &amp#27;[90m86 ms - 14&amp#27;[39m
&amp#27;[35m[HTTP]&amp#27;[39m &amp#27;[90m&amp#27;[39m
[INFO ] 2021-12-21 22:38:18.863 [main] AnimationFuncSteps - Clicked Successfully on the Show button!
****All hidden buttons have gone visible again*****
[INFO ] 2021-12-21 22:38:18.866 [main] AnimationFuncSteps - ******Boom! All hidden button are visible again******* 
&amp#27;[35m[HTTP]&amp#27;[39m &amp#27;[37m-->&amp#27;[39m &amp#27;[37mDELETE&amp#27;[39m &amp#27;[37m/wd/hub/session/f5de7efe-f2bc-402c-88fe-5875db1c715d&amp#27;[39m
&amp#27;[35m[HTTP]&amp#27;[39m &amp#27;[90m{}&amp#27;[39m
[debug] &amp#27;[35m[W3C (f5de7efe)]&amp#27;[39m Calling AppiumDriver.deleteSession() with args: ["f5de7efe-f2bc-402c-88fe-5875db1c715d"]
[debug] &amp#27;[35m[BaseDriver]&amp#27;[39m Event 'quitSessionRequested' logged at 1640106498884 (22:38:18 GMT+0530 (India Standard Time))
&amp#27;[35m[Appium]&amp#27;[39m Removing session f5de7efe-f2bc-402c-88fe-5875db1c715d from our master session list
[debug] &amp#27;[35m[UiAutomator2]&amp#27;[39m Deleting UiAutomator2 session
[debug] &amp#27;[35m[UiAutomator2]&amp#27;[39m Deleting UiAutomator2 server session
[debug] &amp#27;[35m[WD Proxy]&amp#27;[39m Matched '/' to command name 'deleteSession'
[debug] &amp#27;[35m[WD Proxy]&amp#27;[39m Proxying [DELETE /] to [DELETE http://127.0.0.1:8200/wd/hub/session/19423648-171d-4fb5-b6f7-05cfeb5c124e] with no body
[debug] &amp#27;[35m[WD Proxy]&amp#27;[39m Got response with status 200: {"sessionId":"19423648-171d-4fb5-b6f7-05cfeb5c124e","value":null}
[debug] &amp#27;[35m[ADB]&amp#27;[39m Running 'C:\Users\asifansari\AppData\Local\Android\Sdk\platform-tools\adb.exe -P 5037 -s emulator-5554 shell am force-stop io.appium.android.apis'
[debug] &amp#27;[35m[Logcat]&amp#27;[39m Stopping logcat capture
[debug] &amp#27;[35m[ADB]&amp#27;[39m Removing forwarded port socket connection: 8200 
[debug] &amp#27;[35m[ADB]&amp#27;[39m Running 'C:\Users\asifansari\AppData\Local\Android\Sdk\platform-tools\adb.exe -P 5037 -s emulator-5554 forward --remove tcp:8200'
[debug] &amp#27;[35m[BaseDriver]&amp#27;[39m Event 'quitSessionFinished' logged at 1640106499084 (22:38:19 GMT+0530 (India Standard Time))
[debug] &amp#27;[35m[W3C (f5de7efe)]&amp#27;[39m Received response: null
[debug] &amp#27;[35m[W3C (f5de7efe)]&amp#27;[39m But deleting session, so not returning
[debug] &amp#27;[35m[W3C (f5de7efe)]&amp#27;[39m Responding to client with driver.deleteSession() result: null
&amp#27;[35m[HTTP]&amp#27;[39m &amp#27;[37m<-- DELETE /wd/hub/session/f5de7efe-f2bc-402c-88fe-5875db1c715d &amp#27;[39m&amp#27;[32m200&amp#27;[39m &amp#27;[90m203 ms - 14&amp#27;[39m
&amp#27;[35m[HTTP]&amp#27;[39m &amp#27;[90m&amp#27;[39m

  @test2
  Scenario: To verify the working of Show button to show hidden buttons # Hide&ShowButtons.feature:23
    Given user is inside hideshow animation section of the app          # AnimationFuncSteps.user_is_inside_hideshow_animation_section_of_the_app()
    When user markcheck to provide some custom animation                # AnimationFuncSteps.markcheck_to_provide_some_custom_animation()
    And start tapping the buttons to hide them                          # AnimationFuncSteps.start_tapping_the_buttons_to_hide_them()
    And as user tap on the Show button                                  # AnimationFuncSteps.as_user_tap_on_the_Show_button()
    Then all hidden buttons starts being visible                        # AnimationFuncSteps.all_hidden_buttons_starts_being_visible()
####On test success-Test has been Successfully run#######]]></system-out>
    <system-err><![CDATA[Dec 21, 2021 10:37:57 PM io.appium.java_client.remote.AppiumCommandExecutor$1 lambda$0
INFO: Detected dialect: W3C
Dec 21, 2021 10:38:12 PM io.appium.java_client.remote.AppiumCommandExecutor$1 lambda$0
INFO: Detected dialect: W3C
]]></system-err>
  </testcase>
  <testcase name="feature[To verify the SMS Messaging functionality in DemoApi app.](4)" classname="com.RunnerFile.TestRunner" time="17.652">
    <system-out><![CDATA[**On test startFeature: To verify the SMS Messaging functionality in DemoApi app.

  @test4
  Scenario Outline: Send an SMS                                         # SMSMessaging.feature:5
    Given application has already opened
    When user tap on the OS section
    And select the SMS messaging option
    And write "<mobile_no>" within recipient section
    And write "<Msg_content>" within message body
    And click on Send button
    Then this "<verification_msg>" of successfull sent appear on screen

    Examples: 
&amp#27;[35m[Appium]&amp#27;[39m Welcome to Appium v1.22.0
&amp#27;[35m[Appium]&amp#27;[39m Appium REST http interface listener started on 0.0.0.0:4723
&amp#27;[35m[HTTP]&amp#27;[39m &amp#27;[37m-->&amp#27;[39m &amp#27;[37mGET&amp#27;[39m &amp#27;[37m/wd/hub/status&amp#27;[39m
&amp#27;[35m[HTTP]&amp#27;[39m &amp#27;[90m{}&amp#27;[39m
[debug] &amp#27;[35m[GENERIC]&amp#27;[39m Calling AppiumDriver.getStatus() with args: []
[debug] &amp#27;[35m[GENERIC]&amp#27;[39m Responding to client with driver.getStatus() result: {"build":{"version":"1.22.0"}}
&amp#27;[35m[HTTP]&amp#27;[39m &amp#27;[37m<-- GET /wd/hub/status &amp#27;[39m&amp#27;[32m200&amp#27;[39m &amp#27;[90m9 ms - 68&amp#27;[39m
&amp#27;[35m[HTTP]&amp#27;[39m &amp#27;[90m&amp#27;[39m
&amp#27;[35m[HTTP]&amp#27;[39m &amp#27;[37m-->&amp#27;[39m &amp#27;[37mPOST&amp#27;[39m &amp#27;[37m/wd/hub/session&amp#27;[39m
&amp#27;[35m[HTTP]&amp#27;[39m &amp#27;[90m{"desiredCapabilities":{"app":"./src/test/resources/MyAPP/ApiDemos-debug.apk","appActivity":".ApiDemos","appPackage":"io.appium.android.apis","platformVersion":"8.1","platformName":"Android","deviceName":"Android"},"capabilities":{"alwaysMatch":{"appium:app":"./src/test/resources/MyAPP/ApiDemos-debug.apk","appium:appActivity":".ApiDemos","appium:appPackage":"io.appium.android.apis","appium:deviceName":"Android","platformName":"android","appium:platformVersion":"8.1"},"firstMatch":[{}]}}&amp#27;[39m
[debug] &amp#27;[35m[W3C]&amp#27;[39m Calling AppiumDriver.createSession() with args: [{"app":"./src/test/resources/MyAPP/ApiDemos-debug.apk","appActivity":".ApiDemos","appPackage":"io.appium.android.apis","platformVersion":"8.1","platformName":"Android","deviceName":"Android"},null,{"alwaysMatch":{"appium:app":"./src/test/resources/MyAPP/ApiDemos-debug.apk","appium:appActivity":".ApiDemos","appium:appPackage":"io.appium.android.apis","appium:deviceName":"Android","platformName":"android","appium:platformVersion":"8.1"},"firstMatch":[{}]}]
[debug] &amp#27;[35m[BaseDriver]&amp#27;[39m Event 'newSessionRequested' logged at 1640106502755 (22:38:22 GMT+0530 (India Standard Time))
&amp#27;[35m[Appium]&amp#27;[39m 
&amp#27;[35m[Appium]&amp#27;[39m ======================================================================
&amp#27;[35m[Appium]&amp#27;[39m   DEPRECATION WARNING:
&amp#27;[35m[Appium]&amp#27;[39m 
&amp#27;[35m[Appium]&amp#27;[39m   The 'automationName' capability was not provided in the desired 
&amp#27;[35m[Appium]&amp#27;[39m   capabilities for this Android session
&amp#27;[35m[Appium]&amp#27;[39m 
&amp#27;[35m[Appium]&amp#27;[39m   Setting 'automationName=UiAutomator2' by default and using the 
&amp#27;[35m[Appium]&amp#27;[39m   UiAutomator2 Driver
&amp#27;[35m[Appium]&amp#27;[39m 
&amp#27;[35m[Appium]&amp#27;[39m   The next major version of Appium (2.x) will **require** the 
&amp#27;[35m[Appium]&amp#27;[39m   'automationName' capability to be set for all sessions on all 
&amp#27;[35m[Appium]&amp#27;[39m   platforms
&amp#27;[35m[Appium]&amp#27;[39m 
&amp#27;[35m[Appium]&amp#27;[39m   In previous versions (Appium <= 1.13.x), the default was 
&amp#27;[35m[Appium]&amp#27;[39m   'automationName=UiAutomator1'
&amp#27;[35m[Appium]&amp#27;[39m 
&amp#27;[35m[Appium]&amp#27;[39m   If you wish to use that automation instead of UiAutomator2, please 
&amp#27;[35m[Appium]&amp#27;[39m   add 'automationName=UiAutomator1' to your desired capabilities
&amp#27;[35m[Appium]&amp#27;[39m 
&amp#27;[35m[Appium]&amp#27;[39m   For more information about drivers, please visit 
&amp#27;[35m[Appium]&amp#27;[39m   http://appium.io/docs/en/about-appium/intro/ and explore the 
&amp#27;[35m[Appium]&amp#27;[39m   'Drivers' menu
&amp#27;[35m[Appium]&amp#27;[39m 
&amp#27;[35m[Appium]&amp#27;[39m ======================================================================
&amp#27;[35m[Appium]&amp#27;[39m 
&amp#27;[35m[Appium]&amp#27;[39m Appium v1.22.0 creating new AndroidUiautomator2Driver (v1.69.0) session
[debug] &amp#27;[35m[BaseDriver]&amp#27;[39m W3C capabilities and MJSONWP desired capabilities were provided
[debug] &amp#27;[35m[BaseDriver]&amp#27;[39m Creating session with W3C capabilities: {
[debug] &amp#27;[35m[BaseDriver]&amp#27;[39m   "alwaysMatch": {
[debug] &amp#27;[35m[BaseDriver]&amp#27;[39m     "platformName": "android",
[debug] &amp#27;[35m[BaseDriver]&amp#27;[39m     "appium:app": "./src/test/resources/MyAPP/ApiDemos-debug.apk",
[debug] &amp#27;[35m[BaseDriver]&amp#27;[39m     "appium:appActivity": ".ApiDemos",
[debug] &amp#27;[35m[BaseDriver]&amp#27;[39m     "appium:appPackage": "io.appium.android.apis",
[debug] &amp#27;[35m[BaseDriver]&amp#27;[39m     "appium:deviceName": "Android",
[debug] &amp#27;[35m[BaseDriver]&amp#27;[39m     "appium:platformVersion": "8.1"
[debug] &amp#27;[35m[BaseDriver]&amp#27;[39m   },
[debug] &amp#27;[35m[BaseDriver]&amp#27;[39m   "firstMatch": [
[debug] &amp#27;[35m[BaseDriver]&amp#27;[39m     {}
[debug] &amp#27;[35m[BaseDriver]&amp#27;[39m   ]
[debug] &amp#27;[35m[BaseDriver]&amp#27;[39m }
&amp#27;[35m[BaseDriver]&amp#27;[39m Session created with session id: 033170a1-d886-4c4a-ad45-bb20eb8fef51
&amp#27;[35m[BaseDriver]&amp#27;[39m Using local app './src/test/resources/MyAPP/ApiDemos-debug.apk'
&amp#27;[35m[BaseDriver]&amp#27;[39m The current application path './src/test/resources/MyAPP/ApiDemos-debug.apk' is not absolute and has been rewritten to 'C:\Users\asifansari\eclipse-workspace\MyAppiumMavenAssignment\src\test\resources\MyAPP\ApiDemos-debug.apk'. Consider using absolute paths rather than relative
[debug] &amp#27;[35m[UiAutomator2]&amp#27;[39m Checking whether app is actually present
&amp#27;[35m[ADB]&amp#27;[39m Found 2 'build-tools' folders under 'C:\Users\asifansari\AppData\Local\Android\Sdk' (newest first):
&amp#27;[35m[ADB]&amp#27;[39m     C:/Users/asifansari/AppData/Local/Android/Sdk/build-tools/31.0.0
&amp#27;[35m[ADB]&amp#27;[39m     C:/Users/asifansari/AppData/Local/Android/Sdk/build-tools/30.0.2
&amp#27;[35m[ADB]&amp#27;[39m Using 'adb.exe' from 'C:\Users\asifansari\AppData\Local\Android\Sdk\platform-tools\adb.exe'
[debug] &amp#27;[35m[ADB]&amp#27;[39m Running 'C:\Users\asifansari\AppData\Local\Android\Sdk\platform-tools\adb.exe -P 5037 start-server'
&amp#27;[35m[AndroidDriver]&amp#27;[39m Retrieving device list
[debug] &amp#27;[35m[ADB]&amp#27;[39m Trying to find a connected android device
[debug] &amp#27;[35m[ADB]&amp#27;[39m Getting connected devices
[debug] &amp#27;[35m[ADB]&amp#27;[39m Connected devices: [{"udid":"emulator-5554","state":"device"}]
&amp#27;[35m[AndroidDriver]&amp#27;[39m Looking for a device with Android '8.1.0'
[debug] &amp#27;[35m[ADB]&amp#27;[39m Setting device id to emulator-5554
&amp#27;[35m[ADB]&amp#27;[39m Getting device platform version
[debug] &amp#27;[35m[ADB]&amp#27;[39m Running 'C:\Users\asifansari\AppData\Local\Android\Sdk\platform-tools\adb.exe -P 5037 -s emulator-5554 shell getprop ro.build.version.release'
[debug] &amp#27;[35m[ADB]&amp#27;[39m Current device property 'ro.build.version.release': 8.1.0
&amp#27;[35m[AndroidDriver]&amp#27;[39m Using device: emulator-5554
&amp#27;[35m[ADB]&amp#27;[39m Using 'adb.exe' from 'C:\Users\asifansari\AppData\Local\Android\Sdk\platform-tools\adb.exe'
[debug] &amp#27;[35m[ADB]&amp#27;[39m Running 'C:\Users\asifansari\AppData\Local\Android\Sdk\platform-tools\adb.exe -P 5037 start-server'
[debug] &amp#27;[35m[ADB]&amp#27;[39m Setting device id to emulator-5554
[debug] &amp#27;[35m[ADB]&amp#27;[39m Running 'C:\Users\asifansari\AppData\Local\Android\Sdk\platform-tools\adb.exe -P 5037 -s emulator-5554 shell getprop ro.build.version.sdk'
[debug] &amp#27;[35m[ADB]&amp#27;[39m Current device property 'ro.build.version.sdk': 27
[debug] &amp#27;[35m[ADB]&amp#27;[39m Device API level: 27
[debug] &amp#27;[35m[ADB]&amp#27;[39m Running 'C:\Users\asifansari\AppData\Local\Android\Sdk\platform-tools\adb.exe -P 5037 -s emulator-5554 wait-for-device'
[debug] &amp#27;[35m[ADB]&amp#27;[39m Running 'C:\Users\asifansari\AppData\Local\Android\Sdk\platform-tools\adb.exe -P 5037 -s emulator-5554 shell echo ping'
[debug] &amp#27;[35m[AndroidDriver]&amp#27;[39m Pushing settings apk to device...
[debug] &amp#27;[35m[ADB]&amp#27;[39m Getting install status for io.appium.settings
[debug] &amp#27;[35m[ADB]&amp#27;[39m Running 'C:\Users\asifansari\AppData\Local\Android\Sdk\platform-tools\adb.exe -P 5037 -s emulator-5554 shell dumpsys package io.appium.settings'
[debug] &amp#27;[35m[ADB]&amp#27;[39m 'io.appium.settings' is installed
[debug] &amp#27;[35m[ADB]&amp#27;[39m Getting package info for 'io.appium.settings'
[debug] &amp#27;[35m[ADB]&amp#27;[39m Running 'C:\Users\asifansari\AppData\Local\Android\Sdk\platform-tools\adb.exe -P 5037 -s emulator-5554 shell dumpsys package io.appium.settings'
[debug] &amp#27;[35m[ADB]&amp#27;[39m The version name of the installed 'io.appium.settings' is greater or equal to the application version name ('3.4.0' >= '3.4.0')
[debug] &amp#27;[35m[ADB]&amp#27;[39m There is no need to install/upgrade 'C:\Users\asifansari\AppData\Roaming\npm\node_modules\appium\node_modules\io.appium.settings\apks\settings_apk-debug.apk'
[debug] &amp#27;[35m[ADB]&amp#27;[39m Getting IDs of all 'io.appium.settings' processes
[debug] &amp#27;[35m[ADB]&amp#27;[39m Running 'C:\Users\asifansari\AppData\Local\Android\Sdk\platform-tools\adb.exe -P 5037 -s emulator-5554 shell 'pgrep --help; echo $?''
[debug] &amp#27;[35m[ADB]&amp#27;[39m Running 'C:\Users\asifansari\AppData\Local\Android\Sdk\platform-tools\adb.exe -P 5037 -s emulator-5554 shell pgrep -f \(\[\[:blank:\]\]\|\^\)io\.appium\.settings\(\[\[:blank:\]\]\|\$\)'
[debug] &amp#27;[35m[AndroidDriver]&amp#27;[39m io.appium.settings is already running. There is no need to reset its permissions.
[debug] &amp#27;[35m[Logcat]&amp#27;[39m Starting logs capture with command: C:\\Users\\asifansari\\AppData\\Local\\Android\\Sdk\\platform-tools\\adb.exe -P 5037 -s emulator-5554 logcat -v threadtime
[debug] &amp#27;[35m[UiAutomator2]&amp#27;[39m Forwarding UiAutomator2 Server port 6790 to local port 8200
[debug] &amp#27;[35m[ADB]&amp#27;[39m Forwarding system: 8200 to device: 6790
[debug] &amp#27;[35m[ADB]&amp#27;[39m Running 'C:\Users\asifansari\AppData\Local\Android\Sdk\platform-tools\adb.exe -P 5037 -s emulator-5554 forward tcp:8200 tcp:6790'
[debug] &amp#27;[35m[ADB]&amp#27;[39m Getting install status for io.appium.uiautomator2.server
[debug] &amp#27;[35m[ADB]&amp#27;[39m Running 'C:\Users\asifansari\AppData\Local\Android\Sdk\platform-tools\adb.exe -P 5037 -s emulator-5554 shell dumpsys package io.appium.uiautomator2.server'
[debug] &amp#27;[35m[ADB]&amp#27;[39m 'io.appium.uiautomator2.server' is installed
[debug] &amp#27;[35m[ADB]&amp#27;[39m Getting package info for 'io.appium.uiautomator2.server'
[debug] &amp#27;[35m[ADB]&amp#27;[39m Running 'C:\Users\asifansari\AppData\Local\Android\Sdk\platform-tools\adb.exe -P 5037 -s emulator-5554 shell dumpsys package io.appium.uiautomator2.server'
[debug] &amp#27;[35m[ADB]&amp#27;[39m The version name of the installed 'io.appium.uiautomator2.server' is greater or equal to the application version name ('4.24.0' >= '4.24.0')
[debug] &amp#27;[35m[UiAutomator2]&amp#27;[39m io.appium.uiautomator2.server installation state: sameVersionInstalled
[debug] &amp#27;[35m[ADB]&amp#27;[39m Checking app cert for C:\Users\asifansari\AppData\Roaming\npm\node_modules\appium\node_modules\appium-uiautomator2-server\apks\appium-uiautomator2-server-v4.24.0.apk
&amp#27;[35m[ADB]&amp#27;[39m Using 'apksigner.jar' from 'C:\Users\asifansari\AppData\Local\Android\Sdk\build-tools\31.0.0\lib\apksigner.jar'
[debug] &amp#27;[35m[ADB]&amp#27;[39m Starting apksigner: 'C:\\Program Files\\Java\\jdk-11.0.2\\bin\\java.exe' -Xmx1024M -Xss1m -jar C:\\Users\\asifansari\\AppData\\Local\\Android\\Sdk\\build-tools\\31.0.0\\lib\\apksigner.jar verify --print-certs C:\\Users\\asifansari\\AppData\\Roaming\\npm\\node_modules\\appium\\node_modules\\appium-uiautomator2-server\\apks\\appium-uiautomator2-server-v4.24.0.apk
[debug] &amp#27;[35m[ADB]&amp#27;[39m apksigner stdout: Signer #1 certificate DN: EMAILADDRESS=android@android.com, CN=Android, OU=Android, O=Android, L=Mountain View, ST=California, C=US
[debug] &amp#27;[35m[ADB]&amp#27;[39m Signer #1 certificate SHA-256 digest: a40da80a59d170caa950cf15c18c454d47a39b26989d8b640ecd745ba71bf5dc
[debug] &amp#27;[35m[ADB]&amp#27;[39m Signer #1 certificate SHA-1 digest: 61ed377e85d386a8dfee6b864bd85b0bfaa5af81
[debug] &amp#27;[35m[ADB]&amp#27;[39m Signer #1 certificate MD5 digest: e89b158e4bcf988ebd09eb83f5378e87
[debug] &amp#27;[35m[ADB]&amp#27;[39m 
[debug] &amp#27;[35m[ADB]&amp#27;[39m sha256 hash did match for 'appium-uiautomator2-server-v4.24.0.apk'
&amp#27;[35m[ADB]&amp#27;[39m 'C:\Users\asifansari\AppData\Roaming\npm\node_modules\appium\node_modules\appium-uiautomator2-server\apks\appium-uiautomator2-server-v4.24.0.apk' is signed with the default certificate
[debug] &amp#27;[35m[ADB]&amp#27;[39m Getting install status for io.appium.uiautomator2.server.test
[debug] &amp#27;[35m[ADB]&amp#27;[39m Running 'C:\Users\asifansari\AppData\Local\Android\Sdk\platform-tools\adb.exe -P 5037 -s emulator-5554 shell dumpsys package io.appium.uiautomator2.server.test'
[debug] &amp#27;[35m[ADB]&amp#27;[39m 'io.appium.uiautomator2.server.test' is installed
[debug] &amp#27;[35m[ADB]&amp#27;[39m Checking app cert for C:\Users\asifansari\AppData\Roaming\npm\node_modules\appium\node_modules\appium-uiautomator2-server\apks\appium-uiautomator2-server-debug-androidTest.apk
[debug] &amp#27;[35m[ADB]&amp#27;[39m Starting apksigner: 'C:\\Program Files\\Java\\jdk-11.0.2\\bin\\java.exe' -Xmx1024M -Xss1m -jar C:\\Users\\asifansari\\AppData\\Local\\Android\\Sdk\\build-tools\\31.0.0\\lib\\apksigner.jar verify --print-certs C:\\Users\\asifansari\\AppData\\Roaming\\npm\\node_modules\\appium\\node_modules\\appium-uiautomator2-server\\apks\\appium-uiautomator2-server-debug-androidTest.apk
[debug] &amp#27;[35m[ADB]&amp#27;[39m apksigner stdout: Signer #1 certificate DN: EMAILADDRESS=android@android.com, CN=Android, OU=Android, O=Android, L=Mountain View, ST=California, C=US
[debug] &amp#27;[35m[ADB]&amp#27;[39m Signer #1 certificate SHA-256 digest: a40da80a59d170caa950cf15c18c454d47a39b26989d8b640ecd745ba71bf5dc
[debug] &amp#27;[35m[ADB]&amp#27;[39m Signer #1 certificate SHA-1 digest: 61ed377e85d386a8dfee6b864bd85b0bfaa5af81
[debug] &amp#27;[35m[ADB]&amp#27;[39m Signer #1 certificate MD5 digest: e89b158e4bcf988ebd09eb83f5378e87
[debug] &amp#27;[35m[ADB]&amp#27;[39m 
[debug] &amp#27;[35m[ADB]&amp#27;[39m sha256 hash did match for 'appium-uiautomator2-server-debug-androidTest.apk'
&amp#27;[35m[ADB]&amp#27;[39m 'C:\Users\asifansari\AppData\Roaming\npm\node_modules\appium\node_modules\appium-uiautomator2-server\apks\appium-uiautomator2-server-debug-androidTest.apk' is signed with the default certificate
&amp#27;[35m[UiAutomator2]&amp#27;[39m Server packages are not going to be (re)installed
[debug] &amp#27;[35m[UiAutomator2]&amp#27;[39m Waiting up to 30000ms for services to be available
[debug] &amp#27;[35m[ADB]&amp#27;[39m Running 'C:\Users\asifansari\AppData\Local\Android\Sdk\platform-tools\adb.exe -P 5037 -s emulator-5554 shell pm list instrumentation'
[debug] &amp#27;[35m[UiAutomator2]&amp#27;[39m Instrumentation target 'io.appium.uiautomator2.server.test/androidx.test.runner.AndroidJUnitRunner' is available
&amp#27;[35m[ADB]&amp#27;[39m Adding packages ["io.appium.settings","io.appium.uiautomator2.server","io.appium.uiautomator2.server.test"] to Doze whitelist
[debug] &amp#27;[35m[ADB]&amp#27;[39m Got the following command chunks to execute: [["dumpsys","deviceidle","whitelist","+io.appium.settings",";","dumpsys","deviceidle","whitelist","+io.appium.uiautomator2.server",";","dumpsys","deviceidle","whitelist","+io.appium.uiautomator2.server.test",";"]]
[debug] &amp#27;[35m[ADB]&amp#27;[39m Running 'C:\Users\asifansari\AppData\Local\Android\Sdk\platform-tools\adb.exe -P 5037 -s emulator-5554 shell dumpsys deviceidle whitelist +io.appium.settings ; dumpsys deviceidle whitelist +io.appium.uiautomator2.server ; dumpsys deviceidle whitelist +io.appium.uiautomator2.server.test ;'
[debug] &amp#27;[35m[ADB]&amp#27;[39m Checking app cert for C:\Users\asifansari\eclipse-workspace\MyAppiumMavenAssignment\src\test\resources\MyAPP\ApiDemos-debug.apk
[debug] &amp#27;[35m[ADB]&amp#27;[39m Starting apksigner: 'C:\\Program Files\\Java\\jdk-11.0.2\\bin\\java.exe' -Xmx1024M -Xss1m -jar C:\\Users\\asifansari\\AppData\\Local\\Android\\Sdk\\build-tools\\31.0.0\\lib\\apksigner.jar verify --print-certs C:\\Users\\asifansari\\eclipse-workspace\\MyAppiumMavenAssignment\\src\\test\\resources\\MyAPP\\ApiDemos-debug.apk
[debug] &amp#27;[35m[ADB]&amp#27;[39m apksigner stdout: Signer #1 certificate DN: EMAILADDRESS=android@android.com, CN=Android, OU=Android, O=Android, L=Mountain View, ST=California, C=US
[debug] &amp#27;[35m[ADB]&amp#27;[39m Signer #1 certificate SHA-256 digest: a40da80a59d170caa950cf15c18c454d47a39b26989d8b640ecd745ba71bf5dc
[debug] &amp#27;[35m[ADB]&amp#27;[39m Signer #1 certificate SHA-1 digest: 61ed377e85d386a8dfee6b864bd85b0bfaa5af81
[debug] &amp#27;[35m[ADB]&amp#27;[39m Signer #1 certificate MD5 digest: e89b158e4bcf988ebd09eb83f5378e87
[debug] &amp#27;[35m[ADB]&amp#27;[39m 
[debug] &amp#27;[35m[ADB]&amp#27;[39m sha256 hash did match for 'ApiDemos-debug.apk'
&amp#27;[35m[ADB]&amp#27;[39m 'C:\Users\asifansari\eclipse-workspace\MyAppiumMavenAssignment\src\test\resources\MyAPP\ApiDemos-debug.apk' is signed with the default certificate
[debug] &amp#27;[35m[ADB]&amp#27;[39m Getting install status for io.appium.android.apis
[debug] &amp#27;[35m[ADB]&amp#27;[39m Running 'C:\Users\asifansari\AppData\Local\Android\Sdk\platform-tools\adb.exe -P 5037 -s emulator-5554 shell dumpsys package io.appium.android.apis'
[debug] &amp#27;[35m[ADB]&amp#27;[39m 'io.appium.android.apis' is installed
[debug] &amp#27;[35m[ADB]&amp#27;[39m Getting package info for 'io.appium.android.apis'
[debug] &amp#27;[35m[ADB]&amp#27;[39m Running 'C:\Users\asifansari\AppData\Local\Android\Sdk\platform-tools\adb.exe -P 5037 -s emulator-5554 shell dumpsys package io.appium.android.apis'
&amp#27;[35m[ADB]&amp#27;[39m Cannot read version codes of 'C:\Users\asifansari\eclipse-workspace\MyAppiumMavenAssignment\src\test\resources\MyAPP\ApiDemos-debug.apk' and/or 'io.appium.android.apis'
&amp#27;[35m[ADB]&amp#27;[39m Cannot read version names of 'C:\Users\asifansari\eclipse-workspace\MyAppiumMavenAssignment\src\test\resources\MyAPP\ApiDemos-debug.apk' and/or 'io.appium.android.apis'
[debug] &amp#27;[35m[ADB]&amp#27;[39m The current install state of 'C:\Users\asifansari\eclipse-workspace\MyAppiumMavenAssignment\src\test\resources\MyAPP\ApiDemos-debug.apk' is unknown. Installing anyway
[debug] &amp#27;[35m[ADB]&amp#27;[39m Running 'C:\Users\asifansari\AppData\Local\Android\Sdk\platform-tools\adb.exe -P 5037 -s emulator-5554 help'
[debug] &amp#27;[35m[ADB]&amp#27;[39m Running 'C:\Users\asifansari\AppData\Local\Android\Sdk\platform-tools\adb.exe -P 5037 -s emulator-5554 features'
&amp#27;[35m[ADB]&amp#27;[39m The application at 'C:\Users\asifansari\eclipse-workspace\MyAppiumMavenAssignment\src\test\resources\MyAPP\ApiDemos-debug.apk' will not be cached, because the device under test has confirmed the support of streamed installs
[debug] &amp#27;[35m[ADB]&amp#27;[39m Running 'C:\Users\asifansari\AppData\Local\Android\Sdk\platform-tools\adb.exe -P 5037 -s emulator-5554 install -r C:\Users\asifansari\eclipse-workspace\MyAppiumMavenAssignment\src\test\resources\MyAPP\ApiDemos-debug.apk'
&amp#27;[35m[ADB]&amp#27;[39m The installation of 'ApiDemos-debug.apk' took 621ms
[debug] &amp#27;[35m[ADB]&amp#27;[39m Install command stdout: Performing Streamed Install
[debug] &amp#27;[35m[ADB]&amp#27;[39m Success
&amp#27;[35m[AndroidDriver]&amp#27;[39m Performing fast reset on 'io.appium.android.apis'
[debug] &amp#27;[35m[ADB]&amp#27;[39m Getting install status for io.appium.android.apis
[debug] &amp#27;[35m[ADB]&amp#27;[39m Running 'C:\Users\asifansari\AppData\Local\Android\Sdk\platform-tools\adb.exe -P 5037 -s emulator-5554 shell dumpsys package io.appium.android.apis'
[debug] &amp#27;[35m[ADB]&amp#27;[39m 'io.appium.android.apis' is installed
[debug] &amp#27;[35m[ADB]&amp#27;[39m Running 'C:\Users\asifansari\AppData\Local\Android\Sdk\platform-tools\adb.exe -P 5037 -s emulator-5554 shell am force-stop io.appium.android.apis'
[debug] &amp#27;[35m[ADB]&amp#27;[39m Running 'C:\Users\asifansari\AppData\Local\Android\Sdk\platform-tools\adb.exe -P 5037 -s emulator-5554 shell pm clear io.appium.android.apis'
[debug] &amp#27;[35m[AndroidDriver]&amp#27;[39m Performed fast reset on the installed 'io.appium.android.apis' application (stop and clear)
[debug] &amp#27;[35m[UiAutomator2]&amp#27;[39m Performing shallow cleanup of automation leftovers
[debug] &amp#27;[35m[UiAutomator2]&amp#27;[39m No obsolete sessions have been detected (socket hang up)
[debug] &amp#27;[35m[ADB]&amp#27;[39m Running 'C:\Users\asifansari\AppData\Local\Android\Sdk\platform-tools\adb.exe -P 5037 -s emulator-5554 shell am force-stop io.appium.uiautomator2.server.test'
&amp#27;[35m[UiAutomator2]&amp#27;[39m Starting UIAutomator2 server 4.24.0
&amp#27;[35m[UiAutomator2]&amp#27;[39m Using UIAutomator2 server from 'C:\Users\asifansari\AppData\Roaming\npm\node_modules\appium\node_modules\appium-uiautomator2-server\apks\appium-uiautomator2-server-v4.24.0.apk' and test from 'C:\Users\asifansari\AppData\Roaming\npm\node_modules\appium\node_modules\appium-uiautomator2-server\apks\appium-uiautomator2-server-debug-androidTest.apk'
&amp#27;[35m[UiAutomator2]&amp#27;[39m Waiting up to 30000ms for UiAutomator2 to be online...
[debug] &amp#27;[35m[ADB]&amp#27;[39m Creating ADB subprocess with args: ["-P",5037,"-s","emulator-5554","shell","am","instrument","-w","-e","disableAnalytics",true,"io.appium.uiautomator2.server.test/androidx.test.runner.AndroidJUnitRunner"]
[debug] &amp#27;[35m[WD Proxy]&amp#27;[39m Matched '/status' to command name 'getStatus'
[debug] &amp#27;[35m[WD Proxy]&amp#27;[39m Proxying [GET /status] to [GET http://127.0.0.1:8200/wd/hub/status] with no body
&amp#27;[35m[WD Proxy]&amp#27;[39m socket hang up
[debug] &amp#27;[35m[Instrumentation]&amp#27;[39m io.appium.uiautomator2.server.test.AppiumUiAutomator2Server:
[debug] &amp#27;[35m[WD Proxy]&amp#27;[39m Matched '/status' to command name 'getStatus'
[debug] &amp#27;[35m[WD Proxy]&amp#27;[39m Proxying [GET /status] to [GET http://127.0.0.1:8200/wd/hub/status] with no body
&amp#27;[35m[WD Proxy]&amp#27;[39m socket hang up
[debug] &amp#27;[35m[WD Proxy]&amp#27;[39m Matched '/status' to command name 'getStatus'
[debug] &amp#27;[35m[WD Proxy]&amp#27;[39m Proxying [GET /status] to [GET http://127.0.0.1:8200/wd/hub/status] with no body
[debug] &amp#27;[35m[WD Proxy]&amp#27;[39m Got response with status 200: {"sessionId":"None","value":{"message":"UiAutomator2 Server is ready to accept commands","ready":true}}
[debug] &amp#27;[35m[UiAutomator2]&amp#27;[39m The initialization of the instrumentation process took 2172ms
[debug] &amp#27;[35m[WD Proxy]&amp#27;[39m Matched '/session' to command name 'createSession'
[debug] &amp#27;[35m[WD Proxy]&amp#27;[39m Proxying [POST /session] to [POST http://127.0.0.1:8200/wd/hub/session] with body: {"capabilities":{"firstMatch":[{"platform":"LINUX","webStorageEnabled":false,"takesScreenshot":true,"javascriptEnabled":true,"databaseEnabled":false,"networkConnectionEnabled":true,"locationContextEnabled":false,"warnings":{},"desired":{"platformName":"android","app":"./src/test/resources/MyAPP/ApiDemos-debug.apk","appActivity":".ApiDemos","appPackage":"io.appium.android.apis","deviceName":"Android","platformVersion":"8.1"},"platformName":"android","app":"./src/test/resources/MyAPP/ApiDemos-debug.apk","appActivity":".ApiDemos","appPackage":"io.appium.android.apis","deviceName":"emulator-5554","platformVersion":"8.1","deviceUDID":"emulator-5554"}],"alwaysMatch":{}}}
[debug] &amp#27;[35m[WD Proxy]&amp#27;[39m Got response with status 200: {"sessionId":"ccb0d422-7061-4eac-babb-121c87d0f93c","value":{"capabilities":{"firstMatch":[{"platform":"LINUX","webStorageEnabled":false,"takesScreenshot":true,"javascriptEnabled":true,"databaseEnabled":false,"networkConnectionEnabled":true,"locationContextEnabled":false,"warnings":{},"desired":{"platformName":"android","app":"./src/test/resources/MyAPP/ApiDemos-debug.apk","appActivity":".ApiDemos","appPackage":"io.appium.android.apis","deviceName":"Android","platformVersion":"8.1"},"platformName":"android","app":"./src/test/resources/MyAPP/ApiDemos-debug.apk","appActivity":".ApiDemos","appPackage":"io.appium.android.apis","deviceName":"emulator-5554","platformVersion":"8.1","deviceUDID":"emulator-5554"}],"alwaysMatch":{}},"sessionId":"ccb0d422-7061-4eac-babb-121c87d0f93c"}}
&amp#27;[35m[WD Proxy]&amp#27;[39m Determined the downstream protocol as 'W3C'
[debug] &amp#27;[35m[WD Proxy]&amp#27;[39m Proxying [GET /appium/device/info] to [GET http://127.0.0.1:8200/wd/hub/session/ccb0d422-7061-4eac-babb-121c87d0f93c/appium/device/info] with no body
[debug] &amp#27;[35m[WD Proxy]&amp#27;[39m Got response with status 200: {"sessionId":"ccb0d422-7061-4eac-babb-121c87d0f93c","value":{"androidId":"de14fad231487cce","apiVersion":"27","bluetooth":null,"brand":"google","carrierName":"Android","displayDensity":420,"locale":"en_US","manufacturer":"Google","model":"Android SDK built for x86","networks":[{"capabilities":{"SSID":null,"linkDownBandwidthKbps":102400,"linkUpstreamBandwidthKbps":51200,"networkCapabilities":"NET_CAPABILITY_MMS,NET_CAPABILITY_SUPL,NET_CAPABILITY_DUN,NET_CAPABILITY_FOTA,NET_CAPABILITY_IMS,NET_CAPABILITY_CBS,NET_CAPABILITY_IA,NET_CAPABILITY_INTERNET,NET_CAPABILITY_NOT_RESTRICTED,NET_CAPABILITY_TRUSTED,NET_CAPABILITY_NOT_VPN,NET_CAPABILITY_VALIDATED","signalStrength":-2147483648,"transportTypes":"TRANSPORT_CELLULAR"},"detailedState":"CONNECTED","extraInfo":"epc.tmobile.com","isAvailable":true,"isConnected":true,"isFailover":false,"isRoaming":false,"state":"CONNECTED","subtype":13,"subtypeName":"LTE","type":0,"typeName":"MOBILE"},{"capabilities":{"SSID":null,"linkDownBandwidthKbps":1048576,"linkUpstreamBandwidt...
[debug] &amp#27;[35m[ADB]&amp#27;[39m Running 'C:\Users\asifansari\AppData\Local\Android\Sdk\platform-tools\adb.exe -P 5037 -s emulator-5554 shell dumpsys window'
&amp#27;[35m[AndroidDriver]&amp#27;[39m Screen already unlocked, doing nothing
&amp#27;[35m[UiAutomator2]&amp#27;[39m Starting 'io.appium.android.apis/.ApiDemos and waiting for 'io.appium.android.apis/.ApiDemos'
[debug] &amp#27;[35m[ADB]&amp#27;[39m Running 'C:\Users\asifansari\AppData\Local\Android\Sdk\platform-tools\adb.exe -P 5037 -s emulator-5554 shell am start -W -n io.appium.android.apis/.ApiDemos -S -a android.intent.action.MAIN -c android.intent.category.LAUNCHER -f 0x10200000'
[debug] &amp#27;[35m[WD Proxy]&amp#27;[39m Proxying [GET /appium/device/pixel_ratio] to [GET http://127.0.0.1:8200/wd/hub/session/ccb0d422-7061-4eac-babb-121c87d0f93c/appium/device/pixel_ratio] with no body
[debug] &amp#27;[35m[WD Proxy]&amp#27;[39m Got response with status 200: {"sessionId":"ccb0d422-7061-4eac-babb-121c87d0f93c","value":2.625}
[debug] &amp#27;[35m[WD Proxy]&amp#27;[39m Matched '/appium/device/system_bars' to command name 'getSystemBars'
[debug] &amp#27;[35m[WD Proxy]&amp#27;[39m Proxying [GET /appium/device/system_bars] to [GET http://127.0.0.1:8200/wd/hub/session/ccb0d422-7061-4eac-babb-121c87d0f93c/appium/device/system_bars] with no body
[debug] &amp#27;[35m[WD Proxy]&amp#27;[39m Got response with status 200: {"sessionId":"ccb0d422-7061-4eac-babb-121c87d0f93c","value":{"statusBar":63}}
[debug] &amp#27;[35m[WD Proxy]&amp#27;[39m Matched '/window/current/size' to command name 'getWindowSize'
[debug] &amp#27;[35m[WD Proxy]&amp#27;[39m Proxying [GET /window/current/size] to [GET http://127.0.0.1:8200/wd/hub/session/ccb0d422-7061-4eac-babb-121c87d0f93c/window/current/size] with no body
[debug] &amp#27;[35m[WD Proxy]&amp#27;[39m Got response with status 200: {"sessionId":"ccb0d422-7061-4eac-babb-121c87d0f93c","value":{"height":1794,"width":1080}}
&amp#27;[35m[Appium]&amp#27;[39m New AndroidUiautomator2Driver session created successfully, session 033170a1-d886-4c4a-ad45-bb20eb8fef51 added to master session list
[debug] &amp#27;[35m[BaseDriver]&amp#27;[39m Event 'newSessionStarted' logged at 1640106511396 (22:38:31 GMT+0530 (India Standard Time))
[debug] &amp#27;[35m[W3C (033170a1)]&amp#27;[39m Cached the protocol value 'W3C' for the new session 033170a1-d886-4c4a-ad45-bb20eb8fef51
[debug] &amp#27;[35m[W3C (033170a1)]&amp#27;[39m Responding to client with driver.createSession() result: {"capabilities":{"platform":"LINUX","webStorageEnabled":false,"takesScreenshot":true,"javascriptEnabled":true,"databaseEnabled":false,"networkConnectionEnabled":true,"locationContextEnabled":false,"warnings":{},"desired":{"platformName":"android","app":"./src/test/resources/MyAPP/ApiDemos-debug.apk","appActivity":".ApiDemos","appPackage":"io.appium.android.apis","deviceName":"Android","platformVersion":"8.1"},"platformName":"android","app":"./src/test/resources/MyAPP/ApiDemos-debug.apk","appActivity":".ApiDemos","appPackage":"io.appium.android.apis","deviceName":"emulator-5554","platformVersion":"8.1.0","deviceUDID":"emulator-5554","deviceApiLevel":27,"deviceScreenSize":"1080x1920","deviceScreenDensity":420,"deviceModel":"Android SDK built for x86","deviceManufacturer":"Google","pixelRatio":2.625,"statBarHeight":63,"viewportRect":{"left":0,"top":63,"width":1080,"height":1731}}}
&amp#27;[35m[HTTP]&amp#27;[39m &amp#27;[37m<-- POST /wd/hub/session &amp#27;[39m&amp#27;[32m200&amp#27;[39m &amp#27;[90m8648 ms - 951&amp#27;[39m
&amp#27;[35m[HTTP]&amp#27;[39m &amp#27;[90m&amp#27;[39m
&amp#27;[35m[HTTP]&amp#27;[39m &amp#27;[37m-->&amp#27;[39m &amp#27;[37mGET&amp#27;[39m &amp#27;[37m/wd/hub/session/033170a1-d886-4c4a-ad45-bb20eb8fef51&amp#27;[39m
&amp#27;[35m[HTTP]&amp#27;[39m &amp#27;[90m{}&amp#27;[39m
[debug] &amp#27;[35m[W3C (033170a1)]&amp#27;[39m Calling AppiumDriver.getSession() with args: ["033170a1-d886-4c4a-ad45-bb20eb8fef51"]
[debug] &amp#27;[35m[UiAutomator2]&amp#27;[39m Getting session details from server to mix in
[debug] &amp#27;[35m[WD Proxy]&amp#27;[39m Matched '/' to command name 'getSession'
[debug] &amp#27;[35m[WD Proxy]&amp#27;[39m Proxying [GET /] to [GET http://127.0.0.1:8200/wd/hub/session/ccb0d422-7061-4eac-babb-121c87d0f93c] with no body
[debug] &amp#27;[35m[WD Proxy]&amp#27;[39m Got response with status 200: {"sessionId":"ccb0d422-7061-4eac-babb-121c87d0f93c","value":{"lastScrollData":null}}
[debug] &amp#27;[35m[W3C (033170a1)]&amp#27;[39m Responding to client with driver.getSession() result: {"platform":"LINUX","webStorageEnabled":false,"takesScreenshot":true,"javascriptEnabled":true,"databaseEnabled":false,"networkConnectionEnabled":true,"locationContextEnabled":false,"warnings":{},"desired":{"platformName":"android","app":"./src/test/resources/MyAPP/ApiDemos-debug.apk","appActivity":".ApiDemos","appPackage":"io.appium.android.apis","deviceName":"Android","platformVersion":"8.1"},"platformName":"android","app":"./src/test/resources/MyAPP/ApiDemos-debug.apk","appActivity":".ApiDemos","appPackage":"io.appium.android.apis","deviceName":"emulator-5554","platformVersion":"8.1.0","deviceUDID":"emulator-5554","deviceApiLevel":27,"deviceScreenSize":"1080x1920","deviceScreenDensity":420,"deviceModel":"Android SDK built for x86","deviceManufacturer":"Google","pixelRatio":2.625,"statBarHeight":63,"viewportRect":{"left":0,"top":63,"width":1080,"height":1731},"lastScrollData":null}
&amp#27;[35m[HTTP]&amp#27;[39m &amp#27;[37m<-- GET /wd/hub/session/033170a1-d886-4c4a-ad45-bb20eb8fef51 &amp#27;[39m&amp#27;[32m200&amp#27;[39m &amp#27;[90m18 ms - 905&amp#27;[39m
&amp#27;[35m[HTTP]&amp#27;[39m &amp#27;[90m&amp#27;[39m
&amp#27;[35m[HTTP]&amp#27;[39m &amp#27;[37m-->&amp#27;[39m &amp#27;[37mGET&amp#27;[39m &amp#27;[37m/wd/hub/session/033170a1-d886-4c4a-ad45-bb20eb8fef51&amp#27;[39m
&amp#27;[35m[HTTP]&amp#27;[39m &amp#27;[90m{}&amp#27;[39m
[debug] &amp#27;[35m[W3C (033170a1)]&amp#27;[39m Calling AppiumDriver.getSession() with args: ["033170a1-d886-4c4a-ad45-bb20eb8fef51"]
[debug] &amp#27;[35m[UiAutomator2]&amp#27;[39m Getting session details from server to mix in
[debug] &amp#27;[35m[WD Proxy]&amp#27;[39m Matched '/' to command name 'getSession'
[debug] &amp#27;[35m[WD Proxy]&amp#27;[39m Proxying [GET /] to [GET http://127.0.0.1:8200/wd/hub/session/ccb0d422-7061-4eac-babb-121c87d0f93c] with no body
[debug] &amp#27;[35m[WD Proxy]&amp#27;[39m Got response with status 200: {"sessionId":"ccb0d422-7061-4eac-babb-121c87d0f93c","value":{"lastScrollData":null}}
[debug] &amp#27;[35m[W3C (033170a1)]&amp#27;[39m Responding to client with driver.getSession() result: {"platform":"LINUX","webStorageEnabled":false,"takesScreenshot":true,"javascriptEnabled":true,"databaseEnabled":false,"networkConnectionEnabled":true,"locationContextEnabled":false,"warnings":{},"desired":{"platformName":"android","app":"./src/test/resources/MyAPP/ApiDemos-debug.apk","appActivity":".ApiDemos","appPackage":"io.appium.android.apis","deviceName":"Android","platformVersion":"8.1"},"platformName":"android","app":"./src/test/resources/MyAPP/ApiDemos-debug.apk","appActivity":".ApiDemos","appPackage":"io.appium.android.apis","deviceName":"emulator-5554","platformVersion":"8.1.0","deviceUDID":"emulator-5554","deviceApiLevel":27,"deviceScreenSize":"1080x1920","deviceScreenDensity":420,"deviceModel":"Android SDK built for x86","deviceManufacturer":"Google","pixelRatio":2.625,"statBarHeight":63,"viewportRect":{"left":0,"top":63,"width":1080,"height":1731},"lastScrollData":null}
&amp#27;[35m[HTTP]&amp#27;[39m &amp#27;[37m<-- GET /wd/hub/session/033170a1-d886-4c4a-ad45-bb20eb8fef51 &amp#27;[39m&amp#27;[32m200&amp#27;[39m &amp#27;[90m19 ms - 905&amp#27;[39m
&amp#27;[35m[HTTP]&amp#27;[39m &amp#27;[90m&amp#27;[39m
&amp#27;[35m[HTTP]&amp#27;[39m &amp#27;[37m-->&amp#27;[39m &amp#27;[37mPOST&amp#27;[39m &amp#27;[37m/wd/hub/session/033170a1-d886-4c4a-ad45-bb20eb8fef51/timeouts&amp#27;[39m
&amp#27;[35m[HTTP]&amp#27;[39m &amp#27;[90m{"implicit":120000}&amp#27;[39m
[debug] &amp#27;[35m[W3C (033170a1)]&amp#27;[39m Calling AppiumDriver.timeouts() with args: [null,null,null,null,120000,"033170a1-d886-4c4a-ad45-bb20eb8fef51"]
[debug] &amp#27;[35m[BaseDriver]&amp#27;[39m W3C timeout argument: {"implicit":120000}}
[debug] &amp#27;[35m[BaseDriver]&amp#27;[39m Set implicit wait to 120000ms
[debug] &amp#27;[35m[W3C (033170a1)]&amp#27;[39m Responding to client with driver.timeouts() result: null
&amp#27;[35m[HTTP]&amp#27;[39m &amp#27;[37m<-- POST /wd/hub/session/033170a1-d886-4c4a-ad45-bb20eb8fef51/timeouts &amp#27;[39m&amp#27;[32m200&amp#27;[39m &amp#27;[90m6 ms - 14&amp#27;[39m
&amp#27;[35m[HTTP]&amp#27;[39m &amp#27;[90m&amp#27;[39m
****Now user is inside the application *****
[INFO ] 2021-12-21 22:38:31.474 [main] AnimationFuncSteps - #~#~#~ Application has open to run a new test ~#~#~#
&amp#27;[35m[HTTP]&amp#27;[39m &amp#27;[37m-->&amp#27;[39m &amp#27;[37mGET&amp#27;[39m &amp#27;[37m/wd/hub/session/033170a1-d886-4c4a-ad45-bb20eb8fef51&amp#27;[39m
&amp#27;[35m[HTTP]&amp#27;[39m &amp#27;[90m{}&amp#27;[39m
[debug] &amp#27;[35m[W3C (033170a1)]&amp#27;[39m Calling AppiumDriver.getSession() with args: ["033170a1-d886-4c4a-ad45-bb20eb8fef51"]
[debug] &amp#27;[35m[UiAutomator2]&amp#27;[39m Getting session details from server to mix in
[debug] &amp#27;[35m[WD Proxy]&amp#27;[39m Matched '/' to command name 'getSession'
[debug] &amp#27;[35m[WD Proxy]&amp#27;[39m Proxying [GET /] to [GET http://127.0.0.1:8200/wd/hub/session/ccb0d422-7061-4eac-babb-121c87d0f93c] with no body
[debug] &amp#27;[35m[WD Proxy]&amp#27;[39m Got response with status 200: {"sessionId":"ccb0d422-7061-4eac-babb-121c87d0f93c","value":{"lastScrollData":null}}
[debug] &amp#27;[35m[W3C (033170a1)]&amp#27;[39m Responding to client with driver.getSession() result: {"platform":"LINUX","webStorageEnabled":false,"takesScreenshot":true,"javascriptEnabled":true,"databaseEnabled":false,"networkConnectionEnabled":true,"locationContextEnabled":false,"warnings":{},"desired":{"platformName":"android","app":"./src/test/resources/MyAPP/ApiDemos-debug.apk","appActivity":".ApiDemos","appPackage":"io.appium.android.apis","deviceName":"Android","platformVersion":"8.1"},"platformName":"android","app":"./src/test/resources/MyAPP/ApiDemos-debug.apk","appActivity":".ApiDemos","appPackage":"io.appium.android.apis","deviceName":"emulator-5554","platformVersion":"8.1.0","deviceUDID":"emulator-5554","deviceApiLevel":27,"deviceScreenSize":"1080x1920","deviceScreenDensity":420,"deviceModel":"Android SDK built for x86","deviceManufacturer":"Google","pixelRatio":2.625,"statBarHeight":63,"viewportRect":{"left":0,"top":63,"width":1080,"height":1731},"lastScrollData":null}
&amp#27;[35m[HTTP]&amp#27;[39m &amp#27;[37m<-- GET /wd/hub/session/033170a1-d886-4c4a-ad45-bb20eb8fef51 &amp#27;[39m&amp#27;[32m200&amp#27;[39m &amp#27;[90m16 ms - 905&amp#27;[39m
&amp#27;[35m[HTTP]&amp#27;[39m &amp#27;[90m&amp#27;[39m
&amp#27;[35m[HTTP]&amp#27;[39m &amp#27;[37m-->&amp#27;[39m &amp#27;[37mGET&amp#27;[39m &amp#27;[37m/wd/hub/session/033170a1-d886-4c4a-ad45-bb20eb8fef51&amp#27;[39m
&amp#27;[35m[HTTP]&amp#27;[39m &amp#27;[90m{}&amp#27;[39m
[debug] &amp#27;[35m[W3C (033170a1)]&amp#27;[39m Calling AppiumDriver.getSession() with args: ["033170a1-d886-4c4a-ad45-bb20eb8fef51"]
[debug] &amp#27;[35m[UiAutomator2]&amp#27;[39m Getting session details from server to mix in
[debug] &amp#27;[35m[WD Proxy]&amp#27;[39m Matched '/' to command name 'getSession'
[debug] &amp#27;[35m[WD Proxy]&amp#27;[39m Proxying [GET /] to [GET http://127.0.0.1:8200/wd/hub/session/ccb0d422-7061-4eac-babb-121c87d0f93c] with no body
[debug] &amp#27;[35m[WD Proxy]&amp#27;[39m Got response with status 200: {"sessionId":"ccb0d422-7061-4eac-babb-121c87d0f93c","value":{"lastScrollData":null}}
[debug] &amp#27;[35m[W3C (033170a1)]&amp#27;[39m Responding to client with driver.getSession() result: {"platform":"LINUX","webStorageEnabled":false,"takesScreenshot":true,"javascriptEnabled":true,"databaseEnabled":false,"networkConnectionEnabled":true,"locationContextEnabled":false,"warnings":{},"desired":{"platformName":"android","app":"./src/test/resources/MyAPP/ApiDemos-debug.apk","appActivity":".ApiDemos","appPackage":"io.appium.android.apis","deviceName":"Android","platformVersion":"8.1"},"platformName":"android","app":"./src/test/resources/MyAPP/ApiDemos-debug.apk","appActivity":".ApiDemos","appPackage":"io.appium.android.apis","deviceName":"emulator-5554","platformVersion":"8.1.0","deviceUDID":"emulator-5554","deviceApiLevel":27,"deviceScreenSize":"1080x1920","deviceScreenDensity":420,"deviceModel":"Android SDK built for x86","deviceManufacturer":"Google","pixelRatio":2.625,"statBarHeight":63,"viewportRect":{"left":0,"top":63,"width":1080,"height":1731},"lastScrollData":null}
&amp#27;[35m[HTTP]&amp#27;[39m &amp#27;[37m<-- GET /wd/hub/session/033170a1-d886-4c4a-ad45-bb20eb8fef51 &amp#27;[39m&amp#27;[32m200&amp#27;[39m &amp#27;[90m12 ms - 905&amp#27;[39m
&amp#27;[35m[HTTP]&amp#27;[39m &amp#27;[90m&amp#27;[39m
&amp#27;[35m[HTTP]&amp#27;[39m &amp#27;[37m-->&amp#27;[39m &amp#27;[37mGET&amp#27;[39m &amp#27;[37m/wd/hub/session/033170a1-d886-4c4a-ad45-bb20eb8fef51&amp#27;[39m
&amp#27;[35m[HTTP]&amp#27;[39m &amp#27;[90m{}&amp#27;[39m
[debug] &amp#27;[35m[W3C (033170a1)]&amp#27;[39m Calling AppiumDriver.getSession() with args: ["033170a1-d886-4c4a-ad45-bb20eb8fef51"]
[debug] &amp#27;[35m[UiAutomator2]&amp#27;[39m Getting session details from server to mix in
[debug] &amp#27;[35m[WD Proxy]&amp#27;[39m Matched '/' to command name 'getSession'
[debug] &amp#27;[35m[WD Proxy]&amp#27;[39m Proxying [GET /] to [GET http://127.0.0.1:8200/wd/hub/session/ccb0d422-7061-4eac-babb-121c87d0f93c] with no body
[debug] &amp#27;[35m[WD Proxy]&amp#27;[39m Got response with status 200: {"sessionId":"ccb0d422-7061-4eac-babb-121c87d0f93c","value":{"lastScrollData":null}}
[debug] &amp#27;[35m[W3C (033170a1)]&amp#27;[39m Responding to client with driver.getSession() result: {"platform":"LINUX","webStorageEnabled":false,"takesScreenshot":true,"javascriptEnabled":true,"databaseEnabled":false,"networkConnectionEnabled":true,"locationContextEnabled":false,"warnings":{},"desired":{"platformName":"android","app":"./src/test/resources/MyAPP/ApiDemos-debug.apk","appActivity":".ApiDemos","appPackage":"io.appium.android.apis","deviceName":"Android","platformVersion":"8.1"},"platformName":"android","app":"./src/test/resources/MyAPP/ApiDemos-debug.apk","appActivity":".ApiDemos","appPackage":"io.appium.android.apis","deviceName":"emulator-5554","platformVersion":"8.1.0","deviceUDID":"emulator-5554","deviceApiLevel":27,"deviceScreenSize":"1080x1920","deviceScreenDensity":420,"deviceModel":"Android SDK built for x86","deviceManufacturer":"Google","pixelRatio":2.625,"statBarHeight":63,"viewportRect":{"left":0,"top":63,"width":1080,"height":1731},"lastScrollData":null}
&amp#27;[35m[HTTP]&amp#27;[39m &amp#27;[37m<-- GET /wd/hub/session/033170a1-d886-4c4a-ad45-bb20eb8fef51 &amp#27;[39m&amp#27;[32m200&amp#27;[39m &amp#27;[90m15 ms - 905&amp#27;[39m
&amp#27;[35m[HTTP]&amp#27;[39m &amp#27;[90m&amp#27;[39m
&amp#27;[35m[HTTP]&amp#27;[39m &amp#27;[37m-->&amp#27;[39m &amp#27;[37mPOST&amp#27;[39m &amp#27;[37m/wd/hub/session/033170a1-d886-4c4a-ad45-bb20eb8fef51/element&amp#27;[39m
&amp#27;[35m[HTTP]&amp#27;[39m &amp#27;[90m{"using":"accessibility id","value":"OS"}&amp#27;[39m
[debug] &amp#27;[35m[W3C (033170a1)]&amp#27;[39m Calling AppiumDriver.findElement() with args: ["accessibility id","OS","033170a1-d886-4c4a-ad45-bb20eb8fef51"]
[debug] &amp#27;[35m[BaseDriver]&amp#27;[39m Valid locator strategies for this request: xpath, id, class name, accessibility id, css selector, -android uiautomator
[debug] &amp#27;[35m[BaseDriver]&amp#27;[39m Waiting up to 120000 ms for condition
[debug] &amp#27;[35m[WD Proxy]&amp#27;[39m Matched '/element' to command name 'findElement'
[debug] &amp#27;[35m[WD Proxy]&amp#27;[39m Proxying [POST /element] to [POST http://127.0.0.1:8200/wd/hub/session/ccb0d422-7061-4eac-babb-121c87d0f93c/element] with body: {"strategy":"accessibility id","selector":"OS","context":"","multiple":false}
[debug] &amp#27;[35m[WD Proxy]&amp#27;[39m Got response with status 200: {"sessionId":"ccb0d422-7061-4eac-babb-121c87d0f93c","value":{"ELEMENT":"00000000-0000-02bf-ffff-ffff0000000e","element-6066-11e4-a52e-4f735466cecf":"00000000-0000-02bf-ffff-ffff0000000e"}}
[debug] &amp#27;[35m[W3C (033170a1)]&amp#27;[39m Responding to client with driver.findElement() result: {"element-6066-11e4-a52e-4f735466cecf":"00000000-0000-02bf-ffff-ffff0000000e","ELEMENT":"00000000-0000-02bf-ffff-ffff0000000e"}
&amp#27;[35m[HTTP]&amp#27;[39m &amp#27;[37m<-- POST /wd/hub/session/033170a1-d886-4c4a-ad45-bb20eb8fef51/element &amp#27;[39m&amp#27;[32m200&amp#27;[39m &amp#27;[90m437 ms - 137&amp#27;[39m
&amp#27;[35m[HTTP]&amp#27;[39m &amp#27;[90m&amp#27;[39m
&amp#27;[35m[HTTP]&amp#27;[39m &amp#27;[37m-->&amp#27;[39m &amp#27;[37mPOST&amp#27;[39m &amp#27;[37m/wd/hub/session/033170a1-d886-4c4a-ad45-bb20eb8fef51/element/00000000-0000-02bf-ffff-ffff0000000e/click&amp#27;[39m
&amp#27;[35m[HTTP]&amp#27;[39m &amp#27;[90m{"id":"00000000-0000-02bf-ffff-ffff0000000e"}&amp#27;[39m
[debug] &amp#27;[35m[W3C (033170a1)]&amp#27;[39m Calling AppiumDriver.click() with args: ["00000000-0000-02bf-ffff-ffff0000000e","033170a1-d886-4c4a-ad45-bb20eb8fef51"]
[debug] &amp#27;[35m[WD Proxy]&amp#27;[39m Matched '/element/00000000-0000-02bf-ffff-ffff0000000e/click' to command name 'click'
[debug] &amp#27;[35m[WD Proxy]&amp#27;[39m Proxying [POST /element/00000000-0000-02bf-ffff-ffff0000000e/click] to [POST http://127.0.0.1:8200/wd/hub/session/ccb0d422-7061-4eac-babb-121c87d0f93c/element/00000000-0000-02bf-ffff-ffff0000000e/click] with body: {"element":"00000000-0000-02bf-ffff-ffff0000000e"}
[debug] &amp#27;[35m[WD Proxy]&amp#27;[39m Got response with status 200: {"sessionId":"ccb0d422-7061-4eac-babb-121c87d0f93c","value":null}
[debug] &amp#27;[35m[W3C (033170a1)]&amp#27;[39m Responding to client with driver.click() result: null
&amp#27;[35m[HTTP]&amp#27;[39m &amp#27;[37m<-- POST /wd/hub/session/033170a1-d886-4c4a-ad45-bb20eb8fef51/element/00000000-0000-02bf-ffff-ffff0000000e/click &amp#27;[39m&amp#27;[32m200&amp#27;[39m &amp#27;[90m29 ms - 14&amp#27;[39m
&amp#27;[35m[HTTP]&amp#27;[39m &amp#27;[90m&amp#27;[39m
[INFO ] 2021-12-21 22:38:32.026 [main] SMSMessagingSteps - user has been entered into the OS section of the app!
&amp#27;[35m[HTTP]&amp#27;[39m &amp#27;[37m-->&amp#27;[39m &amp#27;[37mGET&amp#27;[39m &amp#27;[37m/wd/hub/session/033170a1-d886-4c4a-ad45-bb20eb8fef51&amp#27;[39m
&amp#27;[35m[HTTP]&amp#27;[39m &amp#27;[90m{}&amp#27;[39m
[debug] &amp#27;[35m[W3C (033170a1)]&amp#27;[39m Calling AppiumDriver.getSession() with args: ["033170a1-d886-4c4a-ad45-bb20eb8fef51"]
[debug] &amp#27;[35m[UiAutomator2]&amp#27;[39m Getting session details from server to mix in
[debug] &amp#27;[35m[WD Proxy]&amp#27;[39m Matched '/' to command name 'getSession'
[debug] &amp#27;[35m[WD Proxy]&amp#27;[39m Proxying [GET /] to [GET http://127.0.0.1:8200/wd/hub/session/ccb0d422-7061-4eac-babb-121c87d0f93c] with no body
[debug] &amp#27;[35m[WD Proxy]&amp#27;[39m Got response with status 200: {"sessionId":"ccb0d422-7061-4eac-babb-121c87d0f93c","value":{"lastScrollData":null}}
[debug] &amp#27;[35m[W3C (033170a1)]&amp#27;[39m Responding to client with driver.getSession() result: {"platform":"LINUX","webStorageEnabled":false,"takesScreenshot":true,"javascriptEnabled":true,"databaseEnabled":false,"networkConnectionEnabled":true,"locationContextEnabled":false,"warnings":{},"desired":{"platformName":"android","app":"./src/test/resources/MyAPP/ApiDemos-debug.apk","appActivity":".ApiDemos","appPackage":"io.appium.android.apis","deviceName":"Android","platformVersion":"8.1"},"platformName":"android","app":"./src/test/resources/MyAPP/ApiDemos-debug.apk","appActivity":".ApiDemos","appPackage":"io.appium.android.apis","deviceName":"emulator-5554","platformVersion":"8.1.0","deviceUDID":"emulator-5554","deviceApiLevel":27,"deviceScreenSize":"1080x1920","deviceScreenDensity":420,"deviceModel":"Android SDK built for x86","deviceManufacturer":"Google","pixelRatio":2.625,"statBarHeight":63,"viewportRect":{"left":0,"top":63,"width":1080,"height":1731},"lastScrollData":null}
&amp#27;[35m[HTTP]&amp#27;[39m &amp#27;[37m<-- GET /wd/hub/session/033170a1-d886-4c4a-ad45-bb20eb8fef51 &amp#27;[39m&amp#27;[32m200&amp#27;[39m &amp#27;[90m13 ms - 905&amp#27;[39m
&amp#27;[35m[HTTP]&amp#27;[39m &amp#27;[90m&amp#27;[39m
&amp#27;[35m[HTTP]&amp#27;[39m &amp#27;[37m-->&amp#27;[39m &amp#27;[37mGET&amp#27;[39m &amp#27;[37m/wd/hub/session/033170a1-d886-4c4a-ad45-bb20eb8fef51&amp#27;[39m
&amp#27;[35m[HTTP]&amp#27;[39m &amp#27;[90m{}&amp#27;[39m
[debug] &amp#27;[35m[W3C (033170a1)]&amp#27;[39m Calling AppiumDriver.getSession() with args: ["033170a1-d886-4c4a-ad45-bb20eb8fef51"]
[debug] &amp#27;[35m[UiAutomator2]&amp#27;[39m Getting session details from server to mix in
[debug] &amp#27;[35m[WD Proxy]&amp#27;[39m Matched '/' to command name 'getSession'
[debug] &amp#27;[35m[WD Proxy]&amp#27;[39m Proxying [GET /] to [GET http://127.0.0.1:8200/wd/hub/session/ccb0d422-7061-4eac-babb-121c87d0f93c] with no body
[debug] &amp#27;[35m[WD Proxy]&amp#27;[39m Got response with status 200: {"sessionId":"ccb0d422-7061-4eac-babb-121c87d0f93c","value":{"lastScrollData":null}}
[debug] &amp#27;[35m[W3C (033170a1)]&amp#27;[39m Responding to client with driver.getSession() result: {"platform":"LINUX","webStorageEnabled":false,"takesScreenshot":true,"javascriptEnabled":true,"databaseEnabled":false,"networkConnectionEnabled":true,"locationContextEnabled":false,"warnings":{},"desired":{"platformName":"android","app":"./src/test/resources/MyAPP/ApiDemos-debug.apk","appActivity":".ApiDemos","appPackage":"io.appium.android.apis","deviceName":"Android","platformVersion":"8.1"},"platformName":"android","app":"./src/test/resources/MyAPP/ApiDemos-debug.apk","appActivity":".ApiDemos","appPackage":"io.appium.android.apis","deviceName":"emulator-5554","platformVersion":"8.1.0","deviceUDID":"emulator-5554","deviceApiLevel":27,"deviceScreenSize":"1080x1920","deviceScreenDensity":420,"deviceModel":"Android SDK built for x86","deviceManufacturer":"Google","pixelRatio":2.625,"statBarHeight":63,"viewportRect":{"left":0,"top":63,"width":1080,"height":1731},"lastScrollData":null}
&amp#27;[35m[HTTP]&amp#27;[39m &amp#27;[37m<-- GET /wd/hub/session/033170a1-d886-4c4a-ad45-bb20eb8fef51 &amp#27;[39m&amp#27;[32m200&amp#27;[39m &amp#27;[90m10 ms - 905&amp#27;[39m
&amp#27;[35m[HTTP]&amp#27;[39m &amp#27;[90m&amp#27;[39m
&amp#27;[35m[HTTP]&amp#27;[39m &amp#27;[37m-->&amp#27;[39m &amp#27;[37mGET&amp#27;[39m &amp#27;[37m/wd/hub/session/033170a1-d886-4c4a-ad45-bb20eb8fef51&amp#27;[39m
&amp#27;[35m[HTTP]&amp#27;[39m &amp#27;[90m{}&amp#27;[39m
[debug] &amp#27;[35m[W3C (033170a1)]&amp#27;[39m Calling AppiumDriver.getSession() with args: ["033170a1-d886-4c4a-ad45-bb20eb8fef51"]
[debug] &amp#27;[35m[UiAutomator2]&amp#27;[39m Getting session details from server to mix in
[debug] &amp#27;[35m[WD Proxy]&amp#27;[39m Matched '/' to command name 'getSession'
[debug] &amp#27;[35m[WD Proxy]&amp#27;[39m Proxying [GET /] to [GET http://127.0.0.1:8200/wd/hub/session/ccb0d422-7061-4eac-babb-121c87d0f93c] with no body
[debug] &amp#27;[35m[WD Proxy]&amp#27;[39m Got response with status 200: {"sessionId":"ccb0d422-7061-4eac-babb-121c87d0f93c","value":{"lastScrollData":null}}
[debug] &amp#27;[35m[W3C (033170a1)]&amp#27;[39m Responding to client with driver.getSession() result: {"platform":"LINUX","webStorageEnabled":false,"takesScreenshot":true,"javascriptEnabled":true,"databaseEnabled":false,"networkConnectionEnabled":true,"locationContextEnabled":false,"warnings":{},"desired":{"platformName":"android","app":"./src/test/resources/MyAPP/ApiDemos-debug.apk","appActivity":".ApiDemos","appPackage":"io.appium.android.apis","deviceName":"Android","platformVersion":"8.1"},"platformName":"android","app":"./src/test/resources/MyAPP/ApiDemos-debug.apk","appActivity":".ApiDemos","appPackage":"io.appium.android.apis","deviceName":"emulator-5554","platformVersion":"8.1.0","deviceUDID":"emulator-5554","deviceApiLevel":27,"deviceScreenSize":"1080x1920","deviceScreenDensity":420,"deviceModel":"Android SDK built for x86","deviceManufacturer":"Google","pixelRatio":2.625,"statBarHeight":63,"viewportRect":{"left":0,"top":63,"width":1080,"height":1731},"lastScrollData":null}
&amp#27;[35m[HTTP]&amp#27;[39m &amp#27;[37m<-- GET /wd/hub/session/033170a1-d886-4c4a-ad45-bb20eb8fef51 &amp#27;[39m&amp#27;[32m200&amp#27;[39m &amp#27;[90m12 ms - 905&amp#27;[39m
&amp#27;[35m[HTTP]&amp#27;[39m &amp#27;[90m&amp#27;[39m
&amp#27;[35m[HTTP]&amp#27;[39m &amp#27;[37m-->&amp#27;[39m &amp#27;[37mPOST&amp#27;[39m &amp#27;[37m/wd/hub/session/033170a1-d886-4c4a-ad45-bb20eb8fef51/element&amp#27;[39m
&amp#27;[35m[HTTP]&amp#27;[39m &amp#27;[90m{"using":"accessibility id","value":"SMS Messaging"}&amp#27;[39m
[debug] &amp#27;[35m[W3C (033170a1)]&amp#27;[39m Calling AppiumDriver.findElement() with args: ["accessibility id","SMS Messaging","033170a1-d886-4c4a-ad45-bb20eb8fef51"]
[debug] &amp#27;[35m[BaseDriver]&amp#27;[39m Valid locator strategies for this request: xpath, id, class name, accessibility id, css selector, -android uiautomator
[debug] &amp#27;[35m[BaseDriver]&amp#27;[39m Waiting up to 120000 ms for condition
[debug] &amp#27;[35m[WD Proxy]&amp#27;[39m Matched '/element' to command name 'findElement'
[debug] &amp#27;[35m[WD Proxy]&amp#27;[39m Proxying [POST /element] to [POST http://127.0.0.1:8200/wd/hub/session/ccb0d422-7061-4eac-babb-121c87d0f93c/element] with body: {"strategy":"accessibility id","selector":"SMS Messaging","context":"","multiple":false}
[debug] &amp#27;[35m[WD Proxy]&amp#27;[39m Got response with status 200: {"sessionId":"ccb0d422-7061-4eac-babb-121c87d0f93c","value":{"ELEMENT":"00000000-0000-02c0-ffff-ffff0000001c","element-6066-11e4-a52e-4f735466cecf":"00000000-0000-02c0-ffff-ffff0000001c"}}
[debug] &amp#27;[35m[W3C (033170a1)]&amp#27;[39m Responding to client with driver.findElement() result: {"element-6066-11e4-a52e-4f735466cecf":"00000000-0000-02c0-ffff-ffff0000001c","ELEMENT":"00000000-0000-02c0-ffff-ffff0000001c"}
&amp#27;[35m[HTTP]&amp#27;[39m &amp#27;[37m<-- POST /wd/hub/session/033170a1-d886-4c4a-ad45-bb20eb8fef51/element &amp#27;[39m&amp#27;[32m200&amp#27;[39m &amp#27;[90m1262 ms - 137&amp#27;[39m
&amp#27;[35m[HTTP]&amp#27;[39m &amp#27;[90m&amp#27;[39m
&amp#27;[35m[HTTP]&amp#27;[39m &amp#27;[37m-->&amp#27;[39m &amp#27;[37mPOST&amp#27;[39m &amp#27;[37m/wd/hub/session/033170a1-d886-4c4a-ad45-bb20eb8fef51/element/00000000-0000-02c0-ffff-ffff0000001c/click&amp#27;[39m
&amp#27;[35m[HTTP]&amp#27;[39m &amp#27;[90m{"id":"00000000-0000-02c0-ffff-ffff0000001c"}&amp#27;[39m
[debug] &amp#27;[35m[W3C (033170a1)]&amp#27;[39m Calling AppiumDriver.click() with args: ["00000000-0000-02c0-ffff-ffff0000001c","033170a1-d886-4c4a-ad45-bb20eb8fef51"]
[debug] &amp#27;[35m[WD Proxy]&amp#27;[39m Matched '/element/00000000-0000-02c0-ffff-ffff0000001c/click' to command name 'click'
[debug] &amp#27;[35m[WD Proxy]&amp#27;[39m Proxying [POST /element/00000000-0000-02c0-ffff-ffff0000001c/click] to [POST http://127.0.0.1:8200/wd/hub/session/ccb0d422-7061-4eac-babb-121c87d0f93c/element/00000000-0000-02c0-ffff-ffff0000001c/click] with body: {"element":"00000000-0000-02c0-ffff-ffff0000001c"}
[debug] &amp#27;[35m[WD Proxy]&amp#27;[39m Got response with status 200: {"sessionId":"ccb0d422-7061-4eac-babb-121c87d0f93c","value":null}
[debug] &amp#27;[35m[W3C (033170a1)]&amp#27;[39m Responding to client with driver.click() result: null
&amp#27;[35m[HTTP]&amp#27;[39m &amp#27;[37m<-- POST /wd/hub/session/033170a1-d886-4c4a-ad45-bb20eb8fef51/element/00000000-0000-02c0-ffff-ffff0000001c/click &amp#27;[39m&amp#27;[32m200&amp#27;[39m &amp#27;[90m1417 ms - 14&amp#27;[39m
&amp#27;[35m[HTTP]&amp#27;[39m &amp#27;[90m&amp#27;[39m
[INFO ] 2021-12-21 22:38:34.776 [main] SMSMessagingSteps - SMS messasging option have been choosen
&amp#27;[35m[HTTP]&amp#27;[39m &amp#27;[37m-->&amp#27;[39m &amp#27;[37mGET&amp#27;[39m &amp#27;[37m/wd/hub/session/033170a1-d886-4c4a-ad45-bb20eb8fef51&amp#27;[39m
&amp#27;[35m[HTTP]&amp#27;[39m &amp#27;[90m{}&amp#27;[39m
[debug] &amp#27;[35m[W3C (033170a1)]&amp#27;[39m Calling AppiumDriver.getSession() with args: ["033170a1-d886-4c4a-ad45-bb20eb8fef51"]
[debug] &amp#27;[35m[UiAutomator2]&amp#27;[39m Getting session details from server to mix in
[debug] &amp#27;[35m[WD Proxy]&amp#27;[39m Matched '/' to command name 'getSession'
[debug] &amp#27;[35m[WD Proxy]&amp#27;[39m Proxying [GET /] to [GET http://127.0.0.1:8200/wd/hub/session/ccb0d422-7061-4eac-babb-121c87d0f93c] with no body
[debug] &amp#27;[35m[WD Proxy]&amp#27;[39m Got response with status 200: {"sessionId":"ccb0d422-7061-4eac-babb-121c87d0f93c","value":{"lastScrollData":null}}
[debug] &amp#27;[35m[W3C (033170a1)]&amp#27;[39m Responding to client with driver.getSession() result: {"platform":"LINUX","webStorageEnabled":false,"takesScreenshot":true,"javascriptEnabled":true,"databaseEnabled":false,"networkConnectionEnabled":true,"locationContextEnabled":false,"warnings":{},"desired":{"platformName":"android","app":"./src/test/resources/MyAPP/ApiDemos-debug.apk","appActivity":".ApiDemos","appPackage":"io.appium.android.apis","deviceName":"Android","platformVersion":"8.1"},"platformName":"android","app":"./src/test/resources/MyAPP/ApiDemos-debug.apk","appActivity":".ApiDemos","appPackage":"io.appium.android.apis","deviceName":"emulator-5554","platformVersion":"8.1.0","deviceUDID":"emulator-5554","deviceApiLevel":27,"deviceScreenSize":"1080x1920","deviceScreenDensity":420,"deviceModel":"Android SDK built for x86","deviceManufacturer":"Google","pixelRatio":2.625,"statBarHeight":63,"viewportRect":{"left":0,"top":63,"width":1080,"height":1731},"lastScrollData":null}
&amp#27;[35m[HTTP]&amp#27;[39m &amp#27;[37m<-- GET /wd/hub/session/033170a1-d886-4c4a-ad45-bb20eb8fef51 &amp#27;[39m&amp#27;[32m200&amp#27;[39m &amp#27;[90m54 ms - 905&amp#27;[39m
&amp#27;[35m[HTTP]&amp#27;[39m &amp#27;[90m&amp#27;[39m
&amp#27;[35m[HTTP]&amp#27;[39m &amp#27;[37m-->&amp#27;[39m &amp#27;[37mGET&amp#27;[39m &amp#27;[37m/wd/hub/session/033170a1-d886-4c4a-ad45-bb20eb8fef51&amp#27;[39m
&amp#27;[35m[HTTP]&amp#27;[39m &amp#27;[90m{}&amp#27;[39m
[debug] &amp#27;[35m[W3C (033170a1)]&amp#27;[39m Calling AppiumDriver.getSession() with args: ["033170a1-d886-4c4a-ad45-bb20eb8fef51"]
[debug] &amp#27;[35m[UiAutomator2]&amp#27;[39m Getting session details from server to mix in
[debug] &amp#27;[35m[WD Proxy]&amp#27;[39m Matched '/' to command name 'getSession'
[debug] &amp#27;[35m[WD Proxy]&amp#27;[39m Proxying [GET /] to [GET http://127.0.0.1:8200/wd/hub/session/ccb0d422-7061-4eac-babb-121c87d0f93c] with no body
[debug] &amp#27;[35m[WD Proxy]&amp#27;[39m Got response with status 200: {"sessionId":"ccb0d422-7061-4eac-babb-121c87d0f93c","value":{"lastScrollData":null}}
[debug] &amp#27;[35m[W3C (033170a1)]&amp#27;[39m Responding to client with driver.getSession() result: {"platform":"LINUX","webStorageEnabled":false,"takesScreenshot":true,"javascriptEnabled":true,"databaseEnabled":false,"networkConnectionEnabled":true,"locationContextEnabled":false,"warnings":{},"desired":{"platformName":"android","app":"./src/test/resources/MyAPP/ApiDemos-debug.apk","appActivity":".ApiDemos","appPackage":"io.appium.android.apis","deviceName":"Android","platformVersion":"8.1"},"platformName":"android","app":"./src/test/resources/MyAPP/ApiDemos-debug.apk","appActivity":".ApiDemos","appPackage":"io.appium.android.apis","deviceName":"emulator-5554","platformVersion":"8.1.0","deviceUDID":"emulator-5554","deviceApiLevel":27,"deviceScreenSize":"1080x1920","deviceScreenDensity":420,"deviceModel":"Android SDK built for x86","deviceManufacturer":"Google","pixelRatio":2.625,"statBarHeight":63,"viewportRect":{"left":0,"top":63,"width":1080,"height":1731},"lastScrollData":null}
&amp#27;[35m[HTTP]&amp#27;[39m &amp#27;[37m<-- GET /wd/hub/session/033170a1-d886-4c4a-ad45-bb20eb8fef51 &amp#27;[39m&amp#27;[32m200&amp#27;[39m &amp#27;[90m33 ms - 905&amp#27;[39m
&amp#27;[35m[HTTP]&amp#27;[39m &amp#27;[90m&amp#27;[39m
&amp#27;[35m[HTTP]&amp#27;[39m &amp#27;[37m-->&amp#27;[39m &amp#27;[37mGET&amp#27;[39m &amp#27;[37m/wd/hub/session/033170a1-d886-4c4a-ad45-bb20eb8fef51&amp#27;[39m
&amp#27;[35m[HTTP]&amp#27;[39m &amp#27;[90m{}&amp#27;[39m
[debug] &amp#27;[35m[W3C (033170a1)]&amp#27;[39m Calling AppiumDriver.getSession() with args: ["033170a1-d886-4c4a-ad45-bb20eb8fef51"]
[debug] &amp#27;[35m[UiAutomator2]&amp#27;[39m Getting session details from server to mix in
[debug] &amp#27;[35m[WD Proxy]&amp#27;[39m Matched '/' to command name 'getSession'
[debug] &amp#27;[35m[WD Proxy]&amp#27;[39m Proxying [GET /] to [GET http://127.0.0.1:8200/wd/hub/session/ccb0d422-7061-4eac-babb-121c87d0f93c] with no body
[debug] &amp#27;[35m[WD Proxy]&amp#27;[39m Got response with status 200: {"sessionId":"ccb0d422-7061-4eac-babb-121c87d0f93c","value":{"lastScrollData":null}}
[debug] &amp#27;[35m[W3C (033170a1)]&amp#27;[39m Responding to client with driver.getSession() result: {"platform":"LINUX","webStorageEnabled":false,"takesScreenshot":true,"javascriptEnabled":true,"databaseEnabled":false,"networkConnectionEnabled":true,"locationContextEnabled":false,"warnings":{},"desired":{"platformName":"android","app":"./src/test/resources/MyAPP/ApiDemos-debug.apk","appActivity":".ApiDemos","appPackage":"io.appium.android.apis","deviceName":"Android","platformVersion":"8.1"},"platformName":"android","app":"./src/test/resources/MyAPP/ApiDemos-debug.apk","appActivity":".ApiDemos","appPackage":"io.appium.android.apis","deviceName":"emulator-5554","platformVersion":"8.1.0","deviceUDID":"emulator-5554","deviceApiLevel":27,"deviceScreenSize":"1080x1920","deviceScreenDensity":420,"deviceModel":"Android SDK built for x86","deviceManufacturer":"Google","pixelRatio":2.625,"statBarHeight":63,"viewportRect":{"left":0,"top":63,"width":1080,"height":1731},"lastScrollData":null}
&amp#27;[35m[HTTP]&amp#27;[39m &amp#27;[37m<-- GET /wd/hub/session/033170a1-d886-4c4a-ad45-bb20eb8fef51 &amp#27;[39m&amp#27;[32m200&amp#27;[39m &amp#27;[90m17 ms - 905&amp#27;[39m
&amp#27;[35m[HTTP]&amp#27;[39m &amp#27;[90m&amp#27;[39m
&amp#27;[35m[HTTP]&amp#27;[39m &amp#27;[37m-->&amp#27;[39m &amp#27;[37mPOST&amp#27;[39m &amp#27;[37m/wd/hub/session/033170a1-d886-4c4a-ad45-bb20eb8fef51/element&amp#27;[39m
&amp#27;[35m[HTTP]&amp#27;[39m &amp#27;[90m{"using":"id","value":"io.appium.android.apis:id/sms_recipient"}&amp#27;[39m
[debug] &amp#27;[35m[W3C (033170a1)]&amp#27;[39m Calling AppiumDriver.findElement() with args: ["id","io.appium.android.apis:id/sms_recipient","033170a1-d886-4c4a-ad45-bb20eb8fef51"]
[debug] &amp#27;[35m[BaseDriver]&amp#27;[39m Valid locator strategies for this request: xpath, id, class name, accessibility id, css selector, -android uiautomator
[debug] &amp#27;[35m[BaseDriver]&amp#27;[39m Waiting up to 120000 ms for condition
[debug] &amp#27;[35m[WD Proxy]&amp#27;[39m Matched '/element' to command name 'findElement'
[debug] &amp#27;[35m[WD Proxy]&amp#27;[39m Proxying [POST /element] to [POST http://127.0.0.1:8200/wd/hub/session/ccb0d422-7061-4eac-babb-121c87d0f93c/element] with body: {"strategy":"id","selector":"io.appium.android.apis:id/sms_recipient","context":"","multiple":false}
[debug] &amp#27;[35m[WD Proxy]&amp#27;[39m Got response with status 200: {"sessionId":"ccb0d422-7061-4eac-babb-121c87d0f93c","value":{"ELEMENT":"00000000-0000-02c1-ffff-ffff0000001d","element-6066-11e4-a52e-4f735466cecf":"00000000-0000-02c1-ffff-ffff0000001d"}}
[debug] &amp#27;[35m[W3C (033170a1)]&amp#27;[39m Responding to client with driver.findElement() result: {"element-6066-11e4-a52e-4f735466cecf":"00000000-0000-02c1-ffff-ffff0000001d","ELEMENT":"00000000-0000-02c1-ffff-ffff0000001d"}
&amp#27;[35m[HTTP]&amp#27;[39m &amp#27;[37m<-- POST /wd/hub/session/033170a1-d886-4c4a-ad45-bb20eb8fef51/element &amp#27;[39m&amp#27;[32m200&amp#27;[39m &amp#27;[90m40 ms - 137&amp#27;[39m
&amp#27;[35m[HTTP]&amp#27;[39m &amp#27;[90m&amp#27;[39m
&amp#27;[35m[HTTP]&amp#27;[39m &amp#27;[37m-->&amp#27;[39m &amp#27;[37mPOST&amp#27;[39m &amp#27;[37m/wd/hub/session/033170a1-d886-4c4a-ad45-bb20eb8fef51/element/00000000-0000-02c1-ffff-ffff0000001d/value&amp#27;[39m
&amp#27;[35m[HTTP]&amp#27;[39m &amp#27;[90m{"id":"00000000-0000-02c1-ffff-ffff0000001d","text":"9565715861","value":["9","5","6","5","7","1","5","8","6","1"]}&amp#27;[39m
[debug] &amp#27;[35m[W3C (033170a1)]&amp#27;[39m Calling AppiumDriver.setValue() with args: [["9","5","6","5","7","1","5","8","6","1"],"00000000-0000-02c1-ffff-ffff0000001d","033170a1-d886-4c4a-ad45-bb20eb8fef51"]
[debug] &amp#27;[35m[WD Proxy]&amp#27;[39m Matched '/element/00000000-0000-02c1-ffff-ffff0000001d/value' to command name 'setValue'
[debug] &amp#27;[35m[Protocol Converter]&amp#27;[39m Added 'value' property ["9","5","6","5","7","1","5","8","6","1"] to 'setValue' request body
[debug] &amp#27;[35m[WD Proxy]&amp#27;[39m Proxying [POST /element/00000000-0000-02c1-ffff-ffff0000001d/value] to [POST http://127.0.0.1:8200/wd/hub/session/ccb0d422-7061-4eac-babb-121c87d0f93c/element/00000000-0000-02c1-ffff-ffff0000001d/value] with body: {"elementId":"00000000-0000-02c1-ffff-ffff0000001d","text":"9565715861","replace":false,"value":["9","5","6","5","7","1","5","8","6","1"]}
[debug] &amp#27;[35m[WD Proxy]&amp#27;[39m Got response with status 200: {"sessionId":"ccb0d422-7061-4eac-babb-121c87d0f93c","value":null}
[debug] &amp#27;[35m[W3C (033170a1)]&amp#27;[39m Responding to client with driver.setValue() result: null
&amp#27;[35m[HTTP]&amp#27;[39m &amp#27;[37m<-- POST /wd/hub/session/033170a1-d886-4c4a-ad45-bb20eb8fef51/element/00000000-0000-02c1-ffff-ffff0000001d/value &amp#27;[39m&amp#27;[32m200&amp#27;[39m &amp#27;[90m33 ms - 14&amp#27;[39m
&amp#27;[35m[HTTP]&amp#27;[39m &amp#27;[90m&amp#27;[39m
[INFO ] 2021-12-21 22:38:35.030 [main] SMSMessagingSteps - Mobile number has been entered into the recipients field! 
&amp#27;[35m[HTTP]&amp#27;[39m &amp#27;[37m-->&amp#27;[39m &amp#27;[37mGET&amp#27;[39m &amp#27;[37m/wd/hub/session/033170a1-d886-4c4a-ad45-bb20eb8fef51&amp#27;[39m
&amp#27;[35m[HTTP]&amp#27;[39m &amp#27;[90m{}&amp#27;[39m
[debug] &amp#27;[35m[W3C (033170a1)]&amp#27;[39m Calling AppiumDriver.getSession() with args: ["033170a1-d886-4c4a-ad45-bb20eb8fef51"]
[debug] &amp#27;[35m[UiAutomator2]&amp#27;[39m Getting session details from server to mix in
[debug] &amp#27;[35m[WD Proxy]&amp#27;[39m Matched '/' to command name 'getSession'
[debug] &amp#27;[35m[WD Proxy]&amp#27;[39m Proxying [GET /] to [GET http://127.0.0.1:8200/wd/hub/session/ccb0d422-7061-4eac-babb-121c87d0f93c] with no body
[debug] &amp#27;[35m[WD Proxy]&amp#27;[39m Got response with status 200: {"sessionId":"ccb0d422-7061-4eac-babb-121c87d0f93c","value":{"lastScrollData":null}}
[debug] &amp#27;[35m[W3C (033170a1)]&amp#27;[39m Responding to client with driver.getSession() result: {"platform":"LINUX","webStorageEnabled":false,"takesScreenshot":true,"javascriptEnabled":true,"databaseEnabled":false,"networkConnectionEnabled":true,"locationContextEnabled":false,"warnings":{},"desired":{"platformName":"android","app":"./src/test/resources/MyAPP/ApiDemos-debug.apk","appActivity":".ApiDemos","appPackage":"io.appium.android.apis","deviceName":"Android","platformVersion":"8.1"},"platformName":"android","app":"./src/test/resources/MyAPP/ApiDemos-debug.apk","appActivity":".ApiDemos","appPackage":"io.appium.android.apis","deviceName":"emulator-5554","platformVersion":"8.1.0","deviceUDID":"emulator-5554","deviceApiLevel":27,"deviceScreenSize":"1080x1920","deviceScreenDensity":420,"deviceModel":"Android SDK built for x86","deviceManufacturer":"Google","pixelRatio":2.625,"statBarHeight":63,"viewportRect":{"left":0,"top":63,"width":1080,"height":1731},"lastScrollData":null}
&amp#27;[35m[HTTP]&amp#27;[39m &amp#27;[37m<-- GET /wd/hub/session/033170a1-d886-4c4a-ad45-bb20eb8fef51 &amp#27;[39m&amp#27;[32m200&amp#27;[39m &amp#27;[90m15 ms - 905&amp#27;[39m
&amp#27;[35m[HTTP]&amp#27;[39m &amp#27;[90m&amp#27;[39m
&amp#27;[35m[HTTP]&amp#27;[39m &amp#27;[37m-->&amp#27;[39m &amp#27;[37mGET&amp#27;[39m &amp#27;[37m/wd/hub/session/033170a1-d886-4c4a-ad45-bb20eb8fef51&amp#27;[39m
&amp#27;[35m[HTTP]&amp#27;[39m &amp#27;[90m{}&amp#27;[39m
[debug] &amp#27;[35m[W3C (033170a1)]&amp#27;[39m Calling AppiumDriver.getSession() with args: ["033170a1-d886-4c4a-ad45-bb20eb8fef51"]
[debug] &amp#27;[35m[UiAutomator2]&amp#27;[39m Getting session details from server to mix in
[debug] &amp#27;[35m[WD Proxy]&amp#27;[39m Matched '/' to command name 'getSession'
[debug] &amp#27;[35m[WD Proxy]&amp#27;[39m Proxying [GET /] to [GET http://127.0.0.1:8200/wd/hub/session/ccb0d422-7061-4eac-babb-121c87d0f93c] with no body
[debug] &amp#27;[35m[WD Proxy]&amp#27;[39m Got response with status 200: {"sessionId":"ccb0d422-7061-4eac-babb-121c87d0f93c","value":{"lastScrollData":null}}
[debug] &amp#27;[35m[W3C (033170a1)]&amp#27;[39m Responding to client with driver.getSession() result: {"platform":"LINUX","webStorageEnabled":false,"takesScreenshot":true,"javascriptEnabled":true,"databaseEnabled":false,"networkConnectionEnabled":true,"locationContextEnabled":false,"warnings":{},"desired":{"platformName":"android","app":"./src/test/resources/MyAPP/ApiDemos-debug.apk","appActivity":".ApiDemos","appPackage":"io.appium.android.apis","deviceName":"Android","platformVersion":"8.1"},"platformName":"android","app":"./src/test/resources/MyAPP/ApiDemos-debug.apk","appActivity":".ApiDemos","appPackage":"io.appium.android.apis","deviceName":"emulator-5554","platformVersion":"8.1.0","deviceUDID":"emulator-5554","deviceApiLevel":27,"deviceScreenSize":"1080x1920","deviceScreenDensity":420,"deviceModel":"Android SDK built for x86","deviceManufacturer":"Google","pixelRatio":2.625,"statBarHeight":63,"viewportRect":{"left":0,"top":63,"width":1080,"height":1731},"lastScrollData":null}
&amp#27;[35m[HTTP]&amp#27;[39m &amp#27;[37m<-- GET /wd/hub/session/033170a1-d886-4c4a-ad45-bb20eb8fef51 &amp#27;[39m&amp#27;[32m200&amp#27;[39m &amp#27;[90m13 ms - 905&amp#27;[39m
&amp#27;[35m[HTTP]&amp#27;[39m &amp#27;[90m&amp#27;[39m
&amp#27;[35m[HTTP]&amp#27;[39m &amp#27;[37m-->&amp#27;[39m &amp#27;[37mGET&amp#27;[39m &amp#27;[37m/wd/hub/session/033170a1-d886-4c4a-ad45-bb20eb8fef51&amp#27;[39m
&amp#27;[35m[HTTP]&amp#27;[39m &amp#27;[90m{}&amp#27;[39m
[debug] &amp#27;[35m[W3C (033170a1)]&amp#27;[39m Calling AppiumDriver.getSession() with args: ["033170a1-d886-4c4a-ad45-bb20eb8fef51"]
[debug] &amp#27;[35m[UiAutomator2]&amp#27;[39m Getting session details from server to mix in
[debug] &amp#27;[35m[WD Proxy]&amp#27;[39m Matched '/' to command name 'getSession'
[debug] &amp#27;[35m[WD Proxy]&amp#27;[39m Proxying [GET /] to [GET http://127.0.0.1:8200/wd/hub/session/ccb0d422-7061-4eac-babb-121c87d0f93c] with no body
[debug] &amp#27;[35m[WD Proxy]&amp#27;[39m Got response with status 200: {"sessionId":"ccb0d422-7061-4eac-babb-121c87d0f93c","value":{"lastScrollData":null}}
[debug] &amp#27;[35m[W3C (033170a1)]&amp#27;[39m Responding to client with driver.getSession() result: {"platform":"LINUX","webStorageEnabled":false,"takesScreenshot":true,"javascriptEnabled":true,"databaseEnabled":false,"networkConnectionEnabled":true,"locationContextEnabled":false,"warnings":{},"desired":{"platformName":"android","app":"./src/test/resources/MyAPP/ApiDemos-debug.apk","appActivity":".ApiDemos","appPackage":"io.appium.android.apis","deviceName":"Android","platformVersion":"8.1"},"platformName":"android","app":"./src/test/resources/MyAPP/ApiDemos-debug.apk","appActivity":".ApiDemos","appPackage":"io.appium.android.apis","deviceName":"emulator-5554","platformVersion":"8.1.0","deviceUDID":"emulator-5554","deviceApiLevel":27,"deviceScreenSize":"1080x1920","deviceScreenDensity":420,"deviceModel":"Android SDK built for x86","deviceManufacturer":"Google","pixelRatio":2.625,"statBarHeight":63,"viewportRect":{"left":0,"top":63,"width":1080,"height":1731},"lastScrollData":null}
&amp#27;[35m[HTTP]&amp#27;[39m &amp#27;[37m<-- GET /wd/hub/session/033170a1-d886-4c4a-ad45-bb20eb8fef51 &amp#27;[39m&amp#27;[32m200&amp#27;[39m &amp#27;[90m16 ms - 905&amp#27;[39m
&amp#27;[35m[HTTP]&amp#27;[39m &amp#27;[90m&amp#27;[39m
&amp#27;[35m[HTTP]&amp#27;[39m &amp#27;[37m-->&amp#27;[39m &amp#27;[37mPOST&amp#27;[39m &amp#27;[37m/wd/hub/session/033170a1-d886-4c4a-ad45-bb20eb8fef51/element&amp#27;[39m
&amp#27;[35m[HTTP]&amp#27;[39m &amp#27;[90m{"using":"id","value":"io.appium.android.apis:id/sms_content"}&amp#27;[39m
[debug] &amp#27;[35m[W3C (033170a1)]&amp#27;[39m Calling AppiumDriver.findElement() with args: ["id","io.appium.android.apis:id/sms_content","033170a1-d886-4c4a-ad45-bb20eb8fef51"]
[debug] &amp#27;[35m[BaseDriver]&amp#27;[39m Valid locator strategies for this request: xpath, id, class name, accessibility id, css selector, -android uiautomator
[debug] &amp#27;[35m[BaseDriver]&amp#27;[39m Waiting up to 120000 ms for condition
[debug] &amp#27;[35m[WD Proxy]&amp#27;[39m Matched '/element' to command name 'findElement'
[debug] &amp#27;[35m[WD Proxy]&amp#27;[39m Proxying [POST /element] to [POST http://127.0.0.1:8200/wd/hub/session/ccb0d422-7061-4eac-babb-121c87d0f93c/element] with body: {"strategy":"id","selector":"io.appium.android.apis:id/sms_content","context":"","multiple":false}
[debug] &amp#27;[35m[WD Proxy]&amp#27;[39m Got response with status 200: {"sessionId":"ccb0d422-7061-4eac-babb-121c87d0f93c","value":{"ELEMENT":"00000000-0000-02c1-ffff-ffff0000002f","element-6066-11e4-a52e-4f735466cecf":"00000000-0000-02c1-ffff-ffff0000002f"}}
[debug] &amp#27;[35m[W3C (033170a1)]&amp#27;[39m Responding to client with driver.findElement() result: {"element-6066-11e4-a52e-4f735466cecf":"00000000-0000-02c1-ffff-ffff0000002f","ELEMENT":"00000000-0000-02c1-ffff-ffff0000002f"}
&amp#27;[35m[HTTP]&amp#27;[39m &amp#27;[37m<-- POST /wd/hub/session/033170a1-d886-4c4a-ad45-bb20eb8fef51/element &amp#27;[39m&amp#27;[32m200&amp#27;[39m &amp#27;[90m588 ms - 137&amp#27;[39m
&amp#27;[35m[HTTP]&amp#27;[39m &amp#27;[90m&amp#27;[39m
&amp#27;[35m[HTTP]&amp#27;[39m &amp#27;[37m-->&amp#27;[39m &amp#27;[37mPOST&amp#27;[39m &amp#27;[37m/wd/hub/session/033170a1-d886-4c4a-ad45-bb20eb8fef51/element/00000000-0000-02c1-ffff-ffff0000002f/value&amp#27;[39m
&amp#27;[35m[HTTP]&amp#27;[39m &amp#27;[90m{"id":"00000000-0000-02c1-ffff-ffff0000002f","text":"Hello Peter!","value":["H","e","l","l","o"," ","P","e","t","e","r","!"]}&amp#27;[39m
[debug] &amp#27;[35m[W3C (033170a1)]&amp#27;[39m Calling AppiumDriver.setValue() with args: [["H","e","l","l","o"," ","P","e","t","e","r","!"],"00000000-0000-02c1-ffff-ffff0000002f","033170a1-d886-4c4a-ad45-bb20eb8fef51"]
[debug] &amp#27;[35m[WD Proxy]&amp#27;[39m Matched '/element/00000000-0000-02c1-ffff-ffff0000002f/value' to command name 'setValue'
[debug] &amp#27;[35m[Protocol Converter]&amp#27;[39m Added 'value' property ["H","e","l","l","o"," ","P","e","t","e","r","!"] to 'setValue' request body
[debug] &amp#27;[35m[WD Proxy]&amp#27;[39m Proxying [POST /element/00000000-0000-02c1-ffff-ffff0000002f/value] to [POST http://127.0.0.1:8200/wd/hub/session/ccb0d422-7061-4eac-babb-121c87d0f93c/element/00000000-0000-02c1-ffff-ffff0000002f/value] with body: {"elementId":"00000000-0000-02c1-ffff-ffff0000002f","text":"Hello Peter!","replace":false,"value":["H","e","l","l","o"," ","P","e","t","e","r","!"]}
[debug] &amp#27;[35m[WD Proxy]&amp#27;[39m Got response with status 200: {"sessionId":"ccb0d422-7061-4eac-babb-121c87d0f93c","value":null}
[debug] &amp#27;[35m[W3C (033170a1)]&amp#27;[39m Responding to client with driver.setValue() result: null
&amp#27;[35m[HTTP]&amp#27;[39m &amp#27;[37m<-- POST /wd/hub/session/033170a1-d886-4c4a-ad45-bb20eb8fef51/element/00000000-0000-02c1-ffff-ffff0000002f/value &amp#27;[39m&amp#27;[32m200&amp#27;[39m &amp#27;[90m29 ms - 14&amp#27;[39m
&amp#27;[35m[HTTP]&amp#27;[39m &amp#27;[90m&amp#27;[39m
[INFO ] 2021-12-21 22:38:35.734 [main] SMSMessagingSteps - Content of the msg has been written into body field!
&amp#27;[35m[HTTP]&amp#27;[39m &amp#27;[37m-->&amp#27;[39m &amp#27;[37mGET&amp#27;[39m &amp#27;[37m/wd/hub/session/033170a1-d886-4c4a-ad45-bb20eb8fef51&amp#27;[39m
&amp#27;[35m[HTTP]&amp#27;[39m &amp#27;[90m{}&amp#27;[39m
[debug] &amp#27;[35m[W3C (033170a1)]&amp#27;[39m Calling AppiumDriver.getSession() with args: ["033170a1-d886-4c4a-ad45-bb20eb8fef51"]
[debug] &amp#27;[35m[UiAutomator2]&amp#27;[39m Getting session details from server to mix in
[debug] &amp#27;[35m[WD Proxy]&amp#27;[39m Matched '/' to command name 'getSession'
[debug] &amp#27;[35m[WD Proxy]&amp#27;[39m Proxying [GET /] to [GET http://127.0.0.1:8200/wd/hub/session/ccb0d422-7061-4eac-babb-121c87d0f93c] with no body
[debug] &amp#27;[35m[WD Proxy]&amp#27;[39m Got response with status 200: {"sessionId":"ccb0d422-7061-4eac-babb-121c87d0f93c","value":{"lastScrollData":null}}
[debug] &amp#27;[35m[W3C (033170a1)]&amp#27;[39m Responding to client with driver.getSession() result: {"platform":"LINUX","webStorageEnabled":false,"takesScreenshot":true,"javascriptEnabled":true,"databaseEnabled":false,"networkConnectionEnabled":true,"locationContextEnabled":false,"warnings":{},"desired":{"platformName":"android","app":"./src/test/resources/MyAPP/ApiDemos-debug.apk","appActivity":".ApiDemos","appPackage":"io.appium.android.apis","deviceName":"Android","platformVersion":"8.1"},"platformName":"android","app":"./src/test/resources/MyAPP/ApiDemos-debug.apk","appActivity":".ApiDemos","appPackage":"io.appium.android.apis","deviceName":"emulator-5554","platformVersion":"8.1.0","deviceUDID":"emulator-5554","deviceApiLevel":27,"deviceScreenSize":"1080x1920","deviceScreenDensity":420,"deviceModel":"Android SDK built for x86","deviceManufacturer":"Google","pixelRatio":2.625,"statBarHeight":63,"viewportRect":{"left":0,"top":63,"width":1080,"height":1731},"lastScrollData":null}
&amp#27;[35m[HTTP]&amp#27;[39m &amp#27;[37m<-- GET /wd/hub/session/033170a1-d886-4c4a-ad45-bb20eb8fef51 &amp#27;[39m&amp#27;[32m200&amp#27;[39m &amp#27;[90m15 ms - 905&amp#27;[39m
&amp#27;[35m[HTTP]&amp#27;[39m &amp#27;[90m&amp#27;[39m
&amp#27;[35m[HTTP]&amp#27;[39m &amp#27;[37m-->&amp#27;[39m &amp#27;[37mGET&amp#27;[39m &amp#27;[37m/wd/hub/session/033170a1-d886-4c4a-ad45-bb20eb8fef51&amp#27;[39m
&amp#27;[35m[HTTP]&amp#27;[39m &amp#27;[90m{}&amp#27;[39m
[debug] &amp#27;[35m[W3C (033170a1)]&amp#27;[39m Calling AppiumDriver.getSession() with args: ["033170a1-d886-4c4a-ad45-bb20eb8fef51"]
[debug] &amp#27;[35m[UiAutomator2]&amp#27;[39m Getting session details from server to mix in
[debug] &amp#27;[35m[WD Proxy]&amp#27;[39m Matched '/' to command name 'getSession'
[debug] &amp#27;[35m[WD Proxy]&amp#27;[39m Proxying [GET /] to [GET http://127.0.0.1:8200/wd/hub/session/ccb0d422-7061-4eac-babb-121c87d0f93c] with no body
[debug] &amp#27;[35m[WD Proxy]&amp#27;[39m Got response with status 200: {"sessionId":"ccb0d422-7061-4eac-babb-121c87d0f93c","value":{"lastScrollData":null}}
[debug] &amp#27;[35m[W3C (033170a1)]&amp#27;[39m Responding to client with driver.getSession() result: {"platform":"LINUX","webStorageEnabled":false,"takesScreenshot":true,"javascriptEnabled":true,"databaseEnabled":false,"networkConnectionEnabled":true,"locationContextEnabled":false,"warnings":{},"desired":{"platformName":"android","app":"./src/test/resources/MyAPP/ApiDemos-debug.apk","appActivity":".ApiDemos","appPackage":"io.appium.android.apis","deviceName":"Android","platformVersion":"8.1"},"platformName":"android","app":"./src/test/resources/MyAPP/ApiDemos-debug.apk","appActivity":".ApiDemos","appPackage":"io.appium.android.apis","deviceName":"emulator-5554","platformVersion":"8.1.0","deviceUDID":"emulator-5554","deviceApiLevel":27,"deviceScreenSize":"1080x1920","deviceScreenDensity":420,"deviceModel":"Android SDK built for x86","deviceManufacturer":"Google","pixelRatio":2.625,"statBarHeight":63,"viewportRect":{"left":0,"top":63,"width":1080,"height":1731},"lastScrollData":null}
&amp#27;[35m[HTTP]&amp#27;[39m &amp#27;[37m<-- GET /wd/hub/session/033170a1-d886-4c4a-ad45-bb20eb8fef51 &amp#27;[39m&amp#27;[32m200&amp#27;[39m &amp#27;[90m13 ms - 905&amp#27;[39m
&amp#27;[35m[HTTP]&amp#27;[39m &amp#27;[90m&amp#27;[39m
&amp#27;[35m[HTTP]&amp#27;[39m &amp#27;[37m-->&amp#27;[39m &amp#27;[37mGET&amp#27;[39m &amp#27;[37m/wd/hub/session/033170a1-d886-4c4a-ad45-bb20eb8fef51&amp#27;[39m
&amp#27;[35m[HTTP]&amp#27;[39m &amp#27;[90m{}&amp#27;[39m
[debug] &amp#27;[35m[W3C (033170a1)]&amp#27;[39m Calling AppiumDriver.getSession() with args: ["033170a1-d886-4c4a-ad45-bb20eb8fef51"]
[debug] &amp#27;[35m[UiAutomator2]&amp#27;[39m Getting session details from server to mix in
[debug] &amp#27;[35m[WD Proxy]&amp#27;[39m Matched '/' to command name 'getSession'
[debug] &amp#27;[35m[WD Proxy]&amp#27;[39m Proxying [GET /] to [GET http://127.0.0.1:8200/wd/hub/session/ccb0d422-7061-4eac-babb-121c87d0f93c] with no body
[debug] &amp#27;[35m[WD Proxy]&amp#27;[39m Got response with status 200: {"sessionId":"ccb0d422-7061-4eac-babb-121c87d0f93c","value":{"lastScrollData":null}}
[debug] &amp#27;[35m[W3C (033170a1)]&amp#27;[39m Responding to client with driver.getSession() result: {"platform":"LINUX","webStorageEnabled":false,"takesScreenshot":true,"javascriptEnabled":true,"databaseEnabled":false,"networkConnectionEnabled":true,"locationContextEnabled":false,"warnings":{},"desired":{"platformName":"android","app":"./src/test/resources/MyAPP/ApiDemos-debug.apk","appActivity":".ApiDemos","appPackage":"io.appium.android.apis","deviceName":"Android","platformVersion":"8.1"},"platformName":"android","app":"./src/test/resources/MyAPP/ApiDemos-debug.apk","appActivity":".ApiDemos","appPackage":"io.appium.android.apis","deviceName":"emulator-5554","platformVersion":"8.1.0","deviceUDID":"emulator-5554","deviceApiLevel":27,"deviceScreenSize":"1080x1920","deviceScreenDensity":420,"deviceModel":"Android SDK built for x86","deviceManufacturer":"Google","pixelRatio":2.625,"statBarHeight":63,"viewportRect":{"left":0,"top":63,"width":1080,"height":1731},"lastScrollData":null}
&amp#27;[35m[HTTP]&amp#27;[39m &amp#27;[37m<-- GET /wd/hub/session/033170a1-d886-4c4a-ad45-bb20eb8fef51 &amp#27;[39m&amp#27;[32m200&amp#27;[39m &amp#27;[90m8 ms - 905&amp#27;[39m
&amp#27;[35m[HTTP]&amp#27;[39m &amp#27;[90m&amp#27;[39m
&amp#27;[35m[HTTP]&amp#27;[39m &amp#27;[37m-->&amp#27;[39m &amp#27;[37mPOST&amp#27;[39m &amp#27;[37m/wd/hub/session/033170a1-d886-4c4a-ad45-bb20eb8fef51/element&amp#27;[39m
&amp#27;[35m[HTTP]&amp#27;[39m &amp#27;[90m{"using":"id","value":"io.appium.android.apis:id/sms_send_message"}&amp#27;[39m
[debug] &amp#27;[35m[W3C (033170a1)]&amp#27;[39m Calling AppiumDriver.findElement() with args: ["id","io.appium.android.apis:id/sms_send_message","033170a1-d886-4c4a-ad45-bb20eb8fef51"]
[debug] &amp#27;[35m[BaseDriver]&amp#27;[39m Valid locator strategies for this request: xpath, id, class name, accessibility id, css selector, -android uiautomator
[debug] &amp#27;[35m[BaseDriver]&amp#27;[39m Waiting up to 120000 ms for condition
[debug] &amp#27;[35m[WD Proxy]&amp#27;[39m Matched '/element' to command name 'findElement'
[debug] &amp#27;[35m[WD Proxy]&amp#27;[39m Proxying [POST /element] to [POST http://127.0.0.1:8200/wd/hub/session/ccb0d422-7061-4eac-babb-121c87d0f93c/element] with body: {"strategy":"id","selector":"io.appium.android.apis:id/sms_send_message","context":"","multiple":false}
[debug] &amp#27;[35m[WD Proxy]&amp#27;[39m Got response with status 200: {"sessionId":"ccb0d422-7061-4eac-babb-121c87d0f93c","value":{"ELEMENT":"00000000-0000-02c1-ffff-ffff00000030","element-6066-11e4-a52e-4f735466cecf":"00000000-0000-02c1-ffff-ffff00000030"}}
[debug] &amp#27;[35m[W3C (033170a1)]&amp#27;[39m Responding to client with driver.findElement() result: {"element-6066-11e4-a52e-4f735466cecf":"00000000-0000-02c1-ffff-ffff00000030","ELEMENT":"00000000-0000-02c1-ffff-ffff00000030"}
&amp#27;[35m[HTTP]&amp#27;[39m &amp#27;[37m<-- POST /wd/hub/session/033170a1-d886-4c4a-ad45-bb20eb8fef51/element &amp#27;[39m&amp#27;[32m200&amp#27;[39m &amp#27;[90m458 ms - 137&amp#27;[39m
&amp#27;[35m[HTTP]&amp#27;[39m &amp#27;[90m&amp#27;[39m
&amp#27;[35m[HTTP]&amp#27;[39m &amp#27;[37m-->&amp#27;[39m &amp#27;[37mPOST&amp#27;[39m &amp#27;[37m/wd/hub/session/033170a1-d886-4c4a-ad45-bb20eb8fef51/element/00000000-0000-02c1-ffff-ffff00000030/click&amp#27;[39m
&amp#27;[35m[HTTP]&amp#27;[39m &amp#27;[90m{"id":"00000000-0000-02c1-ffff-ffff00000030"}&amp#27;[39m
[debug] &amp#27;[35m[W3C (033170a1)]&amp#27;[39m Calling AppiumDriver.click() with args: ["00000000-0000-02c1-ffff-ffff00000030","033170a1-d886-4c4a-ad45-bb20eb8fef51"]
[debug] &amp#27;[35m[WD Proxy]&amp#27;[39m Matched '/element/00000000-0000-02c1-ffff-ffff00000030/click' to command name 'click'
[debug] &amp#27;[35m[WD Proxy]&amp#27;[39m Proxying [POST /element/00000000-0000-02c1-ffff-ffff00000030/click] to [POST http://127.0.0.1:8200/wd/hub/session/ccb0d422-7061-4eac-babb-121c87d0f93c/element/00000000-0000-02c1-ffff-ffff00000030/click] with body: {"element":"00000000-0000-02c1-ffff-ffff00000030"}
[debug] &amp#27;[35m[WD Proxy]&amp#27;[39m Got response with status 200: {"sessionId":"ccb0d422-7061-4eac-babb-121c87d0f93c","value":null}
[debug] &amp#27;[35m[W3C (033170a1)]&amp#27;[39m Responding to client with driver.click() result: null
&amp#27;[35m[HTTP]&amp#27;[39m &amp#27;[37m<-- POST /wd/hub/session/033170a1-d886-4c4a-ad45-bb20eb8fef51/element/00000000-0000-02c1-ffff-ffff00000030/click &amp#27;[39m&amp#27;[32m200&amp#27;[39m &amp#27;[90m37 ms - 14&amp#27;[39m
[INFO ] 2021-12-21 22:38:36.309 [main] SMSMessagingSteps - ******Boom! Has been Successfully tap on Send button to send an SMS *******
&amp#27;[35m[HTTP]&amp#27;[39m &amp#27;[90m&amp#27;[39m
Sending Message Functionality has been verified!
&amp#27;[35m[HTTP]&amp#27;[39m &amp#27;[37m-->&amp#27;[39m &amp#27;[37mDELETE&amp#27;[39m &amp#27;[37m/wd/hub/session/033170a1-d886-4c4a-ad45-bb20eb8fef51&amp#27;[39m
&amp#27;[35m[HTTP]&amp#27;[39m &amp#27;[90m{}&amp#27;[39m
[debug] &amp#27;[35m[W3C (033170a1)]&amp#27;[39m Calling AppiumDriver.deleteSession() with args: ["033170a1-d886-4c4a-ad45-bb20eb8fef51"]
[debug] &amp#27;[35m[BaseDriver]&amp#27;[39m Event 'quitSessionRequested' logged at 1640106516321 (22:38:36 GMT+0530 (India Standard Time))
&amp#27;[35m[Appium]&amp#27;[39m Removing session 033170a1-d886-4c4a-ad45-bb20eb8fef51 from our master session list
[debug] &amp#27;[35m[UiAutomator2]&amp#27;[39m Deleting UiAutomator2 session
[debug] &amp#27;[35m[UiAutomator2]&amp#27;[39m Deleting UiAutomator2 server session
[debug] &amp#27;[35m[WD Proxy]&amp#27;[39m Matched '/' to command name 'deleteSession'
[debug] &amp#27;[35m[WD Proxy]&amp#27;[39m Proxying [DELETE /] to [DELETE http://127.0.0.1:8200/wd/hub/session/ccb0d422-7061-4eac-babb-121c87d0f93c] with no body
[debug] &amp#27;[35m[WD Proxy]&amp#27;[39m Got response with status 200: {"sessionId":"ccb0d422-7061-4eac-babb-121c87d0f93c","value":null}
[debug] &amp#27;[35m[ADB]&amp#27;[39m Running 'C:\Users\asifansari\AppData\Local\Android\Sdk\platform-tools\adb.exe -P 5037 -s emulator-5554 shell am force-stop io.appium.android.apis'
[debug] &amp#27;[35m[Logcat]&amp#27;[39m Stopping logcat capture
[debug] &amp#27;[35m[ADB]&amp#27;[39m Removing forwarded port socket connection: 8200 
[debug] &amp#27;[35m[ADB]&amp#27;[39m Running 'C:\Users\asifansari\AppData\Local\Android\Sdk\platform-tools\adb.exe -P 5037 -s emulator-5554 forward --remove tcp:8200'
[debug] &amp#27;[35m[Instrumentation]&amp#27;[39m .
[debug] &amp#27;[35m[BaseDriver]&amp#27;[39m Event 'quitSessionFinished' logged at 1640106516646 (22:38:36 GMT+0530 (India Standard Time))
[debug] &amp#27;[35m[W3C (033170a1)]&amp#27;[39m Received response: null
[debug] &amp#27;[35m[W3C (033170a1)]&amp#27;[39m But deleting session, so not returning
[debug] &amp#27;[35m[W3C (033170a1)]&amp#27;[39m Responding to client with driver.deleteSession() result: null
&amp#27;[35m[HTTP]&amp#27;[39m &amp#27;[37m<-- DELETE /wd/hub/session/033170a1-d886-4c4a-ad45-bb20eb8fef51 &amp#27;[39m&amp#27;[32m200&amp#27;[39m &amp#27;[90m328 ms - 14&amp#27;[39m
&amp#27;[35m[HTTP]&amp#27;[39m &amp#27;[90m&amp#27;[39m

  @test4
  Scenario Outline: Send an SMS                                    # SMSMessaging.feature:18
    Given application has already opened                           # AnimationFuncSteps.application_has_already_opened()
    When user tap on the OS section                                # SMSMessagingSteps.user_tap_on_the_OS_section()
    And select the SMS messaging option                            # SMSMessagingSteps.select_the_SMS_messaging_option()
    And write "9565715861" within recipient section                # SMSMessagingSteps.write_within_recipient_section(String)
    And write "Hello Peter!" within message body                   # SMSMessagingSteps.write_within_message_body(String)
    And click on Send button                                       # SMSMessagingSteps.click_on_Send_button()
    Then this "Message sent!" of successfull sent appear on screen # SMSMessagingSteps.this_of_successfull_sent_appear_on_screen(String)
####On test success-Test has been Successfully run#######]]></system-out>
    <system-err><![CDATA[Dec 21, 2021 10:38:31 PM io.appium.java_client.remote.AppiumCommandExecutor$1 lambda$0
INFO: Detected dialect: W3C
]]></system-err>
  </testcase>
  <testcase name="feature[Swipe_to_view_Images](5)" classname="com.RunnerFile.TestRunner" time="21.476">
    <system-out><![CDATA[**On test startFeature: Swipe_to_view_Images
       To verify the horizontal swipe functionality over the gallary images present in app.
&amp#27;[35m[Appium]&amp#27;[39m Welcome to Appium v1.22.0
&amp#27;[35m[Appium]&amp#27;[39m Appium REST http interface listener started on 0.0.0.0:4723
&amp#27;[35m[HTTP]&amp#27;[39m &amp#27;[37m-->&amp#27;[39m &amp#27;[37mGET&amp#27;[39m &amp#27;[37m/wd/hub/status&amp#27;[39m
&amp#27;[35m[HTTP]&amp#27;[39m &amp#27;[90m{}&amp#27;[39m
[debug] &amp#27;[35m[GENERIC]&amp#27;[39m Calling AppiumDriver.getStatus() with args: []
[debug] &amp#27;[35m[GENERIC]&amp#27;[39m Responding to client with driver.getStatus() result: {"build":{"version":"1.22.0"}}
&amp#27;[35m[HTTP]&amp#27;[39m &amp#27;[37m<-- GET /wd/hub/status &amp#27;[39m&amp#27;[32m200&amp#27;[39m &amp#27;[90m8 ms - 68&amp#27;[39m
&amp#27;[35m[HTTP]&amp#27;[39m &amp#27;[90m&amp#27;[39m
&amp#27;[35m[HTTP]&amp#27;[39m &amp#27;[37m-->&amp#27;[39m &amp#27;[37mPOST&amp#27;[39m &amp#27;[37m/wd/hub/session&amp#27;[39m
&amp#27;[35m[HTTP]&amp#27;[39m &amp#27;[90m{"desiredCapabilities":{"app":"./src/test/resources/MyAPP/ApiDemos-debug.apk","appActivity":".ApiDemos","appPackage":"io.appium.android.apis","platformVersion":"8.1","platformName":"Android","deviceName":"Android"},"capabilities":{"alwaysMatch":{"appium:app":"./src/test/resources/MyAPP/ApiDemos-debug.apk","appium:appActivity":".ApiDemos","appium:appPackage":"io.appium.android.apis","appium:deviceName":"Android","platformName":"android","appium:platformVersion":"8.1"},"firstMatch":[{}]}}&amp#27;[39m
[debug] &amp#27;[35m[W3C]&amp#27;[39m Calling AppiumDriver.createSession() with args: [{"app":"./src/test/resources/MyAPP/ApiDemos-debug.apk","appActivity":".ApiDemos","appPackage":"io.appium.android.apis","platformVersion":"8.1","platformName":"Android","deviceName":"Android"},null,{"alwaysMatch":{"appium:app":"./src/test/resources/MyAPP/ApiDemos-debug.apk","appium:appActivity":".ApiDemos","appium:appPackage":"io.appium.android.apis","appium:deviceName":"Android","platformName":"android","appium:platformVersion":"8.1"},"firstMatch":[{}]}]
[debug] &amp#27;[35m[BaseDriver]&amp#27;[39m Event 'newSessionRequested' logged at 1640106520446 (22:38:40 GMT+0530 (India Standard Time))
&amp#27;[35m[Appium]&amp#27;[39m 
&amp#27;[35m[Appium]&amp#27;[39m ======================================================================
&amp#27;[35m[Appium]&amp#27;[39m   DEPRECATION WARNING:
&amp#27;[35m[Appium]&amp#27;[39m 
&amp#27;[35m[Appium]&amp#27;[39m   The 'automationName' capability was not provided in the desired 
&amp#27;[35m[Appium]&amp#27;[39m   capabilities for this Android session
&amp#27;[35m[Appium]&amp#27;[39m 
&amp#27;[35m[Appium]&amp#27;[39m   Setting 'automationName=UiAutomator2' by default and using the 
&amp#27;[35m[Appium]&amp#27;[39m   UiAutomator2 Driver
&amp#27;[35m[Appium]&amp#27;[39m 
&amp#27;[35m[Appium]&amp#27;[39m   The next major version of Appium (2.x) will **require** the 
&amp#27;[35m[Appium]&amp#27;[39m   'automationName' capability to be set for all sessions on all 
&amp#27;[35m[Appium]&amp#27;[39m   platforms
&amp#27;[35m[Appium]&amp#27;[39m 
&amp#27;[35m[Appium]&amp#27;[39m   In previous versions (Appium <= 1.13.x), the default was 
&amp#27;[35m[Appium]&amp#27;[39m   'automationName=UiAutomator1'
&amp#27;[35m[Appium]&amp#27;[39m 
&amp#27;[35m[Appium]&amp#27;[39m   If you wish to use that automation instead of UiAutomator2, please 
&amp#27;[35m[Appium]&amp#27;[39m   add 'automationName=UiAutomator1' to your desired capabilities
&amp#27;[35m[Appium]&amp#27;[39m 
&amp#27;[35m[Appium]&amp#27;[39m   For more information about drivers, please visit 
&amp#27;[35m[Appium]&amp#27;[39m   http://appium.io/docs/en/about-appium/intro/ and explore the 
&amp#27;[35m[Appium]&amp#27;[39m   'Drivers' menu
&amp#27;[35m[Appium]&amp#27;[39m 
&amp#27;[35m[Appium]&amp#27;[39m ======================================================================
&amp#27;[35m[Appium]&amp#27;[39m 
&amp#27;[35m[Appium]&amp#27;[39m Appium v1.22.0 creating new AndroidUiautomator2Driver (v1.69.0) session
[debug] &amp#27;[35m[BaseDriver]&amp#27;[39m W3C capabilities and MJSONWP desired capabilities were provided
[debug] &amp#27;[35m[BaseDriver]&amp#27;[39m Creating session with W3C capabilities: {
[debug] &amp#27;[35m[BaseDriver]&amp#27;[39m   "alwaysMatch": {
[debug] &amp#27;[35m[BaseDriver]&amp#27;[39m     "platformName": "android",
[debug] &amp#27;[35m[BaseDriver]&amp#27;[39m     "appium:app": "./src/test/resources/MyAPP/ApiDemos-debug.apk",
[debug] &amp#27;[35m[BaseDriver]&amp#27;[39m     "appium:appActivity": ".ApiDemos",
[debug] &amp#27;[35m[BaseDriver]&amp#27;[39m     "appium:appPackage": "io.appium.android.apis",
[debug] &amp#27;[35m[BaseDriver]&amp#27;[39m     "appium:deviceName": "Android",
[debug] &amp#27;[35m[BaseDriver]&amp#27;[39m     "appium:platformVersion": "8.1"
[debug] &amp#27;[35m[BaseDriver]&amp#27;[39m   },
[debug] &amp#27;[35m[BaseDriver]&amp#27;[39m   "firstMatch": [
[debug] &amp#27;[35m[BaseDriver]&amp#27;[39m     {}
[debug] &amp#27;[35m[BaseDriver]&amp#27;[39m   ]
[debug] &amp#27;[35m[BaseDriver]&amp#27;[39m }
&amp#27;[35m[BaseDriver]&amp#27;[39m Session created with session id: 33f88b6c-e0f6-4b4f-8c2e-f1e04155d26e
&amp#27;[35m[BaseDriver]&amp#27;[39m Using local app './src/test/resources/MyAPP/ApiDemos-debug.apk'
&amp#27;[35m[BaseDriver]&amp#27;[39m The current application path './src/test/resources/MyAPP/ApiDemos-debug.apk' is not absolute and has been rewritten to 'C:\Users\asifansari\eclipse-workspace\MyAppiumMavenAssignment\src\test\resources\MyAPP\ApiDemos-debug.apk'. Consider using absolute paths rather than relative
[debug] &amp#27;[35m[UiAutomator2]&amp#27;[39m Checking whether app is actually present
&amp#27;[35m[ADB]&amp#27;[39m Found 2 'build-tools' folders under 'C:\Users\asifansari\AppData\Local\Android\Sdk' (newest first):
&amp#27;[35m[ADB]&amp#27;[39m     C:/Users/asifansari/AppData/Local/Android/Sdk/build-tools/31.0.0
&amp#27;[35m[ADB]&amp#27;[39m     C:/Users/asifansari/AppData/Local/Android/Sdk/build-tools/30.0.2
&amp#27;[35m[ADB]&amp#27;[39m Using 'adb.exe' from 'C:\Users\asifansari\AppData\Local\Android\Sdk\platform-tools\adb.exe'
[debug] &amp#27;[35m[ADB]&amp#27;[39m Running 'C:\Users\asifansari\AppData\Local\Android\Sdk\platform-tools\adb.exe -P 5037 start-server'
&amp#27;[35m[AndroidDriver]&amp#27;[39m Retrieving device list
[debug] &amp#27;[35m[ADB]&amp#27;[39m Trying to find a connected android device
[debug] &amp#27;[35m[ADB]&amp#27;[39m Getting connected devices
[debug] &amp#27;[35m[ADB]&amp#27;[39m Connected devices: [{"udid":"emulator-5554","state":"device"}]
&amp#27;[35m[AndroidDriver]&amp#27;[39m Looking for a device with Android '8.1.0'
[debug] &amp#27;[35m[ADB]&amp#27;[39m Setting device id to emulator-5554
&amp#27;[35m[ADB]&amp#27;[39m Getting device platform version
[debug] &amp#27;[35m[ADB]&amp#27;[39m Running 'C:\Users\asifansari\AppData\Local\Android\Sdk\platform-tools\adb.exe -P 5037 -s emulator-5554 shell getprop ro.build.version.release'
[debug] &amp#27;[35m[ADB]&amp#27;[39m Current device property 'ro.build.version.release': 8.1.0
&amp#27;[35m[AndroidDriver]&amp#27;[39m Using device: emulator-5554
&amp#27;[35m[ADB]&amp#27;[39m Using 'adb.exe' from 'C:\Users\asifansari\AppData\Local\Android\Sdk\platform-tools\adb.exe'
[debug] &amp#27;[35m[ADB]&amp#27;[39m Running 'C:\Users\asifansari\AppData\Local\Android\Sdk\platform-tools\adb.exe -P 5037 start-server'
[debug] &amp#27;[35m[ADB]&amp#27;[39m Setting device id to emulator-5554
[debug] &amp#27;[35m[ADB]&amp#27;[39m Running 'C:\Users\asifansari\AppData\Local\Android\Sdk\platform-tools\adb.exe -P 5037 -s emulator-5554 shell getprop ro.build.version.sdk'
[debug] &amp#27;[35m[ADB]&amp#27;[39m Current device property 'ro.build.version.sdk': 27
[debug] &amp#27;[35m[ADB]&amp#27;[39m Device API level: 27
[debug] &amp#27;[35m[ADB]&amp#27;[39m Running 'C:\Users\asifansari\AppData\Local\Android\Sdk\platform-tools\adb.exe -P 5037 -s emulator-5554 wait-for-device'
[debug] &amp#27;[35m[ADB]&amp#27;[39m Running 'C:\Users\asifansari\AppData\Local\Android\Sdk\platform-tools\adb.exe -P 5037 -s emulator-5554 shell echo ping'
[debug] &amp#27;[35m[AndroidDriver]&amp#27;[39m Pushing settings apk to device...
[debug] &amp#27;[35m[ADB]&amp#27;[39m Getting install status for io.appium.settings
[debug] &amp#27;[35m[ADB]&amp#27;[39m Running 'C:\Users\asifansari\AppData\Local\Android\Sdk\platform-tools\adb.exe -P 5037 -s emulator-5554 shell dumpsys package io.appium.settings'
[debug] &amp#27;[35m[ADB]&amp#27;[39m 'io.appium.settings' is installed
[debug] &amp#27;[35m[ADB]&amp#27;[39m Getting package info for 'io.appium.settings'
[debug] &amp#27;[35m[ADB]&amp#27;[39m Running 'C:\Users\asifansari\AppData\Local\Android\Sdk\platform-tools\adb.exe -P 5037 -s emulator-5554 shell dumpsys package io.appium.settings'
[debug] &amp#27;[35m[ADB]&amp#27;[39m The version name of the installed 'io.appium.settings' is greater or equal to the application version name ('3.4.0' >= '3.4.0')
[debug] &amp#27;[35m[ADB]&amp#27;[39m There is no need to install/upgrade 'C:\Users\asifansari\AppData\Roaming\npm\node_modules\appium\node_modules\io.appium.settings\apks\settings_apk-debug.apk'
[debug] &amp#27;[35m[ADB]&amp#27;[39m Getting IDs of all 'io.appium.settings' processes
[debug] &amp#27;[35m[ADB]&amp#27;[39m Running 'C:\Users\asifansari\AppData\Local\Android\Sdk\platform-tools\adb.exe -P 5037 -s emulator-5554 shell 'pgrep --help; echo $?''
[debug] &amp#27;[35m[ADB]&amp#27;[39m Running 'C:\Users\asifansari\AppData\Local\Android\Sdk\platform-tools\adb.exe -P 5037 -s emulator-5554 shell pgrep -f \(\[\[:blank:\]\]\|\^\)io\.appium\.settings\(\[\[:blank:\]\]\|\$\)'
[debug] &amp#27;[35m[AndroidDriver]&amp#27;[39m io.appium.settings is already running. There is no need to reset its permissions.
[debug] &amp#27;[35m[Logcat]&amp#27;[39m Starting logs capture with command: C:\\Users\\asifansari\\AppData\\Local\\Android\\Sdk\\platform-tools\\adb.exe -P 5037 -s emulator-5554 logcat -v threadtime
[debug] &amp#27;[35m[UiAutomator2]&amp#27;[39m Forwarding UiAutomator2 Server port 6790 to local port 8200
[debug] &amp#27;[35m[ADB]&amp#27;[39m Forwarding system: 8200 to device: 6790
[debug] &amp#27;[35m[ADB]&amp#27;[39m Running 'C:\Users\asifansari\AppData\Local\Android\Sdk\platform-tools\adb.exe -P 5037 -s emulator-5554 forward tcp:8200 tcp:6790'
[debug] &amp#27;[35m[ADB]&amp#27;[39m Getting install status for io.appium.uiautomator2.server
[debug] &amp#27;[35m[ADB]&amp#27;[39m Running 'C:\Users\asifansari\AppData\Local\Android\Sdk\platform-tools\adb.exe -P 5037 -s emulator-5554 shell dumpsys package io.appium.uiautomator2.server'
[debug] &amp#27;[35m[ADB]&amp#27;[39m 'io.appium.uiautomator2.server' is installed
[debug] &amp#27;[35m[ADB]&amp#27;[39m Getting package info for 'io.appium.uiautomator2.server'
[debug] &amp#27;[35m[ADB]&amp#27;[39m Running 'C:\Users\asifansari\AppData\Local\Android\Sdk\platform-tools\adb.exe -P 5037 -s emulator-5554 shell dumpsys package io.appium.uiautomator2.server'
[debug] &amp#27;[35m[ADB]&amp#27;[39m The version name of the installed 'io.appium.uiautomator2.server' is greater or equal to the application version name ('4.24.0' >= '4.24.0')
[debug] &amp#27;[35m[UiAutomator2]&amp#27;[39m io.appium.uiautomator2.server installation state: sameVersionInstalled
[debug] &amp#27;[35m[ADB]&amp#27;[39m Checking app cert for C:\Users\asifansari\AppData\Roaming\npm\node_modules\appium\node_modules\appium-uiautomator2-server\apks\appium-uiautomator2-server-v4.24.0.apk
&amp#27;[35m[ADB]&amp#27;[39m Using 'apksigner.jar' from 'C:\Users\asifansari\AppData\Local\Android\Sdk\build-tools\31.0.0\lib\apksigner.jar'
[debug] &amp#27;[35m[ADB]&amp#27;[39m Starting apksigner: 'C:\\Program Files\\Java\\jdk-11.0.2\\bin\\java.exe' -Xmx1024M -Xss1m -jar C:\\Users\\asifansari\\AppData\\Local\\Android\\Sdk\\build-tools\\31.0.0\\lib\\apksigner.jar verify --print-certs C:\\Users\\asifansari\\AppData\\Roaming\\npm\\node_modules\\appium\\node_modules\\appium-uiautomator2-server\\apks\\appium-uiautomator2-server-v4.24.0.apk
[debug] &amp#27;[35m[ADB]&amp#27;[39m apksigner stdout: Signer #1 certificate DN: EMAILADDRESS=android@android.com, CN=Android, OU=Android, O=Android, L=Mountain View, ST=California, C=US
[debug] &amp#27;[35m[ADB]&amp#27;[39m Signer #1 certificate SHA-256 digest: a40da80a59d170caa950cf15c18c454d47a39b26989d8b640ecd745ba71bf5dc
[debug] &amp#27;[35m[ADB]&amp#27;[39m Signer #1 certificate SHA-1 digest: 61ed377e85d386a8dfee6b864bd85b0bfaa5af81
[debug] &amp#27;[35m[ADB]&amp#27;[39m Signer #1 certificate MD5 digest: e89b158e4bcf988ebd09eb83f5378e87
[debug] &amp#27;[35m[ADB]&amp#27;[39m 
[debug] &amp#27;[35m[ADB]&amp#27;[39m sha256 hash did match for 'appium-uiautomator2-server-v4.24.0.apk'
&amp#27;[35m[ADB]&amp#27;[39m 'C:\Users\asifansari\AppData\Roaming\npm\node_modules\appium\node_modules\appium-uiautomator2-server\apks\appium-uiautomator2-server-v4.24.0.apk' is signed with the default certificate
[debug] &amp#27;[35m[ADB]&amp#27;[39m Getting install status for io.appium.uiautomator2.server.test
[debug] &amp#27;[35m[ADB]&amp#27;[39m Running 'C:\Users\asifansari\AppData\Local\Android\Sdk\platform-tools\adb.exe -P 5037 -s emulator-5554 shell dumpsys package io.appium.uiautomator2.server.test'
[debug] &amp#27;[35m[ADB]&amp#27;[39m 'io.appium.uiautomator2.server.test' is installed
[debug] &amp#27;[35m[ADB]&amp#27;[39m Checking app cert for C:\Users\asifansari\AppData\Roaming\npm\node_modules\appium\node_modules\appium-uiautomator2-server\apks\appium-uiautomator2-server-debug-androidTest.apk
[debug] &amp#27;[35m[ADB]&amp#27;[39m Starting apksigner: 'C:\\Program Files\\Java\\jdk-11.0.2\\bin\\java.exe' -Xmx1024M -Xss1m -jar C:\\Users\\asifansari\\AppData\\Local\\Android\\Sdk\\build-tools\\31.0.0\\lib\\apksigner.jar verify --print-certs C:\\Users\\asifansari\\AppData\\Roaming\\npm\\node_modules\\appium\\node_modules\\appium-uiautomator2-server\\apks\\appium-uiautomator2-server-debug-androidTest.apk
[debug] &amp#27;[35m[ADB]&amp#27;[39m apksigner stdout: Signer #1 certificate DN: EMAILADDRESS=android@android.com, CN=Android, OU=Android, O=Android, L=Mountain View, ST=California, C=US
[debug] &amp#27;[35m[ADB]&amp#27;[39m Signer #1 certificate SHA-256 digest: a40da80a59d170caa950cf15c18c454d47a39b26989d8b640ecd745ba71bf5dc
[debug] &amp#27;[35m[ADB]&amp#27;[39m Signer #1 certificate SHA-1 digest: 61ed377e85d386a8dfee6b864bd85b0bfaa5af81
[debug] &amp#27;[35m[ADB]&amp#27;[39m Signer #1 certificate MD5 digest: e89b158e4bcf988ebd09eb83f5378e87
[debug] &amp#27;[35m[ADB]&amp#27;[39m 
[debug] &amp#27;[35m[ADB]&amp#27;[39m sha256 hash did match for 'appium-uiautomator2-server-debug-androidTest.apk'
&amp#27;[35m[ADB]&amp#27;[39m 'C:\Users\asifansari\AppData\Roaming\npm\node_modules\appium\node_modules\appium-uiautomator2-server\apks\appium-uiautomator2-server-debug-androidTest.apk' is signed with the default certificate
&amp#27;[35m[UiAutomator2]&amp#27;[39m Server packages are not going to be (re)installed
[debug] &amp#27;[35m[UiAutomator2]&amp#27;[39m Waiting up to 30000ms for services to be available
[debug] &amp#27;[35m[ADB]&amp#27;[39m Running 'C:\Users\asifansari\AppData\Local\Android\Sdk\platform-tools\adb.exe -P 5037 -s emulator-5554 shell pm list instrumentation'
[debug] &amp#27;[35m[UiAutomator2]&amp#27;[39m Instrumentation target 'io.appium.uiautomator2.server.test/androidx.test.runner.AndroidJUnitRunner' is available
&amp#27;[35m[ADB]&amp#27;[39m Adding packages ["io.appium.settings","io.appium.uiautomator2.server","io.appium.uiautomator2.server.test"] to Doze whitelist
[debug] &amp#27;[35m[ADB]&amp#27;[39m Got the following command chunks to execute: [["dumpsys","deviceidle","whitelist","+io.appium.settings",";","dumpsys","deviceidle","whitelist","+io.appium.uiautomator2.server",";","dumpsys","deviceidle","whitelist","+io.appium.uiautomator2.server.test",";"]]
[debug] &amp#27;[35m[ADB]&amp#27;[39m Running 'C:\Users\asifansari\AppData\Local\Android\Sdk\platform-tools\adb.exe -P 5037 -s emulator-5554 shell dumpsys deviceidle whitelist +io.appium.settings ; dumpsys deviceidle whitelist +io.appium.uiautomator2.server ; dumpsys deviceidle whitelist +io.appium.uiautomator2.server.test ;'
[debug] &amp#27;[35m[ADB]&amp#27;[39m Checking app cert for C:\Users\asifansari\eclipse-workspace\MyAppiumMavenAssignment\src\test\resources\MyAPP\ApiDemos-debug.apk
[debug] &amp#27;[35m[ADB]&amp#27;[39m Starting apksigner: 'C:\\Program Files\\Java\\jdk-11.0.2\\bin\\java.exe' -Xmx1024M -Xss1m -jar C:\\Users\\asifansari\\AppData\\Local\\Android\\Sdk\\build-tools\\31.0.0\\lib\\apksigner.jar verify --print-certs C:\\Users\\asifansari\\eclipse-workspace\\MyAppiumMavenAssignment\\src\\test\\resources\\MyAPP\\ApiDemos-debug.apk
[debug] &amp#27;[35m[ADB]&amp#27;[39m apksigner stdout: Signer #1 certificate DN: EMAILADDRESS=android@android.com, CN=Android, OU=Android, O=Android, L=Mountain View, ST=California, C=US
[debug] &amp#27;[35m[ADB]&amp#27;[39m Signer #1 certificate SHA-256 digest: a40da80a59d170caa950cf15c18c454d47a39b26989d8b640ecd745ba71bf5dc
[debug] &amp#27;[35m[ADB]&amp#27;[39m Signer #1 certificate SHA-1 digest: 61ed377e85d386a8dfee6b864bd85b0bfaa5af81
[debug] &amp#27;[35m[ADB]&amp#27;[39m Signer #1 certificate MD5 digest: e89b158e4bcf988ebd09eb83f5378e87
[debug] &amp#27;[35m[ADB]&amp#27;[39m 
[debug] &amp#27;[35m[ADB]&amp#27;[39m sha256 hash did match for 'ApiDemos-debug.apk'
&amp#27;[35m[ADB]&amp#27;[39m 'C:\Users\asifansari\eclipse-workspace\MyAppiumMavenAssignment\src\test\resources\MyAPP\ApiDemos-debug.apk' is signed with the default certificate
[debug] &amp#27;[35m[ADB]&amp#27;[39m Getting install status for io.appium.android.apis
[debug] &amp#27;[35m[ADB]&amp#27;[39m Running 'C:\Users\asifansari\AppData\Local\Android\Sdk\platform-tools\adb.exe -P 5037 -s emulator-5554 shell dumpsys package io.appium.android.apis'
[debug] &amp#27;[35m[ADB]&amp#27;[39m 'io.appium.android.apis' is installed
[debug] &amp#27;[35m[ADB]&amp#27;[39m Getting package info for 'io.appium.android.apis'
[debug] &amp#27;[35m[ADB]&amp#27;[39m Running 'C:\Users\asifansari\AppData\Local\Android\Sdk\platform-tools\adb.exe -P 5037 -s emulator-5554 shell dumpsys package io.appium.android.apis'
&amp#27;[35m[ADB]&amp#27;[39m Cannot read version codes of 'C:\Users\asifansari\eclipse-workspace\MyAppiumMavenAssignment\src\test\resources\MyAPP\ApiDemos-debug.apk' and/or 'io.appium.android.apis'
&amp#27;[35m[ADB]&amp#27;[39m Cannot read version names of 'C:\Users\asifansari\eclipse-workspace\MyAppiumMavenAssignment\src\test\resources\MyAPP\ApiDemos-debug.apk' and/or 'io.appium.android.apis'
[debug] &amp#27;[35m[ADB]&amp#27;[39m The current install state of 'C:\Users\asifansari\eclipse-workspace\MyAppiumMavenAssignment\src\test\resources\MyAPP\ApiDemos-debug.apk' is unknown. Installing anyway
[debug] &amp#27;[35m[ADB]&amp#27;[39m Running 'C:\Users\asifansari\AppData\Local\Android\Sdk\platform-tools\adb.exe -P 5037 -s emulator-5554 help'
[debug] &amp#27;[35m[ADB]&amp#27;[39m Running 'C:\Users\asifansari\AppData\Local\Android\Sdk\platform-tools\adb.exe -P 5037 -s emulator-5554 features'
&amp#27;[35m[ADB]&amp#27;[39m The application at 'C:\Users\asifansari\eclipse-workspace\MyAppiumMavenAssignment\src\test\resources\MyAPP\ApiDemos-debug.apk' will not be cached, because the device under test has confirmed the support of streamed installs
[debug] &amp#27;[35m[ADB]&amp#27;[39m Running 'C:\Users\asifansari\AppData\Local\Android\Sdk\platform-tools\adb.exe -P 5037 -s emulator-5554 install -r C:\Users\asifansari\eclipse-workspace\MyAppiumMavenAssignment\src\test\resources\MyAPP\ApiDemos-debug.apk'
&amp#27;[35m[ADB]&amp#27;[39m The installation of 'ApiDemos-debug.apk' took 680ms
[debug] &amp#27;[35m[ADB]&amp#27;[39m Install command stdout: Performing Streamed Install
[debug] &amp#27;[35m[ADB]&amp#27;[39m Success
&amp#27;[35m[AndroidDriver]&amp#27;[39m Performing fast reset on 'io.appium.android.apis'
[debug] &amp#27;[35m[ADB]&amp#27;[39m Getting install status for io.appium.android.apis
[debug] &amp#27;[35m[ADB]&amp#27;[39m Running 'C:\Users\asifansari\AppData\Local\Android\Sdk\platform-tools\adb.exe -P 5037 -s emulator-5554 shell dumpsys package io.appium.android.apis'
[debug] &amp#27;[35m[ADB]&amp#27;[39m 'io.appium.android.apis' is installed
[debug] &amp#27;[35m[ADB]&amp#27;[39m Running 'C:\Users\asifansari\AppData\Local\Android\Sdk\platform-tools\adb.exe -P 5037 -s emulator-5554 shell am force-stop io.appium.android.apis'
[debug] &amp#27;[35m[ADB]&amp#27;[39m Running 'C:\Users\asifansari\AppData\Local\Android\Sdk\platform-tools\adb.exe -P 5037 -s emulator-5554 shell pm clear io.appium.android.apis'
[debug] &amp#27;[35m[AndroidDriver]&amp#27;[39m Performed fast reset on the installed 'io.appium.android.apis' application (stop and clear)
[debug] &amp#27;[35m[UiAutomator2]&amp#27;[39m Performing shallow cleanup of automation leftovers
[debug] &amp#27;[35m[UiAutomator2]&amp#27;[39m No obsolete sessions have been detected (socket hang up)
[debug] &amp#27;[35m[ADB]&amp#27;[39m Running 'C:\Users\asifansari\AppData\Local\Android\Sdk\platform-tools\adb.exe -P 5037 -s emulator-5554 shell am force-stop io.appium.uiautomator2.server.test'
&amp#27;[35m[UiAutomator2]&amp#27;[39m Starting UIAutomator2 server 4.24.0
&amp#27;[35m[UiAutomator2]&amp#27;[39m Using UIAutomator2 server from 'C:\Users\asifansari\AppData\Roaming\npm\node_modules\appium\node_modules\appium-uiautomator2-server\apks\appium-uiautomator2-server-v4.24.0.apk' and test from 'C:\Users\asifansari\AppData\Roaming\npm\node_modules\appium\node_modules\appium-uiautomator2-server\apks\appium-uiautomator2-server-debug-androidTest.apk'
&amp#27;[35m[UiAutomator2]&amp#27;[39m Waiting up to 30000ms for UiAutomator2 to be online...
[debug] &amp#27;[35m[ADB]&amp#27;[39m Creating ADB subprocess with args: ["-P",5037,"-s","emulator-5554","shell","am","instrument","-w","-e","disableAnalytics",true,"io.appium.uiautomator2.server.test/androidx.test.runner.AndroidJUnitRunner"]
[debug] &amp#27;[35m[WD Proxy]&amp#27;[39m Matched '/status' to command name 'getStatus'
[debug] &amp#27;[35m[WD Proxy]&amp#27;[39m Proxying [GET /status] to [GET http://127.0.0.1:8200/wd/hub/status] with no body
&amp#27;[35m[WD Proxy]&amp#27;[39m socket hang up
[debug] &amp#27;[35m[Instrumentation]&amp#27;[39m io.appium.uiautomator2.server.test.AppiumUiAutomator2Server:
[debug] &amp#27;[35m[WD Proxy]&amp#27;[39m Matched '/status' to command name 'getStatus'
[debug] &amp#27;[35m[WD Proxy]&amp#27;[39m Proxying [GET /status] to [GET http://127.0.0.1:8200/wd/hub/status] with no body
&amp#27;[35m[WD Proxy]&amp#27;[39m socket hang up
[debug] &amp#27;[35m[WD Proxy]&amp#27;[39m Matched '/status' to command name 'getStatus'
[debug] &amp#27;[35m[WD Proxy]&amp#27;[39m Proxying [GET /status] to [GET http://127.0.0.1:8200/wd/hub/status] with no body
&amp#27;[35m[WD Proxy]&amp#27;[39m socket hang up
[debug] &amp#27;[35m[WD Proxy]&amp#27;[39m Matched '/status' to command name 'getStatus'
[debug] &amp#27;[35m[WD Proxy]&amp#27;[39m Proxying [GET /status] to [GET http://127.0.0.1:8200/wd/hub/status] with no body
[debug] &amp#27;[35m[WD Proxy]&amp#27;[39m Got response with status 200: {"sessionId":"None","value":{"message":"UiAutomator2 Server is ready to accept commands","ready":true}}
[debug] &amp#27;[35m[UiAutomator2]&amp#27;[39m The initialization of the instrumentation process took 3246ms
[debug] &amp#27;[35m[WD Proxy]&amp#27;[39m Matched '/session' to command name 'createSession'
[debug] &amp#27;[35m[WD Proxy]&amp#27;[39m Proxying [POST /session] to [POST http://127.0.0.1:8200/wd/hub/session] with body: {"capabilities":{"firstMatch":[{"platform":"LINUX","webStorageEnabled":false,"takesScreenshot":true,"javascriptEnabled":true,"databaseEnabled":false,"networkConnectionEnabled":true,"locationContextEnabled":false,"warnings":{},"desired":{"platformName":"android","app":"./src/test/resources/MyAPP/ApiDemos-debug.apk","appActivity":".ApiDemos","appPackage":"io.appium.android.apis","deviceName":"Android","platformVersion":"8.1"},"platformName":"android","app":"./src/test/resources/MyAPP/ApiDemos-debug.apk","appActivity":".ApiDemos","appPackage":"io.appium.android.apis","deviceName":"emulator-5554","platformVersion":"8.1","deviceUDID":"emulator-5554"}],"alwaysMatch":{}}}
[debug] &amp#27;[35m[WD Proxy]&amp#27;[39m Got response with status 200: {"sessionId":"aa1c57ea-87a2-46a1-974c-07a385ffb7d3","value":{"capabilities":{"firstMatch":[{"platform":"LINUX","webStorageEnabled":false,"takesScreenshot":true,"javascriptEnabled":true,"databaseEnabled":false,"networkConnectionEnabled":true,"locationContextEnabled":false,"warnings":{},"desired":{"platformName":"android","app":"./src/test/resources/MyAPP/ApiDemos-debug.apk","appActivity":".ApiDemos","appPackage":"io.appium.android.apis","deviceName":"Android","platformVersion":"8.1"},"platformName":"android","app":"./src/test/resources/MyAPP/ApiDemos-debug.apk","appActivity":".ApiDemos","appPackage":"io.appium.android.apis","deviceName":"emulator-5554","platformVersion":"8.1","deviceUDID":"emulator-5554"}],"alwaysMatch":{}},"sessionId":"aa1c57ea-87a2-46a1-974c-07a385ffb7d3"}}
&amp#27;[35m[WD Proxy]&amp#27;[39m Determined the downstream protocol as 'W3C'
[debug] &amp#27;[35m[WD Proxy]&amp#27;[39m Proxying [GET /appium/device/info] to [GET http://127.0.0.1:8200/wd/hub/session/aa1c57ea-87a2-46a1-974c-07a385ffb7d3/appium/device/info] with no body
[debug] &amp#27;[35m[WD Proxy]&amp#27;[39m Got response with status 200: {"sessionId":"aa1c57ea-87a2-46a1-974c-07a385ffb7d3","value":{"androidId":"de14fad231487cce","apiVersion":"27","bluetooth":null,"brand":"google","carrierName":"Android","displayDensity":420,"locale":"en_US","manufacturer":"Google","model":"Android SDK built for x86","networks":[{"capabilities":{"SSID":null,"linkDownBandwidthKbps":102400,"linkUpstreamBandwidthKbps":51200,"networkCapabilities":"NET_CAPABILITY_MMS,NET_CAPABILITY_SUPL,NET_CAPABILITY_DUN,NET_CAPABILITY_FOTA,NET_CAPABILITY_IMS,NET_CAPABILITY_CBS,NET_CAPABILITY_IA,NET_CAPABILITY_INTERNET,NET_CAPABILITY_NOT_RESTRICTED,NET_CAPABILITY_TRUSTED,NET_CAPABILITY_NOT_VPN,NET_CAPABILITY_VALIDATED","signalStrength":-2147483648,"transportTypes":"TRANSPORT_CELLULAR"},"detailedState":"CONNECTED","extraInfo":"epc.tmobile.com","isAvailable":true,"isConnected":true,"isFailover":false,"isRoaming":false,"state":"CONNECTED","subtype":13,"subtypeName":"LTE","type":0,"typeName":"MOBILE"},{"capabilities":{"SSID":null,"linkDownBandwidthKbps":1048576,"linkUpstreamBandwidt...
[debug] &amp#27;[35m[ADB]&amp#27;[39m Running 'C:\Users\asifansari\AppData\Local\Android\Sdk\platform-tools\adb.exe -P 5037 -s emulator-5554 shell dumpsys window'
&amp#27;[35m[AndroidDriver]&amp#27;[39m Screen already unlocked, doing nothing
&amp#27;[35m[UiAutomator2]&amp#27;[39m Starting 'io.appium.android.apis/.ApiDemos and waiting for 'io.appium.android.apis/.ApiDemos'
[debug] &amp#27;[35m[ADB]&amp#27;[39m Running 'C:\Users\asifansari\AppData\Local\Android\Sdk\platform-tools\adb.exe -P 5037 -s emulator-5554 shell am start -W -n io.appium.android.apis/.ApiDemos -S -a android.intent.action.MAIN -c android.intent.category.LAUNCHER -f 0x10200000'
[debug] &amp#27;[35m[WD Proxy]&amp#27;[39m Proxying [GET /appium/device/pixel_ratio] to [GET http://127.0.0.1:8200/wd/hub/session/aa1c57ea-87a2-46a1-974c-07a385ffb7d3/appium/device/pixel_ratio] with no body
[debug] &amp#27;[35m[WD Proxy]&amp#27;[39m Got response with status 200: {"sessionId":"aa1c57ea-87a2-46a1-974c-07a385ffb7d3","value":2.625}
[debug] &amp#27;[35m[WD Proxy]&amp#27;[39m Matched '/appium/device/system_bars' to command name 'getSystemBars'
[debug] &amp#27;[35m[WD Proxy]&amp#27;[39m Proxying [GET /appium/device/system_bars] to [GET http://127.0.0.1:8200/wd/hub/session/aa1c57ea-87a2-46a1-974c-07a385ffb7d3/appium/device/system_bars] with no body
[debug] &amp#27;[35m[WD Proxy]&amp#27;[39m Got response with status 200: {"sessionId":"aa1c57ea-87a2-46a1-974c-07a385ffb7d3","value":{"statusBar":63}}
[debug] &amp#27;[35m[WD Proxy]&amp#27;[39m Matched '/window/current/size' to command name 'getWindowSize'
[debug] &amp#27;[35m[WD Proxy]&amp#27;[39m Proxying [GET /window/current/size] to [GET http://127.0.0.1:8200/wd/hub/session/aa1c57ea-87a2-46a1-974c-07a385ffb7d3/window/current/size] with no body
[debug] &amp#27;[35m[WD Proxy]&amp#27;[39m Got response with status 200: {"sessionId":"aa1c57ea-87a2-46a1-974c-07a385ffb7d3","value":{"height":1794,"width":1080}}
&amp#27;[35m[Appium]&amp#27;[39m New AndroidUiautomator2Driver session created successfully, session 33f88b6c-e0f6-4b4f-8c2e-f1e04155d26e added to master session list
[debug] &amp#27;[35m[BaseDriver]&amp#27;[39m Event 'newSessionStarted' logged at 1640106530024 (22:38:50 GMT+0530 (India Standard Time))
[debug] &amp#27;[35m[W3C (33f88b6c)]&amp#27;[39m Cached the protocol value 'W3C' for the new session 33f88b6c-e0f6-4b4f-8c2e-f1e04155d26e
[debug] &amp#27;[35m[W3C (33f88b6c)]&amp#27;[39m Responding to client with driver.createSession() result: {"capabilities":{"platform":"LINUX","webStorageEnabled":false,"takesScreenshot":true,"javascriptEnabled":true,"databaseEnabled":false,"networkConnectionEnabled":true,"locationContextEnabled":false,"warnings":{},"desired":{"platformName":"android","app":"./src/test/resources/MyAPP/ApiDemos-debug.apk","appActivity":".ApiDemos","appPackage":"io.appium.android.apis","deviceName":"Android","platformVersion":"8.1"},"platformName":"android","app":"./src/test/resources/MyAPP/ApiDemos-debug.apk","appActivity":".ApiDemos","appPackage":"io.appium.android.apis","deviceName":"emulator-5554","platformVersion":"8.1.0","deviceUDID":"emulator-5554","deviceApiLevel":27,"deviceScreenSize":"1080x1920","deviceScreenDensity":420,"deviceModel":"Android SDK built for x86","deviceManufacturer":"Google","pixelRatio":2.625,"statBarHeight":63,"viewportRect":{"left":0,"top":63,"width":1080,"height":1731}}}
&amp#27;[35m[HTTP]&amp#27;[39m &amp#27;[37m<-- POST /wd/hub/session &amp#27;[39m&amp#27;[32m200&amp#27;[39m &amp#27;[90m9582 ms - 951&amp#27;[39m
&amp#27;[35m[HTTP]&amp#27;[39m &amp#27;[90m&amp#27;[39m
&amp#27;[35m[HTTP]&amp#27;[39m &amp#27;[37m-->&amp#27;[39m &amp#27;[37mGET&amp#27;[39m &amp#27;[37m/wd/hub/session/33f88b6c-e0f6-4b4f-8c2e-f1e04155d26e&amp#27;[39m
&amp#27;[35m[HTTP]&amp#27;[39m &amp#27;[90m{}&amp#27;[39m
[debug] &amp#27;[35m[W3C (33f88b6c)]&amp#27;[39m Calling AppiumDriver.getSession() with args: ["33f88b6c-e0f6-4b4f-8c2e-f1e04155d26e"]
[debug] &amp#27;[35m[UiAutomator2]&amp#27;[39m Getting session details from server to mix in
[debug] &amp#27;[35m[WD Proxy]&amp#27;[39m Matched '/' to command name 'getSession'
[debug] &amp#27;[35m[WD Proxy]&amp#27;[39m Proxying [GET /] to [GET http://127.0.0.1:8200/wd/hub/session/aa1c57ea-87a2-46a1-974c-07a385ffb7d3] with no body
[debug] &amp#27;[35m[WD Proxy]&amp#27;[39m Got response with status 200: {"sessionId":"aa1c57ea-87a2-46a1-974c-07a385ffb7d3","value":{"lastScrollData":null}}
[debug] &amp#27;[35m[W3C (33f88b6c)]&amp#27;[39m Responding to client with driver.getSession() result: {"platform":"LINUX","webStorageEnabled":false,"takesScreenshot":true,"javascriptEnabled":true,"databaseEnabled":false,"networkConnectionEnabled":true,"locationContextEnabled":false,"warnings":{},"desired":{"platformName":"android","app":"./src/test/resources/MyAPP/ApiDemos-debug.apk","appActivity":".ApiDemos","appPackage":"io.appium.android.apis","deviceName":"Android","platformVersion":"8.1"},"platformName":"android","app":"./src/test/resources/MyAPP/ApiDemos-debug.apk","appActivity":".ApiDemos","appPackage":"io.appium.android.apis","deviceName":"emulator-5554","platformVersion":"8.1.0","deviceUDID":"emulator-5554","deviceApiLevel":27,"deviceScreenSize":"1080x1920","deviceScreenDensity":420,"deviceModel":"Android SDK built for x86","deviceManufacturer":"Google","pixelRatio":2.625,"statBarHeight":63,"viewportRect":{"left":0,"top":63,"width":1080,"height":1731},"lastScrollData":null}
&amp#27;[35m[HTTP]&amp#27;[39m &amp#27;[37m<-- GET /wd/hub/session/33f88b6c-e0f6-4b4f-8c2e-f1e04155d26e &amp#27;[39m&amp#27;[32m200&amp#27;[39m &amp#27;[90m16 ms - 905&amp#27;[39m
&amp#27;[35m[HTTP]&amp#27;[39m &amp#27;[90m&amp#27;[39m
&amp#27;[35m[HTTP]&amp#27;[39m &amp#27;[37m-->&amp#27;[39m &amp#27;[37mGET&amp#27;[39m &amp#27;[37m/wd/hub/session/33f88b6c-e0f6-4b4f-8c2e-f1e04155d26e&amp#27;[39m
&amp#27;[35m[HTTP]&amp#27;[39m &amp#27;[90m{}&amp#27;[39m
[debug] &amp#27;[35m[W3C (33f88b6c)]&amp#27;[39m Calling AppiumDriver.getSession() with args: ["33f88b6c-e0f6-4b4f-8c2e-f1e04155d26e"]
[debug] &amp#27;[35m[UiAutomator2]&amp#27;[39m Getting session details from server to mix in
[debug] &amp#27;[35m[WD Proxy]&amp#27;[39m Matched '/' to command name 'getSession'
[debug] &amp#27;[35m[WD Proxy]&amp#27;[39m Proxying [GET /] to [GET http://127.0.0.1:8200/wd/hub/session/aa1c57ea-87a2-46a1-974c-07a385ffb7d3] with no body
[debug] &amp#27;[35m[WD Proxy]&amp#27;[39m Got response with status 200: {"sessionId":"aa1c57ea-87a2-46a1-974c-07a385ffb7d3","value":{"lastScrollData":null}}
[debug] &amp#27;[35m[W3C (33f88b6c)]&amp#27;[39m Responding to client with driver.getSession() result: {"platform":"LINUX","webStorageEnabled":false,"takesScreenshot":true,"javascriptEnabled":true,"databaseEnabled":false,"networkConnectionEnabled":true,"locationContextEnabled":false,"warnings":{},"desired":{"platformName":"android","app":"./src/test/resources/MyAPP/ApiDemos-debug.apk","appActivity":".ApiDemos","appPackage":"io.appium.android.apis","deviceName":"Android","platformVersion":"8.1"},"platformName":"android","app":"./src/test/resources/MyAPP/ApiDemos-debug.apk","appActivity":".ApiDemos","appPackage":"io.appium.android.apis","deviceName":"emulator-5554","platformVersion":"8.1.0","deviceUDID":"emulator-5554","deviceApiLevel":27,"deviceScreenSize":"1080x1920","deviceScreenDensity":420,"deviceModel":"Android SDK built for x86","deviceManufacturer":"Google","pixelRatio":2.625,"statBarHeight":63,"viewportRect":{"left":0,"top":63,"width":1080,"height":1731},"lastScrollData":null}
&amp#27;[35m[HTTP]&amp#27;[39m &amp#27;[37m<-- GET /wd/hub/session/33f88b6c-e0f6-4b4f-8c2e-f1e04155d26e &amp#27;[39m&amp#27;[32m200&amp#27;[39m &amp#27;[90m16 ms - 905&amp#27;[39m
&amp#27;[35m[HTTP]&amp#27;[39m &amp#27;[90m&amp#27;[39m
&amp#27;[35m[HTTP]&amp#27;[39m &amp#27;[37m-->&amp#27;[39m &amp#27;[37mPOST&amp#27;[39m &amp#27;[37m/wd/hub/session/33f88b6c-e0f6-4b4f-8c2e-f1e04155d26e/timeouts&amp#27;[39m
&amp#27;[35m[HTTP]&amp#27;[39m &amp#27;[90m{"implicit":120000}&amp#27;[39m
[debug] &amp#27;[35m[W3C (33f88b6c)]&amp#27;[39m Calling AppiumDriver.timeouts() with args: [null,null,null,null,120000,"33f88b6c-e0f6-4b4f-8c2e-f1e04155d26e"]
[debug] &amp#27;[35m[BaseDriver]&amp#27;[39m W3C timeout argument: {"implicit":120000}}
[debug] &amp#27;[35m[BaseDriver]&amp#27;[39m Set implicit wait to 120000ms
[debug] &amp#27;[35m[W3C (33f88b6c)]&amp#27;[39m Responding to client with driver.timeouts() result: null
&amp#27;[35m[HTTP]&amp#27;[39m &amp#27;[37m<-- POST /wd/hub/session/33f88b6c-e0f6-4b4f-8c2e-f1e04155d26e/timeouts &amp#27;[39m&amp#27;[32m200&amp#27;[39m &amp#27;[90m7 ms - 14&amp#27;[39m
&amp#27;[35m[HTTP]&amp#27;[39m &amp#27;[90m&amp#27;[39m
****Now user is inside the application *****
[INFO ] 2021-12-21 22:38:50.098 [main] AnimationFuncSteps - #~#~#~ Application has open to run a new test ~#~#~#
&amp#27;[35m[HTTP]&amp#27;[39m &amp#27;[37m-->&amp#27;[39m &amp#27;[37mGET&amp#27;[39m &amp#27;[37m/wd/hub/session/33f88b6c-e0f6-4b4f-8c2e-f1e04155d26e&amp#27;[39m
&amp#27;[35m[HTTP]&amp#27;[39m &amp#27;[90m{}&amp#27;[39m
[debug] &amp#27;[35m[W3C (33f88b6c)]&amp#27;[39m Calling AppiumDriver.getSession() with args: ["33f88b6c-e0f6-4b4f-8c2e-f1e04155d26e"]
[debug] &amp#27;[35m[UiAutomator2]&amp#27;[39m Getting session details from server to mix in
[debug] &amp#27;[35m[WD Proxy]&amp#27;[39m Matched '/' to command name 'getSession'
[debug] &amp#27;[35m[WD Proxy]&amp#27;[39m Proxying [GET /] to [GET http://127.0.0.1:8200/wd/hub/session/aa1c57ea-87a2-46a1-974c-07a385ffb7d3] with no body
[debug] &amp#27;[35m[WD Proxy]&amp#27;[39m Got response with status 200: {"sessionId":"aa1c57ea-87a2-46a1-974c-07a385ffb7d3","value":{"lastScrollData":null}}
[debug] &amp#27;[35m[W3C (33f88b6c)]&amp#27;[39m Responding to client with driver.getSession() result: {"platform":"LINUX","webStorageEnabled":false,"takesScreenshot":true,"javascriptEnabled":true,"databaseEnabled":false,"networkConnectionEnabled":true,"locationContextEnabled":false,"warnings":{},"desired":{"platformName":"android","app":"./src/test/resources/MyAPP/ApiDemos-debug.apk","appActivity":".ApiDemos","appPackage":"io.appium.android.apis","deviceName":"Android","platformVersion":"8.1"},"platformName":"android","app":"./src/test/resources/MyAPP/ApiDemos-debug.apk","appActivity":".ApiDemos","appPackage":"io.appium.android.apis","deviceName":"emulator-5554","platformVersion":"8.1.0","deviceUDID":"emulator-5554","deviceApiLevel":27,"deviceScreenSize":"1080x1920","deviceScreenDensity":420,"deviceModel":"Android SDK built for x86","deviceManufacturer":"Google","pixelRatio":2.625,"statBarHeight":63,"viewportRect":{"left":0,"top":63,"width":1080,"height":1731},"lastScrollData":null}
&amp#27;[35m[HTTP]&amp#27;[39m &amp#27;[37m<-- GET /wd/hub/session/33f88b6c-e0f6-4b4f-8c2e-f1e04155d26e &amp#27;[39m&amp#27;[32m200&amp#27;[39m &amp#27;[90m33 ms - 905&amp#27;[39m
&amp#27;[35m[HTTP]&amp#27;[39m &amp#27;[90m&amp#27;[39m
&amp#27;[35m[HTTP]&amp#27;[39m &amp#27;[37m-->&amp#27;[39m &amp#27;[37mGET&amp#27;[39m &amp#27;[37m/wd/hub/session/33f88b6c-e0f6-4b4f-8c2e-f1e04155d26e&amp#27;[39m
&amp#27;[35m[HTTP]&amp#27;[39m &amp#27;[90m{}&amp#27;[39m
[debug] &amp#27;[35m[W3C (33f88b6c)]&amp#27;[39m Calling AppiumDriver.getSession() with args: ["33f88b6c-e0f6-4b4f-8c2e-f1e04155d26e"]
[debug] &amp#27;[35m[UiAutomator2]&amp#27;[39m Getting session details from server to mix in
[debug] &amp#27;[35m[WD Proxy]&amp#27;[39m Matched '/' to command name 'getSession'
[debug] &amp#27;[35m[WD Proxy]&amp#27;[39m Proxying [GET /] to [GET http://127.0.0.1:8200/wd/hub/session/aa1c57ea-87a2-46a1-974c-07a385ffb7d3] with no body
[debug] &amp#27;[35m[WD Proxy]&amp#27;[39m Got response with status 200: {"sessionId":"aa1c57ea-87a2-46a1-974c-07a385ffb7d3","value":{"lastScrollData":null}}
[debug] &amp#27;[35m[W3C (33f88b6c)]&amp#27;[39m Responding to client with driver.getSession() result: {"platform":"LINUX","webStorageEnabled":false,"takesScreenshot":true,"javascriptEnabled":true,"databaseEnabled":false,"networkConnectionEnabled":true,"locationContextEnabled":false,"warnings":{},"desired":{"platformName":"android","app":"./src/test/resources/MyAPP/ApiDemos-debug.apk","appActivity":".ApiDemos","appPackage":"io.appium.android.apis","deviceName":"Android","platformVersion":"8.1"},"platformName":"android","app":"./src/test/resources/MyAPP/ApiDemos-debug.apk","appActivity":".ApiDemos","appPackage":"io.appium.android.apis","deviceName":"emulator-5554","platformVersion":"8.1.0","deviceUDID":"emulator-5554","deviceApiLevel":27,"deviceScreenSize":"1080x1920","deviceScreenDensity":420,"deviceModel":"Android SDK built for x86","deviceManufacturer":"Google","pixelRatio":2.625,"statBarHeight":63,"viewportRect":{"left":0,"top":63,"width":1080,"height":1731},"lastScrollData":null}
&amp#27;[35m[HTTP]&amp#27;[39m &amp#27;[37m<-- GET /wd/hub/session/33f88b6c-e0f6-4b4f-8c2e-f1e04155d26e &amp#27;[39m&amp#27;[32m200&amp#27;[39m &amp#27;[90m19 ms - 905&amp#27;[39m
&amp#27;[35m[HTTP]&amp#27;[39m &amp#27;[90m&amp#27;[39m
&amp#27;[35m[HTTP]&amp#27;[39m &amp#27;[37m-->&amp#27;[39m &amp#27;[37mGET&amp#27;[39m &amp#27;[37m/wd/hub/session/33f88b6c-e0f6-4b4f-8c2e-f1e04155d26e&amp#27;[39m
&amp#27;[35m[HTTP]&amp#27;[39m &amp#27;[90m{}&amp#27;[39m
[debug] &amp#27;[35m[W3C (33f88b6c)]&amp#27;[39m Calling AppiumDriver.getSession() with args: ["33f88b6c-e0f6-4b4f-8c2e-f1e04155d26e"]
[debug] &amp#27;[35m[UiAutomator2]&amp#27;[39m Getting session details from server to mix in
[debug] &amp#27;[35m[WD Proxy]&amp#27;[39m Matched '/' to command name 'getSession'
[debug] &amp#27;[35m[WD Proxy]&amp#27;[39m Proxying [GET /] to [GET http://127.0.0.1:8200/wd/hub/session/aa1c57ea-87a2-46a1-974c-07a385ffb7d3] with no body
[debug] &amp#27;[35m[WD Proxy]&amp#27;[39m Got response with status 200: {"sessionId":"aa1c57ea-87a2-46a1-974c-07a385ffb7d3","value":{"lastScrollData":null}}
[debug] &amp#27;[35m[W3C (33f88b6c)]&amp#27;[39m Responding to client with driver.getSession() result: {"platform":"LINUX","webStorageEnabled":false,"takesScreenshot":true,"javascriptEnabled":true,"databaseEnabled":false,"networkConnectionEnabled":true,"locationContextEnabled":false,"warnings":{},"desired":{"platformName":"android","app":"./src/test/resources/MyAPP/ApiDemos-debug.apk","appActivity":".ApiDemos","appPackage":"io.appium.android.apis","deviceName":"Android","platformVersion":"8.1"},"platformName":"android","app":"./src/test/resources/MyAPP/ApiDemos-debug.apk","appActivity":".ApiDemos","appPackage":"io.appium.android.apis","deviceName":"emulator-5554","platformVersion":"8.1.0","deviceUDID":"emulator-5554","deviceApiLevel":27,"deviceScreenSize":"1080x1920","deviceScreenDensity":420,"deviceModel":"Android SDK built for x86","deviceManufacturer":"Google","pixelRatio":2.625,"statBarHeight":63,"viewportRect":{"left":0,"top":63,"width":1080,"height":1731},"lastScrollData":null}
&amp#27;[35m[HTTP]&amp#27;[39m &amp#27;[37m<-- GET /wd/hub/session/33f88b6c-e0f6-4b4f-8c2e-f1e04155d26e &amp#27;[39m&amp#27;[32m200&amp#27;[39m &amp#27;[90m15 ms - 905&amp#27;[39m
&amp#27;[35m[HTTP]&amp#27;[39m &amp#27;[90m&amp#27;[39m
&amp#27;[35m[HTTP]&amp#27;[39m &amp#27;[37m-->&amp#27;[39m &amp#27;[37mPOST&amp#27;[39m &amp#27;[37m/wd/hub/session/33f88b6c-e0f6-4b4f-8c2e-f1e04155d26e/element&amp#27;[39m
&amp#27;[35m[HTTP]&amp#27;[39m &amp#27;[90m{"using":"accessibility id","value":"Views"}&amp#27;[39m
[debug] &amp#27;[35m[W3C (33f88b6c)]&amp#27;[39m Calling AppiumDriver.findElement() with args: ["accessibility id","Views","33f88b6c-e0f6-4b4f-8c2e-f1e04155d26e"]
[debug] &amp#27;[35m[BaseDriver]&amp#27;[39m Valid locator strategies for this request: xpath, id, class name, accessibility id, css selector, -android uiautomator
[debug] &amp#27;[35m[BaseDriver]&amp#27;[39m Waiting up to 120000 ms for condition
[debug] &amp#27;[35m[WD Proxy]&amp#27;[39m Matched '/element' to command name 'findElement'
[debug] &amp#27;[35m[WD Proxy]&amp#27;[39m Proxying [POST /element] to [POST http://127.0.0.1:8200/wd/hub/session/aa1c57ea-87a2-46a1-974c-07a385ffb7d3/element] with body: {"strategy":"accessibility id","selector":"Views","context":"","multiple":false}
[debug] &amp#27;[35m[WD Proxy]&amp#27;[39m Got response with status 200: {"sessionId":"aa1c57ea-87a2-46a1-974c-07a385ffb7d3","value":{"ELEMENT":"00000000-0000-02cb-ffff-ffff00000011","element-6066-11e4-a52e-4f735466cecf":"00000000-0000-02cb-ffff-ffff00000011"}}
[debug] &amp#27;[35m[W3C (33f88b6c)]&amp#27;[39m Responding to client with driver.findElement() result: {"element-6066-11e4-a52e-4f735466cecf":"00000000-0000-02cb-ffff-ffff00000011","ELEMENT":"00000000-0000-02cb-ffff-ffff00000011"}
&amp#27;[35m[HTTP]&amp#27;[39m &amp#27;[37m<-- POST /wd/hub/session/33f88b6c-e0f6-4b4f-8c2e-f1e04155d26e/element &amp#27;[39m&amp#27;[32m200&amp#27;[39m &amp#27;[90m524 ms - 137&amp#27;[39m
&amp#27;[35m[HTTP]&amp#27;[39m &amp#27;[90m&amp#27;[39m
&amp#27;[35m[HTTP]&amp#27;[39m &amp#27;[37m-->&amp#27;[39m &amp#27;[37mPOST&amp#27;[39m &amp#27;[37m/wd/hub/session/33f88b6c-e0f6-4b4f-8c2e-f1e04155d26e/element/00000000-0000-02cb-ffff-ffff00000011/click&amp#27;[39m
&amp#27;[35m[HTTP]&amp#27;[39m &amp#27;[90m{"id":"00000000-0000-02cb-ffff-ffff00000011"}&amp#27;[39m
[debug] &amp#27;[35m[W3C (33f88b6c)]&amp#27;[39m Calling AppiumDriver.click() with args: ["00000000-0000-02cb-ffff-ffff00000011","33f88b6c-e0f6-4b4f-8c2e-f1e04155d26e"]
[debug] &amp#27;[35m[WD Proxy]&amp#27;[39m Matched '/element/00000000-0000-02cb-ffff-ffff00000011/click' to command name 'click'
[debug] &amp#27;[35m[WD Proxy]&amp#27;[39m Proxying [POST /element/00000000-0000-02cb-ffff-ffff00000011/click] to [POST http://127.0.0.1:8200/wd/hub/session/aa1c57ea-87a2-46a1-974c-07a385ffb7d3/element/00000000-0000-02cb-ffff-ffff00000011/click] with body: {"element":"00000000-0000-02cb-ffff-ffff00000011"}
[debug] &amp#27;[35m[WD Proxy]&amp#27;[39m Got response with status 200: {"sessionId":"aa1c57ea-87a2-46a1-974c-07a385ffb7d3","value":null}
[debug] &amp#27;[35m[W3C (33f88b6c)]&amp#27;[39m Responding to client with driver.click() result: null
&amp#27;[35m[HTTP]&amp#27;[39m &amp#27;[37m<-- POST /wd/hub/session/33f88b6c-e0f6-4b4f-8c2e-f1e04155d26e/elem[INFO ] 2021-12-21 22:38:52.024 [main] SwipeOverImagesSteps - user has entered into the View section of mobile app!
ent/00000000-0000-02cb-ffff-ffff00000011/click &amp#27;[39m&amp#27;[32m200&amp#27;[39m &amp#27;[90m1302 ms - 14&amp#27;[39m
&amp#27;[35m[HTTP]&amp#27;[39m &amp#27;[90m&amp#27;[39m
&amp#27;[35m[HTTP]&amp#27;[39m &amp#27;[37m-->&amp#27;[39m &amp#27;[37mGET&amp#27;[39m &amp#27;[37m/wd/hub/session/33f88b6c-e0f6-4b4f-8c2e-f1e04155d26e&amp#27;[39m
&amp#27;[35m[HTTP]&amp#27;[39m &amp#27;[90m{}&amp#27;[39m
[debug] &amp#27;[35m[W3C (33f88b6c)]&amp#27;[39m Calling AppiumDriver.getSession() with args: ["33f88b6c-e0f6-4b4f-8c2e-f1e04155d26e"]
[debug] &amp#27;[35m[UiAutomator2]&amp#27;[39m Getting session details from server to mix in
[debug] &amp#27;[35m[WD Proxy]&amp#27;[39m Matched '/' to command name 'getSession'
[debug] &amp#27;[35m[WD Proxy]&amp#27;[39m Proxying [GET /] to [GET http://127.0.0.1:8200/wd/hub/session/aa1c57ea-87a2-46a1-974c-07a385ffb7d3] with no body
[debug] &amp#27;[35m[WD Proxy]&amp#27;[39m Got response with status 200: {"sessionId":"aa1c57ea-87a2-46a1-974c-07a385ffb7d3","value":{"lastScrollData":null}}
[debug] &amp#27;[35m[W3C (33f88b6c)]&amp#27;[39m Responding to client with driver.getSession() result: {"platform":"LINUX","webStorageEnabled":false,"takesScreenshot":true,"javascriptEnabled":true,"databaseEnabled":false,"networkConnectionEnabled":true,"locationContextEnabled":false,"warnings":{},"desired":{"platformName":"android","app":"./src/test/resources/MyAPP/ApiDemos-debug.apk","appActivity":".ApiDemos","appPackage":"io.appium.android.apis","deviceName":"Android","platformVersion":"8.1"},"platformName":"android","app":"./src/test/resources/MyAPP/ApiDemos-debug.apk","appActivity":".ApiDemos","appPackage":"io.appium.android.apis","deviceName":"emulator-5554","platformVersion":"8.1.0","deviceUDID":"emulator-5554","deviceApiLevel":27,"deviceScreenSize":"1080x1920","deviceScreenDensity":420,"deviceModel":"Android SDK built for x86","deviceManufacturer":"Google","pixelRatio":2.625,"statBarHeight":63,"viewportRect":{"left":0,"top":63,"width":1080,"height":1731},"lastScrollData":null}
&amp#27;[35m[HTTP]&amp#27;[39m &amp#27;[37m<-- GET /wd/hub/session/33f88b6c-e0f6-4b4f-8c2e-f1e04155d26e &amp#27;[39m&amp#27;[32m200&amp#27;[39m &amp#27;[90m44 ms - 905&amp#27;[39m
&amp#27;[35m[HTTP]&amp#27;[39m &amp#27;[90m&amp#27;[39m
&amp#27;[35m[HTTP]&amp#27;[39m &amp#27;[37m-->&amp#27;[39m &amp#27;[37mGET&amp#27;[39m &amp#27;[37m/wd/hub/session/33f88b6c-e0f6-4b4f-8c2e-f1e04155d26e&amp#27;[39m
&amp#27;[35m[HTTP]&amp#27;[39m &amp#27;[90m{}&amp#27;[39m
[debug] &amp#27;[35m[W3C (33f88b6c)]&amp#27;[39m Calling AppiumDriver.getSession() with args: ["33f88b6c-e0f6-4b4f-8c2e-f1e04155d26e"]
[debug] &amp#27;[35m[UiAutomator2]&amp#27;[39m Getting session details from server to mix in
[debug] &amp#27;[35m[WD Proxy]&amp#27;[39m Matched '/' to command name 'getSession'
[debug] &amp#27;[35m[WD Proxy]&amp#27;[39m Proxying [GET /] to [GET http://127.0.0.1:8200/wd/hub/session/aa1c57ea-87a2-46a1-974c-07a385ffb7d3] with no body
[debug] &amp#27;[35m[WD Proxy]&amp#27;[39m Got response with status 200: {"sessionId":"aa1c57ea-87a2-46a1-974c-07a385ffb7d3","value":{"lastScrollData":null}}
[debug] &amp#27;[35m[W3C (33f88b6c)]&amp#27;[39m Responding to client with driver.getSession() result: {"platform":"LINUX","webStorageEnabled":false,"takesScreenshot":true,"javascriptEnabled":true,"databaseEnabled":false,"networkConnectionEnabled":true,"locationContextEnabled":false,"warnings":{},"desired":{"platformName":"android","app":"./src/test/resources/MyAPP/ApiDemos-debug.apk","appActivity":".ApiDemos","appPackage":"io.appium.android.apis","deviceName":"Android","platformVersion":"8.1"},"platformName":"android","app":"./src/test/resources/MyAPP/ApiDemos-debug.apk","appActivity":".ApiDemos","appPackage":"io.appium.android.apis","deviceName":"emulator-5554","platformVersion":"8.1.0","deviceUDID":"emulator-5554","deviceApiLevel":27,"deviceScreenSize":"1080x1920","deviceScreenDensity":420,"deviceModel":"Android SDK built for x86","deviceManufacturer":"Google","pixelRatio":2.625,"statBarHeight":63,"viewportRect":{"left":0,"top":63,"width":1080,"height":1731},"lastScrollData":null}
&amp#27;[35m[HTTP]&amp#27;[39m &amp#27;[37m<-- GET /wd/hub/session/33f88b6c-e0f6-4b4f-8c2e-f1e04155d26e &amp#27;[39m&amp#27;[32m200&amp#27;[39m &amp#27;[90m28 ms - 905&amp#27;[39m
&amp#27;[35m[HTTP]&amp#27;[39m &amp#27;[90m&amp#27;[39m
&amp#27;[35m[HTTP]&amp#27;[39m &amp#27;[37m-->&amp#27;[39m &amp#27;[37mGET&amp#27;[39m &amp#27;[37m/wd/hub/session/33f88b6c-e0f6-4b4f-8c2e-f1e04155d26e&amp#27;[39m
&amp#27;[35m[HTTP]&amp#27;[39m &amp#27;[90m{}&amp#27;[39m
[debug] &amp#27;[35m[W3C (33f88b6c)]&amp#27;[39m Calling AppiumDriver.getSession() with args: ["33f88b6c-e0f6-4b4f-8c2e-f1e04155d26e"]
[debug] &amp#27;[35m[UiAutomator2]&amp#27;[39m Getting session details from server to mix in
[debug] &amp#27;[35m[WD Proxy]&amp#27;[39m Matched '/' to command name 'getSession'
[debug] &amp#27;[35m[WD Proxy]&amp#27;[39m Proxying [GET /] to [GET http://127.0.0.1:8200/wd/hub/session/aa1c57ea-87a2-46a1-974c-07a385ffb7d3] with no body
[debug] &amp#27;[35m[WD Proxy]&amp#27;[39m Got response with status 200: {"sessionId":"aa1c57ea-87a2-46a1-974c-07a385ffb7d3","value":{"lastScrollData":null}}
[debug] &amp#27;[35m[W3C (33f88b6c)]&amp#27;[39m Responding to client with driver.getSession() result: {"platform":"LINUX","webStorageEnabled":false,"takesScreenshot":true,"javascriptEnabled":true,"databaseEnabled":false,"networkConnectionEnabled":true,"locationContextEnabled":false,"warnings":{},"desired":{"platformName":"android","app":"./src/test/resources/MyAPP/ApiDemos-debug.apk","appActivity":".ApiDemos","appPackage":"io.appium.android.apis","deviceName":"Android","platformVersion":"8.1"},"platformName":"android","app":"./src/test/resources/MyAPP/ApiDemos-debug.apk","appActivity":".ApiDemos","appPackage":"io.appium.android.apis","deviceName":"emulator-5554","platformVersion":"8.1.0","deviceUDID":"emulator-5554","deviceApiLevel":27,"deviceScreenSize":"1080x1920","deviceScreenDensity":420,"deviceModel":"Android SDK built for x86","deviceManufacturer":"Google","pixelRatio":2.625,"statBarHeight":63,"viewportRect":{"left":0,"top":63,"width":1080,"height":1731},"lastScrollData":null}
&amp#27;[35m[HTTP]&amp#27;[39m &amp#27;[37m<-- GET /wd/hub/session/33f88b6c-e0f6-4b4f-8c2e-f1e04155d26e &amp#27;[39m&amp#27;[32m200&amp#27;[39m &amp#27;[90m13 ms - 905&amp#27;[39m
&amp#27;[35m[HTTP]&amp#27;[39m &amp#27;[90m&amp#27;[39m
&amp#27;[35m[HTTP]&amp#27;[39m &amp#27;[37m-->&amp#27;[39m &amp#27;[37mPOST&amp#27;[39m &amp#27;[37m/wd/hub/session/33f88b6c-e0f6-4b4f-8c2e-f1e04155d26e/element&amp#27;[39m
&amp#27;[35m[HTTP]&amp#27;[39m &amp#27;[90m{"using":"accessibility id","value":"Gallery"}&amp#27;[39m
[debug] &amp#27;[35m[W3C (33f88b6c)]&amp#27;[39m Calling AppiumDriver.findElement() with args: ["accessibility id","Gallery","33f88b6c-e0f6-4b4f-8c2e-f1e04155d26e"]
[debug] &amp#27;[35m[BaseDriver]&amp#27;[39m Valid locator strategies for this request: xpath, id, class name, accessibility id, css selector, -android uiautomator
[debug] &amp#27;[35m[BaseDriver]&amp#27;[39m Waiting up to 120000 ms for condition
[debug] &amp#27;[35m[WD Proxy]&amp#27;[39m Matched '/element' to command name 'findElement'
[debug] &amp#27;[35m[WD Proxy]&amp#27;[39m Proxying [POST /element] to [POST http://127.0.0.1:8200/wd/hub/session/aa1c57ea-87a2-46a1-974c-07a385ffb7d3/element] with body: {"strategy":"accessibility id","selector":"Gallery","context":"","multiple":false}
[debug] &amp#27;[35m[WD Proxy]&amp#27;[39m Got response with status 200: {"sessionId":"aa1c57ea-87a2-46a1-974c-07a385ffb7d3","value":{"ELEMENT":"00000000-0000-02cc-ffff-ffff00000021","element-6066-11e4-a52e-4f735466cecf":"00000000-0000-02cc-ffff-ffff00000021"}}
[debug] &amp#27;[35m[W3C (33f88b6c)]&amp#27;[39m Responding to client with driver.findElement() result: {"element-6066-11e4-a52e-4f735466cecf":"00000000-0000-02cc-ffff-ffff00000021","ELEMENT":"00000000-0000-02cc-ffff-ffff00000021"}
&amp#27;[35m[HTTP]&amp#27;[39m &amp#27;[37m<-- POST /wd/hub/session/33f88b6c-e0f6-4b4f-8c2e-f1e04155d26e/element &amp#27;[39m&amp#27;[32m200&amp#27;[39m &amp#27;[90m32 ms - 137&amp#27;[39m
&amp#27;[35m[HTTP]&amp#27;[39m &amp#27;[90m&amp#27;[39m
&amp#27;[35m[HTTP]&amp#27;[39m &amp#27;[37m-->&amp#27;[39m &amp#27;[37mPOST&amp#27;[39m &amp#27;[37m/wd/hub/session/33f88b6c-e0f6-4b4f-8c2e-f1e04155d26e/element/00000000-0000-02cc-ffff-ffff00000021/click&amp#27;[39m
&amp#27;[35m[HTTP]&amp#27;[39m &amp#27;[90m{"id":"00000000-0000-02cc-ffff-ffff00000021"}&amp#27;[39m
[debug] &amp#27;[35m[W3C (33f88b6c)]&amp#27;[39m Calling AppiumDriver.click() with args: ["00000000-0000-02cc-ffff-ffff00000021","33f88b6c-e0f6-4b4f-8c2e-f1e04155d26e"]
[debug] &amp#27;[35m[WD Proxy]&amp#27;[39m Matched '/element/00000000-0000-02cc-ffff-ffff00000021/click' to command name 'click'
[debug] &amp#27;[35m[WD Proxy]&amp#27;[39m Proxying [POST /element/00000000-0000-02cc-ffff-ffff00000021/click] to [POST http://127.0.0.1:8200/wd/hub/session/aa1c57ea-87a2-46a1-974c-07a385ffb7d3/element/00000000-0000-02cc-ffff-ffff00000021/click] with body: {"element":"00000000-0000-02cc-ffff-ffff00000021"}
[debug] &amp#27;[35m[WD Proxy]&amp#27;[39m Got response with status 200: {"sessionId":"aa1c57ea-87a2-46a1-974c-07a385ffb7d3","value":null}
[debug] &amp#27;[35m[W3C (33f88b6c)]&amp#27;[39m Responding to client with driver.click() result: null
&amp#27;[35m[HTTP]&amp#27;[39m &amp#27;[37m<-- POST /wd/hub/session/33f88b6c-e0f6-4b4f-8c2e-f1e04155d26e/element/00000000-0000-02cc-ffff-ffff00000021/click &amp#27;[39m&amp#27;[32m200&amp#27;[39m &amp#27;[90m1192 ms - 14&amp#27;[39m
&amp#27;[35m[HTTP]&amp#27;[39m &amp#27;[90m&amp#27;[39m
[INFO ] 2021-12-21 22:38:53.395 [main] SwipeOverImagesSteps - now user has entered into gallary section
&amp#27;[35m[HTTP]&amp#27;[39m &amp#27;[37m-->&amp#27;[39m &amp#27;[37mGET&amp#27;[39m &amp#27;[37m/wd/hub/session/33f88b6c-e0f6-4b4f-8c2e-f1e04155d26e&amp#27;[39m
&amp#27;[35m[HTTP]&amp#27;[39m &amp#27;[90m{}&amp#27;[39m
[debug] &amp#27;[35m[W3C (33f88b6c)]&amp#27;[39m Calling AppiumDriver.getSession() with args: ["33f88b6c-e0f6-4b4f-8c2e-f1e04155d26e"]
[debug] &amp#27;[35m[UiAutomator2]&amp#27;[39m Getting session details from server to mix in
[debug] &amp#27;[35m[WD Proxy]&amp#27;[39m Matched '/' to command name 'getSession'
[debug] &amp#27;[35m[WD Proxy]&amp#27;[39m Proxying [GET /] to [GET http://127.0.0.1:8200/wd/hub/session/aa1c57ea-87a2-46a1-974c-07a385ffb7d3] with no body
[debug] &amp#27;[35m[WD Proxy]&amp#27;[39m Got response with status 200: {"sessionId":"aa1c57ea-87a2-46a1-974c-07a385ffb7d3","value":{"lastScrollData":null}}
[debug] &amp#27;[35m[W3C (33f88b6c)]&amp#27;[39m Responding to client with driver.getSession() result: {"platform":"LINUX","webStorageEnabled":false,"takesScreenshot":true,"javascriptEnabled":true,"databaseEnabled":false,"networkConnectionEnabled":true,"locationContextEnabled":false,"warnings":{},"desired":{"platformName":"android","app":"./src/test/resources/MyAPP/ApiDemos-debug.apk","appActivity":".ApiDemos","appPackage":"io.appium.android.apis","deviceName":"Android","platformVersion":"8.1"},"platformName":"android","app":"./src/test/resources/MyAPP/ApiDemos-debug.apk","appActivity":".ApiDemos","appPackage":"io.appium.android.apis","deviceName":"emulator-5554","platformVersion":"8.1.0","deviceUDID":"emulator-5554","deviceApiLevel":27,"deviceScreenSize":"1080x1920","deviceScreenDensity":420,"deviceModel":"Android SDK built for x86","deviceManufacturer":"Google","pixelRatio":2.625,"statBarHeight":63,"viewportRect":{"left":0,"top":63,"width":1080,"height":1731},"lastScrollData":null}
&amp#27;[35m[HTTP]&amp#27;[39m &amp#27;[37m<-- GET /wd/hub/session/33f88b6c-e0f6-4b4f-8c2e-f1e04155d26e &amp#27;[39m&amp#27;[32m200&amp#27;[39m &amp#27;[90m30 ms - 905&amp#27;[39m
&amp#27;[35m[HTTP]&amp#27;[39m &amp#27;[90m&amp#27;[39m
&amp#27;[35m[HTTP]&amp#27;[39m &amp#27;[37m-->&amp#27;[39m &amp#27;[37mGET&amp#27;[39m &amp#27;[37m/wd/hub/session/33f88b6c-e0f6-4b4f-8c2e-f1e04155d26e&amp#27;[39m
&amp#27;[35m[HTTP]&amp#27;[39m &amp#27;[90m{}&amp#27;[39m
[debug] &amp#27;[35m[W3C (33f88b6c)]&amp#27;[39m Calling AppiumDriver.getSession() with args: ["33f88b6c-e0f6-4b4f-8c2e-f1e04155d26e"]
[debug] &amp#27;[35m[UiAutomator2]&amp#27;[39m Getting session details from server to mix in
[debug] &amp#27;[35m[WD Proxy]&amp#27;[39m Matched '/' to command name 'getSession'
[debug] &amp#27;[35m[WD Proxy]&amp#27;[39m Proxying [GET /] to [GET http://127.0.0.1:8200/wd/hub/session/aa1c57ea-87a2-46a1-974c-07a385ffb7d3] with no body
[debug] &amp#27;[35m[WD Proxy]&amp#27;[39m Got response with status 200: {"sessionId":"aa1c57ea-87a2-46a1-974c-07a385ffb7d3","value":{"lastScrollData":null}}
[debug] &amp#27;[35m[W3C (33f88b6c)]&amp#27;[39m Responding to client with driver.getSession() result: {"platform":"LINUX","webStorageEnabled":false,"takesScreenshot":true,"javascriptEnabled":true,"databaseEnabled":false,"networkConnectionEnabled":true,"locationContextEnabled":false,"warnings":{},"desired":{"platformName":"android","app":"./src/test/resources/MyAPP/ApiDemos-debug.apk","appActivity":".ApiDemos","appPackage":"io.appium.android.apis","deviceName":"Android","platformVersion":"8.1"},"platformName":"android","app":"./src/test/resources/MyAPP/ApiDemos-debug.apk","appActivity":".ApiDemos","appPackage":"io.appium.android.apis","deviceName":"emulator-5554","platformVersion":"8.1.0","deviceUDID":"emulator-5554","deviceApiLevel":27,"deviceScreenSize":"1080x1920","deviceScreenDensity":420,"deviceModel":"Android SDK built for x86","deviceManufacturer":"Google","pixelRatio":2.625,"statBarHeight":63,"viewportRect":{"left":0,"top":63,"width":1080,"height":1731},"lastScrollData":null}
&amp#27;[35m[HTTP]&amp#27;[39m &amp#27;[37m<-- GET /wd/hub/session/33f88b6c-e0f6-4b4f-8c2e-f1e04155d26e &amp#27;[39m&amp#27;[32m200&amp#27;[39m &amp#27;[90m37 ms - 905&amp#27;[39m
&amp#27;[35m[HTTP]&amp#27;[39m &amp#27;[90m&amp#27;[39m
&amp#27;[35m[HTTP]&amp#27;[39m &amp#27;[37m-->&amp#27;[39m &amp#27;[37mGET&amp#27;[39m &amp#27;[37m/wd/hub/session/33f88b6c-e0f6-4b4f-8c2e-f1e04155d26e&amp#27;[39m
&amp#27;[35m[HTTP]&amp#27;[39m &amp#27;[90m{}&amp#27;[39m
[debug] &amp#27;[35m[W3C (33f88b6c)]&amp#27;[39m Calling AppiumDriver.getSession() with args: ["33f88b6c-e0f6-4b4f-8c2e-f1e04155d26e"]
[debug] &amp#27;[35m[UiAutomator2]&amp#27;[39m Getting session details from server to mix in
[debug] &amp#27;[35m[WD Proxy]&amp#27;[39m Matched '/' to command name 'getSession'
[debug] &amp#27;[35m[WD Proxy]&amp#27;[39m Proxying [GET /] to [GET http://127.0.0.1:8200/wd/hub/session/aa1c57ea-87a2-46a1-974c-07a385ffb7d3] with no body
[debug] &amp#27;[35m[WD Proxy]&amp#27;[39m Got response with status 200: {"sessionId":"aa1c57ea-87a2-46a1-974c-07a385ffb7d3","value":{"lastScrollData":null}}
[debug] &amp#27;[35m[W3C (33f88b6c)]&amp#27;[39m Responding to client with driver.getSession() result: {"platform":"LINUX","webStorageEnabled":false,"takesScreenshot":true,"javascriptEnabled":true,"databaseEnabled":false,"networkConnectionEnabled":true,"locationContextEnabled":false,"warnings":{},"desired":{"platformName":"android","app":"./src/test/resources/MyAPP/ApiDemos-debug.apk","appActivity":".ApiDemos","appPackage":"io.appium.android.apis","deviceName":"Android","platformVersion":"8.1"},"platformName":"android","app":"./src/test/resources/MyAPP/ApiDemos-debug.apk","appActivity":".ApiDemos","appPackage":"io.appium.android.apis","deviceName":"emulator-5554","platformVersion":"8.1.0","deviceUDID":"emulator-5554","deviceApiLevel":27,"deviceScreenSize":"1080x1920","deviceScreenDensity":420,"deviceModel":"Android SDK built for x86","deviceManufacturer":"Google","pixelRatio":2.625,"statBarHeight":63,"viewportRect":{"left":0,"top":63,"width":1080,"height":1731},"lastScrollData":null}
&amp#27;[35m[HTTP]&amp#27;[39m &amp#27;[37m<-- GET /wd/hub/session/33f88b6c-e0f6-4b4f-8c2e-f1e04155d26e &amp#27;[39m&amp#27;[32m200&amp#27;[39m &amp#27;[90m36 ms - 905&amp#27;[39m
&amp#27;[35m[HTTP]&amp#27;[39m &amp#27;[90m&amp#27;[39m
&amp#27;[35m[HTTP]&amp#27;[39m &amp#27;[37m-->&amp#27;[39m &amp#27;[37mPOST&amp#27;[39m &amp#27;[37m/wd/hub/session/33f88b6c-e0f6-4b4f-8c2e-f1e04155d26e/element&amp#27;[39m
&amp#27;[35m[HTTP]&amp#27;[39m &amp#27;[90m{"using":"xpath","value":"//android.widget.TextView[@content-desc=\"1. Photos\"]"}&amp#27;[39m
[debug] &amp#27;[35m[W3C (33f88b6c)]&amp#27;[39m Calling AppiumDriver.findElement() with args: ["xpath","//android.widget.TextView[@content-desc=\"1. Photos\"]","33f88b6c-e0f6-4b4f-8c2e-f1e04155d26e"]
[debug] &amp#27;[35m[BaseDriver]&amp#27;[39m Valid locator strategies for this request: xpath, id, class name, accessibility id, css selector, -android uiautomator
[debug] &amp#27;[35m[BaseDriver]&amp#27;[39m Waiting up to 120000 ms for condition
[debug] &amp#27;[35m[WD Proxy]&amp#27;[39m Matched '/element' to command name 'findElement'
[debug] &amp#27;[35m[WD Proxy]&amp#27;[39m Proxying [POST /element] to [POST http://127.0.0.1:8200/wd/hub/session/aa1c57ea-87a2-46a1-974c-07a385ffb7d3/element] with body: {"strategy":"xpath","selector":"//android.widget.TextView[@content-desc=\"1. Photos\"]","context":"","multiple":false}
[debug] &amp#27;[35m[WD Proxy]&amp#27;[39m Got response with status 200: {"sessionId":"aa1c57ea-87a2-46a1-974c-07a385ffb7d3","value":{"ELEMENT":"00000000-0000-02cd-ffff-ffff0000002d","element-6066-11e4-a52e-4f735466cecf":"00000000-0000-02cd-ffff-ffff0000002d"}}
[debug] &amp#27;[35m[W3C (33f88b6c)]&amp#27;[39m Responding to client with driver.findElement() result: {"element-6066-11e4-a52e-4f735466cecf":"00000000-0000-02cd-ffff-ffff0000002d","ELEMENT":"00000000-0000-02cd-ffff-ffff0000002d"}
&amp#27;[35m[HTTP]&amp#27;[39m &amp#27;[37m<-- POST /wd/hub/session/33f88b6c-e0f6-4b4f-8c2e-f1e04155d26e/element &amp#27;[39m&amp#27;[32m200&amp#27;[39m &amp#27;[90m116 ms - 137&amp#27;[39m
&amp#27;[35m[HTTP]&amp#27;[39m &amp#27;[90m&amp#27;[39m
&amp#27;[35m[HTTP]&amp#27;[39m &amp#27;[37m-->&amp#27;[39m &amp#27;[37mPOST&amp#27;[39m &amp#27;[37m/wd/hub/session/33f88b6c-e0f6-4b4f-8c2e-f1e04155d26e/element/00000000-0000-02cd-ffff-ffff0000002d/click&amp#27;[39m
&amp#27;[35m[HTTP]&amp#27;[39m &amp#27;[90m{"id":"00000000-0000-02cd-ffff-ffff0000002d"}&amp#27;[39m
[debug] &amp#27;[35m[W3C (33f88b6c)]&amp#27;[39m Calling AppiumDriver.click() with args: ["00000000-0000-02cd-ffff-ffff0000002d","33f88b6c-e0f6-4b4f-8c2e-f1e04155d26e"]
[debug] &amp#27;[35m[WD Proxy]&amp#27;[39m Matched '/element/00000000-0000-02cd-ffff-ffff0000002d/click' to command name 'click'
[debug] &amp#27;[35m[WD Proxy]&amp#27;[39m Proxying [POST /element/00000000-0000-02cd-ffff-ffff0000002d/click] to [POST http://127.0.0.1:8200/wd/hub/session/aa1c57ea-87a2-46a1-974c-07a385ffb7d3/element/00000000-0000-02cd-ffff-ffff0000002d/click] with body: {"element":"00000000-0000-02cd-ffff-ffff0000002d"}
[debug] &amp#27;[35m[WD Proxy]&amp#27;[39m Got response with status 200: {"sessionId":"aa1c57ea-87a2-46a1-974c-07a385ffb7d3","value":null}
[debug] &amp#27;[35m[W3C (33f88b6c)]&amp#27;[39m Responding to client with driver.click() result: null
&amp#27;[35m[HTTP]&amp#27;[39m &amp#27;[37m<-- POST /wd/hub/session/33f88b6c-e0f6-4b4f-8c2e-f1e04155d26e/element/00000000-0000-02cd-ffff-ffff0000002d/click &amp#27;[39m&amp#27;[32m200&amp#27;[39m &amp#27;[90m1344 ms - 14&amp#27;[39m
&amp#27;[35m[HTTP]&amp#27;[39m &amp#27;[90m&amp#27;[39m
[INFO ] 2021-12-21 22:38:55.002 [main] SwipeOverImagesSteps - To select the PHOTOS option has been done!
**Gallary of nature's images is visible**
&amp#27;[35m[HTTP]&amp#27;[39m &amp#27;[37m-->&amp#27;[39m &amp#27;[37mGET&amp#27;[39m &amp#27;[37m/wd/hub/session/33f88b6c-e0f6-4b4f-8c2e-f1e04155d26e/window/rect&amp#27;[39m
&amp#27;[35m[HTTP]&amp#27;[39m &amp#27;[90m{}&amp#27;[39m
[debug] &amp#27;[35m[W3C (33f88b6c)]&amp#27;[39m Calling AppiumDriver.getWindowRect() with args: ["33f88b6c-e0f6-4b4f-8c2e-f1e04155d26e"]
[debug] &amp#27;[35m[WD Proxy]&amp#27;[39m Matched '/window/current/size' to command name 'getWindowSize'
[debug] &amp#27;[35m[WD Proxy]&amp#27;[39m Proxying [GET /window/current/size] to [GET http://127.0.0.1:8200/wd/hub/session/aa1c57ea-87a2-46a1-974c-07a385ffb7d3/window/current/size] with no body
[debug] &amp#27;[35m[WD Proxy]&amp#27;[39m Got response with status 200: {"sessionId":"aa1c57ea-87a2-46a1-974c-07a385ffb7d3","value":{"height":1794,"width":1080}}
[debug] &amp#27;[35m[W3C (33f88b6c)]&amp#27;[39m Responding to client with driver.getWindowRect() result: {"width":1080,"height":1794,"x":0,"y":0}
&amp#27;[35m[HTTP]&amp#27;[39m &amp#27;[37m<-- GET /wd/hub/session/33f88b6c-e0f6-4b4f-8c2e-f1e04155d26e/window/rect &amp#27;[39m&amp#27;[32m200&amp#27;[39m &amp#27;[90m46 ms - 50&amp#27;[39m
&amp#27;[35m[HTTP]&amp#27;[39m &amp#27;[90m&amp#27;[39m
&amp#27;[35m[HTTP]&amp#27;[39m &amp#27;[37m-->&amp#27;[39m &amp#27;[37mPOST&amp#27;[39m &amp#27;[37m/wd/hub/session/33f88b6c-e0f6-4b4f-8c2e-f1e04155d26e/touch/perform&amp#27;[39m
&amp#27;[35m[HTTP]&amp#27;[39m &amp#27;[90m{"actions":[{"action":"press","options":{"x":864,"y":358}},{"action":"wait","options":{"ms":1000}},{"action":"moveTo","options":{"x":108,"y":358}},{"action":"release","options":{}}]}&amp#27;[39m
[debug] &amp#27;[35m[W3C (33f88b6c)]&amp#27;[39m Calling AppiumDriver.performTouch() with args: [[{"action":"press","options":{"x":864,"y":358}},{"action":"wait","options":{"ms":1000}},{"action":"moveTo","options":{"x":108,"y":358}},{"action":"release","options":{}}],"33f88b6c-e0f6-4b4f-8c2e-f1e04155d26e"]
[debug] &amp#27;[35m[WD Proxy]&amp#27;[39m Matched '/touch/perform' to command name 'performTouch'
[debug] &amp#27;[35m[WD Proxy]&amp#27;[39m Proxying [POST /touch/perform] to [POST http://127.0.0.1:8200/wd/hub/session/aa1c57ea-87a2-46a1-974c-07a385ffb7d3/touch/perform] with body: {"startX":864,"startY":358,"endX":108,"endY":358,"steps":28}
[debug] &amp#27;[35m[WD Proxy]&amp#27;[39m Got response with status 200: {"sessionId":"aa1c57ea-87a2-46a1-974c-07a385ffb7d3","value":null}
[debug] &amp#27;[35m[W3C (33f88b6c)]&amp#27;[39m Responding to client with driver.performTouch() result: null
&amp#27;[35m[HTTP]&amp#27;[39m &amp#27;[37m<-- POST /wd/hub/session/33f88b6c-e0f6-4b4f-8c2e-f1e04155d26e/touch/perform &amp#27;[39m&amp#27;[32m200&amp#27;[39m &amp#27;[90m1418 ms - 14&amp#27;[39m
&amp#27;[35m[HTTP]&amp#27;[39m &amp#27;[90m&amp#27;[39m
&amp#27;[35m[HTTP]&amp#27;[39m &amp#27;[37m-->&amp#27;[39m &amp#27;[37mGET&amp#27;[39m &amp#27;[37m/wd/hub/session/33f88b6c-e0f6-4b4f-8c2e-f1e04155d26e/window/rect&amp#27;[39m
&amp#27;[35m[HTTP]&amp#27;[39m &amp#27;[90m{}&amp#27;[39m
[debug] &amp#27;[35m[W3C (33f88b6c)]&amp#27;[39m Calling AppiumDriver.getWindowRect() with args: ["33f88b6c-e0f6-4b4f-8c2e-f1e04155d26e"]
[debug] &amp#27;[35m[WD Proxy]&amp#27;[39m Matched '/window/current/size' to command name 'getWindowSize'
[debug] &amp#27;[35m[WD Proxy]&amp#27;[39m Proxying [GET /window/current/size] to [GET http://127.0.0.1:8200/wd/hub/session/aa1c57ea-87a2-46a1-974c-07a385ffb7d3/window/current/size] with no body
[debug] &amp#27;[35m[WD Proxy]&amp#27;[39m Got response with status 200: {"sessionId":"aa1c57ea-87a2-46a1-974c-07a385ffb7d3","value":{"height":1794,"width":1080}}
[debug] &amp#27;[35m[W3C (33f88b6c)]&amp#27;[39m Responding to client with driver.getWindowRect() result: {"width":1080,"height":1794,"x":0,"y":0}
&amp#27;[35m[HTTP]&amp#27;[39m &amp#27;[37m<-- GET /wd/hub/session/33f88b6c-e0f6-4b4f-8c2e-f1e04155d26e/window/rect &amp#27;[39m&amp#27;[32m200&amp#27;[39m &amp#27;[90m33 ms - 50&amp#27;[39m
&amp#27;[35m[HTTP]&amp#27;[39m &amp#27;[90m&amp#27;[39m
&amp#27;[35m[HTTP]&amp#27;[39m &amp#27;[37m-->&amp#27;[39m &amp#27;[37mPOST&amp#27;[39m &amp#27;[37m/wd/hub/session/33f88b6c-e0f6-4b4f-8c2e-f1e04155d26e/touch/perform&amp#27;[39m
&amp#27;[35m[HTTP]&amp#27;[39m &amp#27;[90m{"actions":[{"action":"press","options":{"x":864,"y":358}},{"action":"wait","options":{"ms":1000}},{"action":"moveTo","options":{"x":108,"y":358}},{"action":"release","options":{}}]}&amp#27;[39m
[debug] &amp#27;[35m[W3C (33f88b6c)]&amp#27;[39m Calling AppiumDriver.performTouch() with args: [[{"action":"press","options":{"x":864,"y":358}},{"action":"wait","options":{"ms":1000}},{"action":"moveTo","options":{"x":108,"y":358}},{"action":"release","options":{}}],"33f88b6c-e0f6-4b4f-8c2e-f1e04155d26e"]
[debug] &amp#27;[35m[WD Proxy]&amp#27;[39m Matched '/touch/perform' to command name 'performTouch'
[debug] &amp#27;[35m[WD Proxy]&amp#27;[39m Proxying [POST /touch/perform] to [POST http://127.0.0.1:8200/wd/hub/session/aa1c57ea-87a2-46a1-974c-07a385ffb7d3/touch/perform] with body: {"startX":864,"startY":358,"endX":108,"endY":358,"steps":28}
[debug] &amp#27;[35m[WD Proxy]&amp#27;[39m Got response with status 200: {"sessionId":"aa1c57ea-87a2-46a1-974c-07a385ffb7d3","value":null}
[debug] &amp#27;[35m[W3C (33f88b6c)]&amp#27;[39m Responding to client with driver.performTouch() result: null
&amp#27;[35m[HTTP]&amp#27;[39m &amp#27;[37m<-- POST /wd/hub/session/33f88b6c-e0f6-4b4f-8c2e-f1e04155d26e/touch/perform &amp#27;[39m&amp#27;[32m200&amp#27;[39m &amp#27;[90m1412 ms - 14&amp#27;[39m
&amp#27;[35m[HTTP]&amp#27;[39m &amp#27;[90m&amp#27;[39m
[INFO ] 2021-12-21 22:38:57.962 [main] SwipeOverImagesSteps - *****Boom! user is able to swipe across gallary images to view them******
Able to swipe over images to view more images!
&amp#27;[35m[HTTP]&amp#27;[39m &amp#27;[37m-->&amp#27;[39m &amp#27;[37mDELETE&amp#27;[39m &amp#27;[37m/wd/hub/session/33f88b6c-e0f6-4b4f-8c2e-f1e04155d26e&amp#27;[39m
&amp#27;[35m[HTTP]&amp#27;[39m &amp#27;[90m{}&amp#27;[39m
[debug] &amp#27;[35m[W3C (33f88b6c)]&amp#27;[39m Calling AppiumDriver.deleteSession() with args: ["33f88b6c-e0f6-4b4f-8c2e-f1e04155d26e"]
[debug] &amp#27;[35m[BaseDriver]&amp#27;[39m Event 'quitSessionRequested' logged at 1640106537967 (22:38:57 GMT+0530 (India Standard Time))
&amp#27;[35m[Appium]&amp#27;[39m Removing session 33f88b6c-e0f6-4b4f-8c2e-f1e04155d26e from our master session list
[debug] &amp#27;[35m[UiAutomator2]&amp#27;[39m Deleting UiAutomator2 session
[debug] &amp#27;[35m[UiAutomator2]&amp#27;[39m Deleting UiAutomator2 server session
[debug] &amp#27;[35m[WD Proxy]&amp#27;[39m Matched '/' to command name 'deleteSession'
[debug] &amp#27;[35m[WD Proxy]&amp#27;[39m Proxying [DELETE /] to [DELETE http://127.0.0.1:8200/wd/hub/session/aa1c57ea-87a2-46a1-974c-07a385ffb7d3] with no body
[debug] &amp#27;[35m[WD Proxy]&amp#27;[39m Got response with status 200: {"sessionId":"aa1c57ea-87a2-46a1-974c-07a385ffb7d3","value":null}
[debug] &amp#27;[35m[ADB]&amp#27;[39m Running 'C:\Users\asifansari\AppData\Local\Android\Sdk\platform-tools\adb.exe -P 5037 -s emulator-5554 shell am force-stop io.appium.android.apis'
[debug] &amp#27;[35m[Logcat]&amp#27;[39m Stopping logcat capture
[debug] &amp#27;[35m[ADB]&amp#27;[39m Removing forwarded port socket connection: 8200 
[debug] &amp#27;[35m[ADB]&amp#27;[39m Running 'C:\Users\asifansari\AppData\Local\Android\Sdk\platform-tools\adb.exe -P 5037 -s emulator-5554 forward --remove tcp:8200'
[debug] &amp#27;[35m[BaseDriver]&amp#27;[39m Event 'quitSessionFinished' logged at 1640106538166 (22:38:58 GMT+0530 (India Standard Time))
[debug] &amp#27;[35m[W3C (33f88b6c)]&amp#27;[39m Received response: null
[debug] &amp#27;[35m[W3C (33f88b6c)]&amp#27;[39m But deleting session, so not returning
[debug] &amp#27;[35m[W3C (33f88b6c)]&amp#27;[39m Responding to client with driver.deleteSession() result: null
&amp#27;[35m[HTTP]&amp#27;[39m &amp#27;[37m<-- DELETE /wd/hub/session/33f88b6c-e0f6-4b4f-8c2e-f1e04155d26e &amp#27;[39m&amp#27;[32m200&amp#27;[39m &amp#27;[90m202 ms - 14&amp#27;[39m
&amp#27;[35m[HTTP]&amp#27;[39m &amp#27;[90m&amp#27;[39m

  @test5
  Scenario: View All images of gallery through swiping horizontally # SwipeOverGallaryImages.feature:7
    Given application has already opened                            # AnimationFuncSteps.application_has_already_opened()
    When user tap on the view section                               # SwipeOverImagesSteps.user_tap_on_the_view_section()
    And go inside the gallary section                               # SwipeOverImagesSteps.go_inside_the_gallary_section()
    And select the Photos option                                    # SwipeOverImagesSteps.select_the_Photos_option()
    Then images of gallary gets visible                             # SwipeOverImagesSteps.images_of_gallary_gets_visible()
    When User swipes horizontally from right to left                # SwipeOverImagesSteps.user_swipes_horizontally_from_right_to_left()
    Then more images of nature get seen                             # SwipeOverImagesSteps.more_images_of_nature_get_seen()
####On test success-Test has been Successfully run#######]]></system-out>
    <system-err><![CDATA[Dec 21, 2021 10:38:50 PM io.appium.java_client.remote.AppiumCommandExecutor$1 lambda$0
INFO: Detected dialect: W3C
]]></system-err>
  </testcase>
</testsuite>