<?xml version="1.0" encoding="UTF-8"?>
<!-- Generated by org.testng.reporters.JUnitReportReporter -->
<testsuite hostname="asifansari" failures="0" tests="5" name="com.RunnerFile.TestRunner" time="107.100" errors="0" timestamp="21 Dec 2021 17:05:02 GMT" skipped="0">
  <testcase classname="com.RunnerFile.TestRunner" name="feature" time="15.172"/>
  <testcase classname="com.RunnerFile.TestRunner" name="feature" time="19.675"/>
  <testcase classname="com.RunnerFile.TestRunner" name="feature" time="22.282"/>
  <testcase classname="com.RunnerFile.TestRunner" name="feature" time="32.894"/>
  <testcase classname="com.RunnerFile.TestRunner" name="feature" time="17.077"/>
</testsuite> <!-- com.RunnerFile.TestRunner -->
