<?xml version="1.0" encoding="UTF-8"?>
<!-- Generated by org.testng.reporters.JUnitReportReporter -->
<testsuite hostname="asifansari" failures="0" tests="5" name="com.RunnerFile.TestRunner" time="107.443" errors="0" timestamp="21 Dec 2021 17:08:58 GMT" skipped="0">
  <testcase classname="com.RunnerFile.TestRunner" name="feature" time="20.111"/>
  <testcase classname="com.RunnerFile.TestRunner" name="feature" time="15.814"/>
  <testcase classname="com.RunnerFile.TestRunner" name="feature" time="32.440"/>
  <testcase classname="com.RunnerFile.TestRunner" name="feature" time="21.516"/>
  <testcase classname="com.RunnerFile.TestRunner" name="feature" time="17.562"/>
</testsuite> <!-- com.RunnerFile.TestRunner -->
